#
# There is insufficient memory for the Java Runtime Environment to continue.
# Native memory allocation (malloc) failed to allocate 2000608 bytes for Chunk::new
# Possible reasons:
#   The system is out of physical RAM or swap space
#   The process is running with CompressedOops enabled, and the Java Heap may be blocking the growth of the native heap
# Possible solutions:
#   Reduce memory load on the system
#   Increase physical memory or swap space
#   Check if swap backing store is full
#   Decrease Java heap size (-Xmx/-Xms)
#   Decrease number of Java threads
#   Decrease Java thread stack sizes (-Xss)
#   Set larger code cache with -XX:ReservedCodeCacheSize=
#   JVM is running with Unscaled Compressed Oops mode in which the Java heap is
#     placed in the first 4GB address space. The Java Heap base address is the
#     maximum limit for the native heap growth. Please use -XX:HeapBaseMinAddress
#     to set the Java Heap base and to place the Java Heap above 4GB virtual address.
# This output file may be truncated or incomplete.
#
#  Out of Memory Error (arena.cpp:168), pid=9104, tid=11064
#
# JRE version: Java(TM) SE Runtime Environment (21.0.1+12) (build 21.0.1+12-LTS-29)
# Java VM: Java HotSpot(TM) 64-Bit Server VM (21.0.1+12-LTS-29, mixed mode, sharing, tiered, compressed oops, compressed class ptrs, g1 gc, windows-amd64)
# No core dump will be written. Minidumps are not enabled by default on client versions of Windows
#

---------------  S U M M A R Y ------------

Command Line: --add-opens=java.base/java.lang=ALL-UNNAMED --add-opens=java.base/java.lang.invoke=ALL-UNNAMED --add-opens=java.base/java.util=ALL-UNNAMED --add-opens=java.prefs/java.util.prefs=ALL-UNNAMED --add-exports=jdk.compiler/com.sun.tools.javac.api=ALL-UNNAMED --add-exports=jdk.compiler/com.sun.tools.javac.util=ALL-UNNAMED --add-opens=java.base/java.util=ALL-UNNAMED --add-opens=java.prefs/java.util.prefs=ALL-UNNAMED --add-opens=java.base/java.nio.charset=ALL-UNNAMED --add-opens=java.base/java.net=ALL-UNNAMED --add-opens=java.base/java.util.concurrent.atomic=ALL-UNNAMED --add-opens=java.xml/javax.xml.namespace=ALL-UNNAMED -XX:MaxMetaspaceSize=384m -XX:+HeapDumpOnOutOfMemoryError -Xms256m -Xmx512m -Dfile.encoding=UTF-8 -Duser.country=US -Duser.language=en -Duser.variant -javaagent:C:\Users\IBM\.gradle\wrapper\dists\gradle-8.11.1-bin\bpt9gzteqjrbo1mjrsomdt32c\gradle-8.11.1\lib\agents\gradle-instrumentation-agent-8.11.1.jar org.gradle.launcher.daemon.bootstrap.GradleDaemon 8.11.1

Host: 11th Gen Intel(R) Core(TM) i5-1135G7 @ 2.40GHz, 8 cores, 7G,  Windows 11 , 64 bit Build 22000 (10.0.22000.2538)
Time: Sat Dec  7 11:40:32 2024 SE Asia Standard Time elapsed time: 5.577556 seconds (0d 0h 0m 5s)

---------------  T H R E A D  ---------------

Current thread (0x000002b82b06e7f0):  JavaThread "C2 CompilerThread0" daemon [_thread_in_native, id=11064, stack(0x000000fdfca00000,0x000000fdfcb00000) (1024K)]


Current CompileTask:
C2:   5577 3303       4       java.net.URLClassLoader$1::run (5 bytes)

Stack: [0x000000fdfca00000,0x000000fdfcb00000]
Native frames: (J=compiled Java code, j=interpreted, Vv=VM code, C=native code)
V  [jvm.dll+0x6c9029]
V  [jvm.dll+0x854b81]
V  [jvm.dll+0x856e5e]
V  [jvm.dll+0x857543]
V  [jvm.dll+0x280c06]
V  [jvm.dll+0xc3ead]
V  [jvm.dll+0xc43c3]
V  [jvm.dll+0x3b576c]
V  [jvm.dll+0x382475]
V  [jvm.dll+0x3818ea]
V  [jvm.dll+0x249ad0]
V  [jvm.dll+0x2490b1]
V  [jvm.dll+0x1c9ca1]
V  [jvm.dll+0x2586b9]
V  [jvm.dll+0x256c9a]
V  [jvm.dll+0x3ef1b6]
V  [jvm.dll+0x7fd728]
V  [jvm.dll+0x6c777d]
C  [ucrtbase.dll+0x26c0c]
C  [KERNEL32.DLL+0x153e0]
C  [ntdll.dll+0x485b]


---------------  P R O C E S S  ---------------

Threads class SMR info:
_java_thread_list=0x000002b84544c6d0, length=33, elements={
0x000002b81045a9e0, 0x000002b82b060620, 0x000002b82b063440, 0x000002b82b0656f0,
0x000002b82b0665f0, 0x000002b82b067140, 0x000002b82b069ca0, 0x000002b82b06e7f0,
0x000002b82b079de0, 0x000002b82b26b730, 0x000002b82b339d10, 0x000002b845fc15b0,
0x000002b8461446b0, 0x000002b845f88200, 0x000002b845f92640, 0x000002b845f79dc0,
0x000002b845f93890, 0x000002b845f57140, 0x000002b8461051a0, 0x000002b846101d20,
0x000002b8461030d0, 0x000002b8461023b0, 0x000002b846102a40, 0x000002b846103760,
0x000002b846103df0, 0x000002b846104b10, 0x000002b8465c54c0, 0x000002b8465c1320,
0x000002b8465c61e0, 0x000002b8465c0c90, 0x000002b8465c5b50, 0x000002b8465c0600,
0x000002b8465c19b0
}

Java Threads: ( => current thread )
  0x000002b81045a9e0 JavaThread "main"                              [_thread_blocked, id=16552, stack(0x000000fdfbc00000,0x000000fdfbd00000) (1024K)]
  0x000002b82b060620 JavaThread "Reference Handler"          daemon [_thread_blocked, id=9848, stack(0x000000fdfc400000,0x000000fdfc500000) (1024K)]
  0x000002b82b063440 JavaThread "Finalizer"                  daemon [_thread_blocked, id=10496, stack(0x000000fdfc500000,0x000000fdfc600000) (1024K)]
  0x000002b82b0656f0 JavaThread "Signal Dispatcher"          daemon [_thread_blocked, id=7924, stack(0x000000fdfc600000,0x000000fdfc700000) (1024K)]
  0x000002b82b0665f0 JavaThread "Attach Listener"            daemon [_thread_blocked, id=23888, stack(0x000000fdfc700000,0x000000fdfc800000) (1024K)]
  0x000002b82b067140 JavaThread "Service Thread"             daemon [_thread_blocked, id=20808, stack(0x000000fdfc800000,0x000000fdfc900000) (1024K)]
  0x000002b82b069ca0 JavaThread "Monitor Deflation Thread"   daemon [_thread_blocked, id=15704, stack(0x000000fdfc900000,0x000000fdfca00000) (1024K)]
=>0x000002b82b06e7f0 JavaThread "C2 CompilerThread0"         daemon [_thread_in_native, id=11064, stack(0x000000fdfca00000,0x000000fdfcb00000) (1024K)]
  0x000002b82b079de0 JavaThread "C1 CompilerThread0"         daemon [_thread_blocked, id=1624, stack(0x000000fdfcb00000,0x000000fdfcc00000) (1024K)]
  0x000002b82b26b730 JavaThread "Common-Cleaner"             daemon [_thread_blocked, id=2124, stack(0x000000fdfcc00000,0x000000fdfcd00000) (1024K)]
  0x000002b82b339d10 JavaThread "Notification Thread"        daemon [_thread_blocked, id=340, stack(0x000000fdfcd00000,0x000000fdfce00000) (1024K)]
  0x000002b845fc15b0 JavaThread "Daemon health stats"               [_thread_blocked, id=16296, stack(0x000000fdfd300000,0x000000fdfd400000) (1024K)]
  0x000002b8461446b0 JavaThread "Incoming local TCP Connector on port 57529"        [_thread_in_native, id=20344, stack(0x000000fdfd400000,0x000000fdfd500000) (1024K)]
  0x000002b845f88200 JavaThread "Daemon periodic checks"            [_thread_blocked, id=18104, stack(0x000000fdfd500000,0x000000fdfd600000) (1024K)]
  0x000002b845f92640 JavaThread "Daemon"                            [_thread_blocked, id=19004, stack(0x000000fdfd600000,0x000000fdfd700000) (1024K)]
  0x000002b845f79dc0 JavaThread "Handler for socket connection from /127.0.0.1:57529 to /127.0.0.1:57531"        [_thread_in_native, id=14048, stack(0x000000fdfd700000,0x000000fdfd800000) (1024K)]
  0x000002b845f93890 JavaThread "Cancel handler"                    [_thread_blocked, id=25412, stack(0x000000fdfd800000,0x000000fdfd900000) (1024K)]
  0x000002b845f57140 JavaThread "Daemon worker"                     [_thread_in_vm, id=25640, stack(0x000000fdfd900000,0x000000fdfda00000) (1024K)]
  0x000002b8461051a0 JavaThread "Asynchronous log dispatcher for DefaultDaemonConnection: socket connection from /127.0.0.1:57529 to /127.0.0.1:57531"        [_thread_blocked, id=18684, stack(0x000000fdfda00000,0x000000fdfdb00000) (1024K)]
  0x000002b846101d20 JavaThread "Stdin handler"                     [_thread_blocked, id=19940, stack(0x000000fdfdb00000,0x000000fdfdc00000) (1024K)]
  0x000002b8461030d0 JavaThread "Daemon client event forwarder"        [_thread_blocked, id=10504, stack(0x000000fdfdc00000,0x000000fdfdd00000) (1024K)]
  0x000002b8461023b0 JavaThread "Cache worker for journal cache (C:\Users\IBM\.gradle\caches\journal-1)"        [_thread_blocked, id=24744, stack(0x000000fdfdd00000,0x000000fdfde00000) (1024K)]
  0x000002b846102a40 JavaThread "File lock request listener"        [_thread_in_native, id=12696, stack(0x000000fdfde00000,0x000000fdfdf00000) (1024K)]
  0x000002b846103760 JavaThread "Cache worker for file hash cache (C:\Users\IBM\.gradle\caches\8.11.1\fileHashes)"        [_thread_blocked, id=5220, stack(0x000000fdfdf00000,0x000000fdfe000000) (1024K)]
  0x000002b846103df0 JavaThread "File lock release action executor"        [_thread_blocked, id=13980, stack(0x000000fdfe000000,0x000000fdfe100000) (1024K)]
  0x000002b846104b10 JavaThread "Cache worker for file content cache (C:\Users\IBM\.gradle\caches\8.11.1\fileContent)"        [_thread_blocked, id=1924, stack(0x000000fdfe100000,0x000000fdfe200000) (1024K)]
  0x000002b8465c54c0 JavaThread "Cache worker for file hash cache (D:\Java\BE-SMSK\.gradle\8.11.1\fileHashes)"        [_thread_blocked, id=16656, stack(0x000000fdfe500000,0x000000fdfe600000) (1024K)]
  0x000002b8465c1320 JavaThread "Cache worker for Build Output Cleanup Cache (D:\Java\BE-SMSK\.gradle\buildOutputCleanup)"        [_thread_blocked, id=1028, stack(0x000000fdfe600000,0x000000fdfe700000) (1024K)]
  0x000002b8465c61e0 JavaThread "File watcher server"        daemon [_thread_in_native, id=24932, stack(0x000000fdfe700000,0x000000fdfe800000) (1024K)]
  0x000002b8465c0c90 JavaThread "File watcher consumer"      daemon [_thread_blocked, id=16252, stack(0x000000fdfe800000,0x000000fdfe900000) (1024K)]
  0x000002b8465c5b50 JavaThread "Cache worker for checksums cache (D:\Java\BE-SMSK\.gradle\8.11.1\checksums)"        [_thread_blocked, id=18528, stack(0x000000fdfe900000,0x000000fdfea00000) (1024K)]
  0x000002b8465c0600 JavaThread "Cache worker for cache directory md-rule (C:\Users\IBM\.gradle\caches\8.11.1\md-rule)"        [_thread_blocked, id=22540, stack(0x000000fdfea00000,0x000000fdfeb00000) (1024K)]
  0x000002b8465c19b0 JavaThread "Cache worker for cache directory md-supplier (C:\Users\IBM\.gradle\caches\8.11.1\md-supplier)"        [_thread_blocked, id=20712, stack(0x000000fdfeb00000,0x000000fdfec00000) (1024K)]
Total: 33

Other Threads:
  0x000002b82b03e340 VMThread "VM Thread"                           [id=17460, stack(0x000000fdfc300000,0x000000fdfc400000) (1024K)]
  0x000002b82b028460 WatcherThread "VM Periodic Task Thread"        [id=9096, stack(0x000000fdfc200000,0x000000fdfc300000) (1024K)]
  0x000002b810485100 WorkerThread "GC Thread#0"                     [id=13640, stack(0x000000fdfbd00000,0x000000fdfbe00000) (1024K)]
  0x000002b82b569800 WorkerThread "GC Thread#1"                     [id=21384, stack(0x000000fdfce00000,0x000000fdfcf00000) (1024K)]
  0x000002b82b4b4950 WorkerThread "GC Thread#2"                     [id=5264, stack(0x000000fdfcf00000,0x000000fdfd000000) (1024K)]
  0x000002b82b4c0930 WorkerThread "GC Thread#3"                     [id=15716, stack(0x000000fdfd000000,0x000000fdfd100000) (1024K)]
  0x000002b82b4c0cd0 WorkerThread "GC Thread#4"                     [id=4500, stack(0x000000fdfd100000,0x000000fdfd200000) (1024K)]
  0x000002b82b7664a0 WorkerThread "GC Thread#5"                     [id=2112, stack(0x000000fdfd200000,0x000000fdfd300000) (1024K)]
  0x000002b84633a0c0 WorkerThread "GC Thread#6"                     [id=9696, stack(0x000000fdfe200000,0x000000fdfe300000) (1024K)]
  0x000002b846339980 WorkerThread "GC Thread#7"                     [id=15328, stack(0x000000fdfe300000,0x000000fdfe400000) (1024K)]
  0x000002b81049a2a0 ConcurrentGCThread "G1 Main Marker"            [id=25800, stack(0x000000fdfbe00000,0x000000fdfbf00000) (1024K)]
  0x000002b81049b540 WorkerThread "G1 Conc#0"                       [id=22920, stack(0x000000fdfbf00000,0x000000fdfc000000) (1024K)]
  0x000002b84633a800 WorkerThread "G1 Conc#1"                       [id=19156, stack(0x000000fdfe400000,0x000000fdfe500000) (1024K)]
  0x000002b81052eb60 ConcurrentGCThread "G1 Refine#0"               [id=15976, stack(0x000000fdfc000000,0x000000fdfc100000) (1024K)]
  0x000002b82aef8cd0 ConcurrentGCThread "G1 Service"                [id=10928, stack(0x000000fdfc100000,0x000000fdfc200000) (1024K)]
Total: 15

Threads with active compile tasks:
C2 CompilerThread0     5600 3303       4       java.net.URLClassLoader$1::run (5 bytes)
Total: 1

VM state: not at safepoint (normal execution)

VM Mutex/Monitor currently owned by a thread: None

Heap address: 0x00000000e0000000, size: 512 MB, Compressed Oops mode: 32-bit

CDS archive(s) mapped at: [0x000002b82c000000-0x000002b82cc90000-0x000002b82cc90000), size 13172736, SharedBaseAddress: 0x000002b82c000000, ArchiveRelocationMode: 1.
Compressed class space mapped at: 0x000002b82d000000-0x000002b841000000, reserved size: 335544320
Narrow klass base: 0x000002b82c000000, Narrow klass shift: 0, Narrow klass range: 0x100000000

GC Precious Log:
 CardTable entry size: 512
 Card Set container configuration: InlinePtr #cards 5 size 8 Array Of Cards #cards 12 size 40 Howl #buckets 4 coarsen threshold 1843 Howl Bitmap #cards 512 size 80 coarsen threshold 460 Card regions per heap region 1 cards per card region 2048
 CPUs: 8 total, 8 available
 Memory: 7894M
 Large Page Support: Disabled
 NUMA Support: Disabled
 Compressed Oops: Enabled (32-bit)
 Heap Region Size: 1M
 Heap Min Capacity: 256M
 Heap Initial Capacity: 256M
 Heap Max Capacity: 512M
 Pre-touch: Disabled
 Parallel Workers: 8
 Concurrent Workers: 2
 Concurrent Refinement Workers: 8
 Periodic GC: Disabled

Heap:
 garbage-first heap   total 262144K, used 90624K [0x00000000e0000000, 0x0000000100000000)
  region size 1024K, 78 young (79872K), 13 survivors (13312K)
 Metaspace       used 28997K, committed 30272K, reserved 393216K
  class space    used 4384K, committed 4992K, reserved 327680K

Heap Regions: E=young(eden), S=young(survivor), O=old, HS=humongous(starts), HC=humongous(continues), CS=collection set, F=free, TAMS=top-at-mark-start, PB=parsable bottom
|   0|0x00000000e0000000, 0x00000000e0100000, 0x00000000e0100000|100%| O|  |TAMS 0x00000000e0000000| PB 0x00000000e0000000| Untracked 
|   1|0x00000000e0100000, 0x00000000e0200000, 0x00000000e0200000|100%|HS|  |TAMS 0x00000000e0100000| PB 0x00000000e0100000| Complete 
|   2|0x00000000e0200000, 0x00000000e0300000, 0x00000000e0300000|100%|HC|  |TAMS 0x00000000e0200000| PB 0x00000000e0200000| Complete 
|   3|0x00000000e0300000, 0x00000000e0400000, 0x00000000e0400000|100%|HC|  |TAMS 0x00000000e0300000| PB 0x00000000e0300000| Complete 
|   4|0x00000000e0400000, 0x00000000e0500000, 0x00000000e0500000|100%| O|  |TAMS 0x00000000e0400000| PB 0x00000000e0400000| Untracked 
|   5|0x00000000e0500000, 0x00000000e0600000, 0x00000000e0600000|100%| O|Cm|TAMS 0x00000000e0500000| PB 0x00000000e0500000| Complete 
|   6|0x00000000e0600000, 0x00000000e0700000, 0x00000000e0700000|100%| O|  |TAMS 0x00000000e0600000| PB 0x00000000e0600000| Untracked 
|   7|0x00000000e0700000, 0x00000000e0800000, 0x00000000e0800000|100%|HS|  |TAMS 0x00000000e0700000| PB 0x00000000e0700000| Complete 
|   8|0x00000000e0800000, 0x00000000e0800000, 0x00000000e0900000|  0%| F|  |TAMS 0x00000000e0800000| PB 0x00000000e0800000| Untracked 
|   9|0x00000000e0900000, 0x00000000e0a00000, 0x00000000e0a00000|100%| O|  |TAMS 0x00000000e0900000| PB 0x00000000e0900000| Untracked 
|  10|0x00000000e0a00000, 0x00000000e0b00000, 0x00000000e0b00000|100%| O|  |TAMS 0x00000000e0a00000| PB 0x00000000e0a00000| Untracked 
|  11|0x00000000e0b00000, 0x00000000e0c00000, 0x00000000e0c00000|100%| O|  |TAMS 0x00000000e0b00000| PB 0x00000000e0b00000| Untracked 
|  12|0x00000000e0c00000, 0x00000000e0d00000, 0x00000000e0d00000|100%| O|  |TAMS 0x00000000e0c00000| PB 0x00000000e0c00000| Untracked 
|  13|0x00000000e0d00000, 0x00000000e0d2eec0, 0x00000000e0e00000| 18%| O|  |TAMS 0x00000000e0d00000| PB 0x00000000e0d00000| Untracked 
|  14|0x00000000e0e00000, 0x00000000e0e00000, 0x00000000e0f00000|  0%| F|  |TAMS 0x00000000e0e00000| PB 0x00000000e0e00000| Untracked 
|  15|0x00000000e0f00000, 0x00000000e0f00000, 0x00000000e1000000|  0%| F|  |TAMS 0x00000000e0f00000| PB 0x00000000e0f00000| Untracked 
|  16|0x00000000e1000000, 0x00000000e1000000, 0x00000000e1100000|  0%| F|  |TAMS 0x00000000e1000000| PB 0x00000000e1000000| Untracked 
|  17|0x00000000e1100000, 0x00000000e1100000, 0x00000000e1200000|  0%| F|  |TAMS 0x00000000e1100000| PB 0x00000000e1100000| Untracked 
|  18|0x00000000e1200000, 0x00000000e1200000, 0x00000000e1300000|  0%| F|  |TAMS 0x00000000e1200000| PB 0x00000000e1200000| Untracked 
|  19|0x00000000e1300000, 0x00000000e1300000, 0x00000000e1400000|  0%| F|  |TAMS 0x00000000e1300000| PB 0x00000000e1300000| Untracked 
|  20|0x00000000e1400000, 0x00000000e1400000, 0x00000000e1500000|  0%| F|  |TAMS 0x00000000e1400000| PB 0x00000000e1400000| Untracked 
|  21|0x00000000e1500000, 0x00000000e1500000, 0x00000000e1600000|  0%| F|  |TAMS 0x00000000e1500000| PB 0x00000000e1500000| Untracked 
|  22|0x00000000e1600000, 0x00000000e1600000, 0x00000000e1700000|  0%| F|  |TAMS 0x00000000e1600000| PB 0x00000000e1600000| Untracked 
|  23|0x00000000e1700000, 0x00000000e1700000, 0x00000000e1800000|  0%| F|  |TAMS 0x00000000e1700000| PB 0x00000000e1700000| Untracked 
|  24|0x00000000e1800000, 0x00000000e1800000, 0x00000000e1900000|  0%| F|  |TAMS 0x00000000e1800000| PB 0x00000000e1800000| Untracked 
|  25|0x00000000e1900000, 0x00000000e1900000, 0x00000000e1a00000|  0%| F|  |TAMS 0x00000000e1900000| PB 0x00000000e1900000| Untracked 
|  26|0x00000000e1a00000, 0x00000000e1a00000, 0x00000000e1b00000|  0%| F|  |TAMS 0x00000000e1a00000| PB 0x00000000e1a00000| Untracked 
|  27|0x00000000e1b00000, 0x00000000e1b00000, 0x00000000e1c00000|  0%| F|  |TAMS 0x00000000e1b00000| PB 0x00000000e1b00000| Untracked 
|  28|0x00000000e1c00000, 0x00000000e1c00000, 0x00000000e1d00000|  0%| F|  |TAMS 0x00000000e1c00000| PB 0x00000000e1c00000| Untracked 
|  29|0x00000000e1d00000, 0x00000000e1d00000, 0x00000000e1e00000|  0%| F|  |TAMS 0x00000000e1d00000| PB 0x00000000e1d00000| Untracked 
|  30|0x00000000e1e00000, 0x00000000e1e00000, 0x00000000e1f00000|  0%| F|  |TAMS 0x00000000e1e00000| PB 0x00000000e1e00000| Untracked 
|  31|0x00000000e1f00000, 0x00000000e1f00000, 0x00000000e2000000|  0%| F|  |TAMS 0x00000000e1f00000| PB 0x00000000e1f00000| Untracked 
|  32|0x00000000e2000000, 0x00000000e2000000, 0x00000000e2100000|  0%| F|  |TAMS 0x00000000e2000000| PB 0x00000000e2000000| Untracked 
|  33|0x00000000e2100000, 0x00000000e2100000, 0x00000000e2200000|  0%| F|  |TAMS 0x00000000e2100000| PB 0x00000000e2100000| Untracked 
|  34|0x00000000e2200000, 0x00000000e2200000, 0x00000000e2300000|  0%| F|  |TAMS 0x00000000e2200000| PB 0x00000000e2200000| Untracked 
|  35|0x00000000e2300000, 0x00000000e2300000, 0x00000000e2400000|  0%| F|  |TAMS 0x00000000e2300000| PB 0x00000000e2300000| Untracked 
|  36|0x00000000e2400000, 0x00000000e2400000, 0x00000000e2500000|  0%| F|  |TAMS 0x00000000e2400000| PB 0x00000000e2400000| Untracked 
|  37|0x00000000e2500000, 0x00000000e2500000, 0x00000000e2600000|  0%| F|  |TAMS 0x00000000e2500000| PB 0x00000000e2500000| Untracked 
|  38|0x00000000e2600000, 0x00000000e2600000, 0x00000000e2700000|  0%| F|  |TAMS 0x00000000e2600000| PB 0x00000000e2600000| Untracked 
|  39|0x00000000e2700000, 0x00000000e2700000, 0x00000000e2800000|  0%| F|  |TAMS 0x00000000e2700000| PB 0x00000000e2700000| Untracked 
|  40|0x00000000e2800000, 0x00000000e2800000, 0x00000000e2900000|  0%| F|  |TAMS 0x00000000e2800000| PB 0x00000000e2800000| Untracked 
|  41|0x00000000e2900000, 0x00000000e2900000, 0x00000000e2a00000|  0%| F|  |TAMS 0x00000000e2900000| PB 0x00000000e2900000| Untracked 
|  42|0x00000000e2a00000, 0x00000000e2a00000, 0x00000000e2b00000|  0%| F|  |TAMS 0x00000000e2a00000| PB 0x00000000e2a00000| Untracked 
|  43|0x00000000e2b00000, 0x00000000e2b00000, 0x00000000e2c00000|  0%| F|  |TAMS 0x00000000e2b00000| PB 0x00000000e2b00000| Untracked 
|  44|0x00000000e2c00000, 0x00000000e2c00000, 0x00000000e2d00000|  0%| F|  |TAMS 0x00000000e2c00000| PB 0x00000000e2c00000| Untracked 
|  45|0x00000000e2d00000, 0x00000000e2d00000, 0x00000000e2e00000|  0%| F|  |TAMS 0x00000000e2d00000| PB 0x00000000e2d00000| Untracked 
|  46|0x00000000e2e00000, 0x00000000e2e00000, 0x00000000e2f00000|  0%| F|  |TAMS 0x00000000e2e00000| PB 0x00000000e2e00000| Untracked 
|  47|0x00000000e2f00000, 0x00000000e2f00000, 0x00000000e3000000|  0%| F|  |TAMS 0x00000000e2f00000| PB 0x00000000e2f00000| Untracked 
|  48|0x00000000e3000000, 0x00000000e3000000, 0x00000000e3100000|  0%| F|  |TAMS 0x00000000e3000000| PB 0x00000000e3000000| Untracked 
|  49|0x00000000e3100000, 0x00000000e3100000, 0x00000000e3200000|  0%| F|  |TAMS 0x00000000e3100000| PB 0x00000000e3100000| Untracked 
|  50|0x00000000e3200000, 0x00000000e3200000, 0x00000000e3300000|  0%| F|  |TAMS 0x00000000e3200000| PB 0x00000000e3200000| Untracked 
|  51|0x00000000e3300000, 0x00000000e3300000, 0x00000000e3400000|  0%| F|  |TAMS 0x00000000e3300000| PB 0x00000000e3300000| Untracked 
|  52|0x00000000e3400000, 0x00000000e3400000, 0x00000000e3500000|  0%| F|  |TAMS 0x00000000e3400000| PB 0x00000000e3400000| Untracked 
|  53|0x00000000e3500000, 0x00000000e3500000, 0x00000000e3600000|  0%| F|  |TAMS 0x00000000e3500000| PB 0x00000000e3500000| Untracked 
|  54|0x00000000e3600000, 0x00000000e3600000, 0x00000000e3700000|  0%| F|  |TAMS 0x00000000e3600000| PB 0x00000000e3600000| Untracked 
|  55|0x00000000e3700000, 0x00000000e3700000, 0x00000000e3800000|  0%| F|  |TAMS 0x00000000e3700000| PB 0x00000000e3700000| Untracked 
|  56|0x00000000e3800000, 0x00000000e3800000, 0x00000000e3900000|  0%| F|  |TAMS 0x00000000e3800000| PB 0x00000000e3800000| Untracked 
|  57|0x00000000e3900000, 0x00000000e3900000, 0x00000000e3a00000|  0%| F|  |TAMS 0x00000000e3900000| PB 0x00000000e3900000| Untracked 
|  58|0x00000000e3a00000, 0x00000000e3a00000, 0x00000000e3b00000|  0%| F|  |TAMS 0x00000000e3a00000| PB 0x00000000e3a00000| Untracked 
|  59|0x00000000e3b00000, 0x00000000e3b00000, 0x00000000e3c00000|  0%| F|  |TAMS 0x00000000e3b00000| PB 0x00000000e3b00000| Untracked 
|  60|0x00000000e3c00000, 0x00000000e3c00000, 0x00000000e3d00000|  0%| F|  |TAMS 0x00000000e3c00000| PB 0x00000000e3c00000| Untracked 
|  61|0x00000000e3d00000, 0x00000000e3d00000, 0x00000000e3e00000|  0%| F|  |TAMS 0x00000000e3d00000| PB 0x00000000e3d00000| Untracked 
|  62|0x00000000e3e00000, 0x00000000e3e00000, 0x00000000e3f00000|  0%| F|  |TAMS 0x00000000e3e00000| PB 0x00000000e3e00000| Untracked 
|  63|0x00000000e3f00000, 0x00000000e3f00000, 0x00000000e4000000|  0%| F|  |TAMS 0x00000000e3f00000| PB 0x00000000e3f00000| Untracked 
|  64|0x00000000e4000000, 0x00000000e4000000, 0x00000000e4100000|  0%| F|  |TAMS 0x00000000e4000000| PB 0x00000000e4000000| Untracked 
|  65|0x00000000e4100000, 0x00000000e4100000, 0x00000000e4200000|  0%| F|  |TAMS 0x00000000e4100000| PB 0x00000000e4100000| Untracked 
|  66|0x00000000e4200000, 0x00000000e4200000, 0x00000000e4300000|  0%| F|  |TAMS 0x00000000e4200000| PB 0x00000000e4200000| Untracked 
|  67|0x00000000e4300000, 0x00000000e4300000, 0x00000000e4400000|  0%| F|  |TAMS 0x00000000e4300000| PB 0x00000000e4300000| Untracked 
|  68|0x00000000e4400000, 0x00000000e4400000, 0x00000000e4500000|  0%| F|  |TAMS 0x00000000e4400000| PB 0x00000000e4400000| Untracked 
|  69|0x00000000e4500000, 0x00000000e4500000, 0x00000000e4600000|  0%| F|  |TAMS 0x00000000e4500000| PB 0x00000000e4500000| Untracked 
|  70|0x00000000e4600000, 0x00000000e4600000, 0x00000000e4700000|  0%| F|  |TAMS 0x00000000e4600000| PB 0x00000000e4600000| Untracked 
|  71|0x00000000e4700000, 0x00000000e4700000, 0x00000000e4800000|  0%| F|  |TAMS 0x00000000e4700000| PB 0x00000000e4700000| Untracked 
|  72|0x00000000e4800000, 0x00000000e4800000, 0x00000000e4900000|  0%| F|  |TAMS 0x00000000e4800000| PB 0x00000000e4800000| Untracked 
|  73|0x00000000e4900000, 0x00000000e4900000, 0x00000000e4a00000|  0%| F|  |TAMS 0x00000000e4900000| PB 0x00000000e4900000| Untracked 
|  74|0x00000000e4a00000, 0x00000000e4a00000, 0x00000000e4b00000|  0%| F|  |TAMS 0x00000000e4a00000| PB 0x00000000e4a00000| Untracked 
|  75|0x00000000e4b00000, 0x00000000e4b00000, 0x00000000e4c00000|  0%| F|  |TAMS 0x00000000e4b00000| PB 0x00000000e4b00000| Untracked 
|  76|0x00000000e4c00000, 0x00000000e4c00000, 0x00000000e4d00000|  0%| F|  |TAMS 0x00000000e4c00000| PB 0x00000000e4c00000| Untracked 
|  77|0x00000000e4d00000, 0x00000000e4d00000, 0x00000000e4e00000|  0%| F|  |TAMS 0x00000000e4d00000| PB 0x00000000e4d00000| Untracked 
|  78|0x00000000e4e00000, 0x00000000e4e00000, 0x00000000e4f00000|  0%| F|  |TAMS 0x00000000e4e00000| PB 0x00000000e4e00000| Untracked 
|  79|0x00000000e4f00000, 0x00000000e4f00000, 0x00000000e5000000|  0%| F|  |TAMS 0x00000000e4f00000| PB 0x00000000e4f00000| Untracked 
|  80|0x00000000e5000000, 0x00000000e5000000, 0x00000000e5100000|  0%| F|  |TAMS 0x00000000e5000000| PB 0x00000000e5000000| Untracked 
|  81|0x00000000e5100000, 0x00000000e5100000, 0x00000000e5200000|  0%| F|  |TAMS 0x00000000e5100000| PB 0x00000000e5100000| Untracked 
|  82|0x00000000e5200000, 0x00000000e5200000, 0x00000000e5300000|  0%| F|  |TAMS 0x00000000e5200000| PB 0x00000000e5200000| Untracked 
|  83|0x00000000e5300000, 0x00000000e5300000, 0x00000000e5400000|  0%| F|  |TAMS 0x00000000e5300000| PB 0x00000000e5300000| Untracked 
|  84|0x00000000e5400000, 0x00000000e5400000, 0x00000000e5500000|  0%| F|  |TAMS 0x00000000e5400000| PB 0x00000000e5400000| Untracked 
|  85|0x00000000e5500000, 0x00000000e5500000, 0x00000000e5600000|  0%| F|  |TAMS 0x00000000e5500000| PB 0x00000000e5500000| Untracked 
|  86|0x00000000e5600000, 0x00000000e5600000, 0x00000000e5700000|  0%| F|  |TAMS 0x00000000e5600000| PB 0x00000000e5600000| Untracked 
|  87|0x00000000e5700000, 0x00000000e5700000, 0x00000000e5800000|  0%| F|  |TAMS 0x00000000e5700000| PB 0x00000000e5700000| Untracked 
|  88|0x00000000e5800000, 0x00000000e5800000, 0x00000000e5900000|  0%| F|  |TAMS 0x00000000e5800000| PB 0x00000000e5800000| Untracked 
|  89|0x00000000e5900000, 0x00000000e5900000, 0x00000000e5a00000|  0%| F|  |TAMS 0x00000000e5900000| PB 0x00000000e5900000| Untracked 
|  90|0x00000000e5a00000, 0x00000000e5a00000, 0x00000000e5b00000|  0%| F|  |TAMS 0x00000000e5a00000| PB 0x00000000e5a00000| Untracked 
|  91|0x00000000e5b00000, 0x00000000e5b00000, 0x00000000e5c00000|  0%| F|  |TAMS 0x00000000e5b00000| PB 0x00000000e5b00000| Untracked 
|  92|0x00000000e5c00000, 0x00000000e5c00000, 0x00000000e5d00000|  0%| F|  |TAMS 0x00000000e5c00000| PB 0x00000000e5c00000| Untracked 
|  93|0x00000000e5d00000, 0x00000000e5d00000, 0x00000000e5e00000|  0%| F|  |TAMS 0x00000000e5d00000| PB 0x00000000e5d00000| Untracked 
|  94|0x00000000e5e00000, 0x00000000e5e00000, 0x00000000e5f00000|  0%| F|  |TAMS 0x00000000e5e00000| PB 0x00000000e5e00000| Untracked 
|  95|0x00000000e5f00000, 0x00000000e5f00000, 0x00000000e6000000|  0%| F|  |TAMS 0x00000000e5f00000| PB 0x00000000e5f00000| Untracked 
|  96|0x00000000e6000000, 0x00000000e6000000, 0x00000000e6100000|  0%| F|  |TAMS 0x00000000e6000000| PB 0x00000000e6000000| Untracked 
|  97|0x00000000e6100000, 0x00000000e6100000, 0x00000000e6200000|  0%| F|  |TAMS 0x00000000e6100000| PB 0x00000000e6100000| Untracked 
|  98|0x00000000e6200000, 0x00000000e6200000, 0x00000000e6300000|  0%| F|  |TAMS 0x00000000e6200000| PB 0x00000000e6200000| Untracked 
|  99|0x00000000e6300000, 0x00000000e6300000, 0x00000000e6400000|  0%| F|  |TAMS 0x00000000e6300000| PB 0x00000000e6300000| Untracked 
| 100|0x00000000e6400000, 0x00000000e6400000, 0x00000000e6500000|  0%| F|  |TAMS 0x00000000e6400000| PB 0x00000000e6400000| Untracked 
| 101|0x00000000e6500000, 0x00000000e6500000, 0x00000000e6600000|  0%| F|  |TAMS 0x00000000e6500000| PB 0x00000000e6500000| Untracked 
| 102|0x00000000e6600000, 0x00000000e6600000, 0x00000000e6700000|  0%| F|  |TAMS 0x00000000e6600000| PB 0x00000000e6600000| Untracked 
| 103|0x00000000e6700000, 0x00000000e6700000, 0x00000000e6800000|  0%| F|  |TAMS 0x00000000e6700000| PB 0x00000000e6700000| Untracked 
| 104|0x00000000e6800000, 0x00000000e6800000, 0x00000000e6900000|  0%| F|  |TAMS 0x00000000e6800000| PB 0x00000000e6800000| Untracked 
| 105|0x00000000e6900000, 0x00000000e6900000, 0x00000000e6a00000|  0%| F|  |TAMS 0x00000000e6900000| PB 0x00000000e6900000| Untracked 
| 106|0x00000000e6a00000, 0x00000000e6a00000, 0x00000000e6b00000|  0%| F|  |TAMS 0x00000000e6a00000| PB 0x00000000e6a00000| Untracked 
| 107|0x00000000e6b00000, 0x00000000e6b00000, 0x00000000e6c00000|  0%| F|  |TAMS 0x00000000e6b00000| PB 0x00000000e6b00000| Untracked 
| 108|0x00000000e6c00000, 0x00000000e6c00000, 0x00000000e6d00000|  0%| F|  |TAMS 0x00000000e6c00000| PB 0x00000000e6c00000| Untracked 
| 109|0x00000000e6d00000, 0x00000000e6d00000, 0x00000000e6e00000|  0%| F|  |TAMS 0x00000000e6d00000| PB 0x00000000e6d00000| Untracked 
| 110|0x00000000e6e00000, 0x00000000e6e00000, 0x00000000e6f00000|  0%| F|  |TAMS 0x00000000e6e00000| PB 0x00000000e6e00000| Untracked 
| 111|0x00000000e6f00000, 0x00000000e6f00000, 0x00000000e7000000|  0%| F|  |TAMS 0x00000000e6f00000| PB 0x00000000e6f00000| Untracked 
| 112|0x00000000e7000000, 0x00000000e7000000, 0x00000000e7100000|  0%| F|  |TAMS 0x00000000e7000000| PB 0x00000000e7000000| Untracked 
| 113|0x00000000e7100000, 0x00000000e7100000, 0x00000000e7200000|  0%| F|  |TAMS 0x00000000e7100000| PB 0x00000000e7100000| Untracked 
| 114|0x00000000e7200000, 0x00000000e7200000, 0x00000000e7300000|  0%| F|  |TAMS 0x00000000e7200000| PB 0x00000000e7200000| Untracked 
| 115|0x00000000e7300000, 0x00000000e7300000, 0x00000000e7400000|  0%| F|  |TAMS 0x00000000e7300000| PB 0x00000000e7300000| Untracked 
| 116|0x00000000e7400000, 0x00000000e7400000, 0x00000000e7500000|  0%| F|  |TAMS 0x00000000e7400000| PB 0x00000000e7400000| Untracked 
| 117|0x00000000e7500000, 0x00000000e7500000, 0x00000000e7600000|  0%| F|  |TAMS 0x00000000e7500000| PB 0x00000000e7500000| Untracked 
| 118|0x00000000e7600000, 0x00000000e7600000, 0x00000000e7700000|  0%| F|  |TAMS 0x00000000e7600000| PB 0x00000000e7600000| Untracked 
| 119|0x00000000e7700000, 0x00000000e7700000, 0x00000000e7800000|  0%| F|  |TAMS 0x00000000e7700000| PB 0x00000000e7700000| Untracked 
| 120|0x00000000e7800000, 0x00000000e7800000, 0x00000000e7900000|  0%| F|  |TAMS 0x00000000e7800000| PB 0x00000000e7800000| Untracked 
| 121|0x00000000e7900000, 0x00000000e7900000, 0x00000000e7a00000|  0%| F|  |TAMS 0x00000000e7900000| PB 0x00000000e7900000| Untracked 
| 122|0x00000000e7a00000, 0x00000000e7a00000, 0x00000000e7b00000|  0%| F|  |TAMS 0x00000000e7a00000| PB 0x00000000e7a00000| Untracked 
| 123|0x00000000e7b00000, 0x00000000e7b00000, 0x00000000e7c00000|  0%| F|  |TAMS 0x00000000e7b00000| PB 0x00000000e7b00000| Untracked 
| 124|0x00000000e7c00000, 0x00000000e7c00000, 0x00000000e7d00000|  0%| F|  |TAMS 0x00000000e7c00000| PB 0x00000000e7c00000| Untracked 
| 125|0x00000000e7d00000, 0x00000000e7d00000, 0x00000000e7e00000|  0%| F|  |TAMS 0x00000000e7d00000| PB 0x00000000e7d00000| Untracked 
| 126|0x00000000e7e00000, 0x00000000e7e00000, 0x00000000e7f00000|  0%| F|  |TAMS 0x00000000e7e00000| PB 0x00000000e7e00000| Untracked 
| 127|0x00000000e7f00000, 0x00000000e7f00000, 0x00000000e8000000|  0%| F|  |TAMS 0x00000000e7f00000| PB 0x00000000e7f00000| Untracked 
| 128|0x00000000e8000000, 0x00000000e8000000, 0x00000000e8100000|  0%| F|  |TAMS 0x00000000e8000000| PB 0x00000000e8000000| Untracked 
| 129|0x00000000e8100000, 0x00000000e8100000, 0x00000000e8200000|  0%| F|  |TAMS 0x00000000e8100000| PB 0x00000000e8100000| Untracked 
| 130|0x00000000e8200000, 0x00000000e8200000, 0x00000000e8300000|  0%| F|  |TAMS 0x00000000e8200000| PB 0x00000000e8200000| Untracked 
| 131|0x00000000e8300000, 0x00000000e8300000, 0x00000000e8400000|  0%| F|  |TAMS 0x00000000e8300000| PB 0x00000000e8300000| Untracked 
| 132|0x00000000e8400000, 0x00000000e8400000, 0x00000000e8500000|  0%| F|  |TAMS 0x00000000e8400000| PB 0x00000000e8400000| Untracked 
| 133|0x00000000e8500000, 0x00000000e8500000, 0x00000000e8600000|  0%| F|  |TAMS 0x00000000e8500000| PB 0x00000000e8500000| Untracked 
| 134|0x00000000e8600000, 0x00000000e8600000, 0x00000000e8700000|  0%| F|  |TAMS 0x00000000e8600000| PB 0x00000000e8600000| Untracked 
| 135|0x00000000e8700000, 0x00000000e8700000, 0x00000000e8800000|  0%| F|  |TAMS 0x00000000e8700000| PB 0x00000000e8700000| Untracked 
| 136|0x00000000e8800000, 0x00000000e8800000, 0x00000000e8900000|  0%| F|  |TAMS 0x00000000e8800000| PB 0x00000000e8800000| Untracked 
| 137|0x00000000e8900000, 0x00000000e8900000, 0x00000000e8a00000|  0%| F|  |TAMS 0x00000000e8900000| PB 0x00000000e8900000| Untracked 
| 138|0x00000000e8a00000, 0x00000000e8a00000, 0x00000000e8b00000|  0%| F|  |TAMS 0x00000000e8a00000| PB 0x00000000e8a00000| Untracked 
| 139|0x00000000e8b00000, 0x00000000e8b00000, 0x00000000e8c00000|  0%| F|  |TAMS 0x00000000e8b00000| PB 0x00000000e8b00000| Untracked 
| 140|0x00000000e8c00000, 0x00000000e8c00000, 0x00000000e8d00000|  0%| F|  |TAMS 0x00000000e8c00000| PB 0x00000000e8c00000| Untracked 
| 141|0x00000000e8d00000, 0x00000000e8d00000, 0x00000000e8e00000|  0%| F|  |TAMS 0x00000000e8d00000| PB 0x00000000e8d00000| Untracked 
| 142|0x00000000e8e00000, 0x00000000e8e00000, 0x00000000e8f00000|  0%| F|  |TAMS 0x00000000e8e00000| PB 0x00000000e8e00000| Untracked 
| 143|0x00000000e8f00000, 0x00000000e8f00000, 0x00000000e9000000|  0%| F|  |TAMS 0x00000000e8f00000| PB 0x00000000e8f00000| Untracked 
| 144|0x00000000e9000000, 0x00000000e9000000, 0x00000000e9100000|  0%| F|  |TAMS 0x00000000e9000000| PB 0x00000000e9000000| Untracked 
| 145|0x00000000e9100000, 0x00000000e9100000, 0x00000000e9200000|  0%| F|  |TAMS 0x00000000e9100000| PB 0x00000000e9100000| Untracked 
| 146|0x00000000e9200000, 0x00000000e9200000, 0x00000000e9300000|  0%| F|  |TAMS 0x00000000e9200000| PB 0x00000000e9200000| Untracked 
| 147|0x00000000e9300000, 0x00000000e9300000, 0x00000000e9400000|  0%| F|  |TAMS 0x00000000e9300000| PB 0x00000000e9300000| Untracked 
| 148|0x00000000e9400000, 0x00000000e9400000, 0x00000000e9500000|  0%| F|  |TAMS 0x00000000e9400000| PB 0x00000000e9400000| Untracked 
| 149|0x00000000e9500000, 0x00000000e9500000, 0x00000000e9600000|  0%| F|  |TAMS 0x00000000e9500000| PB 0x00000000e9500000| Untracked 
| 150|0x00000000e9600000, 0x00000000e9600000, 0x00000000e9700000|  0%| F|  |TAMS 0x00000000e9600000| PB 0x00000000e9600000| Untracked 
| 151|0x00000000e9700000, 0x00000000e97511f8, 0x00000000e9800000| 31%| S|CS|TAMS 0x00000000e9700000| PB 0x00000000e9700000| Complete 
| 152|0x00000000e9800000, 0x00000000e9900000, 0x00000000e9900000|100%| S|CS|TAMS 0x00000000e9800000| PB 0x00000000e9800000| Complete 
| 153|0x00000000e9900000, 0x00000000e9a00000, 0x00000000e9a00000|100%| S|CS|TAMS 0x00000000e9900000| PB 0x00000000e9900000| Complete 
| 154|0x00000000e9a00000, 0x00000000e9b00000, 0x00000000e9b00000|100%| S|CS|TAMS 0x00000000e9a00000| PB 0x00000000e9a00000| Complete 
| 155|0x00000000e9b00000, 0x00000000e9c00000, 0x00000000e9c00000|100%| S|CS|TAMS 0x00000000e9b00000| PB 0x00000000e9b00000| Complete 
| 156|0x00000000e9c00000, 0x00000000e9d00000, 0x00000000e9d00000|100%| S|CS|TAMS 0x00000000e9c00000| PB 0x00000000e9c00000| Complete 
| 157|0x00000000e9d00000, 0x00000000e9e00000, 0x00000000e9e00000|100%| S|CS|TAMS 0x00000000e9d00000| PB 0x00000000e9d00000| Complete 
| 158|0x00000000e9e00000, 0x00000000e9f00000, 0x00000000e9f00000|100%| S|CS|TAMS 0x00000000e9e00000| PB 0x00000000e9e00000| Complete 
| 159|0x00000000e9f00000, 0x00000000ea000000, 0x00000000ea000000|100%| S|CS|TAMS 0x00000000e9f00000| PB 0x00000000e9f00000| Complete 
| 160|0x00000000ea000000, 0x00000000ea100000, 0x00000000ea100000|100%| S|CS|TAMS 0x00000000ea000000| PB 0x00000000ea000000| Complete 
| 161|0x00000000ea100000, 0x00000000ea200000, 0x00000000ea200000|100%| S|CS|TAMS 0x00000000ea100000| PB 0x00000000ea100000| Complete 
| 162|0x00000000ea200000, 0x00000000ea300000, 0x00000000ea300000|100%| S|CS|TAMS 0x00000000ea200000| PB 0x00000000ea200000| Complete 
| 163|0x00000000ea300000, 0x00000000ea400000, 0x00000000ea400000|100%| S|CS|TAMS 0x00000000ea300000| PB 0x00000000ea300000| Complete 
| 164|0x00000000ea400000, 0x00000000ea400000, 0x00000000ea500000|  0%| F|  |TAMS 0x00000000ea400000| PB 0x00000000ea400000| Untracked 
| 165|0x00000000ea500000, 0x00000000ea500000, 0x00000000ea600000|  0%| F|  |TAMS 0x00000000ea500000| PB 0x00000000ea500000| Untracked 
| 166|0x00000000ea600000, 0x00000000ea600000, 0x00000000ea700000|  0%| F|  |TAMS 0x00000000ea600000| PB 0x00000000ea600000| Untracked 
| 167|0x00000000ea700000, 0x00000000ea700000, 0x00000000ea800000|  0%| F|  |TAMS 0x00000000ea700000| PB 0x00000000ea700000| Untracked 
| 168|0x00000000ea800000, 0x00000000ea800000, 0x00000000ea900000|  0%| F|  |TAMS 0x00000000ea800000| PB 0x00000000ea800000| Untracked 
| 169|0x00000000ea900000, 0x00000000ea900000, 0x00000000eaa00000|  0%| F|  |TAMS 0x00000000ea900000| PB 0x00000000ea900000| Untracked 
| 170|0x00000000eaa00000, 0x00000000eaa00000, 0x00000000eab00000|  0%| F|  |TAMS 0x00000000eaa00000| PB 0x00000000eaa00000| Untracked 
| 171|0x00000000eab00000, 0x00000000eab00000, 0x00000000eac00000|  0%| F|  |TAMS 0x00000000eab00000| PB 0x00000000eab00000| Untracked 
| 172|0x00000000eac00000, 0x00000000eac00000, 0x00000000ead00000|  0%| F|  |TAMS 0x00000000eac00000| PB 0x00000000eac00000| Untracked 
| 173|0x00000000ead00000, 0x00000000ead00000, 0x00000000eae00000|  0%| F|  |TAMS 0x00000000ead00000| PB 0x00000000ead00000| Untracked 
| 174|0x00000000eae00000, 0x00000000eae00000, 0x00000000eaf00000|  0%| F|  |TAMS 0x00000000eae00000| PB 0x00000000eae00000| Untracked 
| 175|0x00000000eaf00000, 0x00000000eaf00000, 0x00000000eb000000|  0%| F|  |TAMS 0x00000000eaf00000| PB 0x00000000eaf00000| Untracked 
| 176|0x00000000eb000000, 0x00000000eb000000, 0x00000000eb100000|  0%| F|  |TAMS 0x00000000eb000000| PB 0x00000000eb000000| Untracked 
| 177|0x00000000eb100000, 0x00000000eb100000, 0x00000000eb200000|  0%| F|  |TAMS 0x00000000eb100000| PB 0x00000000eb100000| Untracked 
| 178|0x00000000eb200000, 0x00000000eb200000, 0x00000000eb300000|  0%| F|  |TAMS 0x00000000eb200000| PB 0x00000000eb200000| Untracked 
| 179|0x00000000eb300000, 0x00000000eb300000, 0x00000000eb400000|  0%| F|  |TAMS 0x00000000eb300000| PB 0x00000000eb300000| Untracked 
| 180|0x00000000eb400000, 0x00000000eb400000, 0x00000000eb500000|  0%| F|  |TAMS 0x00000000eb400000| PB 0x00000000eb400000| Untracked 
| 181|0x00000000eb500000, 0x00000000eb500000, 0x00000000eb600000|  0%| F|  |TAMS 0x00000000eb500000| PB 0x00000000eb500000| Untracked 
| 182|0x00000000eb600000, 0x00000000eb600000, 0x00000000eb700000|  0%| F|  |TAMS 0x00000000eb600000| PB 0x00000000eb600000| Untracked 
| 183|0x00000000eb700000, 0x00000000eb700000, 0x00000000eb800000|  0%| F|  |TAMS 0x00000000eb700000| PB 0x00000000eb700000| Untracked 
| 184|0x00000000eb800000, 0x00000000eb800000, 0x00000000eb900000|  0%| F|  |TAMS 0x00000000eb800000| PB 0x00000000eb800000| Untracked 
| 185|0x00000000eb900000, 0x00000000eb900000, 0x00000000eba00000|  0%| F|  |TAMS 0x00000000eb900000| PB 0x00000000eb900000| Untracked 
| 186|0x00000000eba00000, 0x00000000eba00000, 0x00000000ebb00000|  0%| F|  |TAMS 0x00000000eba00000| PB 0x00000000eba00000| Untracked 
| 187|0x00000000ebb00000, 0x00000000ebb00000, 0x00000000ebc00000|  0%| F|  |TAMS 0x00000000ebb00000| PB 0x00000000ebb00000| Untracked 
| 188|0x00000000ebc00000, 0x00000000ebc00000, 0x00000000ebd00000|  0%| F|  |TAMS 0x00000000ebc00000| PB 0x00000000ebc00000| Untracked 
| 189|0x00000000ebd00000, 0x00000000ebd00000, 0x00000000ebe00000|  0%| F|  |TAMS 0x00000000ebd00000| PB 0x00000000ebd00000| Untracked 
| 190|0x00000000ebe00000, 0x00000000ebe80800, 0x00000000ebf00000| 50%| E|  |TAMS 0x00000000ebe00000| PB 0x00000000ebe00000| Complete 
| 191|0x00000000ebf00000, 0x00000000ec000000, 0x00000000ec000000|100%| E|CS|TAMS 0x00000000ebf00000| PB 0x00000000ebf00000| Complete 
| 192|0x00000000ec000000, 0x00000000ec100000, 0x00000000ec100000|100%| E|CS|TAMS 0x00000000ec000000| PB 0x00000000ec000000| Complete 
| 193|0x00000000ec100000, 0x00000000ec200000, 0x00000000ec200000|100%| E|CS|TAMS 0x00000000ec100000| PB 0x00000000ec100000| Complete 
| 194|0x00000000ec200000, 0x00000000ec300000, 0x00000000ec300000|100%| E|CS|TAMS 0x00000000ec200000| PB 0x00000000ec200000| Complete 
| 195|0x00000000ec300000, 0x00000000ec400000, 0x00000000ec400000|100%| E|CS|TAMS 0x00000000ec300000| PB 0x00000000ec300000| Complete 
| 196|0x00000000ec400000, 0x00000000ec500000, 0x00000000ec500000|100%| E|CS|TAMS 0x00000000ec400000| PB 0x00000000ec400000| Complete 
| 197|0x00000000ec500000, 0x00000000ec600000, 0x00000000ec600000|100%| E|CS|TAMS 0x00000000ec500000| PB 0x00000000ec500000| Complete 
| 198|0x00000000ec600000, 0x00000000ec700000, 0x00000000ec700000|100%| E|CS|TAMS 0x00000000ec600000| PB 0x00000000ec600000| Complete 
| 199|0x00000000ec700000, 0x00000000ec800000, 0x00000000ec800000|100%| E|CS|TAMS 0x00000000ec700000| PB 0x00000000ec700000| Complete 
| 200|0x00000000ec800000, 0x00000000ec900000, 0x00000000ec900000|100%| E|CS|TAMS 0x00000000ec800000| PB 0x00000000ec800000| Complete 
| 201|0x00000000ec900000, 0x00000000eca00000, 0x00000000eca00000|100%| E|CS|TAMS 0x00000000ec900000| PB 0x00000000ec900000| Complete 
| 202|0x00000000eca00000, 0x00000000ecb00000, 0x00000000ecb00000|100%| E|CS|TAMS 0x00000000eca00000| PB 0x00000000eca00000| Complete 
| 203|0x00000000ecb00000, 0x00000000ecc00000, 0x00000000ecc00000|100%| E|CS|TAMS 0x00000000ecb00000| PB 0x00000000ecb00000| Complete 
| 204|0x00000000ecc00000, 0x00000000ecd00000, 0x00000000ecd00000|100%| E|CS|TAMS 0x00000000ecc00000| PB 0x00000000ecc00000| Complete 
| 205|0x00000000ecd00000, 0x00000000ece00000, 0x00000000ece00000|100%| E|CS|TAMS 0x00000000ecd00000| PB 0x00000000ecd00000| Complete 
| 206|0x00000000ece00000, 0x00000000ecf00000, 0x00000000ecf00000|100%| E|CS|TAMS 0x00000000ece00000| PB 0x00000000ece00000| Complete 
| 207|0x00000000ecf00000, 0x00000000ed000000, 0x00000000ed000000|100%| E|CS|TAMS 0x00000000ecf00000| PB 0x00000000ecf00000| Complete 
| 208|0x00000000ed000000, 0x00000000ed100000, 0x00000000ed100000|100%| E|CS|TAMS 0x00000000ed000000| PB 0x00000000ed000000| Complete 
| 209|0x00000000ed100000, 0x00000000ed200000, 0x00000000ed200000|100%| E|CS|TAMS 0x00000000ed100000| PB 0x00000000ed100000| Complete 
| 210|0x00000000ed200000, 0x00000000ed300000, 0x00000000ed300000|100%| E|CS|TAMS 0x00000000ed200000| PB 0x00000000ed200000| Complete 
| 211|0x00000000ed300000, 0x00000000ed400000, 0x00000000ed400000|100%| E|CS|TAMS 0x00000000ed300000| PB 0x00000000ed300000| Complete 
| 212|0x00000000ed400000, 0x00000000ed500000, 0x00000000ed500000|100%| E|CS|TAMS 0x00000000ed400000| PB 0x00000000ed400000| Complete 
| 213|0x00000000ed500000, 0x00000000ed600000, 0x00000000ed600000|100%| E|CS|TAMS 0x00000000ed500000| PB 0x00000000ed500000| Complete 
| 214|0x00000000ed600000, 0x00000000ed700000, 0x00000000ed700000|100%| E|CS|TAMS 0x00000000ed600000| PB 0x00000000ed600000| Complete 
| 215|0x00000000ed700000, 0x00000000ed800000, 0x00000000ed800000|100%| E|CS|TAMS 0x00000000ed700000| PB 0x00000000ed700000| Complete 
| 216|0x00000000ed800000, 0x00000000ed900000, 0x00000000ed900000|100%| E|CS|TAMS 0x00000000ed800000| PB 0x00000000ed800000| Complete 
| 217|0x00000000ed900000, 0x00000000eda00000, 0x00000000eda00000|100%| E|CS|TAMS 0x00000000ed900000| PB 0x00000000ed900000| Complete 
| 218|0x00000000eda00000, 0x00000000edb00000, 0x00000000edb00000|100%| E|CS|TAMS 0x00000000eda00000| PB 0x00000000eda00000| Complete 
| 219|0x00000000edb00000, 0x00000000edc00000, 0x00000000edc00000|100%| E|CS|TAMS 0x00000000edb00000| PB 0x00000000edb00000| Complete 
| 220|0x00000000edc00000, 0x00000000edd00000, 0x00000000edd00000|100%| E|CS|TAMS 0x00000000edc00000| PB 0x00000000edc00000| Complete 
| 221|0x00000000edd00000, 0x00000000ede00000, 0x00000000ede00000|100%| E|CS|TAMS 0x00000000edd00000| PB 0x00000000edd00000| Complete 
| 222|0x00000000ede00000, 0x00000000edf00000, 0x00000000edf00000|100%| E|CS|TAMS 0x00000000ede00000| PB 0x00000000ede00000| Complete 
| 223|0x00000000edf00000, 0x00000000ee000000, 0x00000000ee000000|100%| E|CS|TAMS 0x00000000edf00000| PB 0x00000000edf00000| Complete 
| 224|0x00000000ee000000, 0x00000000ee100000, 0x00000000ee100000|100%| E|CS|TAMS 0x00000000ee000000| PB 0x00000000ee000000| Complete 
| 225|0x00000000ee100000, 0x00000000ee200000, 0x00000000ee200000|100%| E|CS|TAMS 0x00000000ee100000| PB 0x00000000ee100000| Complete 
| 226|0x00000000ee200000, 0x00000000ee300000, 0x00000000ee300000|100%| E|CS|TAMS 0x00000000ee200000| PB 0x00000000ee200000| Complete 
| 227|0x00000000ee300000, 0x00000000ee400000, 0x00000000ee400000|100%| E|CS|TAMS 0x00000000ee300000| PB 0x00000000ee300000| Complete 
| 228|0x00000000ee400000, 0x00000000ee500000, 0x00000000ee500000|100%| E|CS|TAMS 0x00000000ee400000| PB 0x00000000ee400000| Complete 
| 229|0x00000000ee500000, 0x00000000ee600000, 0x00000000ee600000|100%| E|CS|TAMS 0x00000000ee500000| PB 0x00000000ee500000| Complete 
| 230|0x00000000ee600000, 0x00000000ee700000, 0x00000000ee700000|100%| E|CS|TAMS 0x00000000ee600000| PB 0x00000000ee600000| Complete 
| 231|0x00000000ee700000, 0x00000000ee800000, 0x00000000ee800000|100%| E|CS|TAMS 0x00000000ee700000| PB 0x00000000ee700000| Complete 
| 232|0x00000000ee800000, 0x00000000ee900000, 0x00000000ee900000|100%| E|CS|TAMS 0x00000000ee800000| PB 0x00000000ee800000| Complete 
| 233|0x00000000ee900000, 0x00000000eea00000, 0x00000000eea00000|100%| E|CS|TAMS 0x00000000ee900000| PB 0x00000000ee900000| Complete 
| 234|0x00000000eea00000, 0x00000000eeb00000, 0x00000000eeb00000|100%| E|CS|TAMS 0x00000000eea00000| PB 0x00000000eea00000| Complete 
| 235|0x00000000eeb00000, 0x00000000eec00000, 0x00000000eec00000|100%| E|CS|TAMS 0x00000000eeb00000| PB 0x00000000eeb00000| Complete 
| 236|0x00000000eec00000, 0x00000000eed00000, 0x00000000eed00000|100%| E|CS|TAMS 0x00000000eec00000| PB 0x00000000eec00000| Complete 
| 237|0x00000000eed00000, 0x00000000eee00000, 0x00000000eee00000|100%| E|CS|TAMS 0x00000000eed00000| PB 0x00000000eed00000| Complete 
| 238|0x00000000eee00000, 0x00000000eef00000, 0x00000000eef00000|100%| E|CS|TAMS 0x00000000eee00000| PB 0x00000000eee00000| Complete 
| 239|0x00000000eef00000, 0x00000000ef000000, 0x00000000ef000000|100%| E|CS|TAMS 0x00000000eef00000| PB 0x00000000eef00000| Complete 
| 240|0x00000000ef000000, 0x00000000ef100000, 0x00000000ef100000|100%| E|CS|TAMS 0x00000000ef000000| PB 0x00000000ef000000| Complete 
| 241|0x00000000ef100000, 0x00000000ef200000, 0x00000000ef200000|100%| E|CS|TAMS 0x00000000ef100000| PB 0x00000000ef100000| Complete 
| 242|0x00000000ef200000, 0x00000000ef300000, 0x00000000ef300000|100%| E|CS|TAMS 0x00000000ef200000| PB 0x00000000ef200000| Complete 
| 243|0x00000000ef300000, 0x00000000ef400000, 0x00000000ef400000|100%| E|CS|TAMS 0x00000000ef300000| PB 0x00000000ef300000| Complete 
| 244|0x00000000ef400000, 0x00000000ef500000, 0x00000000ef500000|100%| E|CS|TAMS 0x00000000ef400000| PB 0x00000000ef400000| Complete 
| 245|0x00000000ef500000, 0x00000000ef600000, 0x00000000ef600000|100%| E|CS|TAMS 0x00000000ef500000| PB 0x00000000ef500000| Complete 
| 246|0x00000000ef600000, 0x00000000ef700000, 0x00000000ef700000|100%| E|CS|TAMS 0x00000000ef600000| PB 0x00000000ef600000| Complete 
| 247|0x00000000ef700000, 0x00000000ef800000, 0x00000000ef800000|100%| E|CS|TAMS 0x00000000ef700000| PB 0x00000000ef700000| Complete 
| 248|0x00000000ef800000, 0x00000000ef900000, 0x00000000ef900000|100%| E|CS|TAMS 0x00000000ef800000| PB 0x00000000ef800000| Complete 
| 249|0x00000000ef900000, 0x00000000efa00000, 0x00000000efa00000|100%| E|CS|TAMS 0x00000000ef900000| PB 0x00000000ef900000| Complete 
| 250|0x00000000efa00000, 0x00000000efb00000, 0x00000000efb00000|100%| E|CS|TAMS 0x00000000efa00000| PB 0x00000000efa00000| Complete 
| 251|0x00000000efb00000, 0x00000000efc00000, 0x00000000efc00000|100%| E|CS|TAMS 0x00000000efb00000| PB 0x00000000efb00000| Complete 
| 252|0x00000000efc00000, 0x00000000efd00000, 0x00000000efd00000|100%| E|CS|TAMS 0x00000000efc00000| PB 0x00000000efc00000| Complete 
| 253|0x00000000efd00000, 0x00000000efe00000, 0x00000000efe00000|100%| E|CS|TAMS 0x00000000efd00000| PB 0x00000000efd00000| Complete 
| 254|0x00000000efe00000, 0x00000000eff00000, 0x00000000eff00000|100%| E|CS|TAMS 0x00000000efe00000| PB 0x00000000efe00000| Complete 
| 255|0x00000000eff00000, 0x00000000f0000000, 0x00000000f0000000|100%| E|CS|TAMS 0x00000000eff00000| PB 0x00000000eff00000| Complete 

Card table byte_map: [0x000002b827cf0000,0x000002b827df0000] _byte_map_base: 0x000002b8275f0000

Marking Bits: (CMBitMap*) 0x000002b810485800
 Bits: [0x000002b827df0000, 0x000002b8285f0000)

Polling page: 0x000002b80fc30000

Metaspace:

Usage:
  Non-class:     24.16 MB used.
      Class:      4.30 MB used.
       Both:     28.46 MB used.

Virtual space:
  Non-class space:       64.00 MB reserved,      24.81 MB ( 39%) committed,  1 nodes.
      Class space:      320.00 MB reserved,       4.88 MB (  2%) committed,  1 nodes.
             Both:      384.00 MB reserved,      29.69 MB (  8%) committed. 

Chunk freelists:
   Non-Class:  7.22 MB
       Class:  11.16 MB
        Both:  18.38 MB

MaxMetaspaceSize: 384.00 MB
CompressedClassSpaceSize: 320.00 MB
Initial GC threshold: 21.00 MB
Current GC threshold: 35.12 MB
CDS: on
 - commit_granule_bytes: 65536.
 - commit_granule_words: 8192.
 - virtual_space_node_default_size: 8388608.
 - enlarge_chunks_in_place: 1.
 - use_allocation_guard: 0.


Internal statistics:

num_allocs_failed_limit: 3.
num_arena_births: 2136.
num_arena_deaths: 0.
num_vsnodes_births: 2.
num_vsnodes_deaths: 0.
num_space_committed: 475.
num_space_uncommitted: 0.
num_chunks_returned_to_freelist: 3.
num_chunks_taken_from_freelist: 3558.
num_chunk_merges: 3.
num_chunk_splits: 2272.
num_chunks_enlarged: 1368.
num_inconsistent_stats: 0.

CodeHeap 'non-profiled nmethods': size=120000Kb used=1808Kb max_used=1808Kb free=118191Kb
 bounds [0x000002b820390000, 0x000002b820600000, 0x000002b8278c0000]
CodeHeap 'profiled nmethods': size=120000Kb used=7394Kb max_used=7394Kb free=112606Kb
 bounds [0x000002b8188c0000, 0x000002b819000000, 0x000002b81fdf0000]
CodeHeap 'non-nmethods': size=5760Kb used=1692Kb max_used=1721Kb free=4067Kb
 bounds [0x000002b81fdf0000, 0x000002b820060000, 0x000002b820390000]
 total_blobs=4147 nmethods=3558 adapters=493
 compilation: enabled
              stopped_count=0, restarted_count=0
 full_count=0

Compilation events (20 events):
Event: 5.533 Thread 0x000002b82b079de0 nmethod 3530 0x000002b818fdc790 code [0x000002b818fdc940, 0x000002b818fdcad0]
Event: 5.540 Thread 0x000002b82b079de0 3535       3       java.lang.invoke.DirectMethodHandle::preparedFieldLambdaForm (48 bytes)
Event: 5.541 Thread 0x000002b82b079de0 nmethod 3535 0x000002b818fdcb90 code [0x000002b818fdcd80, 0x000002b818fdd1e8]
Event: 5.546 Thread 0x000002b82b079de0 3540       3       java.lang.invoke.InnerClassLambdaMetafactory$ForwardingMethodGenerator::generate (272 bytes)
Event: 5.547 Thread 0x000002b82b079de0 nmethod 3540 0x000002b818fdd390 code [0x000002b818fdd740, 0x000002b818fdf3c8]
Event: 5.548 Thread 0x000002b82b079de0 3541       3       java.lang.invoke.BoundMethodHandle$Species_LLLL::make (16 bytes)
Event: 5.548 Thread 0x000002b82b079de0 nmethod 3541 0x000002b818fdfc90 code [0x000002b818fdfe60, 0x000002b818fe0208]
Event: 5.548 Thread 0x000002b82b079de0 3542       3       java.lang.invoke.BoundMethodHandle$Species_LLLL::<init> (30 bytes)
Event: 5.548 Thread 0x000002b82b079de0 nmethod 3542 0x000002b818fe0390 code [0x000002b818fe0560, 0x000002b818fe08c0]
Event: 5.551 Thread 0x000002b82b079de0 3547       3       jdk.internal.org.objectweb.asm.MethodWriter::visitIntInsn (113 bytes)
Event: 5.552 Thread 0x000002b82b079de0 nmethod 3547 0x000002b818fe0a10 code [0x000002b818fe0c00, 0x000002b818fe1010]
Event: 5.552 Thread 0x000002b82b079de0 3548       3       sun.nio.ch.FileChannelImpl::ensureOpen (16 bytes)
Event: 5.552 Thread 0x000002b82b079de0 nmethod 3548 0x000002b818fe1190 code [0x000002b818fe1360, 0x000002b818fe1640]
Event: 5.560 Thread 0x000002b82b079de0 3549       3       org.gradle.internal.service.DefaultServiceRegistry$ConstructorService::getConstructor (46 bytes)
Event: 5.561 Thread 0x000002b82b079de0 nmethod 3549 0x000002b818fe1790 code [0x000002b818fe19e0, 0x000002b818fe20a0]
Event: 5.573 Thread 0x000002b82b079de0 3551       3       com.google.common.reflect.TypeResolver$TypeMappingIntrospector::map (92 bytes)
Event: 5.574 Thread 0x000002b82b079de0 nmethod 3551 0x000002b818fe2390 code [0x000002b818fe26c0, 0x000002b818fe4030]
Event: 5.574 Thread 0x000002b82b079de0 3550       3       com.google.common.reflect.TypeResolver$TypeMappingIntrospector::visitParameterizedType (105 bytes)
Event: 5.575 Thread 0x000002b82b079de0 nmethod 3550 0x000002b818fe4590 code [0x000002b818fe48a0, 0x000002b818fe5e40]
Event: 5.575 Thread 0x000002b82b079de0 3557       3       org.gradle.internal.instantiation.generator.AbstractClassGenerator$InjectionAnnotationValidator::validateMethod (502 bytes)

GC Heap History (8 events):
Event: 0.559 GC heap before
{Heap before GC invocations=0 (full 0):
 garbage-first heap   total 262144K, used 22528K [0x00000000e0000000, 0x0000000100000000)
  region size 1024K, 23 young (23552K), 0 survivors (0K)
 Metaspace       used 1079K, committed 1216K, reserved 393216K
  class space    used 77K, committed 128K, reserved 327680K
}
Event: 0.562 GC heap after
{Heap after GC invocations=1 (full 0):
 garbage-first heap   total 262144K, used 3546K [0x00000000e0000000, 0x0000000100000000)
  region size 1024K, 3 young (3072K), 3 survivors (3072K)
 Metaspace       used 1079K, committed 1216K, reserved 393216K
  class space    used 77K, committed 128K, reserved 327680K
}
Event: 1.333 GC heap before
{Heap before GC invocations=1 (full 0):
 garbage-first heap   total 262144K, used 40410K [0x00000000e0000000, 0x0000000100000000)
  region size 1024K, 36 young (36864K), 3 survivors (3072K)
 Metaspace       used 4405K, committed 4608K, reserved 393216K
  class space    used 542K, committed 640K, reserved 327680K
}
Event: 1.340 GC heap after
{Heap after GC invocations=2 (full 0):
 garbage-first heap   total 262144K, used 11121K [0x00000000e0000000, 0x0000000100000000)
  region size 1024K, 5 young (5120K), 5 survivors (5120K)
 Metaspace       used 4405K, committed 4608K, reserved 393216K
  class space    used 542K, committed 640K, reserved 327680K
}
Event: 2.086 GC heap before
{Heap before GC invocations=2 (full 0):
 garbage-first heap   total 262144K, used 59249K [0x00000000e0000000, 0x0000000100000000)
  region size 1024K, 51 young (52224K), 5 survivors (5120K)
 Metaspace       used 5405K, committed 5632K, reserved 393216K
  class space    used 705K, committed 832K, reserved 327680K
}
Event: 2.090 GC heap after
{Heap after GC invocations=3 (full 0):
 garbage-first heap   total 262144K, used 17533K [0x00000000e0000000, 0x0000000100000000)
  region size 1024K, 5 young (5120K), 5 survivors (5120K)
 Metaspace       used 5405K, committed 5632K, reserved 393216K
  class space    used 705K, committed 832K, reserved 327680K
}
Event: 4.650 GC heap before
{Heap before GC invocations=3 (full 0):
 garbage-first heap   total 262144K, used 105597K [0x00000000e0000000, 0x0000000100000000)
  region size 1024K, 92 young (94208K), 5 survivors (5120K)
 Metaspace       used 20823K, committed 21504K, reserved 393216K
  class space    used 3022K, committed 3328K, reserved 327680K
}
Event: 4.660 GC heap after
{Heap after GC invocations=4 (full 0):
 garbage-first heap   total 262144K, used 25088K [0x00000000e0000000, 0x0000000100000000)
  region size 1024K, 13 young (13312K), 13 survivors (13312K)
 Metaspace       used 20823K, committed 21504K, reserved 393216K
  class space    used 3022K, committed 3328K, reserved 327680K
}

Dll operation events (15 events):
Event: 0.008 Loaded shared library C:\Program Files\Java\jdk-21\bin\java.dll
Event: 0.046 Loaded shared library C:\Program Files\Java\jdk-21\bin\jsvml.dll
Event: 0.087 Loaded shared library C:\Program Files\Java\jdk-21\bin\zip.dll
Event: 0.090 Loaded shared library C:\Program Files\Java\jdk-21\bin\instrument.dll
Event: 0.093 Loaded shared library C:\Program Files\Java\jdk-21\bin\net.dll
Event: 0.094 Loaded shared library C:\Program Files\Java\jdk-21\bin\nio.dll
Event: 0.097 Loaded shared library C:\Program Files\Java\jdk-21\bin\zip.dll
Event: 0.412 Loaded shared library C:\Program Files\Java\jdk-21\bin\jimage.dll
Event: 0.634 Loaded shared library C:\Program Files\Java\jdk-21\bin\verify.dll
Event: 0.790 Loaded shared library C:\Users\IBM\.gradle\native\c067742578af261105cb4f569cf0c3c89f3d7b1fecec35dd04571415982c5e48\windows-amd64\native-platform.dll
Event: 0.799 Loaded shared library C:\Users\IBM\.gradle\native\100fb08df4bc3b14c8652ba06237920a3bd2aa13389f12d3474272988ae205f9\windows-amd64\native-platform-file-events.dll
Event: 2.215 Loaded shared library C:\Program Files\Java\jdk-21\bin\management.dll
Event: 2.233 Loaded shared library C:\Program Files\Java\jdk-21\bin\management_ext.dll
Event: 2.478 Loaded shared library C:\Program Files\Java\jdk-21\bin\extnet.dll
Event: 2.715 Loaded shared library C:\Program Files\Java\jdk-21\bin\sunmscapi.dll

Deoptimization events (20 events):
Event: 4.744 Thread 0x000002b845f57140 Uncommon trap: trap_request=0xffffffcc fr.pc=0x000002b820501c20 relative=0x0000000000000360
Event: 4.744 Thread 0x000002b845f57140 Uncommon trap: reason=intrinsic_or_type_checked_inlining action=make_not_entrant pc=0x000002b820501c20 method=java.util.Arrays.copyOf([Ljava/lang/Object;ILjava/lang/Class;)[Ljava/lang/Object; @ 35 c2
Event: 4.744 Thread 0x000002b845f57140 DEOPT PACKING pc=0x000002b820501c20 sp=0x000000fdfd9f9dd0
Event: 4.744 Thread 0x000002b845f57140 DEOPT UNPACKING pc=0x000002b81fe47da2 sp=0x000000fdfd9f9d60 mode 2
Event: 4.774 Thread 0x000002b845f57140 Uncommon trap: trap_request=0xffffff45 fr.pc=0x000002b82049eda8 relative=0x00000000000003c8
Event: 4.774 Thread 0x000002b845f57140 Uncommon trap: reason=unstable_if action=reinterpret pc=0x000002b82049eda8 method=jdk.internal.org.objectweb.asm.SymbolTable.addType(Ljava/lang/String;)I @ 33 c2
Event: 4.774 Thread 0x000002b845f57140 DEOPT PACKING pc=0x000002b82049eda8 sp=0x000000fdfd9f9c10
Event: 4.774 Thread 0x000002b845f57140 DEOPT UNPACKING pc=0x000002b81fe47da2 sp=0x000000fdfd9f9b98 mode 2
Event: 4.896 Thread 0x000002b845f57140 Uncommon trap: trap_request=0xffffff45 fr.pc=0x000002b8204f3220 relative=0x0000000000000d00
Event: 4.896 Thread 0x000002b845f57140 Uncommon trap: reason=unstable_if action=reinterpret pc=0x000002b8204f3220 method=jdk.internal.org.objectweb.asm.SymbolTable.addType(Ljava/lang/String;)I @ 33 c2
Event: 4.896 Thread 0x000002b845f57140 DEOPT PACKING pc=0x000002b8204f3220 sp=0x000000fdfd9fb9e0
Event: 4.896 Thread 0x000002b845f57140 DEOPT UNPACKING pc=0x000002b81fe47da2 sp=0x000000fdfd9fb918 mode 2
Event: 4.948 Thread 0x000002b845f57140 Uncommon trap: trap_request=0xffffff76 fr.pc=0x000002b820505c04 relative=0x00000000000001c4
Event: 4.948 Thread 0x000002b845f57140 Uncommon trap: reason=predicate action=maybe_recompile pc=0x000002b820505c04 method=com.google.common.base.CharMatcher.indexIn(Ljava/lang/CharSequence;I)I @ 19 c2
Event: 4.948 Thread 0x000002b845f57140 DEOPT PACKING pc=0x000002b820505c04 sp=0x000000fdfd9face0
Event: 4.948 Thread 0x000002b845f57140 DEOPT UNPACKING pc=0x000002b81fe47da2 sp=0x000000fdfd9fac70 mode 2
Event: 5.355 Thread 0x000002b845f57140 Uncommon trap: trap_request=0xffffff45 fr.pc=0x000002b82042bdc0 relative=0x00000000000002e0
Event: 5.355 Thread 0x000002b845f57140 Uncommon trap: reason=unstable_if action=reinterpret pc=0x000002b82042bdc0 method=java.util.HashMap.hash(Ljava/lang/Object;)I @ 1 c2
Event: 5.355 Thread 0x000002b845f57140 DEOPT PACKING pc=0x000002b82042bdc0 sp=0x000000fdfd9f85f0
Event: 5.355 Thread 0x000002b845f57140 DEOPT UNPACKING pc=0x000002b81fe47da2 sp=0x000000fdfd9f8488 mode 2

Classes loaded (20 events):
Event: 5.329 Loading class java/lang/invoke/BoundMethodHandle$Species_LLLLLLLLLLLLLLLLLLLLLLLL
Event: 5.329 Loading class java/lang/invoke/BoundMethodHandle$Species_LLLLLLLLLLLLLLLLLLLLLLLL done
Event: 5.348 Loading class java/lang/invoke/SerializedLambda
Event: 5.348 Loading class java/lang/invoke/SerializedLambda done
Event: 5.353 Loading class java/lang/reflect/AnnotatedType
Event: 5.353 Loading class java/lang/reflect/AnnotatedType done
Event: 5.355 Loading class sun/reflect/misc/ReflectUtil
Event: 5.355 Loading class sun/reflect/misc/ReflectUtil done
Event: 5.360 Loading class sun/reflect/generics/tree/IntSignature
Event: 5.360 Loading class sun/reflect/generics/tree/IntSignature done
Event: 5.360 Loading class sun/reflect/generics/tree/ArrayTypeSignature
Event: 5.360 Loading class sun/reflect/generics/tree/ArrayTypeSignature done
Event: 5.365 Loading class java/lang/SafeVarargs
Event: 5.365 Loading class java/lang/SafeVarargs done
Event: 5.539 Loading class java/lang/invoke/BoundMethodHandle$Species_LLLLLLLLLLLLLLLLLLLLLLLLL
Event: 5.539 Loading class java/lang/invoke/BoundMethodHandle$Species_LLLLLLLLLLLLLLLLLLLLLLLLL done
Event: 5.541 Loading class java/lang/invoke/BoundMethodHandle$Species_LLLLLLLLLLLLLLLLLLLLLLLLLL
Event: 5.541 Loading class java/lang/invoke/BoundMethodHandle$Species_LLLLLLLLLLLLLLLLLLLLLLLLLL done
Event: 5.542 Loading class java/lang/invoke/BoundMethodHandle$Species_LLLLLLLLLLLLLLLLLLLLLLLLLLL
Event: 5.542 Loading class java/lang/invoke/BoundMethodHandle$Species_LLLLLLLLLLLLLLLLLLLLLLLLLLL done

Classes unloaded (0 events):
No events

Classes redefined (0 events):
No events

Internal exceptions (20 events):
Event: 5.292 Thread 0x000002b845f57140 Exception <a 'java/lang/NoSuchMethodError'{0x00000000ed836750}: 'java.lang.Object java.lang.invoke.DirectMethodHandle$Holder.invokeSpecialIFC(java.lang.Object, java.lang.Object, java.lang.Object, java.lang.Object)'> (0x00000000ed836750) 
thrown [s\open\src\hotspot\share\interpreter\linkResolver.cpp, line 773]
Event: 5.326 Thread 0x000002b845f57140 Exception <a 'java/lang/NoSuchMethodError'{0x00000000ed5094e8}: 'java.lang.Object java.lang.invoke.DirectMethodHandle$Holder.invokeVirtual(java.lang.Object, java.lang.Object, java.lang.Object, java.lang.Object, java.lang.Object, java.lang.Object, java.lang.Object, java.lang.Object, java.lang.Object, java.lang.Object, java.lang.Object, java.lang.Object, java.lang.Object, java.lang.Object, java.lang.Object, java.lang.Object, java.lang.Object, java.lang.Object, java.lang.Object, java.lang.Object, java.lang.Ob
Event: 5.326 Thread 0x000002b845f57140 Exception <a 'java/lang/NoSuchMethodError'{0x00000000ed50ffd8}: 'java.lang.Object java.lang.invoke.DelegatingMethodHandle$Holder.reinvoke_L(java.lang.Object, java.lang.Object, java.lang.Object, java.lang.Object, java.lang.Object, java.lang.Object, java.lang.Object, java.lang.Object, java.lang.Object, java.lang.Object, java.lang.Object, java.lang.Object, java.lang.Object, java.lang.Object, java.lang.Object, java.lang.Object, java.lang.Object, java.lang.Object, java.lang.Object, java.lang.Object, java.lang.O
Event: 5.330 Thread 0x000002b845f57140 Exception <a 'java/lang/NoSuchMethodError'{0x00000000ed5ddeb8}: 'java.lang.Object java.lang.invoke.DirectMethodHandle$Holder.invokeStatic(java.lang.Object, java.lang.Object, java.lang.Object, java.lang.Object, java.lang.Object, java.lang.Object, java.lang.Object, java.lang.Object, java.lang.Object, java.lang.Object, java.lang.Object, java.lang.Object, java.lang.Object, java.lang.Object, java.lang.Object, java.lang.Object, java.lang.Object, java.lang.Object, java.lang.Object, java.lang.Object, java.lang.Obj
Event: 5.355 Thread 0x000002b845f57140 Implicit null exception at 0x000002b82042bb3a to 0x000002b82042bda8
Event: 5.448 Thread 0x000002b845f57140 Exception <a 'java/lang/NoSuchMethodError'{0x00000000ecb4a040}: 'void java.lang.invoke.DirectMethodHandle$Holder.invokeStaticInit(java.lang.Object, java.lang.Object, java.lang.Object, java.lang.Object)'> (0x00000000ecb4a040) 
thrown [s\open\src\hotspot\share\interpreter\linkResolver.cpp, line 773]
Event: 5.464 Thread 0x000002b845f57140 Exception <a 'java/lang/NoSuchMethodError'{0x00000000ecae3a98}: 'java.lang.Object java.lang.invoke.DirectMethodHandle$Holder.newInvokeSpecial(java.lang.Object, java.lang.Object, java.lang.Object, java.lang.Object, java.lang.Object, java.lang.Object, java.lang.Object, java.lang.Object, java.lang.Object)'> (0x00000000ecae3a98) 
thrown [s\open\src\hotspot\share\interpreter\linkResolver.cpp, line 773]
Event: 5.467 Thread 0x000002b845f57140 Exception <a 'java/lang/NoSuchMethodError'{0x00000000ec932eb8}: 'java.lang.Object java.lang.invoke.DirectMethodHandle$Holder.invokeStaticInit(java.lang.Object, java.lang.Object, java.lang.Object)'> (0x00000000ec932eb8) 
thrown [s\open\src\hotspot\share\interpreter\linkResolver.cpp, line 773]
Event: 5.485 Thread 0x000002b845f57140 Exception <a 'java/lang/NoSuchMethodError'{0x00000000ec8ff5d8}: 'java.lang.Object java.lang.invoke.DirectMethodHandle$Holder.newInvokeSpecial(java.lang.Object, java.lang.Object, java.lang.Object, java.lang.Object, java.lang.Object, java.lang.Object, java.lang.Object, java.lang.Object, java.lang.Object, java.lang.Object, java.lang.Object, java.lang.Object)'> (0x00000000ec8ff5d8) 
thrown [s\open\src\hotspot\share\interpreter\linkResolver.cpp, line 773]
Event: 5.486 Thread 0x000002b845f57140 Exception <a 'java/lang/NoSuchMethodError'{0x00000000ec705058}: 'java.lang.Object java.lang.invoke.Invokers$Holder.linkToTargetMethod(java.lang.Object, java.lang.Object, java.lang.Object, java.lang.Object, java.lang.Object, java.lang.Object, java.lang.Object, java.lang.Object, java.lang.Object, java.lang.Object, java.lang.Object, java.lang.Object)'> (0x00000000ec705058) 
thrown [s\open\src\hotspot\share\interpreter\linkResolver.cpp, line 773]
Event: 5.518 Thread 0x000002b845f57140 Exception <a 'java/lang/NoSuchMethodError'{0x00000000ec76e278}: 'java.lang.Object java.lang.invoke.DirectMethodHandle$Holder.newInvokeSpecial(java.lang.Object, java.lang.Object, java.lang.Object, java.lang.Object, java.lang.Object, java.lang.Object, java.lang.Object, java.lang.Object, java.lang.Object, java.lang.Object, java.lang.Object, java.lang.Object, java.lang.Object, java.lang.Object, java.lang.Object)'> (0x00000000ec76e278) 
thrown [s\open\src\hotspot\share\interpreter\linkResolver.cpp, line 773]
Event: 5.519 Thread 0x000002b845f57140 Exception <a 'java/lang/NoSuchMethodError'{0x00000000ec7743c8}: 'java.lang.Object java.lang.invoke.DirectMethodHandle$Holder.invokeSpecial(java.lang.Object, java.lang.Object, java.lang.Object, java.lang.Object, java.lang.Object, java.lang.Object, java.lang.Object, java.lang.Object, java.lang.Object, java.lang.Object, java.lang.Object, java.lang.Object, java.lang.Object, java.lang.Object, java.lang.Object, java.lang.Object)'> (0x00000000ec7743c8) 
thrown [s\open\src\hotspot\share\interpreter\linkResolver.cp
Event: 5.519 Thread 0x000002b845f57140 Exception <a 'java/lang/NoSuchMethodError'{0x00000000ec7796a8}: 'java.lang.Object java.lang.invoke.DelegatingMethodHandle$Holder.reinvoke_L(java.lang.Object, java.lang.Object, java.lang.Object, java.lang.Object, java.lang.Object, java.lang.Object, java.lang.Object, java.lang.Object, java.lang.Object, java.lang.Object, java.lang.Object, java.lang.Object, java.lang.Object, java.lang.Object, java.lang.Object)'> (0x00000000ec7796a8) 
thrown [s\open\src\hotspot\share\interpreter\linkResolver.cpp, line 773]
Event: 5.536 Thread 0x000002b845f57140 Exception <a 'java/lang/NoSuchMethodError'{0x00000000ec51dd70}: 'java.lang.Object java.lang.invoke.DelegatingMethodHandle$Holder.reinvoke_L(java.lang.Object, java.lang.Object, java.lang.Object, java.lang.Object, java.lang.Object, java.lang.Object, java.lang.Object, java.lang.Object, java.lang.Object, java.lang.Object, java.lang.Object, java.lang.Object, java.lang.Object, java.lang.Object, java.lang.Object, java.lang.Object, java.lang.Object, java.lang.Object, java.lang.Object, java.lang.Object, java.lang.O
Event: 5.540 Thread 0x000002b845f57140 Exception <a 'java/lang/NoSuchMethodError'{0x00000000ec5fcdb8}: 'java.lang.Object java.lang.invoke.DirectMethodHandle$Holder.invokeStatic(java.lang.Object, java.lang.Object, java.lang.Object, java.lang.Object, java.lang.Object, java.lang.Object, java.lang.Object, java.lang.Object, java.lang.Object, java.lang.Object, java.lang.Object, java.lang.Object, java.lang.Object, java.lang.Object, java.lang.Object, java.lang.Object, java.lang.Object, java.lang.Object, java.lang.Object, java.lang.Object, java.lang.Obj
Event: 5.542 Thread 0x000002b845f57140 Exception <a 'java/lang/NoSuchMethodError'{0x00000000ec431c50}: 'java.lang.Object java.lang.invoke.DirectMethodHandle$Holder.invokeStatic(java.lang.Object, java.lang.Object, java.lang.Object, java.lang.Object, java.lang.Object, java.lang.Object, java.lang.Object, java.lang.Object, java.lang.Object, java.lang.Object, java.lang.Object, java.lang.Object, java.lang.Object, java.lang.Object, java.lang.Object, java.lang.Object, java.lang.Object, java.lang.Object, java.lang.Object, java.lang.Object, java.lang.Obj
Event: 5.543 Thread 0x000002b845f57140 Exception <a 'java/lang/NoSuchMethodError'{0x00000000ec468be8}: 'java.lang.Object java.lang.invoke.DirectMethodHandle$Holder.invokeStatic(java.lang.Object, java.lang.Object, java.lang.Object, java.lang.Object, java.lang.Object, java.lang.Object, java.lang.Object, java.lang.Object, java.lang.Object, java.lang.Object, java.lang.Object, java.lang.Object, java.lang.Object, java.lang.Object, java.lang.Object, java.lang.Object, java.lang.Object, java.lang.Object, java.lang.Object, java.lang.Object, java.lang.Obj
Event: 5.548 Thread 0x000002b845f57140 Exception <a 'java/lang/NoSuchMethodError'{0x00000000ec4f71e8}: 'java.lang.Object java.lang.invoke.DirectMethodHandle$Holder.newInvokeSpecial(java.lang.Object, java.lang.Object, java.lang.Object, java.lang.Object, java.lang.Object, java.lang.Object, java.lang.Object, java.lang.Object, java.lang.Object, java.lang.Object, java.lang.Object, java.lang.Object, java.lang.Object, java.lang.Object, java.lang.Object, java.lang.Object, java.lang.Object, java.lang.Object, java.lang.Object)'> (0x00000000ec4f71e8) 
thr
Event: 5.548 Thread 0x000002b845f57140 Exception <a 'java/lang/NoSuchMethodError'{0x00000000ec4fdbd8}: 'java.lang.Object java.lang.invoke.DirectMethodHandle$Holder.invokeSpecial(java.lang.Object, java.lang.Object, java.lang.Object, java.lang.Object, java.lang.Object, java.lang.Object, java.lang.Object, java.lang.Object, java.lang.Object, java.lang.Object, java.lang.Object, java.lang.Object, java.lang.Object, java.lang.Object, java.lang.Object, java.lang.Object, java.lang.Object, java.lang.Object, java.lang.Object, java.lang.Object)'> (0x0000000
Event: 5.549 Thread 0x000002b845f57140 Exception <a 'java/lang/NoSuchMethodError'{0x00000000ec3039e0}: 'java.lang.Object java.lang.invoke.DelegatingMethodHandle$Holder.reinvoke_L(java.lang.Object, java.lang.Object, java.lang.Object, java.lang.Object, java.lang.Object, java.lang.Object, java.lang.Object, java.lang.Object, java.lang.Object, java.lang.Object, java.lang.Object, java.lang.Object, java.lang.Object, java.lang.Object, java.lang.Object, java.lang.Object, java.lang.Object, java.lang.Object, java.lang.Object)'> (0x00000000ec3039e0) 
throw

ZGC Phase Switch (0 events):
No events

VM Operations (20 events):
Event: 3.937 Executing VM operation: HandshakeAllThreads (Deoptimize)
Event: 3.937 Executing VM operation: HandshakeAllThreads (Deoptimize) done
Event: 3.938 Executing VM operation: HandshakeAllThreads (Deoptimize)
Event: 3.938 Executing VM operation: HandshakeAllThreads (Deoptimize) done
Event: 4.302 Executing VM operation: ICBufferFull
Event: 4.302 Executing VM operation: ICBufferFull done
Event: 4.650 Executing VM operation: CollectForMetadataAllocation (Metadata GC Threshold)
Event: 4.660 Executing VM operation: CollectForMetadataAllocation (Metadata GC Threshold) done
Event: 4.670 Executing VM operation: G1PauseRemark
Event: 4.679 Executing VM operation: G1PauseRemark done
Event: 4.680 Executing VM operation: G1PauseCleanup
Event: 4.681 Executing VM operation: G1PauseCleanup done
Event: 4.994 Executing VM operation: HandshakeAllThreads (Deoptimize)
Event: 4.994 Executing VM operation: HandshakeAllThreads (Deoptimize) done
Event: 5.323 Executing VM operation: ICBufferFull
Event: 5.323 Executing VM operation: ICBufferFull done
Event: 5.358 Executing VM operation: HandshakeAllThreads (Deoptimize)
Event: 5.358 Executing VM operation: HandshakeAllThreads (Deoptimize) done
Event: 5.458 Executing VM operation: HandshakeAllThreads (Deoptimize)
Event: 5.458 Executing VM operation: HandshakeAllThreads (Deoptimize) done

Events (20 events):
Event: 2.672 Thread 0x000002b845f88200 Thread added: 0x000002b845f88200
Event: 2.757 Thread 0x000002b845f92640 Thread added: 0x000002b845f92640
Event: 2.760 Thread 0x000002b845f79dc0 Thread added: 0x000002b845f79dc0
Event: 2.800 Thread 0x000002b845f93890 Thread added: 0x000002b845f93890
Event: 2.809 Thread 0x000002b845f57140 Thread added: 0x000002b845f57140
Event: 2.820 Thread 0x000002b8461051a0 Thread added: 0x000002b8461051a0
Event: 2.825 Thread 0x000002b846101d20 Thread added: 0x000002b846101d20
Event: 2.827 Thread 0x000002b8461030d0 Thread added: 0x000002b8461030d0
Event: 3.380 Thread 0x000002b8461023b0 Thread added: 0x000002b8461023b0
Event: 3.390 Thread 0x000002b846102a40 Thread added: 0x000002b846102a40
Event: 3.760 Thread 0x000002b846103760 Thread added: 0x000002b846103760
Event: 3.972 Thread 0x000002b846103df0 Thread added: 0x000002b846103df0
Event: 4.444 Thread 0x000002b846104b10 Thread added: 0x000002b846104b10
Event: 4.768 Thread 0x000002b8465c54c0 Thread added: 0x000002b8465c54c0
Event: 4.780 Thread 0x000002b8465c1320 Thread added: 0x000002b8465c1320
Event: 4.968 Thread 0x000002b8465c61e0 Thread added: 0x000002b8465c61e0
Event: 4.972 Thread 0x000002b8465c0c90 Thread added: 0x000002b8465c0c90
Event: 5.202 Thread 0x000002b8465c5b50 Thread added: 0x000002b8465c5b50
Event: 5.414 Thread 0x000002b8465c0600 Thread added: 0x000002b8465c0600
Event: 5.489 Thread 0x000002b8465c19b0 Thread added: 0x000002b8465c19b0


Dynamic libraries:
0x00007ff629390000 - 0x00007ff6293a0000 	C:\Program Files\Java\jdk-21\bin\java.exe
0x00007fff0b080000 - 0x00007fff0b289000 	C:\Windows\SYSTEM32\ntdll.dll
0x00007fff09dd0000 - 0x00007fff09e8d000 	C:\Windows\System32\KERNEL32.DLL
0x00007fff08580000 - 0x00007fff08904000 	C:\Windows\System32\KERNELBASE.dll
0x00007fff08910000 - 0x00007fff08a21000 	C:\Windows\System32\ucrtbase.dll
0x00007ffef84b0000 - 0x00007ffef84cb000 	C:\Program Files\Java\jdk-21\bin\VCRUNTIME140.dll
0x00007fff00480000 - 0x00007fff00499000 	C:\Program Files\Java\jdk-21\bin\jli.dll
0x00007fff0a4e0000 - 0x00007fff0a58e000 	C:\Windows\System32\ADVAPI32.dll
0x00007fff09c10000 - 0x00007fff09cb3000 	C:\Windows\System32\msvcrt.dll
0x00007fff0a420000 - 0x00007fff0a4be000 	C:\Windows\System32\sechost.dll
0x00007fff0a590000 - 0x00007fff0a6b1000 	C:\Windows\System32\RPCRT4.dll
0x00007fff0ae90000 - 0x00007fff0b03d000 	C:\Windows\System32\USER32.dll
0x00007fff08a30000 - 0x00007fff08a56000 	C:\Windows\System32\win32u.dll
0x00007ffeef380000 - 0x00007ffeef625000 	C:\Windows\WinSxS\amd64_microsoft.windows.common-controls_6595b64144ccf1df_6.0.22000.120_none_9d947278b86cc467\COMCTL32.dll
0x00007fff09070000 - 0x00007fff0909a000 	C:\Windows\System32\GDI32.dll
0x00007fff08a60000 - 0x00007fff08b7e000 	C:\Windows\System32\gdi32full.dll
0x00007fff08e30000 - 0x00007fff08ecd000 	C:\Windows\System32\msvcp_win.dll
0x00007ffefb440000 - 0x00007ffefb44a000 	C:\Windows\SYSTEM32\VERSION.dll
0x00007fff09310000 - 0x00007fff09341000 	C:\Windows\System32\IMM32.DLL
0x00007fff04850000 - 0x00007fff0485c000 	C:\Program Files\Java\jdk-21\bin\vcruntime140_1.dll
0x00007ffed11c0000 - 0x00007ffed124e000 	C:\Program Files\Java\jdk-21\bin\msvcp140.dll
0x00007ffea8420000 - 0x00007ffea9135000 	C:\Program Files\Java\jdk-21\bin\server\jvm.dll
0x00007fff09ec0000 - 0x00007fff09f2f000 	C:\Windows\System32\WS2_32.dll
0x00007fff07d00000 - 0x00007fff07d4d000 	C:\Windows\SYSTEM32\POWRPROF.dll
0x00007fff003d0000 - 0x00007fff00403000 	C:\Windows\SYSTEM32\WINMM.dll
0x00007fff07c90000 - 0x00007fff07ca3000 	C:\Windows\SYSTEM32\UMPDC.dll
0x00007fff07530000 - 0x00007fff07548000 	C:\Windows\SYSTEM32\kernel.appcore.dll
0x00007fff03da0000 - 0x00007fff03daa000 	C:\Program Files\Java\jdk-21\bin\jimage.dll
0x00007fff058e0000 - 0x00007fff05b01000 	C:\Windows\SYSTEM32\DBGHELP.DLL
0x00007ffeec500000 - 0x00007ffeec531000 	C:\Windows\SYSTEM32\dbgcore.DLL
0x00007fff08cf0000 - 0x00007fff08d6f000 	C:\Windows\System32\bcryptPrimitives.dll
0x00007ffef7b40000 - 0x00007ffef7b4f000 	C:\Program Files\Java\jdk-21\bin\instrument.dll
0x00007ffef7af0000 - 0x00007ffef7b0f000 	C:\Program Files\Java\jdk-21\bin\java.dll
0x00007fff0a6c0000 - 0x00007fff0ae85000 	C:\Windows\System32\SHELL32.dll
0x00007fff065a0000 - 0x00007fff06e02000 	C:\Windows\SYSTEM32\windows.storage.dll
0x00007fff09890000 - 0x00007fff09c06000 	C:\Windows\System32\combase.dll
0x00007fff06430000 - 0x00007fff06597000 	C:\Windows\SYSTEM32\wintypes.dll
0x00007fff09cd0000 - 0x00007fff09dba000 	C:\Windows\System32\SHCORE.dll
0x00007fff090a0000 - 0x00007fff090fd000 	C:\Windows\System32\shlwapi.dll
0x00007fff08440000 - 0x00007fff08465000 	C:\Windows\SYSTEM32\profapi.dll
0x00007ffed42f0000 - 0x00007ffed43c7000 	C:\Program Files\Java\jdk-21\bin\jsvml.dll
0x00007ffef73a0000 - 0x00007ffef73b8000 	C:\Program Files\Java\jdk-21\bin\zip.dll
0x00007ffef22b0000 - 0x00007ffef22c0000 	C:\Program Files\Java\jdk-21\bin\net.dll
0x00007fff03020000 - 0x00007fff03134000 	C:\Windows\SYSTEM32\WINHTTP.dll
0x00007fff07a50000 - 0x00007fff07ab7000 	C:\Windows\system32\mswsock.dll
0x00007ffef2290000 - 0x00007ffef22a6000 	C:\Program Files\Java\jdk-21\bin\nio.dll
0x00007ffef1f20000 - 0x00007ffef1f30000 	C:\Program Files\Java\jdk-21\bin\verify.dll
0x00007ffeece20000 - 0x00007ffeece47000 	C:\Users\IBM\.gradle\native\c067742578af261105cb4f569cf0c3c89f3d7b1fecec35dd04571415982c5e48\windows-amd64\native-platform.dll
0x00007ffecb550000 - 0x00007ffecb694000 	C:\Users\IBM\.gradle\native\100fb08df4bc3b14c8652ba06237920a3bd2aa13389f12d3474272988ae205f9\windows-amd64\native-platform-file-events.dll
0x00007ffee34e0000 - 0x00007ffee34ea000 	C:\Program Files\Java\jdk-21\bin\management.dll
0x00007ffee2820000 - 0x00007ffee282b000 	C:\Program Files\Java\jdk-21\bin\management_ext.dll
0x00007fff09eb0000 - 0x00007fff09eb8000 	C:\Windows\System32\PSAPI.DLL
0x00007fff07da0000 - 0x00007fff07db8000 	C:\Windows\SYSTEM32\CRYPTSP.dll
0x00007fff07490000 - 0x00007fff074c5000 	C:\Windows\system32\rsaenh.dll
0x00007fff07b00000 - 0x00007fff07b2c000 	C:\Windows\SYSTEM32\USERENV.dll
0x00007fff07ee0000 - 0x00007fff07f07000 	C:\Windows\SYSTEM32\bcrypt.dll
0x00007fff07c50000 - 0x00007fff07c5c000 	C:\Windows\SYSTEM32\CRYPTBASE.dll
0x00007fff07060000 - 0x00007fff0708d000 	C:\Windows\SYSTEM32\IPHLPAPI.DLL
0x00007fff09dc0000 - 0x00007fff09dc9000 	C:\Windows\System32\NSI.dll
0x00007ffee23e0000 - 0x00007ffee23e7000 	C:\Program Files\Java\jdk-21\bin\extnet.dll
0x00007ffee23d0000 - 0x00007ffee23de000 	C:\Program Files\Java\jdk-21\bin\sunmscapi.dll
0x00007fff08b80000 - 0x00007fff08ce2000 	C:\Windows\System32\CRYPT32.dll
0x00007fff07eb0000 - 0x00007fff07ed8000 	C:\Windows\SYSTEM32\ncrypt.dll
0x00007fff07e70000 - 0x00007fff07ea7000 	C:\Windows\SYSTEM32\NTASN1.dll
0x00007ffef81e0000 - 0x00007ffef81e8000 	C:\Windows\system32\wshunix.dll

dbghelp: loaded successfully - version: 4.0.5 - missing functions: none
symbol engine: initialized successfully - sym options: 0x614 - pdb path: .;C:\Program Files\Java\jdk-21\bin;C:\Windows\SYSTEM32;C:\Windows\WinSxS\amd64_microsoft.windows.common-controls_6595b64144ccf1df_6.0.22000.120_none_9d947278b86cc467;C:\Program Files\Java\jdk-21\bin\server;C:\Users\IBM\.gradle\native\c067742578af261105cb4f569cf0c3c89f3d7b1fecec35dd04571415982c5e48\windows-amd64;C:\Users\IBM\.gradle\native\100fb08df4bc3b14c8652ba06237920a3bd2aa13389f12d3474272988ae205f9\windows-amd64

VM Arguments:
jvm_args: --add-opens=java.base/java.lang=ALL-UNNAMED --add-opens=java.base/java.lang.invoke=ALL-UNNAMED --add-opens=java.base/java.util=ALL-UNNAMED --add-opens=java.prefs/java.util.prefs=ALL-UNNAMED --add-exports=jdk.compiler/com.sun.tools.javac.api=ALL-UNNAMED --add-exports=jdk.compiler/com.sun.tools.javac.util=ALL-UNNAMED --add-opens=java.base/java.util=ALL-UNNAMED --add-opens=java.prefs/java.util.prefs=ALL-UNNAMED --add-opens=java.base/java.nio.charset=ALL-UNNAMED --add-opens=java.base/java.net=ALL-UNNAMED --add-opens=java.base/java.util.concurrent.atomic=ALL-UNNAMED --add-opens=java.xml/javax.xml.namespace=ALL-UNNAMED -XX:MaxMetaspaceSize=384m -XX:+HeapDumpOnOutOfMemoryError -Xms256m -Xmx512m -Dfile.encoding=UTF-8 -Duser.country=US -Duser.language=en -Duser.variant -javaagent:C:\Users\IBM\.gradle\wrapper\dists\gradle-8.11.1-bin\bpt9gzteqjrbo1mjrsomdt32c\gradle-8.11.1\lib\agents\gradle-instrumentation-agent-8.11.1.jar 
java_command: org.gradle.launcher.daemon.bootstrap.GradleDaemon 8.11.1
java_class_path (initial): C:\Users\IBM\.gradle\wrapper\dists\gradle-8.11.1-bin\bpt9gzteqjrbo1mjrsomdt32c\gradle-8.11.1\lib\gradle-daemon-main-8.11.1.jar
Launcher Type: SUN_STANDARD

[Global flags]
     intx CICompilerCount                          = 4                                         {product} {ergonomic}
   size_t CompressedClassSpaceSize                 = 335544320                                 {product} {ergonomic}
     uint ConcGCThreads                            = 2                                         {product} {ergonomic}
     uint G1ConcRefinementThreads                  = 8                                         {product} {ergonomic}
   size_t G1HeapRegionSize                         = 1048576                                   {product} {ergonomic}
    uintx GCDrainStackTargetSize                   = 64                                        {product} {ergonomic}
     bool HeapDumpOnOutOfMemoryError               = true                                   {manageable} {command line}
   size_t InitialHeapSize                          = 268435456                                 {product} {command line}
   size_t MarkStackSize                            = 4194304                                   {product} {ergonomic}
   size_t MaxHeapSize                              = 536870912                                 {product} {command line}
   size_t MaxMetaspaceSize                         = 402653184                                 {product} {command line}
   size_t MaxNewSize                               = 321912832                                 {product} {ergonomic}
   size_t MinHeapDeltaBytes                        = 1048576                                   {product} {ergonomic}
   size_t MinHeapSize                              = 268435456                                 {product} {command line}
    uintx NonNMethodCodeHeapSize                   = 5839372                                {pd product} {ergonomic}
    uintx NonProfiledCodeHeapSize                  = 122909434                              {pd product} {ergonomic}
    uintx ProfiledCodeHeapSize                     = 122909434                              {pd product} {ergonomic}
    uintx ReservedCodeCacheSize                    = 251658240                              {pd product} {ergonomic}
     bool SegmentedCodeCache                       = true                                      {product} {ergonomic}
   size_t SoftMaxHeapSize                          = 536870912                              {manageable} {ergonomic}
     bool UseCompressedOops                        = true                           {product lp64_product} {ergonomic}
     bool UseG1GC                                  = true                                      {product} {ergonomic}
     bool UseLargePagesIndividualAllocation        = false                                  {pd product} {ergonomic}

Logging:
Log output configuration:
 #0: stdout all=warning uptime,level,tags foldmultilines=false
 #1: stderr all=off uptime,level,tags foldmultilines=false

Environment Variables:
JAVA_HOME=C:\Program Files\Java\jdk-21
PATH=C:\Program Files\Common Files\Oracle\Java\javapath;C:\Program Files (x86)\Common Files\Oracle\Java\javapath;C:\GAMS\45;C:\GAMS\45\gbin;C:\Users\IBM\AppData\Local\Programs\Python\Python311\Scripts\;C:\Users\IBM\AppData\Local\Programs\Python\Python311\;C:\Windows\system32;C:\Windows;C:\Windows\System32\Wbem;C:\Windows\System32\WindowsPowerShell\v1.0\;C:\Windows\System32\OpenSSH\;C:\MinGW\bin;C:\Program Files\Git\cmd;C:\Program Files\dotnet\;C:\ProgramData\chocolatey\bin;C:\Program Files\nodejs\;C:\sqlite;C:\Program Files\Java\jdk-21\bin;C:\Users\IBM\Documents\flutter\bin;C:\Users\IBM\AppData\Roaming\npm;C:\Users\IBM\esp\ESP8266_RTOS_SDK\export.sh;C:\apache-maven-3.9.9\bin;C:\Program Files\Hugin\bin;C:\Users\IBM\AppData\Local\Programs\Microsoft VS Code\bin;C:\tools\dart-sdk\bin;C:\Users\IBM\AppData\Local\Pub\Cache\bin;C:\Users\IBM\Documents\flutter\bin;C:\Android\Sdk\platform-tools;C:\Espressif\tools\xtensa-lx106-elf\esp-2020r3-49-gd5524c1-8.4.0\xtensa-lx106-elf\bin;C:\Program Files\JetBrains\IntelliJ IDEA 2024.2.1\bin;;C:\Program Files\JetBrains\WebStorm 2024.2.3\bin;
USERNAME=IBM
OS=Windows_NT
PROCESSOR_IDENTIFIER=Intel64 Family 6 Model 140 Stepping 1, GenuineIntel
TMP=C:\Users\IBM\AppData\Local\Temp
TEMP=C:\Users\IBM\AppData\Local\Temp




Periodic native trim disabled

---------------  S Y S T E M  ---------------

OS:
 Windows 11 , 64 bit Build 22000 (10.0.22000.2538)
OS uptime: 2 days 16:21 hours
Hyper-V role detected

CPU: total 8 (initial active 8) (4 cores per cpu, 2 threads per core) family 6 model 140 stepping 1 microcode 0x86, cx8, cmov, fxsr, ht, mmx, 3dnowpref, sse, sse2, sse3, ssse3, sse4.1, sse4.2, popcnt, lzcnt, tsc, tscinvbit, avx, avx2, aes, erms, clmul, bmi1, bmi2, adx, avx512f, avx512dq, avx512cd, avx512bw, avx512vl, sha, fma, vzeroupper, avx512_vpopcntdq, avx512_vpclmulqdq, avx512_vaes, avx512_vnni, clflush, clflushopt, clwb, avx512_vbmi2, avx512_vbmi, hv, rdtscp, rdpid, fsrm, gfni, avx512_bitalg, f16c, cet_ibt, cet_ss, avx512_ifma
Processor Information for all 8 processors :
  Max Mhz: 2419, Current Mhz: 2419, Mhz Limit: 2419

Memory: 4k page, system-wide physical 7894M (316M free)
TotalPageFile size 32470M (AvailPageFile size 6M)
current process WorkingSet (physical memory assigned to process): 247M, peak: 247M
current process commit charge ("private bytes"): 434M, peak: 435M

vm_info: Java HotSpot(TM) 64-Bit Server VM (21.0.1+12-LTS-29) for windows-amd64 JRE (21.0.1+12-LTS-29), built on 2023-10-05T13:27:09Z by "mach5one" with MS VC++ 17.1 (VS2022)

END.
