#
# There is insufficient memory for the Java Runtime Environment to continue.
# Native memory allocation (malloc) failed to allocate 32744 bytes for Chunk::new
# Possible reasons:
#   The system is out of physical RAM or swap space
#   The process is running with CompressedOops enabled, and the Java Heap may be blocking the growth of the native heap
# Possible solutions:
#   Reduce memory load on the system
#   Increase physical memory or swap space
#   Check if swap backing store is full
#   Decrease Java heap size (-Xmx/-Xms)
#   Decrease number of Java threads
#   Decrease Java thread stack sizes (-Xss)
#   Set larger code cache with -XX:ReservedCodeCacheSize=
#   JVM is running with Unscaled Compressed Oops mode in which the Java heap is
#     placed in the first 4GB address space. The Java Heap base address is the
#     maximum limit for the native heap growth. Please use -XX:HeapBaseMinAddress
#     to set the Java Heap base and to place the Java Heap above 4GB virtual address.
# This output file may be truncated or incomplete.
#
#  Out of Memory Error (arena.cpp:168), pid=2752, tid=21492
#
# JRE version: Java(TM) SE Runtime Environment (21.0.1+12) (build 21.0.1+12-LTS-29)
# Java VM: Java HotSpot(TM) 64-Bit Server VM (21.0.1+12-LTS-29, mixed mode, sharing, tiered, compressed oops, compressed class ptrs, g1 gc, windows-amd64)
# No core dump will be written. Minidumps are not enabled by default on client versions of Windows
#

---------------  S U M M A R Y ------------

Command Line: --add-opens=java.base/java.lang=ALL-UNNAMED --add-opens=java.base/java.lang.invoke=ALL-UNNAMED --add-opens=java.base/java.util=ALL-UNNAMED --add-opens=java.prefs/java.util.prefs=ALL-UNNAMED --add-exports=jdk.compiler/com.sun.tools.javac.api=ALL-UNNAMED --add-exports=jdk.compiler/com.sun.tools.javac.util=ALL-UNNAMED --add-opens=java.base/java.util=ALL-UNNAMED --add-opens=java.prefs/java.util.prefs=ALL-UNNAMED --add-opens=java.base/java.nio.charset=ALL-UNNAMED --add-opens=java.base/java.net=ALL-UNNAMED --add-opens=java.base/java.util.concurrent.atomic=ALL-UNNAMED --add-opens=java.xml/javax.xml.namespace=ALL-UNNAMED -XX:MaxMetaspaceSize=384m -XX:+HeapDumpOnOutOfMemoryError -Xms256m -Xmx512m -Dfile.encoding=UTF-8 -Duser.country=US -Duser.language=en -Duser.variant -javaagent:C:\Users\IBM\.gradle\wrapper\dists\gradle-8.11.1-bin\bpt9gzteqjrbo1mjrsomdt32c\gradle-8.11.1\lib\agents\gradle-instrumentation-agent-8.11.1.jar org.gradle.launcher.daemon.bootstrap.GradleDaemon 8.11.1

Host: 11th Gen Intel(R) Core(TM) i5-1135G7 @ 2.40GHz, 8 cores, 7G,  Windows 11 , 64 bit Build 22000 (10.0.22000.2538)
Time: Sat Dec  7 11:40:32 2024 SE Asia Standard Time elapsed time: 5.737656 seconds (0d 0h 0m 5s)

---------------  T H R E A D  ---------------

Current thread (0x0000027cff56e850):  JavaThread "C2 CompilerThread0" daemon [_thread_in_native, id=21492, stack(0x000000ae01100000,0x000000ae01200000) (1024K)]


Current CompileTask:
C2:   5737 3705   !   4       java.net.URLClassLoader::findClass (47 bytes)

Stack: [0x000000ae01100000,0x000000ae01200000]
Native frames: (J=compiled Java code, j=interpreted, Vv=VM code, C=native code)
V  [jvm.dll+0x6c9029]
V  [jvm.dll+0x854b81]
V  [jvm.dll+0x856e5e]
V  [jvm.dll+0x857543]
V  [jvm.dll+0x280c06]
V  [jvm.dll+0xc3ead]
V  [jvm.dll+0xc43c3]
V  [jvm.dll+0xc3fd5]
V  [jvm.dll+0x6a6d9a]
V  [jvm.dll+0x1df452]
V  [jvm.dll+0x6db97a]
V  [jvm.dll+0x6dbbd7]
V  [jvm.dll+0x6daa08]
V  [jvm.dll+0x6d8e8c]
V  [jvm.dll+0x1ccefc]
V  [jvm.dll+0x2f3152]
V  [jvm.dll+0x6e3524]
V  [jvm.dll+0x6db7d6]
V  [jvm.dll+0x6dac6e]
V  [jvm.dll+0x6d8e8c]
V  [jvm.dll+0x1ccefc]
V  [jvm.dll+0x248c3d]
V  [jvm.dll+0x1c9ca1]
V  [jvm.dll+0x2586b9]
V  [jvm.dll+0x256c9a]
V  [jvm.dll+0x3ef1b6]
V  [jvm.dll+0x7fd728]
V  [jvm.dll+0x6c777d]
C  [ucrtbase.dll+0x26c0c]
C  [KERNEL32.DLL+0x153e0]
C  [ntdll.dll+0x485b]


---------------  P R O C E S S  ---------------

Threads class SMR info:
_java_thread_list=0x0000027caac365b0, length=35, elements={
0x0000027cf59705a0, 0x0000027cff560080, 0x0000027cff562c50, 0x0000027cff564ab0,
0x0000027cff5667a0, 0x0000027cff567200, 0x0000027cff567c60, 0x0000027cff56e850,
0x0000027cff579e60, 0x0000027cff757cd0, 0x0000027cff903500, 0x0000027cab7306a0,
0x0000027cab5ed590, 0x0000027cab663c30, 0x0000027cab61b9d0, 0x0000027cab930e20,
0x0000027cab94a930, 0x0000027cab96dbb0, 0x0000027cab9866d0, 0x0000027cab9859b0,
0x0000027cab986d60, 0x0000027cab984c90, 0x0000027cab986040, 0x0000027cab9873f0,
0x0000027cab985320, 0x0000027cab988110, 0x0000027cabc924f0, 0x0000027cabc8e9e0,
0x0000027cabc8f700, 0x0000027cabc8bbf0, 0x0000027cabc8e350, 0x0000027cabc8fd90,
0x0000027cabc8cfa0, 0x0000027cabc8c280, 0x0000027cabc92b80
}

Java Threads: ( => current thread )
  0x0000027cf59705a0 JavaThread "main"                              [_thread_blocked, id=23240, stack(0x000000ae00300000,0x000000ae00400000) (1024K)]
  0x0000027cff560080 JavaThread "Reference Handler"          daemon [_thread_blocked, id=20588, stack(0x000000ae00b00000,0x000000ae00c00000) (1024K)]
  0x0000027cff562c50 JavaThread "Finalizer"                  daemon [_thread_blocked, id=19512, stack(0x000000ae00c00000,0x000000ae00d00000) (1024K)]
  0x0000027cff564ab0 JavaThread "Signal Dispatcher"          daemon [_thread_blocked, id=14364, stack(0x000000ae00d00000,0x000000ae00e00000) (1024K)]
  0x0000027cff5667a0 JavaThread "Attach Listener"            daemon [_thread_blocked, id=8652, stack(0x000000ae00e00000,0x000000ae00f00000) (1024K)]
  0x0000027cff567200 JavaThread "Service Thread"             daemon [_thread_blocked, id=18572, stack(0x000000ae00f00000,0x000000ae01000000) (1024K)]
  0x0000027cff567c60 JavaThread "Monitor Deflation Thread"   daemon [_thread_blocked, id=24976, stack(0x000000ae01000000,0x000000ae01100000) (1024K)]
=>0x0000027cff56e850 JavaThread "C2 CompilerThread0"         daemon [_thread_in_native, id=21492, stack(0x000000ae01100000,0x000000ae01200000) (1024K)]
  0x0000027cff579e60 JavaThread "C1 CompilerThread0"         daemon [_thread_blocked, id=7332, stack(0x000000ae01200000,0x000000ae01300000) (1024K)]
  0x0000027cff757cd0 JavaThread "Common-Cleaner"             daemon [_thread_blocked, id=14224, stack(0x000000ae01300000,0x000000ae01400000) (1024K)]
  0x0000027cff903500 JavaThread "Notification Thread"        daemon [_thread_blocked, id=9408, stack(0x000000ae01400000,0x000000ae01500000) (1024K)]
  0x0000027cab7306a0 JavaThread "Daemon health stats"               [_thread_blocked, id=19928, stack(0x000000ae01a00000,0x000000ae01b00000) (1024K)]
  0x0000027cab5ed590 JavaThread "Incoming local TCP Connector on port 57530"        [_thread_in_native, id=12352, stack(0x000000ae01b00000,0x000000ae01c00000) (1024K)]
  0x0000027cab663c30 JavaThread "Daemon periodic checks"            [_thread_blocked, id=3084, stack(0x000000ae01c00000,0x000000ae01d00000) (1024K)]
  0x0000027cab61b9d0 JavaThread "Daemon"                            [_thread_blocked, id=16356, stack(0x000000ae01d00000,0x000000ae01e00000) (1024K)]
  0x0000027cab930e20 JavaThread "Handler for socket connection from /127.0.0.1:57530 to /127.0.0.1:57532"        [_thread_in_native, id=25344, stack(0x000000ae01e00000,0x000000ae01f00000) (1024K)]
  0x0000027cab94a930 JavaThread "Cancel handler"                    [_thread_blocked, id=22992, stack(0x000000ae01f00000,0x000000ae02000000) (1024K)]
  0x0000027cab96dbb0 JavaThread "Daemon worker"                     [_thread_in_Java, id=9700, stack(0x000000ae02000000,0x000000ae02100000) (1024K)]
  0x0000027cab9866d0 JavaThread "Asynchronous log dispatcher for DefaultDaemonConnection: socket connection from /127.0.0.1:57530 to /127.0.0.1:57532"        [_thread_blocked, id=20884, stack(0x000000ae02100000,0x000000ae02200000) (1024K)]
  0x0000027cab9859b0 JavaThread "Stdin handler"                     [_thread_blocked, id=26292, stack(0x000000ae02200000,0x000000ae02300000) (1024K)]
  0x0000027cab986d60 JavaThread "Daemon client event forwarder"        [_thread_blocked, id=15824, stack(0x000000ae02300000,0x000000ae02400000) (1024K)]
  0x0000027cab984c90 JavaThread "Cache worker for journal cache (C:\Users\IBM\.gradle\caches\journal-1)"        [_thread_blocked, id=26144, stack(0x000000ae02400000,0x000000ae02500000) (1024K)]
  0x0000027cab986040 JavaThread "File lock request listener"        [_thread_in_native, id=9668, stack(0x000000ae02500000,0x000000ae02600000) (1024K)]
  0x0000027cab9873f0 JavaThread "Cache worker for file hash cache (C:\Users\IBM\.gradle\caches\8.11.1\fileHashes)"        [_thread_blocked, id=13956, stack(0x000000ae02600000,0x000000ae02700000) (1024K)]
  0x0000027cab985320 JavaThread "File lock release action executor"        [_thread_blocked, id=7392, stack(0x000000ae02700000,0x000000ae02800000) (1024K)]
  0x0000027cab988110 JavaThread "Cache worker for file content cache (C:\Users\IBM\.gradle\caches\8.11.1\fileContent)"        [_thread_blocked, id=26360, stack(0x000000ae02800000,0x000000ae02900000) (1024K)]
  0x0000027cabc924f0 JavaThread "Cache worker for file hash cache (D:\Java\BE-SMSK\.gradle\8.11.1\fileHashes)"        [_thread_blocked, id=12676, stack(0x000000ae02c00000,0x000000ae02d00000) (1024K)]
  0x0000027cabc8e9e0 JavaThread "Cache worker for Build Output Cleanup Cache (D:\Java\BE-SMSK\.gradle\buildOutputCleanup)"        [_thread_blocked, id=12260, stack(0x000000ae02d00000,0x000000ae02e00000) (1024K)]
  0x0000027cabc8f700 JavaThread "File watcher server"        daemon [_thread_in_native, id=17400, stack(0x000000ae02e00000,0x000000ae02f00000) (1024K)]
  0x0000027cabc8bbf0 JavaThread "File watcher consumer"      daemon [_thread_blocked, id=2736, stack(0x000000ae02f00000,0x000000ae03000000) (1024K)]
  0x0000027cabc8e350 JavaThread "Cache worker for checksums cache (D:\Java\BE-SMSK\.gradle\8.11.1\checksums)"        [_thread_blocked, id=23116, stack(0x000000ae03000000,0x000000ae03100000) (1024K)]
  0x0000027cabc8fd90 JavaThread "Cache worker for cache directory md-rule (C:\Users\IBM\.gradle\caches\8.11.1\md-rule)"        [_thread_blocked, id=22236, stack(0x000000ae03100000,0x000000ae03200000) (1024K)]
  0x0000027cabc8cfa0 JavaThread "Cache worker for cache directory md-supplier (C:\Users\IBM\.gradle\caches\8.11.1\md-supplier)"        [_thread_blocked, id=22124, stack(0x000000ae03200000,0x000000ae03300000) (1024K)]
  0x0000027cabc8c280 JavaThread "jar transforms"                    [_thread_blocked, id=26540, stack(0x000000ae03300000,0x000000ae03400000) (1024K)]
  0x0000027cabc92b80 JavaThread "jar transforms Thread 2"           [_thread_blocked, id=24868, stack(0x000000ae03400000,0x000000ae03500000) (1024K)]
Total: 35

Other Threads:
  0x0000027cff53b950 VMThread "VM Thread"                           [id=24144, stack(0x000000ae00a00000,0x000000ae00b00000) (1024K)]
  0x0000027cff5274d0 WatcherThread "VM Periodic Task Thread"        [id=5104, stack(0x000000ae00900000,0x000000ae00a00000) (1024K)]
  0x0000027cf599ac60 WorkerThread "GC Thread#0"                     [id=24084, stack(0x000000ae00400000,0x000000ae00500000) (1024K)]
  0x0000027caa002090 WorkerThread "GC Thread#1"                     [id=26120, stack(0x000000ae01500000,0x000000ae01600000) (1024K)]
  0x0000027caa28e380 WorkerThread "GC Thread#2"                     [id=24476, stack(0x000000ae01600000,0x000000ae01700000) (1024K)]
  0x0000027caa28e720 WorkerThread "GC Thread#3"                     [id=13184, stack(0x000000ae01700000,0x000000ae01800000) (1024K)]
  0x0000027caa17aa20 WorkerThread "GC Thread#4"                     [id=26236, stack(0x000000ae01800000,0x000000ae01900000) (1024K)]
  0x0000027caa17adc0 WorkerThread "GC Thread#5"                     [id=25728, stack(0x000000ae01900000,0x000000ae01a00000) (1024K)]
  0x0000027cac554db0 WorkerThread "GC Thread#6"                     [id=18168, stack(0x000000ae02900000,0x000000ae02a00000) (1024K)]
  0x0000027cac5537f0 WorkerThread "GC Thread#7"                     [id=14404, stack(0x000000ae02a00000,0x000000ae02b00000) (1024K)]
  0x0000027cf59a0d10 ConcurrentGCThread "G1 Main Marker"            [id=24204, stack(0x000000ae00500000,0x000000ae00600000) (1024K)]
  0x0000027cf59a1f30 WorkerThread "G1 Conc#0"                       [id=8796, stack(0x000000ae00600000,0x000000ae00700000) (1024K)]
  0x0000027cac5542d0 WorkerThread "G1 Conc#1"                       [id=13352, stack(0x000000ae02b00000,0x000000ae02c00000) (1024K)]
  0x0000027cff3f9580 ConcurrentGCThread "G1 Refine#0"               [id=13040, stack(0x000000ae00700000,0x000000ae00800000) (1024K)]
  0x0000027cff3f9da0 ConcurrentGCThread "G1 Service"                [id=11880, stack(0x000000ae00800000,0x000000ae00900000) (1024K)]
Total: 15

Threads with active compile tasks:
C2 CompilerThread0     5753 3705   !   4       java.net.URLClassLoader::findClass (47 bytes)
Total: 1

VM state: not at safepoint (normal execution)

VM Mutex/Monitor currently owned by a thread: None

Heap address: 0x00000000e0000000, size: 512 MB, Compressed Oops mode: 32-bit

CDS archive(s) mapped at: [0x0000027c91000000-0x0000027c91c90000-0x0000027c91c90000), size 13172736, SharedBaseAddress: 0x0000027c91000000, ArchiveRelocationMode: 1.
Compressed class space mapped at: 0x0000027c92000000-0x0000027ca6000000, reserved size: 335544320
Narrow klass base: 0x0000027c91000000, Narrow klass shift: 0, Narrow klass range: 0x100000000

GC Precious Log:
 CardTable entry size: 512
 Card Set container configuration: InlinePtr #cards 5 size 8 Array Of Cards #cards 12 size 40 Howl #buckets 4 coarsen threshold 1843 Howl Bitmap #cards 512 size 80 coarsen threshold 460 Card regions per heap region 1 cards per card region 2048
 CPUs: 8 total, 8 available
 Memory: 7894M
 Large Page Support: Disabled
 NUMA Support: Disabled
 Compressed Oops: Enabled (32-bit)
 Heap Region Size: 1M
 Heap Min Capacity: 256M
 Heap Initial Capacity: 256M
 Heap Max Capacity: 512M
 Pre-touch: Disabled
 Parallel Workers: 8
 Concurrent Workers: 2
 Concurrent Refinement Workers: 8
 Periodic GC: Disabled

Heap:
 garbage-first heap   total 262144K, used 101481K [0x00000000e0000000, 0x0000000100000000)
  region size 1024K, 88 young (90112K), 12 survivors (12288K)
 Metaspace       used 30678K, committed 31936K, reserved 393216K
  class space    used 4668K, committed 5312K, reserved 327680K

Heap Regions: E=young(eden), S=young(survivor), O=old, HS=humongous(starts), HC=humongous(continues), CS=collection set, F=free, TAMS=top-at-mark-start, PB=parsable bottom
|   0|0x00000000e0000000, 0x00000000e0100000, 0x00000000e0100000|100%| O|Cm|TAMS 0x00000000e0000000| PB 0x00000000e0000000| Complete 
|   1|0x00000000e0100000, 0x00000000e0200000, 0x00000000e0200000|100%|HS|  |TAMS 0x00000000e0100000| PB 0x00000000e0100000| Complete 
|   2|0x00000000e0200000, 0x00000000e0300000, 0x00000000e0300000|100%|HC|  |TAMS 0x00000000e0200000| PB 0x00000000e0200000| Complete 
|   3|0x00000000e0300000, 0x00000000e0400000, 0x00000000e0400000|100%|HC|  |TAMS 0x00000000e0300000| PB 0x00000000e0300000| Complete 
|   4|0x00000000e0400000, 0x00000000e0500000, 0x00000000e0500000|100%| O|  |TAMS 0x00000000e0400000| PB 0x00000000e0400000| Untracked 
|   5|0x00000000e0500000, 0x00000000e0600000, 0x00000000e0600000|100%| O|  |TAMS 0x00000000e0500000| PB 0x00000000e0500000| Untracked 
|   6|0x00000000e0600000, 0x00000000e0700000, 0x00000000e0700000|100%| O|  |TAMS 0x00000000e0600000| PB 0x00000000e0600000| Untracked 
|   7|0x00000000e0700000, 0x00000000e0800000, 0x00000000e0800000|100%|HS|  |TAMS 0x00000000e0700000| PB 0x00000000e0700000| Complete 
|   8|0x00000000e0800000, 0x00000000e0800000, 0x00000000e0900000|  0%| F|  |TAMS 0x00000000e0800000| PB 0x00000000e0800000| Untracked 
|   9|0x00000000e0900000, 0x00000000e0a00000, 0x00000000e0a00000|100%| O|  |TAMS 0x00000000e0900000| PB 0x00000000e0900000| Untracked 
|  10|0x00000000e0a00000, 0x00000000e0b00000, 0x00000000e0b00000|100%| O|  |TAMS 0x00000000e0a00000| PB 0x00000000e0a00000| Untracked 
|  11|0x00000000e0b00000, 0x00000000e0c00000, 0x00000000e0c00000|100%| O|  |TAMS 0x00000000e0b00000| PB 0x00000000e0b00000| Untracked 
|  12|0x00000000e0c00000, 0x00000000e0d00000, 0x00000000e0d00000|100%| O|  |TAMS 0x00000000e0c00000| PB 0x00000000e0c00000| Untracked 
|  13|0x00000000e0d00000, 0x00000000e0d1a640, 0x00000000e0e00000| 10%| O|  |TAMS 0x00000000e0d00000| PB 0x00000000e0d00000| Untracked 
|  14|0x00000000e0e00000, 0x00000000e0e00000, 0x00000000e0f00000|  0%| F|  |TAMS 0x00000000e0e00000| PB 0x00000000e0e00000| Untracked 
|  15|0x00000000e0f00000, 0x00000000e0f00000, 0x00000000e1000000|  0%| F|  |TAMS 0x00000000e0f00000| PB 0x00000000e0f00000| Untracked 
|  16|0x00000000e1000000, 0x00000000e1000000, 0x00000000e1100000|  0%| F|  |TAMS 0x00000000e1000000| PB 0x00000000e1000000| Untracked 
|  17|0x00000000e1100000, 0x00000000e1100000, 0x00000000e1200000|  0%| F|  |TAMS 0x00000000e1100000| PB 0x00000000e1100000| Untracked 
|  18|0x00000000e1200000, 0x00000000e1200000, 0x00000000e1300000|  0%| F|  |TAMS 0x00000000e1200000| PB 0x00000000e1200000| Untracked 
|  19|0x00000000e1300000, 0x00000000e1300000, 0x00000000e1400000|  0%| F|  |TAMS 0x00000000e1300000| PB 0x00000000e1300000| Untracked 
|  20|0x00000000e1400000, 0x00000000e1400000, 0x00000000e1500000|  0%| F|  |TAMS 0x00000000e1400000| PB 0x00000000e1400000| Untracked 
|  21|0x00000000e1500000, 0x00000000e1500000, 0x00000000e1600000|  0%| F|  |TAMS 0x00000000e1500000| PB 0x00000000e1500000| Untracked 
|  22|0x00000000e1600000, 0x00000000e1600000, 0x00000000e1700000|  0%| F|  |TAMS 0x00000000e1600000| PB 0x00000000e1600000| Untracked 
|  23|0x00000000e1700000, 0x00000000e1700000, 0x00000000e1800000|  0%| F|  |TAMS 0x00000000e1700000| PB 0x00000000e1700000| Untracked 
|  24|0x00000000e1800000, 0x00000000e1800000, 0x00000000e1900000|  0%| F|  |TAMS 0x00000000e1800000| PB 0x00000000e1800000| Untracked 
|  25|0x00000000e1900000, 0x00000000e1900000, 0x00000000e1a00000|  0%| F|  |TAMS 0x00000000e1900000| PB 0x00000000e1900000| Untracked 
|  26|0x00000000e1a00000, 0x00000000e1a00000, 0x00000000e1b00000|  0%| F|  |TAMS 0x00000000e1a00000| PB 0x00000000e1a00000| Untracked 
|  27|0x00000000e1b00000, 0x00000000e1b00000, 0x00000000e1c00000|  0%| F|  |TAMS 0x00000000e1b00000| PB 0x00000000e1b00000| Untracked 
|  28|0x00000000e1c00000, 0x00000000e1c00000, 0x00000000e1d00000|  0%| F|  |TAMS 0x00000000e1c00000| PB 0x00000000e1c00000| Untracked 
|  29|0x00000000e1d00000, 0x00000000e1d00000, 0x00000000e1e00000|  0%| F|  |TAMS 0x00000000e1d00000| PB 0x00000000e1d00000| Untracked 
|  30|0x00000000e1e00000, 0x00000000e1e00000, 0x00000000e1f00000|  0%| F|  |TAMS 0x00000000e1e00000| PB 0x00000000e1e00000| Untracked 
|  31|0x00000000e1f00000, 0x00000000e1f00000, 0x00000000e2000000|  0%| F|  |TAMS 0x00000000e1f00000| PB 0x00000000e1f00000| Untracked 
|  32|0x00000000e2000000, 0x00000000e2000000, 0x00000000e2100000|  0%| F|  |TAMS 0x00000000e2000000| PB 0x00000000e2000000| Untracked 
|  33|0x00000000e2100000, 0x00000000e2100000, 0x00000000e2200000|  0%| F|  |TAMS 0x00000000e2100000| PB 0x00000000e2100000| Untracked 
|  34|0x00000000e2200000, 0x00000000e2200000, 0x00000000e2300000|  0%| F|  |TAMS 0x00000000e2200000| PB 0x00000000e2200000| Untracked 
|  35|0x00000000e2300000, 0x00000000e2300000, 0x00000000e2400000|  0%| F|  |TAMS 0x00000000e2300000| PB 0x00000000e2300000| Untracked 
|  36|0x00000000e2400000, 0x00000000e2400000, 0x00000000e2500000|  0%| F|  |TAMS 0x00000000e2400000| PB 0x00000000e2400000| Untracked 
|  37|0x00000000e2500000, 0x00000000e2500000, 0x00000000e2600000|  0%| F|  |TAMS 0x00000000e2500000| PB 0x00000000e2500000| Untracked 
|  38|0x00000000e2600000, 0x00000000e2600000, 0x00000000e2700000|  0%| F|  |TAMS 0x00000000e2600000| PB 0x00000000e2600000| Untracked 
|  39|0x00000000e2700000, 0x00000000e2700000, 0x00000000e2800000|  0%| F|  |TAMS 0x00000000e2700000| PB 0x00000000e2700000| Untracked 
|  40|0x00000000e2800000, 0x00000000e2800000, 0x00000000e2900000|  0%| F|  |TAMS 0x00000000e2800000| PB 0x00000000e2800000| Untracked 
|  41|0x00000000e2900000, 0x00000000e2900000, 0x00000000e2a00000|  0%| F|  |TAMS 0x00000000e2900000| PB 0x00000000e2900000| Untracked 
|  42|0x00000000e2a00000, 0x00000000e2a00000, 0x00000000e2b00000|  0%| F|  |TAMS 0x00000000e2a00000| PB 0x00000000e2a00000| Untracked 
|  43|0x00000000e2b00000, 0x00000000e2b00000, 0x00000000e2c00000|  0%| F|  |TAMS 0x00000000e2b00000| PB 0x00000000e2b00000| Untracked 
|  44|0x00000000e2c00000, 0x00000000e2c00000, 0x00000000e2d00000|  0%| F|  |TAMS 0x00000000e2c00000| PB 0x00000000e2c00000| Untracked 
|  45|0x00000000e2d00000, 0x00000000e2d00000, 0x00000000e2e00000|  0%| F|  |TAMS 0x00000000e2d00000| PB 0x00000000e2d00000| Untracked 
|  46|0x00000000e2e00000, 0x00000000e2e00000, 0x00000000e2f00000|  0%| F|  |TAMS 0x00000000e2e00000| PB 0x00000000e2e00000| Untracked 
|  47|0x00000000e2f00000, 0x00000000e2f00000, 0x00000000e3000000|  0%| F|  |TAMS 0x00000000e2f00000| PB 0x00000000e2f00000| Untracked 
|  48|0x00000000e3000000, 0x00000000e3000000, 0x00000000e3100000|  0%| F|  |TAMS 0x00000000e3000000| PB 0x00000000e3000000| Untracked 
|  49|0x00000000e3100000, 0x00000000e3100000, 0x00000000e3200000|  0%| F|  |TAMS 0x00000000e3100000| PB 0x00000000e3100000| Untracked 
|  50|0x00000000e3200000, 0x00000000e3200000, 0x00000000e3300000|  0%| F|  |TAMS 0x00000000e3200000| PB 0x00000000e3200000| Untracked 
|  51|0x00000000e3300000, 0x00000000e3300000, 0x00000000e3400000|  0%| F|  |TAMS 0x00000000e3300000| PB 0x00000000e3300000| Untracked 
|  52|0x00000000e3400000, 0x00000000e3400000, 0x00000000e3500000|  0%| F|  |TAMS 0x00000000e3400000| PB 0x00000000e3400000| Untracked 
|  53|0x00000000e3500000, 0x00000000e3500000, 0x00000000e3600000|  0%| F|  |TAMS 0x00000000e3500000| PB 0x00000000e3500000| Untracked 
|  54|0x00000000e3600000, 0x00000000e3600000, 0x00000000e3700000|  0%| F|  |TAMS 0x00000000e3600000| PB 0x00000000e3600000| Untracked 
|  55|0x00000000e3700000, 0x00000000e3700000, 0x00000000e3800000|  0%| F|  |TAMS 0x00000000e3700000| PB 0x00000000e3700000| Untracked 
|  56|0x00000000e3800000, 0x00000000e3800000, 0x00000000e3900000|  0%| F|  |TAMS 0x00000000e3800000| PB 0x00000000e3800000| Untracked 
|  57|0x00000000e3900000, 0x00000000e3900000, 0x00000000e3a00000|  0%| F|  |TAMS 0x00000000e3900000| PB 0x00000000e3900000| Untracked 
|  58|0x00000000e3a00000, 0x00000000e3a00000, 0x00000000e3b00000|  0%| F|  |TAMS 0x00000000e3a00000| PB 0x00000000e3a00000| Untracked 
|  59|0x00000000e3b00000, 0x00000000e3b00000, 0x00000000e3c00000|  0%| F|  |TAMS 0x00000000e3b00000| PB 0x00000000e3b00000| Untracked 
|  60|0x00000000e3c00000, 0x00000000e3c00000, 0x00000000e3d00000|  0%| F|  |TAMS 0x00000000e3c00000| PB 0x00000000e3c00000| Untracked 
|  61|0x00000000e3d00000, 0x00000000e3d00000, 0x00000000e3e00000|  0%| F|  |TAMS 0x00000000e3d00000| PB 0x00000000e3d00000| Untracked 
|  62|0x00000000e3e00000, 0x00000000e3e00000, 0x00000000e3f00000|  0%| F|  |TAMS 0x00000000e3e00000| PB 0x00000000e3e00000| Untracked 
|  63|0x00000000e3f00000, 0x00000000e3f00000, 0x00000000e4000000|  0%| F|  |TAMS 0x00000000e3f00000| PB 0x00000000e3f00000| Untracked 
|  64|0x00000000e4000000, 0x00000000e4000000, 0x00000000e4100000|  0%| F|  |TAMS 0x00000000e4000000| PB 0x00000000e4000000| Untracked 
|  65|0x00000000e4100000, 0x00000000e4100000, 0x00000000e4200000|  0%| F|  |TAMS 0x00000000e4100000| PB 0x00000000e4100000| Untracked 
|  66|0x00000000e4200000, 0x00000000e4200000, 0x00000000e4300000|  0%| F|  |TAMS 0x00000000e4200000| PB 0x00000000e4200000| Untracked 
|  67|0x00000000e4300000, 0x00000000e4300000, 0x00000000e4400000|  0%| F|  |TAMS 0x00000000e4300000| PB 0x00000000e4300000| Untracked 
|  68|0x00000000e4400000, 0x00000000e4400000, 0x00000000e4500000|  0%| F|  |TAMS 0x00000000e4400000| PB 0x00000000e4400000| Untracked 
|  69|0x00000000e4500000, 0x00000000e4500000, 0x00000000e4600000|  0%| F|  |TAMS 0x00000000e4500000| PB 0x00000000e4500000| Untracked 
|  70|0x00000000e4600000, 0x00000000e4600000, 0x00000000e4700000|  0%| F|  |TAMS 0x00000000e4600000| PB 0x00000000e4600000| Untracked 
|  71|0x00000000e4700000, 0x00000000e4700000, 0x00000000e4800000|  0%| F|  |TAMS 0x00000000e4700000| PB 0x00000000e4700000| Untracked 
|  72|0x00000000e4800000, 0x00000000e4800000, 0x00000000e4900000|  0%| F|  |TAMS 0x00000000e4800000| PB 0x00000000e4800000| Untracked 
|  73|0x00000000e4900000, 0x00000000e4900000, 0x00000000e4a00000|  0%| F|  |TAMS 0x00000000e4900000| PB 0x00000000e4900000| Untracked 
|  74|0x00000000e4a00000, 0x00000000e4a00000, 0x00000000e4b00000|  0%| F|  |TAMS 0x00000000e4a00000| PB 0x00000000e4a00000| Untracked 
|  75|0x00000000e4b00000, 0x00000000e4b00000, 0x00000000e4c00000|  0%| F|  |TAMS 0x00000000e4b00000| PB 0x00000000e4b00000| Untracked 
|  76|0x00000000e4c00000, 0x00000000e4c00000, 0x00000000e4d00000|  0%| F|  |TAMS 0x00000000e4c00000| PB 0x00000000e4c00000| Untracked 
|  77|0x00000000e4d00000, 0x00000000e4d00000, 0x00000000e4e00000|  0%| F|  |TAMS 0x00000000e4d00000| PB 0x00000000e4d00000| Untracked 
|  78|0x00000000e4e00000, 0x00000000e4e00000, 0x00000000e4f00000|  0%| F|  |TAMS 0x00000000e4e00000| PB 0x00000000e4e00000| Untracked 
|  79|0x00000000e4f00000, 0x00000000e4f00000, 0x00000000e5000000|  0%| F|  |TAMS 0x00000000e4f00000| PB 0x00000000e4f00000| Untracked 
|  80|0x00000000e5000000, 0x00000000e5000000, 0x00000000e5100000|  0%| F|  |TAMS 0x00000000e5000000| PB 0x00000000e5000000| Untracked 
|  81|0x00000000e5100000, 0x00000000e5100000, 0x00000000e5200000|  0%| F|  |TAMS 0x00000000e5100000| PB 0x00000000e5100000| Untracked 
|  82|0x00000000e5200000, 0x00000000e5200000, 0x00000000e5300000|  0%| F|  |TAMS 0x00000000e5200000| PB 0x00000000e5200000| Untracked 
|  83|0x00000000e5300000, 0x00000000e5300000, 0x00000000e5400000|  0%| F|  |TAMS 0x00000000e5300000| PB 0x00000000e5300000| Untracked 
|  84|0x00000000e5400000, 0x00000000e5400000, 0x00000000e5500000|  0%| F|  |TAMS 0x00000000e5400000| PB 0x00000000e5400000| Untracked 
|  85|0x00000000e5500000, 0x00000000e5500000, 0x00000000e5600000|  0%| F|  |TAMS 0x00000000e5500000| PB 0x00000000e5500000| Untracked 
|  86|0x00000000e5600000, 0x00000000e5600000, 0x00000000e5700000|  0%| F|  |TAMS 0x00000000e5600000| PB 0x00000000e5600000| Untracked 
|  87|0x00000000e5700000, 0x00000000e5700000, 0x00000000e5800000|  0%| F|  |TAMS 0x00000000e5700000| PB 0x00000000e5700000| Untracked 
|  88|0x00000000e5800000, 0x00000000e5800000, 0x00000000e5900000|  0%| F|  |TAMS 0x00000000e5800000| PB 0x00000000e5800000| Untracked 
|  89|0x00000000e5900000, 0x00000000e5900000, 0x00000000e5a00000|  0%| F|  |TAMS 0x00000000e5900000| PB 0x00000000e5900000| Untracked 
|  90|0x00000000e5a00000, 0x00000000e5a00000, 0x00000000e5b00000|  0%| F|  |TAMS 0x00000000e5a00000| PB 0x00000000e5a00000| Untracked 
|  91|0x00000000e5b00000, 0x00000000e5b00000, 0x00000000e5c00000|  0%| F|  |TAMS 0x00000000e5b00000| PB 0x00000000e5b00000| Untracked 
|  92|0x00000000e5c00000, 0x00000000e5c00000, 0x00000000e5d00000|  0%| F|  |TAMS 0x00000000e5c00000| PB 0x00000000e5c00000| Untracked 
|  93|0x00000000e5d00000, 0x00000000e5d00000, 0x00000000e5e00000|  0%| F|  |TAMS 0x00000000e5d00000| PB 0x00000000e5d00000| Untracked 
|  94|0x00000000e5e00000, 0x00000000e5e00000, 0x00000000e5f00000|  0%| F|  |TAMS 0x00000000e5e00000| PB 0x00000000e5e00000| Untracked 
|  95|0x00000000e5f00000, 0x00000000e5f00000, 0x00000000e6000000|  0%| F|  |TAMS 0x00000000e5f00000| PB 0x00000000e5f00000| Untracked 
|  96|0x00000000e6000000, 0x00000000e6000000, 0x00000000e6100000|  0%| F|  |TAMS 0x00000000e6000000| PB 0x00000000e6000000| Untracked 
|  97|0x00000000e6100000, 0x00000000e6100000, 0x00000000e6200000|  0%| F|  |TAMS 0x00000000e6100000| PB 0x00000000e6100000| Untracked 
|  98|0x00000000e6200000, 0x00000000e6200000, 0x00000000e6300000|  0%| F|  |TAMS 0x00000000e6200000| PB 0x00000000e6200000| Untracked 
|  99|0x00000000e6300000, 0x00000000e6300000, 0x00000000e6400000|  0%| F|  |TAMS 0x00000000e6300000| PB 0x00000000e6300000| Untracked 
| 100|0x00000000e6400000, 0x00000000e6400000, 0x00000000e6500000|  0%| F|  |TAMS 0x00000000e6400000| PB 0x00000000e6400000| Untracked 
| 101|0x00000000e6500000, 0x00000000e6500000, 0x00000000e6600000|  0%| F|  |TAMS 0x00000000e6500000| PB 0x00000000e6500000| Untracked 
| 102|0x00000000e6600000, 0x00000000e6600000, 0x00000000e6700000|  0%| F|  |TAMS 0x00000000e6600000| PB 0x00000000e6600000| Untracked 
| 103|0x00000000e6700000, 0x00000000e6700000, 0x00000000e6800000|  0%| F|  |TAMS 0x00000000e6700000| PB 0x00000000e6700000| Untracked 
| 104|0x00000000e6800000, 0x00000000e6800000, 0x00000000e6900000|  0%| F|  |TAMS 0x00000000e6800000| PB 0x00000000e6800000| Untracked 
| 105|0x00000000e6900000, 0x00000000e6900000, 0x00000000e6a00000|  0%| F|  |TAMS 0x00000000e6900000| PB 0x00000000e6900000| Untracked 
| 106|0x00000000e6a00000, 0x00000000e6a00000, 0x00000000e6b00000|  0%| F|  |TAMS 0x00000000e6a00000| PB 0x00000000e6a00000| Untracked 
| 107|0x00000000e6b00000, 0x00000000e6b00000, 0x00000000e6c00000|  0%| F|  |TAMS 0x00000000e6b00000| PB 0x00000000e6b00000| Untracked 
| 108|0x00000000e6c00000, 0x00000000e6c00000, 0x00000000e6d00000|  0%| F|  |TAMS 0x00000000e6c00000| PB 0x00000000e6c00000| Untracked 
| 109|0x00000000e6d00000, 0x00000000e6d00000, 0x00000000e6e00000|  0%| F|  |TAMS 0x00000000e6d00000| PB 0x00000000e6d00000| Untracked 
| 110|0x00000000e6e00000, 0x00000000e6e00000, 0x00000000e6f00000|  0%| F|  |TAMS 0x00000000e6e00000| PB 0x00000000e6e00000| Untracked 
| 111|0x00000000e6f00000, 0x00000000e6f00000, 0x00000000e7000000|  0%| F|  |TAMS 0x00000000e6f00000| PB 0x00000000e6f00000| Untracked 
| 112|0x00000000e7000000, 0x00000000e7000000, 0x00000000e7100000|  0%| F|  |TAMS 0x00000000e7000000| PB 0x00000000e7000000| Untracked 
| 113|0x00000000e7100000, 0x00000000e7100000, 0x00000000e7200000|  0%| F|  |TAMS 0x00000000e7100000| PB 0x00000000e7100000| Untracked 
| 114|0x00000000e7200000, 0x00000000e7200000, 0x00000000e7300000|  0%| F|  |TAMS 0x00000000e7200000| PB 0x00000000e7200000| Untracked 
| 115|0x00000000e7300000, 0x00000000e7300000, 0x00000000e7400000|  0%| F|  |TAMS 0x00000000e7300000| PB 0x00000000e7300000| Untracked 
| 116|0x00000000e7400000, 0x00000000e7400000, 0x00000000e7500000|  0%| F|  |TAMS 0x00000000e7400000| PB 0x00000000e7400000| Untracked 
| 117|0x00000000e7500000, 0x00000000e7500000, 0x00000000e7600000|  0%| F|  |TAMS 0x00000000e7500000| PB 0x00000000e7500000| Untracked 
| 118|0x00000000e7600000, 0x00000000e7600000, 0x00000000e7700000|  0%| F|  |TAMS 0x00000000e7600000| PB 0x00000000e7600000| Untracked 
| 119|0x00000000e7700000, 0x00000000e7700000, 0x00000000e7800000|  0%| F|  |TAMS 0x00000000e7700000| PB 0x00000000e7700000| Untracked 
| 120|0x00000000e7800000, 0x00000000e7800000, 0x00000000e7900000|  0%| F|  |TAMS 0x00000000e7800000| PB 0x00000000e7800000| Untracked 
| 121|0x00000000e7900000, 0x00000000e7900000, 0x00000000e7a00000|  0%| F|  |TAMS 0x00000000e7900000| PB 0x00000000e7900000| Untracked 
| 122|0x00000000e7a00000, 0x00000000e7a00000, 0x00000000e7b00000|  0%| F|  |TAMS 0x00000000e7a00000| PB 0x00000000e7a00000| Untracked 
| 123|0x00000000e7b00000, 0x00000000e7b00000, 0x00000000e7c00000|  0%| F|  |TAMS 0x00000000e7b00000| PB 0x00000000e7b00000| Untracked 
| 124|0x00000000e7c00000, 0x00000000e7c00000, 0x00000000e7d00000|  0%| F|  |TAMS 0x00000000e7c00000| PB 0x00000000e7c00000| Untracked 
| 125|0x00000000e7d00000, 0x00000000e7d00000, 0x00000000e7e00000|  0%| F|  |TAMS 0x00000000e7d00000| PB 0x00000000e7d00000| Untracked 
| 126|0x00000000e7e00000, 0x00000000e7e00000, 0x00000000e7f00000|  0%| F|  |TAMS 0x00000000e7e00000| PB 0x00000000e7e00000| Untracked 
| 127|0x00000000e7f00000, 0x00000000e7f00000, 0x00000000e8000000|  0%| F|  |TAMS 0x00000000e7f00000| PB 0x00000000e7f00000| Untracked 
| 128|0x00000000e8000000, 0x00000000e8000000, 0x00000000e8100000|  0%| F|  |TAMS 0x00000000e8000000| PB 0x00000000e8000000| Untracked 
| 129|0x00000000e8100000, 0x00000000e8100000, 0x00000000e8200000|  0%| F|  |TAMS 0x00000000e8100000| PB 0x00000000e8100000| Untracked 
| 130|0x00000000e8200000, 0x00000000e8200000, 0x00000000e8300000|  0%| F|  |TAMS 0x00000000e8200000| PB 0x00000000e8200000| Untracked 
| 131|0x00000000e8300000, 0x00000000e8300000, 0x00000000e8400000|  0%| F|  |TAMS 0x00000000e8300000| PB 0x00000000e8300000| Untracked 
| 132|0x00000000e8400000, 0x00000000e8400000, 0x00000000e8500000|  0%| F|  |TAMS 0x00000000e8400000| PB 0x00000000e8400000| Untracked 
| 133|0x00000000e8500000, 0x00000000e8500000, 0x00000000e8600000|  0%| F|  |TAMS 0x00000000e8500000| PB 0x00000000e8500000| Untracked 
| 134|0x00000000e8600000, 0x00000000e8600000, 0x00000000e8700000|  0%| F|  |TAMS 0x00000000e8600000| PB 0x00000000e8600000| Untracked 
| 135|0x00000000e8700000, 0x00000000e8700000, 0x00000000e8800000|  0%| F|  |TAMS 0x00000000e8700000| PB 0x00000000e8700000| Untracked 
| 136|0x00000000e8800000, 0x00000000e8800000, 0x00000000e8900000|  0%| F|  |TAMS 0x00000000e8800000| PB 0x00000000e8800000| Untracked 
| 137|0x00000000e8900000, 0x00000000e8900000, 0x00000000e8a00000|  0%| F|  |TAMS 0x00000000e8900000| PB 0x00000000e8900000| Untracked 
| 138|0x00000000e8a00000, 0x00000000e8a00000, 0x00000000e8b00000|  0%| F|  |TAMS 0x00000000e8a00000| PB 0x00000000e8a00000| Untracked 
| 139|0x00000000e8b00000, 0x00000000e8b00000, 0x00000000e8c00000|  0%| F|  |TAMS 0x00000000e8b00000| PB 0x00000000e8b00000| Untracked 
| 140|0x00000000e8c00000, 0x00000000e8c00000, 0x00000000e8d00000|  0%| F|  |TAMS 0x00000000e8c00000| PB 0x00000000e8c00000| Untracked 
| 141|0x00000000e8d00000, 0x00000000e8d00000, 0x00000000e8e00000|  0%| F|  |TAMS 0x00000000e8d00000| PB 0x00000000e8d00000| Untracked 
| 142|0x00000000e8e00000, 0x00000000e8e00000, 0x00000000e8f00000|  0%| F|  |TAMS 0x00000000e8e00000| PB 0x00000000e8e00000| Untracked 
| 143|0x00000000e8f00000, 0x00000000e8f00000, 0x00000000e9000000|  0%| F|  |TAMS 0x00000000e8f00000| PB 0x00000000e8f00000| Untracked 
| 144|0x00000000e9000000, 0x00000000e9000000, 0x00000000e9100000|  0%| F|  |TAMS 0x00000000e9000000| PB 0x00000000e9000000| Untracked 
| 145|0x00000000e9100000, 0x00000000e9100000, 0x00000000e9200000|  0%| F|  |TAMS 0x00000000e9100000| PB 0x00000000e9100000| Untracked 
| 146|0x00000000e9200000, 0x00000000e9200000, 0x00000000e9300000|  0%| F|  |TAMS 0x00000000e9200000| PB 0x00000000e9200000| Untracked 
| 147|0x00000000e9300000, 0x00000000e9300000, 0x00000000e9400000|  0%| F|  |TAMS 0x00000000e9300000| PB 0x00000000e9300000| Untracked 
| 148|0x00000000e9400000, 0x00000000e9400000, 0x00000000e9500000|  0%| F|  |TAMS 0x00000000e9400000| PB 0x00000000e9400000| Untracked 
| 149|0x00000000e9500000, 0x00000000e9500000, 0x00000000e9600000|  0%| F|  |TAMS 0x00000000e9500000| PB 0x00000000e9500000| Untracked 
| 150|0x00000000e9600000, 0x00000000e9600000, 0x00000000e9700000|  0%| F|  |TAMS 0x00000000e9600000| PB 0x00000000e9600000| Untracked 
| 151|0x00000000e9700000, 0x00000000e9700000, 0x00000000e9800000|  0%| F|  |TAMS 0x00000000e9700000| PB 0x00000000e9700000| Untracked 
| 152|0x00000000e9800000, 0x00000000e9900000, 0x00000000e9900000|100%| S|CS|TAMS 0x00000000e9800000| PB 0x00000000e9800000| Complete 
| 153|0x00000000e9900000, 0x00000000e9a00000, 0x00000000e9a00000|100%| S|CS|TAMS 0x00000000e9900000| PB 0x00000000e9900000| Complete 
| 154|0x00000000e9a00000, 0x00000000e9b00000, 0x00000000e9b00000|100%| S|CS|TAMS 0x00000000e9a00000| PB 0x00000000e9a00000| Complete 
| 155|0x00000000e9b00000, 0x00000000e9c00000, 0x00000000e9c00000|100%| S|CS|TAMS 0x00000000e9b00000| PB 0x00000000e9b00000| Complete 
| 156|0x00000000e9c00000, 0x00000000e9d00000, 0x00000000e9d00000|100%| S|CS|TAMS 0x00000000e9c00000| PB 0x00000000e9c00000| Complete 
| 157|0x00000000e9d00000, 0x00000000e9e00000, 0x00000000e9e00000|100%| S|CS|TAMS 0x00000000e9d00000| PB 0x00000000e9d00000| Complete 
| 158|0x00000000e9e00000, 0x00000000e9f00000, 0x00000000e9f00000|100%| S|CS|TAMS 0x00000000e9e00000| PB 0x00000000e9e00000| Complete 
| 159|0x00000000e9f00000, 0x00000000ea000000, 0x00000000ea000000|100%| S|CS|TAMS 0x00000000e9f00000| PB 0x00000000e9f00000| Complete 
| 160|0x00000000ea000000, 0x00000000ea100000, 0x00000000ea100000|100%| S|CS|TAMS 0x00000000ea000000| PB 0x00000000ea000000| Complete 
| 161|0x00000000ea100000, 0x00000000ea200000, 0x00000000ea200000|100%| S|CS|TAMS 0x00000000ea100000| PB 0x00000000ea100000| Complete 
| 162|0x00000000ea200000, 0x00000000ea300000, 0x00000000ea300000|100%| S|CS|TAMS 0x00000000ea200000| PB 0x00000000ea200000| Complete 
| 163|0x00000000ea300000, 0x00000000ea400000, 0x00000000ea400000|100%| S|CS|TAMS 0x00000000ea300000| PB 0x00000000ea300000| Complete 
| 164|0x00000000ea400000, 0x00000000ea400000, 0x00000000ea500000|  0%| F|  |TAMS 0x00000000ea400000| PB 0x00000000ea400000| Untracked 
| 165|0x00000000ea500000, 0x00000000ea500000, 0x00000000ea600000|  0%| F|  |TAMS 0x00000000ea500000| PB 0x00000000ea500000| Untracked 
| 166|0x00000000ea600000, 0x00000000ea600000, 0x00000000ea700000|  0%| F|  |TAMS 0x00000000ea600000| PB 0x00000000ea600000| Untracked 
| 167|0x00000000ea700000, 0x00000000ea700000, 0x00000000ea800000|  0%| F|  |TAMS 0x00000000ea700000| PB 0x00000000ea700000| Untracked 
| 168|0x00000000ea800000, 0x00000000ea800000, 0x00000000ea900000|  0%| F|  |TAMS 0x00000000ea800000| PB 0x00000000ea800000| Untracked 
| 169|0x00000000ea900000, 0x00000000ea900000, 0x00000000eaa00000|  0%| F|  |TAMS 0x00000000ea900000| PB 0x00000000ea900000| Untracked 
| 170|0x00000000eaa00000, 0x00000000eaa00000, 0x00000000eab00000|  0%| F|  |TAMS 0x00000000eaa00000| PB 0x00000000eaa00000| Untracked 
| 171|0x00000000eab00000, 0x00000000eab00000, 0x00000000eac00000|  0%| F|  |TAMS 0x00000000eab00000| PB 0x00000000eab00000| Untracked 
| 172|0x00000000eac00000, 0x00000000eac00000, 0x00000000ead00000|  0%| F|  |TAMS 0x00000000eac00000| PB 0x00000000eac00000| Untracked 
| 173|0x00000000ead00000, 0x00000000ead00000, 0x00000000eae00000|  0%| F|  |TAMS 0x00000000ead00000| PB 0x00000000ead00000| Untracked 
| 174|0x00000000eae00000, 0x00000000eae00000, 0x00000000eaf00000|  0%| F|  |TAMS 0x00000000eae00000| PB 0x00000000eae00000| Untracked 
| 175|0x00000000eaf00000, 0x00000000eaf00000, 0x00000000eb000000|  0%| F|  |TAMS 0x00000000eaf00000| PB 0x00000000eaf00000| Untracked 
| 176|0x00000000eb000000, 0x00000000eb000000, 0x00000000eb100000|  0%| F|  |TAMS 0x00000000eb000000| PB 0x00000000eb000000| Untracked 
| 177|0x00000000eb100000, 0x00000000eb100000, 0x00000000eb200000|  0%| F|  |TAMS 0x00000000eb100000| PB 0x00000000eb100000| Untracked 
| 178|0x00000000eb200000, 0x00000000eb200000, 0x00000000eb300000|  0%| F|  |TAMS 0x00000000eb200000| PB 0x00000000eb200000| Untracked 
| 179|0x00000000eb300000, 0x00000000eb300000, 0x00000000eb400000|  0%| F|  |TAMS 0x00000000eb300000| PB 0x00000000eb300000| Untracked 
| 180|0x00000000eb400000, 0x00000000eb500000, 0x00000000eb500000|100%| E|  |TAMS 0x00000000eb400000| PB 0x00000000eb400000| Complete 
| 181|0x00000000eb500000, 0x00000000eb600000, 0x00000000eb600000|100%| E|CS|TAMS 0x00000000eb500000| PB 0x00000000eb500000| Complete 
| 182|0x00000000eb600000, 0x00000000eb700000, 0x00000000eb700000|100%| E|CS|TAMS 0x00000000eb600000| PB 0x00000000eb600000| Complete 
| 183|0x00000000eb700000, 0x00000000eb800000, 0x00000000eb800000|100%| E|CS|TAMS 0x00000000eb700000| PB 0x00000000eb700000| Complete 
| 184|0x00000000eb800000, 0x00000000eb900000, 0x00000000eb900000|100%| E|CS|TAMS 0x00000000eb800000| PB 0x00000000eb800000| Complete 
| 185|0x00000000eb900000, 0x00000000eba00000, 0x00000000eba00000|100%| E|CS|TAMS 0x00000000eb900000| PB 0x00000000eb900000| Complete 
| 186|0x00000000eba00000, 0x00000000ebb00000, 0x00000000ebb00000|100%| E|CS|TAMS 0x00000000eba00000| PB 0x00000000eba00000| Complete 
| 187|0x00000000ebb00000, 0x00000000ebc00000, 0x00000000ebc00000|100%| E|CS|TAMS 0x00000000ebb00000| PB 0x00000000ebb00000| Complete 
| 188|0x00000000ebc00000, 0x00000000ebd00000, 0x00000000ebd00000|100%| E|CS|TAMS 0x00000000ebc00000| PB 0x00000000ebc00000| Complete 
| 189|0x00000000ebd00000, 0x00000000ebe00000, 0x00000000ebe00000|100%| E|CS|TAMS 0x00000000ebd00000| PB 0x00000000ebd00000| Complete 
| 190|0x00000000ebe00000, 0x00000000ebf00000, 0x00000000ebf00000|100%| E|CS|TAMS 0x00000000ebe00000| PB 0x00000000ebe00000| Complete 
| 191|0x00000000ebf00000, 0x00000000ec000000, 0x00000000ec000000|100%| E|CS|TAMS 0x00000000ebf00000| PB 0x00000000ebf00000| Complete 
| 192|0x00000000ec000000, 0x00000000ec100000, 0x00000000ec100000|100%| E|CS|TAMS 0x00000000ec000000| PB 0x00000000ec000000| Complete 
| 193|0x00000000ec100000, 0x00000000ec200000, 0x00000000ec200000|100%| E|CS|TAMS 0x00000000ec100000| PB 0x00000000ec100000| Complete 
| 194|0x00000000ec200000, 0x00000000ec300000, 0x00000000ec300000|100%| E|CS|TAMS 0x00000000ec200000| PB 0x00000000ec200000| Complete 
| 195|0x00000000ec300000, 0x00000000ec400000, 0x00000000ec400000|100%| E|CS|TAMS 0x00000000ec300000| PB 0x00000000ec300000| Complete 
| 196|0x00000000ec400000, 0x00000000ec500000, 0x00000000ec500000|100%| E|CS|TAMS 0x00000000ec400000| PB 0x00000000ec400000| Complete 
| 197|0x00000000ec500000, 0x00000000ec600000, 0x00000000ec600000|100%| E|CS|TAMS 0x00000000ec500000| PB 0x00000000ec500000| Complete 
| 198|0x00000000ec600000, 0x00000000ec700000, 0x00000000ec700000|100%| E|CS|TAMS 0x00000000ec600000| PB 0x00000000ec600000| Complete 
| 199|0x00000000ec700000, 0x00000000ec800000, 0x00000000ec800000|100%| E|CS|TAMS 0x00000000ec700000| PB 0x00000000ec700000| Complete 
| 200|0x00000000ec800000, 0x00000000ec900000, 0x00000000ec900000|100%| E|CS|TAMS 0x00000000ec800000| PB 0x00000000ec800000| Complete 
| 201|0x00000000ec900000, 0x00000000eca00000, 0x00000000eca00000|100%| E|CS|TAMS 0x00000000ec900000| PB 0x00000000ec900000| Complete 
| 202|0x00000000eca00000, 0x00000000ecb00000, 0x00000000ecb00000|100%| E|CS|TAMS 0x00000000eca00000| PB 0x00000000eca00000| Complete 
| 203|0x00000000ecb00000, 0x00000000ecc00000, 0x00000000ecc00000|100%| E|CS|TAMS 0x00000000ecb00000| PB 0x00000000ecb00000| Complete 
| 204|0x00000000ecc00000, 0x00000000ecd00000, 0x00000000ecd00000|100%| E|CS|TAMS 0x00000000ecc00000| PB 0x00000000ecc00000| Complete 
| 205|0x00000000ecd00000, 0x00000000ece00000, 0x00000000ece00000|100%| E|CS|TAMS 0x00000000ecd00000| PB 0x00000000ecd00000| Complete 
| 206|0x00000000ece00000, 0x00000000ecf00000, 0x00000000ecf00000|100%| E|CS|TAMS 0x00000000ece00000| PB 0x00000000ece00000| Complete 
| 207|0x00000000ecf00000, 0x00000000ed000000, 0x00000000ed000000|100%| E|CS|TAMS 0x00000000ecf00000| PB 0x00000000ecf00000| Complete 
| 208|0x00000000ed000000, 0x00000000ed100000, 0x00000000ed100000|100%| E|CS|TAMS 0x00000000ed000000| PB 0x00000000ed000000| Complete 
| 209|0x00000000ed100000, 0x00000000ed200000, 0x00000000ed200000|100%| E|CS|TAMS 0x00000000ed100000| PB 0x00000000ed100000| Complete 
| 210|0x00000000ed200000, 0x00000000ed300000, 0x00000000ed300000|100%| E|CS|TAMS 0x00000000ed200000| PB 0x00000000ed200000| Complete 
| 211|0x00000000ed300000, 0x00000000ed400000, 0x00000000ed400000|100%| E|CS|TAMS 0x00000000ed300000| PB 0x00000000ed300000| Complete 
| 212|0x00000000ed400000, 0x00000000ed500000, 0x00000000ed500000|100%| E|CS|TAMS 0x00000000ed400000| PB 0x00000000ed400000| Complete 
| 213|0x00000000ed500000, 0x00000000ed600000, 0x00000000ed600000|100%| E|CS|TAMS 0x00000000ed500000| PB 0x00000000ed500000| Complete 
| 214|0x00000000ed600000, 0x00000000ed700000, 0x00000000ed700000|100%| E|CS|TAMS 0x00000000ed600000| PB 0x00000000ed600000| Complete 
| 215|0x00000000ed700000, 0x00000000ed800000, 0x00000000ed800000|100%| E|CS|TAMS 0x00000000ed700000| PB 0x00000000ed700000| Complete 
| 216|0x00000000ed800000, 0x00000000ed900000, 0x00000000ed900000|100%| E|CS|TAMS 0x00000000ed800000| PB 0x00000000ed800000| Complete 
| 217|0x00000000ed900000, 0x00000000eda00000, 0x00000000eda00000|100%| E|CS|TAMS 0x00000000ed900000| PB 0x00000000ed900000| Complete 
| 218|0x00000000eda00000, 0x00000000edb00000, 0x00000000edb00000|100%| E|CS|TAMS 0x00000000eda00000| PB 0x00000000eda00000| Complete 
| 219|0x00000000edb00000, 0x00000000edc00000, 0x00000000edc00000|100%| E|CS|TAMS 0x00000000edb00000| PB 0x00000000edb00000| Complete 
| 220|0x00000000edc00000, 0x00000000edd00000, 0x00000000edd00000|100%| E|CS|TAMS 0x00000000edc00000| PB 0x00000000edc00000| Complete 
| 221|0x00000000edd00000, 0x00000000ede00000, 0x00000000ede00000|100%| E|CS|TAMS 0x00000000edd00000| PB 0x00000000edd00000| Complete 
| 222|0x00000000ede00000, 0x00000000edf00000, 0x00000000edf00000|100%| E|CS|TAMS 0x00000000ede00000| PB 0x00000000ede00000| Complete 
| 223|0x00000000edf00000, 0x00000000ee000000, 0x00000000ee000000|100%| E|CS|TAMS 0x00000000edf00000| PB 0x00000000edf00000| Complete 
| 224|0x00000000ee000000, 0x00000000ee100000, 0x00000000ee100000|100%| E|CS|TAMS 0x00000000ee000000| PB 0x00000000ee000000| Complete 
| 225|0x00000000ee100000, 0x00000000ee200000, 0x00000000ee200000|100%| E|CS|TAMS 0x00000000ee100000| PB 0x00000000ee100000| Complete 
| 226|0x00000000ee200000, 0x00000000ee300000, 0x00000000ee300000|100%| E|CS|TAMS 0x00000000ee200000| PB 0x00000000ee200000| Complete 
| 227|0x00000000ee300000, 0x00000000ee400000, 0x00000000ee400000|100%| E|CS|TAMS 0x00000000ee300000| PB 0x00000000ee300000| Complete 
| 228|0x00000000ee400000, 0x00000000ee500000, 0x00000000ee500000|100%| E|CS|TAMS 0x00000000ee400000| PB 0x00000000ee400000| Complete 
| 229|0x00000000ee500000, 0x00000000ee600000, 0x00000000ee600000|100%| E|CS|TAMS 0x00000000ee500000| PB 0x00000000ee500000| Complete 
| 230|0x00000000ee600000, 0x00000000ee700000, 0x00000000ee700000|100%| E|CS|TAMS 0x00000000ee600000| PB 0x00000000ee600000| Complete 
| 231|0x00000000ee700000, 0x00000000ee800000, 0x00000000ee800000|100%| E|CS|TAMS 0x00000000ee700000| PB 0x00000000ee700000| Complete 
| 232|0x00000000ee800000, 0x00000000ee900000, 0x00000000ee900000|100%| E|CS|TAMS 0x00000000ee800000| PB 0x00000000ee800000| Complete 
| 233|0x00000000ee900000, 0x00000000eea00000, 0x00000000eea00000|100%| E|CS|TAMS 0x00000000ee900000| PB 0x00000000ee900000| Complete 
| 234|0x00000000eea00000, 0x00000000eeb00000, 0x00000000eeb00000|100%| E|CS|TAMS 0x00000000eea00000| PB 0x00000000eea00000| Complete 
| 235|0x00000000eeb00000, 0x00000000eec00000, 0x00000000eec00000|100%| E|CS|TAMS 0x00000000eeb00000| PB 0x00000000eeb00000| Complete 
| 236|0x00000000eec00000, 0x00000000eed00000, 0x00000000eed00000|100%| E|CS|TAMS 0x00000000eec00000| PB 0x00000000eec00000| Complete 
| 237|0x00000000eed00000, 0x00000000eee00000, 0x00000000eee00000|100%| E|CS|TAMS 0x00000000eed00000| PB 0x00000000eed00000| Complete 
| 238|0x00000000eee00000, 0x00000000eef00000, 0x00000000eef00000|100%| E|CS|TAMS 0x00000000eee00000| PB 0x00000000eee00000| Complete 
| 239|0x00000000eef00000, 0x00000000ef000000, 0x00000000ef000000|100%| E|CS|TAMS 0x00000000eef00000| PB 0x00000000eef00000| Complete 
| 240|0x00000000ef000000, 0x00000000ef100000, 0x00000000ef100000|100%| E|CS|TAMS 0x00000000ef000000| PB 0x00000000ef000000| Complete 
| 241|0x00000000ef100000, 0x00000000ef200000, 0x00000000ef200000|100%| E|CS|TAMS 0x00000000ef100000| PB 0x00000000ef100000| Complete 
| 242|0x00000000ef200000, 0x00000000ef300000, 0x00000000ef300000|100%| E|CS|TAMS 0x00000000ef200000| PB 0x00000000ef200000| Complete 
| 243|0x00000000ef300000, 0x00000000ef400000, 0x00000000ef400000|100%| E|CS|TAMS 0x00000000ef300000| PB 0x00000000ef300000| Complete 
| 244|0x00000000ef400000, 0x00000000ef500000, 0x00000000ef500000|100%| E|CS|TAMS 0x00000000ef400000| PB 0x00000000ef400000| Complete 
| 245|0x00000000ef500000, 0x00000000ef600000, 0x00000000ef600000|100%| E|CS|TAMS 0x00000000ef500000| PB 0x00000000ef500000| Complete 
| 246|0x00000000ef600000, 0x00000000ef700000, 0x00000000ef700000|100%| E|CS|TAMS 0x00000000ef600000| PB 0x00000000ef600000| Complete 
| 247|0x00000000ef700000, 0x00000000ef800000, 0x00000000ef800000|100%| E|CS|TAMS 0x00000000ef700000| PB 0x00000000ef700000| Complete 
| 248|0x00000000ef800000, 0x00000000ef900000, 0x00000000ef900000|100%| E|CS|TAMS 0x00000000ef800000| PB 0x00000000ef800000| Complete 
| 249|0x00000000ef900000, 0x00000000efa00000, 0x00000000efa00000|100%| E|CS|TAMS 0x00000000ef900000| PB 0x00000000ef900000| Complete 
| 250|0x00000000efa00000, 0x00000000efb00000, 0x00000000efb00000|100%| E|CS|TAMS 0x00000000efa00000| PB 0x00000000efa00000| Complete 
| 251|0x00000000efb00000, 0x00000000efc00000, 0x00000000efc00000|100%| E|CS|TAMS 0x00000000efb00000| PB 0x00000000efb00000| Complete 
| 252|0x00000000efc00000, 0x00000000efd00000, 0x00000000efd00000|100%| E|CS|TAMS 0x00000000efc00000| PB 0x00000000efc00000| Complete 
| 253|0x00000000efd00000, 0x00000000efe00000, 0x00000000efe00000|100%| E|CS|TAMS 0x00000000efd00000| PB 0x00000000efd00000| Complete 
| 254|0x00000000efe00000, 0x00000000eff00000, 0x00000000eff00000|100%| E|CS|TAMS 0x00000000efe00000| PB 0x00000000efe00000| Complete 
| 255|0x00000000eff00000, 0x00000000f0000000, 0x00000000f0000000|100%| E|CS|TAMS 0x00000000eff00000| PB 0x00000000eff00000| Complete 

Card table byte_map: [0x0000027cfe200000,0x0000027cfe300000] _byte_map_base: 0x0000027cfdb00000

Marking Bits: (CMBitMap*) 0x0000027cf599b270
 Bits: [0x0000027cfe300000, 0x0000027cfeb00000)

Polling page: 0x0000027cf3930000

Metaspace:

Usage:
  Non-class:     25.45 MB used.
      Class:      4.57 MB used.
       Both:     30.02 MB used.

Virtual space:
  Non-class space:       64.00 MB reserved,      26.06 MB ( 41%) committed,  1 nodes.
      Class space:      320.00 MB reserved,       5.19 MB (  2%) committed,  1 nodes.
             Both:      384.00 MB reserved,      31.25 MB (  8%) committed. 

Chunk freelists:
   Non-Class:  5.52 MB
       Class:  10.83 MB
        Both:  16.34 MB

MaxMetaspaceSize: 384.00 MB
CompressedClassSpaceSize: 320.00 MB
Initial GC threshold: 21.00 MB
Current GC threshold: 35.12 MB
CDS: on
 - commit_granule_bytes: 65536.
 - commit_granule_words: 8192.
 - virtual_space_node_default_size: 8388608.
 - enlarge_chunks_in_place: 1.
 - use_allocation_guard: 0.


Internal statistics:

num_allocs_failed_limit: 3.
num_arena_births: 2174.
num_arena_deaths: 0.
num_vsnodes_births: 2.
num_vsnodes_deaths: 0.
num_space_committed: 500.
num_space_uncommitted: 0.
num_chunks_returned_to_freelist: 3.
num_chunks_taken_from_freelist: 3669.
num_chunk_merges: 3.
num_chunk_splits: 2349.
num_chunks_enlarged: 1419.
num_inconsistent_stats: 0.

CodeHeap 'non-profiled nmethods': size=120000Kb used=1991Kb max_used=1991Kb free=118009Kb
 bounds [0x0000027c87ad0000, 0x0000027c87d40000, 0x0000027c8f000000]
CodeHeap 'profiled nmethods': size=120000Kb used=7721Kb max_used=7721Kb free=112278Kb
 bounds [0x0000027c80000000, 0x0000027c80790000, 0x0000027c87530000]
CodeHeap 'non-nmethods': size=5760Kb used=1697Kb max_used=1716Kb free=4063Kb
 bounds [0x0000027c87530000, 0x0000027c877a0000, 0x0000027c87ad0000]
 total_blobs=4325 nmethods=3733 adapters=496
 compilation: enabled
              stopped_count=0, restarted_count=0
 full_count=0

Compilation events (20 events):
Event: 5.727 Thread 0x0000027cff579e60 3716       3       java.util.TreeMap$ValueIterator::next (8 bytes)
Event: 5.727 Thread 0x0000027cff579e60 nmethod 3716 0x0000027c8077d210 code [0x0000027c8077d3c0, 0x0000027c8077d508]
Event: 5.727 Thread 0x0000027cff579e60 3717       3       org.gradle.internal.instantiation.generator.AbstractClassGenerator$ClassMetadata::property (42 bytes)
Event: 5.727 Thread 0x0000027cff579e60 nmethod 3717 0x0000027c8077d610 code [0x0000027c8077d800, 0x0000027c8077dd08]
Event: 5.727 Thread 0x0000027cff579e60 3718       3       org.gradle.internal.instantiation.generator.AbstractClassGenerator$MethodMetadata::shouldOverride (29 bytes)
Event: 5.727 Thread 0x0000027cff579e60 nmethod 3718 0x0000027c8077de90 code [0x0000027c8077e040, 0x0000027c8077e390]
Event: 5.729 Thread 0x0000027cff579e60 3720       3       org.gradle.internal.instantiation.generator.AbstractClassGenerator::access$2300 (5 bytes)
Event: 5.729 Thread 0x0000027cff579e60 nmethod 3720 0x0000027c8077e490 code [0x0000027c8077e640, 0x0000027c8077e758]
Event: 5.729 Thread 0x0000027cff579e60 3721       3       org.gradle.internal.instantiation.generator.AbstractClassGenerator::isNameProperty (44 bytes)
Event: 5.730 Thread 0x0000027cff579e60 nmethod 3721 0x0000027c8077e810 code [0x0000027c8077ea80, 0x0000027c8077f710]
Event: 5.730 Thread 0x0000027cff579e60 3722       3       java.util.stream.MatchOps$1MatchSink::accept (44 bytes)
Event: 5.730 Thread 0x0000027cff579e60 nmethod 3722 0x0000027c8077fa90 code [0x0000027c8077fc40, 0x0000027c8077feb8]
Event: 5.730 Thread 0x0000027cff579e60 3723       3       java.util.Spliterators::spliterator (16 bytes)
Event: 5.730 Thread 0x0000027cff579e60 nmethod 3723 0x0000027c8077ff90 code [0x0000027c80780160, 0x0000027c80780468]
Event: 5.730 Thread 0x0000027cff579e60 3724       3       java.util.Spliterators$ArraySpliterator::<init> (10 bytes)
Event: 5.730 Thread 0x0000027cff579e60 nmethod 3724 0x0000027c80780590 code [0x0000027c80780740, 0x0000027c80780888]
Event: 5.730 Thread 0x0000027cff579e60 3725       3       org.gradle.internal.instantiation.generator.AbstractClassGenerator::access$1500 (5 bytes)
Event: 5.730 Thread 0x0000027cff579e60 nmethod 3725 0x0000027c80780990 code [0x0000027c80780b40, 0x0000027c80780c58]
Event: 5.734 Thread 0x0000027cff579e60 3726       3       java.lang.ClassLoader::getClassLoadingLock (35 bytes)
Event: 5.734 Thread 0x0000027cff579e60 nmethod 3726 0x0000027c80780d10 code [0x0000027c80780ee0, 0x0000027c807811d8]

GC Heap History (8 events):
Event: 0.648 GC heap before
{Heap before GC invocations=0 (full 0):
 garbage-first heap   total 262144K, used 22528K [0x00000000e0000000, 0x0000000100000000)
  region size 1024K, 23 young (23552K), 0 survivors (0K)
 Metaspace       used 1068K, committed 1216K, reserved 393216K
  class space    used 77K, committed 128K, reserved 327680K
}
Event: 0.652 GC heap after
{Heap after GC invocations=1 (full 0):
 garbage-first heap   total 262144K, used 3564K [0x00000000e0000000, 0x0000000100000000)
  region size 1024K, 3 young (3072K), 3 survivors (3072K)
 Metaspace       used 1068K, committed 1216K, reserved 393216K
  class space    used 77K, committed 128K, reserved 327680K
}
Event: 1.426 GC heap before
{Heap before GC invocations=1 (full 0):
 garbage-first heap   total 262144K, used 40428K [0x00000000e0000000, 0x0000000100000000)
  region size 1024K, 36 young (36864K), 3 survivors (3072K)
 Metaspace       used 4402K, committed 4608K, reserved 393216K
  class space    used 541K, committed 640K, reserved 327680K
}
Event: 1.434 GC heap after
{Heap after GC invocations=2 (full 0):
 garbage-first heap   total 262144K, used 11510K [0x00000000e0000000, 0x0000000100000000)
  region size 1024K, 5 young (5120K), 5 survivors (5120K)
 Metaspace       used 4402K, committed 4608K, reserved 393216K
  class space    used 541K, committed 640K, reserved 327680K
}
Event: 2.188 GC heap before
{Heap before GC invocations=2 (full 0):
 garbage-first heap   total 262144K, used 60662K [0x00000000e0000000, 0x0000000100000000)
  region size 1024K, 51 young (52224K), 5 survivors (5120K)
 Metaspace       used 5478K, committed 5696K, reserved 393216K
  class space    used 709K, committed 832K, reserved 327680K
}
Event: 2.192 GC heap after
{Heap after GC invocations=3 (full 0):
 garbage-first heap   total 262144K, used 17455K [0x00000000e0000000, 0x0000000100000000)
  region size 1024K, 5 young (5120K), 5 survivors (5120K)
 Metaspace       used 5478K, committed 5696K, reserved 393216K
  class space    used 709K, committed 832K, reserved 327680K
}
Event: 4.757 GC heap before
{Heap before GC invocations=3 (full 0):
 garbage-first heap   total 262144K, used 105519K [0x00000000e0000000, 0x0000000100000000)
  region size 1024K, 92 young (94208K), 5 survivors (5120K)
 Metaspace       used 20843K, committed 21504K, reserved 393216K
  class space    used 3021K, committed 3328K, reserved 327680K
}
Event: 4.769 GC heap after
{Heap after GC invocations=4 (full 0):
 garbage-first heap   total 262144K, used 24681K [0x00000000e0000000, 0x0000000100000000)
  region size 1024K, 12 young (12288K), 12 survivors (12288K)
 Metaspace       used 20843K, committed 21504K, reserved 393216K
  class space    used 3021K, committed 3328K, reserved 327680K
}

Dll operation events (15 events):
Event: 0.009 Loaded shared library C:\Program Files\Java\jdk-21\bin\java.dll
Event: 0.045 Loaded shared library C:\Program Files\Java\jdk-21\bin\jsvml.dll
Event: 0.094 Loaded shared library C:\Program Files\Java\jdk-21\bin\zip.dll
Event: 0.099 Loaded shared library C:\Program Files\Java\jdk-21\bin\instrument.dll
Event: 0.107 Loaded shared library C:\Program Files\Java\jdk-21\bin\net.dll
Event: 0.110 Loaded shared library C:\Program Files\Java\jdk-21\bin\nio.dll
Event: 0.113 Loaded shared library C:\Program Files\Java\jdk-21\bin\zip.dll
Event: 0.527 Loaded shared library C:\Program Files\Java\jdk-21\bin\jimage.dll
Event: 0.727 Loaded shared library C:\Program Files\Java\jdk-21\bin\verify.dll
Event: 0.883 Loaded shared library C:\Users\IBM\.gradle\native\c067742578af261105cb4f569cf0c3c89f3d7b1fecec35dd04571415982c5e48\windows-amd64\native-platform.dll
Event: 0.892 Loaded shared library C:\Users\IBM\.gradle\native\100fb08df4bc3b14c8652ba06237920a3bd2aa13389f12d3474272988ae205f9\windows-amd64\native-platform-file-events.dll
Event: 2.309 Loaded shared library C:\Program Files\Java\jdk-21\bin\management.dll
Event: 2.327 Loaded shared library C:\Program Files\Java\jdk-21\bin\management_ext.dll
Event: 2.572 Loaded shared library C:\Program Files\Java\jdk-21\bin\extnet.dll
Event: 2.842 Loaded shared library C:\Program Files\Java\jdk-21\bin\sunmscapi.dll

Deoptimization events (20 events):
Event: 5.706 Thread 0x0000027cab96dbb0 Uncommon trap: trap_request=0xffffff3d fr.pc=0x0000027c87b94408 relative=0x0000000000000068
Event: 5.706 Thread 0x0000027cab96dbb0 Uncommon trap: reason=unstable_fused_if action=reinterpret pc=0x0000027c87b94408 method=java.lang.CharacterDataLatin1.equalsIgnoreCase(BB)Z @ 16 c2
Event: 5.706 Thread 0x0000027cab96dbb0 DEOPT PACKING pc=0x0000027c87b94408 sp=0x000000ae020f9ea0
Event: 5.706 Thread 0x0000027cab96dbb0 DEOPT UNPACKING pc=0x0000027c87587da2 sp=0x000000ae020f9e20 mode 2
Event: 5.718 Thread 0x0000027cab96dbb0 Uncommon trap: trap_request=0xffffffde fr.pc=0x0000027c87b33d7c relative=0x00000000000007dc
Event: 5.718 Thread 0x0000027cab96dbb0 Uncommon trap: reason=class_check action=maybe_recompile pc=0x0000027c87b33d7c method=jdk.internal.loader.URLClassPath.getLoader(I)Ljdk/internal/loader/URLClassPath$Loader; @ 88 c2
Event: 5.718 Thread 0x0000027cab96dbb0 DEOPT PACKING pc=0x0000027c87b33d7c sp=0x000000ae020fa470
Event: 5.718 Thread 0x0000027cab96dbb0 DEOPT UNPACKING pc=0x0000027c87587da2 sp=0x000000ae020fa430 mode 2
Event: 5.718 Thread 0x0000027cab96dbb0 Uncommon trap: trap_request=0xffffffde fr.pc=0x0000027c87c38708 relative=0x0000000000004728
Event: 5.718 Thread 0x0000027cab96dbb0 Uncommon trap: reason=class_check action=maybe_recompile pc=0x0000027c87c38708 method=jdk.internal.loader.URLClassPath.getResource(Ljava/lang/String;Z)Ljdk/internal/loader/Resource; @ 53 c2
Event: 5.718 Thread 0x0000027cab96dbb0 DEOPT PACKING pc=0x0000027c87c38708 sp=0x000000ae020fa500
Event: 5.718 Thread 0x0000027cab96dbb0 DEOPT UNPACKING pc=0x0000027c87587da2 sp=0x000000ae020fa330 mode 2
Event: 5.721 Thread 0x0000027cab96dbb0 Uncommon trap: trap_request=0xffffff45 fr.pc=0x0000027c87be0518 relative=0x00000000000000f8
Event: 5.721 Thread 0x0000027cab96dbb0 Uncommon trap: reason=unstable_if action=reinterpret pc=0x0000027c87be0518 method=java.lang.ClassLoader.getClassLoadingLock(Ljava/lang/String;)Ljava/lang/Object; @ 6 c2
Event: 5.721 Thread 0x0000027cab96dbb0 DEOPT PACKING pc=0x0000027c87be0518 sp=0x000000ae020f8a00
Event: 5.721 Thread 0x0000027cab96dbb0 DEOPT UNPACKING pc=0x0000027c87587da2 sp=0x000000ae020f8990 mode 2
Event: 5.721 Thread 0x0000027cab96dbb0 Uncommon trap: trap_request=0xffffff45 fr.pc=0x0000027c87c8404c relative=0x00000000000008cc
Event: 5.721 Thread 0x0000027cab96dbb0 Uncommon trap: reason=unstable_if action=reinterpret pc=0x0000027c87c8404c method=java.lang.Class.getPackageName()Ljava/lang/String; @ 55 c2
Event: 5.722 Thread 0x0000027cab96dbb0 DEOPT PACKING pc=0x0000027c87c8404c sp=0x000000ae020fa0e0
Event: 5.722 Thread 0x0000027cab96dbb0 DEOPT UNPACKING pc=0x0000027c87587da2 sp=0x000000ae020fa0b0 mode 2

Classes loaded (20 events):
Event: 5.633 Loading class java/nio/file/FileTreeWalker$EventType
Event: 5.633 Loading class java/nio/file/FileTreeWalker$EventType done
Event: 5.633 Loading class java/nio/file/Files$3
Event: 5.633 Loading class java/nio/file/Files$3 done
Event: 5.634 Loading class java/nio/file/FileVisitResult
Event: 5.634 Loading class java/nio/file/FileVisitResult done
Event: 5.634 Loading class java/nio/charset/CharacterCodingException
Event: 5.634 Loading class java/nio/charset/CharacterCodingException done
Event: 5.664 Loading class java/util/stream/Streams$RangeIntSpliterator
Event: 5.664 Loading class java/util/stream/Streams$RangeIntSpliterator done
Event: 5.717 Loading class jdk/internal/loader/URLClassPath$FileLoader
Event: 5.717 Loading class jdk/internal/loader/URLClassPath$FileLoader done
Event: 5.719 Loading class jdk/internal/loader/URLClassPath$FileLoader$1
Event: 5.719 Loading class jdk/internal/loader/URLClassPath$FileLoader$1 done
Event: 5.726 Loading class java/beans/Transient
Event: 5.726 Loading class java/beans/Transient done
Event: 5.731 Loading class java/util/stream/IntPipeline$1
Event: 5.732 Loading class java/util/stream/IntPipeline$1 done
Event: 5.732 Loading class java/util/stream/IntPipeline$1$1
Event: 5.732 Loading class java/util/stream/IntPipeline$1$1 done

Classes unloaded (0 events):
No events

Classes redefined (0 events):
No events

Internal exceptions (20 events):
Event: 5.504 Thread 0x0000027cab96dbb0 Exception <a 'java/lang/NoSuchMethodError'{0x00000000ec770b60}: 'java.lang.Object java.lang.invoke.DirectMethodHandle$Holder.newInvokeSpecial(java.lang.Object, java.lang.Object, java.lang.Object, java.lang.Object, java.lang.Object, java.lang.Object, java.lang.Object, java.lang.Object, java.lang.Object, java.lang.Object, java.lang.Object, java.lang.Object, java.lang.Object, java.lang.Object, java.lang.Object)'> (0x00000000ec770b60) 
thrown [s\open\src\hotspot\share\interpreter\linkResolver.cpp, line 773]
Event: 5.505 Thread 0x0000027cab96dbb0 Exception <a 'java/lang/NoSuchMethodError'{0x00000000ec776cb0}: 'java.lang.Object java.lang.invoke.DirectMethodHandle$Holder.invokeSpecial(java.lang.Object, java.lang.Object, java.lang.Object, java.lang.Object, java.lang.Object, java.lang.Object, java.lang.Object, java.lang.Object, java.lang.Object, java.lang.Object, java.lang.Object, java.lang.Object, java.lang.Object, java.lang.Object, java.lang.Object, java.lang.Object)'> (0x00000000ec776cb0) 
thrown [s\open\src\hotspot\share\interpreter\linkResolver.cp
Event: 5.505 Thread 0x0000027cab96dbb0 Exception <a 'java/lang/NoSuchMethodError'{0x00000000ec77bf90}: 'java.lang.Object java.lang.invoke.DelegatingMethodHandle$Holder.reinvoke_L(java.lang.Object, java.lang.Object, java.lang.Object, java.lang.Object, java.lang.Object, java.lang.Object, java.lang.Object, java.lang.Object, java.lang.Object, java.lang.Object, java.lang.Object, java.lang.Object, java.lang.Object, java.lang.Object, java.lang.Object)'> (0x00000000ec77bf90) 
thrown [s\open\src\hotspot\share\interpreter\linkResolver.cpp, line 773]
Event: 5.522 Thread 0x0000027cab96dbb0 Exception <a 'java/lang/NoSuchMethodError'{0x00000000ec522e10}: 'java.lang.Object java.lang.invoke.DelegatingMethodHandle$Holder.reinvoke_L(java.lang.Object, java.lang.Object, java.lang.Object, java.lang.Object, java.lang.Object, java.lang.Object, java.lang.Object, java.lang.Object, java.lang.Object, java.lang.Object, java.lang.Object, java.lang.Object, java.lang.Object, java.lang.Object, java.lang.Object, java.lang.Object, java.lang.Object, java.lang.Object, java.lang.Object, java.lang.Object, java.lang.O
Event: 5.526 Thread 0x0000027cab96dbb0 Exception <a 'java/lang/NoSuchMethodError'{0x00000000ec402b58}: 'java.lang.Object java.lang.invoke.DirectMethodHandle$Holder.invokeStatic(java.lang.Object, java.lang.Object, java.lang.Object, java.lang.Object, java.lang.Object, java.lang.Object, java.lang.Object, java.lang.Object, java.lang.Object, java.lang.Object, java.lang.Object, java.lang.Object, java.lang.Object, java.lang.Object, java.lang.Object, java.lang.Object, java.lang.Object, java.lang.Object, java.lang.Object, java.lang.Object, java.lang.Obj
Event: 5.527 Thread 0x0000027cab96dbb0 Exception <a 'java/lang/NoSuchMethodError'{0x00000000ec437718}: 'java.lang.Object java.lang.invoke.DirectMethodHandle$Holder.invokeStatic(java.lang.Object, java.lang.Object, java.lang.Object, java.lang.Object, java.lang.Object, java.lang.Object, java.lang.Object, java.lang.Object, java.lang.Object, java.lang.Object, java.lang.Object, java.lang.Object, java.lang.Object, java.lang.Object, java.lang.Object, java.lang.Object, java.lang.Object, java.lang.Object, java.lang.Object, java.lang.Object, java.lang.Obj
Event: 5.529 Thread 0x0000027cab96dbb0 Exception <a 'java/lang/NoSuchMethodError'{0x00000000ec46e678}: 'java.lang.Object java.lang.invoke.DirectMethodHandle$Holder.invokeStatic(java.lang.Object, java.lang.Object, java.lang.Object, java.lang.Object, java.lang.Object, java.lang.Object, java.lang.Object, java.lang.Object, java.lang.Object, java.lang.Object, java.lang.Object, java.lang.Object, java.lang.Object, java.lang.Object, java.lang.Object, java.lang.Object, java.lang.Object, java.lang.Object, java.lang.Object, java.lang.Object, java.lang.Obj
Event: 5.536 Thread 0x0000027cab96dbb0 Exception <a 'java/lang/NoSuchMethodError'{0x00000000ec4fe398}: 'java.lang.Object java.lang.invoke.DirectMethodHandle$Holder.newInvokeSpecial(java.lang.Object, java.lang.Object, java.lang.Object, java.lang.Object, java.lang.Object, java.lang.Object, java.lang.Object, java.lang.Object, java.lang.Object, java.lang.Object, java.lang.Object, java.lang.Object, java.lang.Object, java.lang.Object, java.lang.Object, java.lang.Object, java.lang.Object, java.lang.Object, java.lang.Object)'> (0x00000000ec4fe398) 
thr
Event: 5.536 Thread 0x0000027cab96dbb0 Exception <a 'java/lang/NoSuchMethodError'{0x00000000ec305380}: 'java.lang.Object java.lang.invoke.DirectMethodHandle$Holder.invokeSpecial(java.lang.Object, java.lang.Object, java.lang.Object, java.lang.Object, java.lang.Object, java.lang.Object, java.lang.Object, java.lang.Object, java.lang.Object, java.lang.Object, java.lang.Object, java.lang.Object, java.lang.Object, java.lang.Object, java.lang.Object, java.lang.Object, java.lang.Object, java.lang.Object, java.lang.Object, java.lang.Object)'> (0x0000000
Event: 5.536 Thread 0x0000027cab96dbb0 Exception <a 'java/lang/NoSuchMethodError'{0x00000000ec30a980}: 'java.lang.Object java.lang.invoke.DelegatingMethodHandle$Holder.reinvoke_L(java.lang.Object, java.lang.Object, java.lang.Object, java.lang.Object, java.lang.Object, java.lang.Object, java.lang.Object, java.lang.Object, java.lang.Object, java.lang.Object, java.lang.Object, java.lang.Object, java.lang.Object, java.lang.Object, java.lang.Object, java.lang.Object, java.lang.Object, java.lang.Object, java.lang.Object)'> (0x00000000ec30a980) 
throw
Event: 5.602 Thread 0x0000027cab96dbb0 Exception <a 'java/lang/IncompatibleClassChangeError'{0x00000000ebed6ee8}: Found class java.lang.Object, but interface was expected> (0x00000000ebed6ee8) 
thrown [s\open\src\hotspot\share\interpreter\linkResolver.cpp, line 840]
Event: 5.619 Thread 0x0000027cab96dbb0 Exception <a 'java/lang/NoSuchMethodError'{0x00000000ebdd7f20}: 'java.lang.Object java.lang.invoke.DirectMethodHandle$Holder.newInvokeSpecial(java.lang.Object, java.lang.Object, long)'> (0x00000000ebdd7f20) 
thrown [s\open\src\hotspot\share\interpreter\linkResolver.cpp, line 773]
Event: 5.619 Thread 0x0000027cab96dbb0 Exception <a 'java/lang/NoSuchMethodError'{0x00000000ebddc2d8}: 'java.lang.Object java.lang.invoke.Invokers$Holder.linkToTargetMethod(java.lang.Object, long, java.lang.Object)'> (0x00000000ebddc2d8) 
thrown [s\open\src\hotspot\share\interpreter\linkResolver.cpp, line 773]
Event: 5.657 Thread 0x0000027cab96dbb0 Exception <a 'java/lang/NoSuchMethodError'{0x00000000eba39600}: 'int java.lang.invoke.DirectMethodHandle$Holder.invokeInterface(java.lang.Object, java.lang.Object)'> (0x00000000eba39600) 
thrown [s\open\src\hotspot\share\interpreter\linkResolver.cpp, line 773]
Event: 5.663 Thread 0x0000027cab96dbb0 Exception <a 'java/lang/NoSuchMethodError'{0x00000000ebaa8020}: 'java.lang.Object java.lang.invoke.DirectMethodHandle$Holder.invokeVirtual(java.lang.Object, java.lang.Object, int)'> (0x00000000ebaa8020) 
thrown [s\open\src\hotspot\share\interpreter\linkResolver.cpp, line 773]
Event: 5.679 Thread 0x0000027cab96dbb0 Exception <a 'java/lang/NoSuchMethodError'{0x00000000eb95afa0}: 'java.lang.Object java.lang.invoke.DirectMethodHandle$Holder.invokeStatic(java.lang.Object, java.lang.Object, int, java.lang.Object)'> (0x00000000eb95afa0) 
thrown [s\open\src\hotspot\share\interpreter\linkResolver.cpp, line 773]
Event: 5.680 Thread 0x0000027cab96dbb0 Exception <a 'java/lang/NoSuchMethodError'{0x00000000eb962378}: 'java.lang.Object java.lang.invoke.DirectMethodHandle$Holder.newInvokeSpecial(java.lang.Object, java.lang.Object, int, java.lang.Object)'> (0x00000000eb962378) 
thrown [s\open\src\hotspot\share\interpreter\linkResolver.cpp, line 773]
Event: 5.680 Thread 0x0000027cab96dbb0 Exception <a 'java/lang/NoSuchMethodError'{0x00000000eb966af0}: 'java.lang.Object java.lang.invoke.DirectMethodHandle$Holder.invokeSpecial(java.lang.Object, java.lang.Object, java.lang.Object, int, java.lang.Object)'> (0x00000000eb966af0) 
thrown [s\open\src\hotspot\share\interpreter\linkResolver.cpp, line 773]
Event: 5.716 Thread 0x0000027cab96dbb0 Exception <a 'java/lang/NoSuchMethodError'{0x00000000eb774ae0}: 'void java.lang.invoke.DirectMethodHandle$Holder.invokeInterface(java.lang.Object, java.lang.Object, java.lang.Object, java.lang.Object, java.lang.Object, java.lang.Object, java.lang.Object)'> (0x00000000eb774ae0) 
thrown [s\open\src\hotspot\share\interpreter\linkResolver.cpp, line 773]
Event: 5.716 Thread 0x0000027cab96dbb0 Exception <a 'java/lang/NoSuchMethodError'{0x00000000eb779438}: 'void java.lang.invoke.DelegatingMethodHandle$Holder.reinvoke_L(java.lang.Object, java.lang.Object, java.lang.Object, java.lang.Object, java.lang.Object, java.lang.Object, java.lang.Object)'> (0x00000000eb779438) 
thrown [s\open\src\hotspot\share\interpreter\linkResolver.cpp, line 773]

ZGC Phase Switch (0 events):
No events

VM Operations (20 events):
Event: 4.778 Executing VM operation: G1PauseRemark
Event: 4.780 Executing VM operation: G1PauseRemark done
Event: 4.782 Executing VM operation: G1PauseCleanup
Event: 4.782 Executing VM operation: G1PauseCleanup done
Event: 5.091 Executing VM operation: HandshakeAllThreads (Deoptimize)
Event: 5.091 Executing VM operation: HandshakeAllThreads (Deoptimize) done
Event: 5.358 Executing VM operation: HandshakeAllThreads (Deoptimize)
Event: 5.358 Executing VM operation: HandshakeAllThreads (Deoptimize) done
Event: 5.385 Executing VM operation: ICBufferFull
Event: 5.385 Executing VM operation: ICBufferFull done
Event: 5.465 Executing VM operation: HandshakeAllThreads (Deoptimize)
Event: 5.465 Executing VM operation: HandshakeAllThreads (Deoptimize) done
Event: 5.603 Executing VM operation: HandshakeAllThreads (Deoptimize)
Event: 5.603 Executing VM operation: HandshakeAllThreads (Deoptimize) done
Event: 5.624 Executing VM operation: HandshakeAllThreads (Deoptimize)
Event: 5.624 Executing VM operation: HandshakeAllThreads (Deoptimize) done
Event: 5.719 Executing VM operation: HandshakeAllThreads (Deoptimize)
Event: 5.719 Executing VM operation: HandshakeAllThreads (Deoptimize) done
Event: 5.720 Executing VM operation: HandshakeAllThreads (Deoptimize)
Event: 5.720 Executing VM operation: HandshakeAllThreads (Deoptimize) done

Events (20 events):
Event: 2.888 Thread 0x0000027cab930e20 Thread added: 0x0000027cab930e20
Event: 2.924 Thread 0x0000027cab94a930 Thread added: 0x0000027cab94a930
Event: 2.933 Thread 0x0000027cab96dbb0 Thread added: 0x0000027cab96dbb0
Event: 2.946 Thread 0x0000027cab9866d0 Thread added: 0x0000027cab9866d0
Event: 2.954 Thread 0x0000027cab9859b0 Thread added: 0x0000027cab9859b0
Event: 2.956 Thread 0x0000027cab986d60 Thread added: 0x0000027cab986d60
Event: 3.474 Thread 0x0000027cab984c90 Thread added: 0x0000027cab984c90
Event: 3.484 Thread 0x0000027cab986040 Thread added: 0x0000027cab986040
Event: 3.822 Thread 0x0000027cab9873f0 Thread added: 0x0000027cab9873f0
Event: 3.825 Thread 0x0000027cab985320 Thread added: 0x0000027cab985320
Event: 4.537 Thread 0x0000027cab988110 Thread added: 0x0000027cab988110
Event: 4.863 Thread 0x0000027cabc924f0 Thread added: 0x0000027cabc924f0
Event: 4.876 Thread 0x0000027cabc8e9e0 Thread added: 0x0000027cabc8e9e0
Event: 5.064 Thread 0x0000027cabc8f700 Thread added: 0x0000027cabc8f700
Event: 5.069 Thread 0x0000027cabc8bbf0 Thread added: 0x0000027cabc8bbf0
Event: 5.296 Thread 0x0000027cabc8e350 Thread added: 0x0000027cabc8e350
Event: 5.420 Thread 0x0000027cabc8fd90 Thread added: 0x0000027cabc8fd90
Event: 5.502 Thread 0x0000027cabc8cfa0 Thread added: 0x0000027cabc8cfa0
Event: 5.681 Thread 0x0000027cabc8c280 Thread added: 0x0000027cabc8c280
Event: 5.707 Thread 0x0000027cabc92b80 Thread added: 0x0000027cabc92b80


Dynamic libraries:
0x00007ff629390000 - 0x00007ff6293a0000 	C:\Program Files\Java\jdk-21\bin\java.exe
0x00007fff0b080000 - 0x00007fff0b289000 	C:\Windows\SYSTEM32\ntdll.dll
0x00007fff09dd0000 - 0x00007fff09e8d000 	C:\Windows\System32\KERNEL32.DLL
0x00007fff08580000 - 0x00007fff08904000 	C:\Windows\System32\KERNELBASE.dll
0x00007fff08910000 - 0x00007fff08a21000 	C:\Windows\System32\ucrtbase.dll
0x00007ffef84b0000 - 0x00007ffef84cb000 	C:\Program Files\Java\jdk-21\bin\VCRUNTIME140.dll
0x00007fff00480000 - 0x00007fff00499000 	C:\Program Files\Java\jdk-21\bin\jli.dll
0x00007fff0a4e0000 - 0x00007fff0a58e000 	C:\Windows\System32\ADVAPI32.dll
0x00007fff09c10000 - 0x00007fff09cb3000 	C:\Windows\System32\msvcrt.dll
0x00007fff0a420000 - 0x00007fff0a4be000 	C:\Windows\System32\sechost.dll
0x00007fff0a590000 - 0x00007fff0a6b1000 	C:\Windows\System32\RPCRT4.dll
0x00007fff0ae90000 - 0x00007fff0b03d000 	C:\Windows\System32\USER32.dll
0x00007fff08a30000 - 0x00007fff08a56000 	C:\Windows\System32\win32u.dll
0x00007ffeef380000 - 0x00007ffeef625000 	C:\Windows\WinSxS\amd64_microsoft.windows.common-controls_6595b64144ccf1df_6.0.22000.120_none_9d947278b86cc467\COMCTL32.dll
0x00007fff09070000 - 0x00007fff0909a000 	C:\Windows\System32\GDI32.dll
0x00007fff08a60000 - 0x00007fff08b7e000 	C:\Windows\System32\gdi32full.dll
0x00007fff08e30000 - 0x00007fff08ecd000 	C:\Windows\System32\msvcp_win.dll
0x00007ffefb440000 - 0x00007ffefb44a000 	C:\Windows\SYSTEM32\VERSION.dll
0x00007fff09310000 - 0x00007fff09341000 	C:\Windows\System32\IMM32.DLL
0x00007fff04850000 - 0x00007fff0485c000 	C:\Program Files\Java\jdk-21\bin\vcruntime140_1.dll
0x00007ffed11c0000 - 0x00007ffed124e000 	C:\Program Files\Java\jdk-21\bin\msvcp140.dll
0x00007ffea8420000 - 0x00007ffea9135000 	C:\Program Files\Java\jdk-21\bin\server\jvm.dll
0x00007fff09ec0000 - 0x00007fff09f2f000 	C:\Windows\System32\WS2_32.dll
0x00007fff07d00000 - 0x00007fff07d4d000 	C:\Windows\SYSTEM32\POWRPROF.dll
0x00007fff003d0000 - 0x00007fff00403000 	C:\Windows\SYSTEM32\WINMM.dll
0x00007fff07c90000 - 0x00007fff07ca3000 	C:\Windows\SYSTEM32\UMPDC.dll
0x00007fff07530000 - 0x00007fff07548000 	C:\Windows\SYSTEM32\kernel.appcore.dll
0x00007fff03da0000 - 0x00007fff03daa000 	C:\Program Files\Java\jdk-21\bin\jimage.dll
0x00007fff058e0000 - 0x00007fff05b01000 	C:\Windows\SYSTEM32\DBGHELP.DLL
0x00007ffeec500000 - 0x00007ffeec531000 	C:\Windows\SYSTEM32\dbgcore.DLL
0x00007fff08cf0000 - 0x00007fff08d6f000 	C:\Windows\System32\bcryptPrimitives.dll
0x00007ffef7b40000 - 0x00007ffef7b4f000 	C:\Program Files\Java\jdk-21\bin\instrument.dll
0x00007ffef7af0000 - 0x00007ffef7b0f000 	C:\Program Files\Java\jdk-21\bin\java.dll
0x00007fff0a6c0000 - 0x00007fff0ae85000 	C:\Windows\System32\SHELL32.dll
0x00007fff065a0000 - 0x00007fff06e02000 	C:\Windows\SYSTEM32\windows.storage.dll
0x00007fff09890000 - 0x00007fff09c06000 	C:\Windows\System32\combase.dll
0x00007fff06430000 - 0x00007fff06597000 	C:\Windows\SYSTEM32\wintypes.dll
0x00007fff09cd0000 - 0x00007fff09dba000 	C:\Windows\System32\SHCORE.dll
0x00007fff090a0000 - 0x00007fff090fd000 	C:\Windows\System32\shlwapi.dll
0x00007fff08440000 - 0x00007fff08465000 	C:\Windows\SYSTEM32\profapi.dll
0x00007ffed42f0000 - 0x00007ffed43c7000 	C:\Program Files\Java\jdk-21\bin\jsvml.dll
0x00007ffef73a0000 - 0x00007ffef73b8000 	C:\Program Files\Java\jdk-21\bin\zip.dll
0x00007ffef22b0000 - 0x00007ffef22c0000 	C:\Program Files\Java\jdk-21\bin\net.dll
0x00007fff03020000 - 0x00007fff03134000 	C:\Windows\SYSTEM32\WINHTTP.dll
0x00007fff07a50000 - 0x00007fff07ab7000 	C:\Windows\system32\mswsock.dll
0x00007ffef2290000 - 0x00007ffef22a6000 	C:\Program Files\Java\jdk-21\bin\nio.dll
0x00007ffef1f20000 - 0x00007ffef1f30000 	C:\Program Files\Java\jdk-21\bin\verify.dll
0x00007ffeece20000 - 0x00007ffeece47000 	C:\Users\IBM\.gradle\native\c067742578af261105cb4f569cf0c3c89f3d7b1fecec35dd04571415982c5e48\windows-amd64\native-platform.dll
0x00007ffecb550000 - 0x00007ffecb694000 	C:\Users\IBM\.gradle\native\100fb08df4bc3b14c8652ba06237920a3bd2aa13389f12d3474272988ae205f9\windows-amd64\native-platform-file-events.dll
0x00007ffee34e0000 - 0x00007ffee34ea000 	C:\Program Files\Java\jdk-21\bin\management.dll
0x00007ffee2820000 - 0x00007ffee282b000 	C:\Program Files\Java\jdk-21\bin\management_ext.dll
0x00007fff09eb0000 - 0x00007fff09eb8000 	C:\Windows\System32\PSAPI.DLL
0x00007fff07da0000 - 0x00007fff07db8000 	C:\Windows\SYSTEM32\CRYPTSP.dll
0x00007fff07490000 - 0x00007fff074c5000 	C:\Windows\system32\rsaenh.dll
0x00007fff07b00000 - 0x00007fff07b2c000 	C:\Windows\SYSTEM32\USERENV.dll
0x00007fff07ee0000 - 0x00007fff07f07000 	C:\Windows\SYSTEM32\bcrypt.dll
0x00007fff07c50000 - 0x00007fff07c5c000 	C:\Windows\SYSTEM32\CRYPTBASE.dll
0x00007fff07060000 - 0x00007fff0708d000 	C:\Windows\SYSTEM32\IPHLPAPI.DLL
0x00007fff09dc0000 - 0x00007fff09dc9000 	C:\Windows\System32\NSI.dll
0x00007ffee23e0000 - 0x00007ffee23e7000 	C:\Program Files\Java\jdk-21\bin\extnet.dll
0x00007ffee23d0000 - 0x00007ffee23de000 	C:\Program Files\Java\jdk-21\bin\sunmscapi.dll
0x00007fff08b80000 - 0x00007fff08ce2000 	C:\Windows\System32\CRYPT32.dll
0x00007fff07eb0000 - 0x00007fff07ed8000 	C:\Windows\SYSTEM32\ncrypt.dll
0x00007fff07e70000 - 0x00007fff07ea7000 	C:\Windows\SYSTEM32\NTASN1.dll
0x00007ffef81e0000 - 0x00007ffef81e8000 	C:\Windows\system32\wshunix.dll

dbghelp: loaded successfully - version: 4.0.5 - missing functions: none
symbol engine: initialized successfully - sym options: 0x614 - pdb path: .;C:\Program Files\Java\jdk-21\bin;C:\Windows\SYSTEM32;C:\Windows\WinSxS\amd64_microsoft.windows.common-controls_6595b64144ccf1df_6.0.22000.120_none_9d947278b86cc467;C:\Program Files\Java\jdk-21\bin\server;C:\Users\IBM\.gradle\native\c067742578af261105cb4f569cf0c3c89f3d7b1fecec35dd04571415982c5e48\windows-amd64;C:\Users\IBM\.gradle\native\100fb08df4bc3b14c8652ba06237920a3bd2aa13389f12d3474272988ae205f9\windows-amd64

VM Arguments:
jvm_args: --add-opens=java.base/java.lang=ALL-UNNAMED --add-opens=java.base/java.lang.invoke=ALL-UNNAMED --add-opens=java.base/java.util=ALL-UNNAMED --add-opens=java.prefs/java.util.prefs=ALL-UNNAMED --add-exports=jdk.compiler/com.sun.tools.javac.api=ALL-UNNAMED --add-exports=jdk.compiler/com.sun.tools.javac.util=ALL-UNNAMED --add-opens=java.base/java.util=ALL-UNNAMED --add-opens=java.prefs/java.util.prefs=ALL-UNNAMED --add-opens=java.base/java.nio.charset=ALL-UNNAMED --add-opens=java.base/java.net=ALL-UNNAMED --add-opens=java.base/java.util.concurrent.atomic=ALL-UNNAMED --add-opens=java.xml/javax.xml.namespace=ALL-UNNAMED -XX:MaxMetaspaceSize=384m -XX:+HeapDumpOnOutOfMemoryError -Xms256m -Xmx512m -Dfile.encoding=UTF-8 -Duser.country=US -Duser.language=en -Duser.variant -javaagent:C:\Users\IBM\.gradle\wrapper\dists\gradle-8.11.1-bin\bpt9gzteqjrbo1mjrsomdt32c\gradle-8.11.1\lib\agents\gradle-instrumentation-agent-8.11.1.jar 
java_command: org.gradle.launcher.daemon.bootstrap.GradleDaemon 8.11.1
java_class_path (initial): C:\Users\IBM\.gradle\wrapper\dists\gradle-8.11.1-bin\bpt9gzteqjrbo1mjrsomdt32c\gradle-8.11.1\lib\gradle-daemon-main-8.11.1.jar
Launcher Type: SUN_STANDARD

[Global flags]
     intx CICompilerCount                          = 4                                         {product} {ergonomic}
   size_t CompressedClassSpaceSize                 = 335544320                                 {product} {ergonomic}
     uint ConcGCThreads                            = 2                                         {product} {ergonomic}
     uint G1ConcRefinementThreads                  = 8                                         {product} {ergonomic}
   size_t G1HeapRegionSize                         = 1048576                                   {product} {ergonomic}
    uintx GCDrainStackTargetSize                   = 64                                        {product} {ergonomic}
     bool HeapDumpOnOutOfMemoryError               = true                                   {manageable} {command line}
   size_t InitialHeapSize                          = 268435456                                 {product} {command line}
   size_t MarkStackSize                            = 4194304                                   {product} {ergonomic}
   size_t MaxHeapSize                              = 536870912                                 {product} {command line}
   size_t MaxMetaspaceSize                         = 402653184                                 {product} {command line}
   size_t MaxNewSize                               = 321912832                                 {product} {ergonomic}
   size_t MinHeapDeltaBytes                        = 1048576                                   {product} {ergonomic}
   size_t MinHeapSize                              = 268435456                                 {product} {command line}
    uintx NonNMethodCodeHeapSize                   = 5839372                                {pd product} {ergonomic}
    uintx NonProfiledCodeHeapSize                  = 122909434                              {pd product} {ergonomic}
    uintx ProfiledCodeHeapSize                     = 122909434                              {pd product} {ergonomic}
    uintx ReservedCodeCacheSize                    = 251658240                              {pd product} {ergonomic}
     bool SegmentedCodeCache                       = true                                      {product} {ergonomic}
   size_t SoftMaxHeapSize                          = 536870912                              {manageable} {ergonomic}
     bool UseCompressedOops                        = true                           {product lp64_product} {ergonomic}
     bool UseG1GC                                  = true                                      {product} {ergonomic}
     bool UseLargePagesIndividualAllocation        = false                                  {pd product} {ergonomic}

Logging:
Log output configuration:
 #0: stdout all=warning uptime,level,tags foldmultilines=false
 #1: stderr all=off uptime,level,tags foldmultilines=false

Environment Variables:
JAVA_HOME=C:\Program Files\Java\jdk-21
PATH=C:\Program Files\Common Files\Oracle\Java\javapath;C:\Program Files (x86)\Common Files\Oracle\Java\javapath;C:\GAMS\45;C:\GAMS\45\gbin;C:\Users\IBM\AppData\Local\Programs\Python\Python311\Scripts\;C:\Users\IBM\AppData\Local\Programs\Python\Python311\;C:\Windows\system32;C:\Windows;C:\Windows\System32\Wbem;C:\Windows\System32\WindowsPowerShell\v1.0\;C:\Windows\System32\OpenSSH\;C:\MinGW\bin;C:\Program Files\Git\cmd;C:\Program Files\dotnet\;C:\ProgramData\chocolatey\bin;C:\Program Files\nodejs\;C:\sqlite;C:\Program Files\Java\jdk-21\bin;C:\Users\IBM\Documents\flutter\bin;C:\Users\IBM\AppData\Roaming\npm;C:\Users\IBM\esp\ESP8266_RTOS_SDK\export.sh;C:\apache-maven-3.9.9\bin;C:\Program Files\Hugin\bin;C:\Users\IBM\AppData\Local\Programs\Microsoft VS Code\bin;C:\tools\dart-sdk\bin;C:\Users\IBM\AppData\Local\Pub\Cache\bin;C:\Users\IBM\Documents\flutter\bin;C:\Android\Sdk\platform-tools;C:\Espressif\tools\xtensa-lx106-elf\esp-2020r3-49-gd5524c1-8.4.0\xtensa-lx106-elf\bin;C:\Program Files\JetBrains\IntelliJ IDEA 2024.2.1\bin;;C:\Program Files\JetBrains\WebStorm 2024.2.3\bin;
USERNAME=IBM
OS=Windows_NT
PROCESSOR_IDENTIFIER=Intel64 Family 6 Model 140 Stepping 1, GenuineIntel
TMP=C:\Users\IBM\AppData\Local\Temp
TEMP=C:\Users\IBM\AppData\Local\Temp




Periodic native trim disabled

---------------  S Y S T E M  ---------------

OS:
 Windows 11 , 64 bit Build 22000 (10.0.22000.2538)
OS uptime: 2 days 16:21 hours
Hyper-V role detected

CPU: total 8 (initial active 8) (4 cores per cpu, 2 threads per core) family 6 model 140 stepping 1 microcode 0x86, cx8, cmov, fxsr, ht, mmx, 3dnowpref, sse, sse2, sse3, ssse3, sse4.1, sse4.2, popcnt, lzcnt, tsc, tscinvbit, avx, avx2, aes, erms, clmul, bmi1, bmi2, adx, avx512f, avx512dq, avx512cd, avx512bw, avx512vl, sha, fma, vzeroupper, avx512_vpopcntdq, avx512_vpclmulqdq, avx512_vaes, avx512_vnni, clflush, clflushopt, clwb, avx512_vbmi2, avx512_vbmi, hv, rdtscp, rdpid, fsrm, gfni, avx512_bitalg, f16c, cet_ibt, cet_ss, avx512_ifma
Processor Information for all 8 processors :
  Max Mhz: 2419, Current Mhz: 2419, Mhz Limit: 2419

Memory: 4k page, system-wide physical 7894M (317M free)
TotalPageFile size 32470M (AvailPageFile size 3M)
current process WorkingSet (physical memory assigned to process): 240M, peak: 240M
current process commit charge ("private bytes"): 425M, peak: 425M

vm_info: Java HotSpot(TM) 64-Bit Server VM (21.0.1+12-LTS-29) for windows-amd64 JRE (21.0.1+12-LTS-29), built on 2023-10-05T13:27:09Z by "mach5one" with MS VC++ 17.1 (VS2022)

END.
