#
# There is insufficient memory for the Java Runtime Environment to continue.
# Native memory allocation (malloc) failed to allocate 573136 bytes for Chunk::new
# Possible reasons:
#   The system is out of physical RAM or swap space
#   The process is running with CompressedOops enabled, and the Java Heap may be blocking the growth of the native heap
# Possible solutions:
#   Reduce memory load on the system
#   Increase physical memory or swap space
#   Check if swap backing store is full
#   Decrease Java heap size (-Xmx/-Xms)
#   Decrease number of Java threads
#   Decrease Java thread stack sizes (-Xss)
#   Set larger code cache with -XX:ReservedCodeCacheSize=
#   JVM is running with Unscaled Compressed Oops mode in which the Java heap is
#     placed in the first 4GB address space. The Java Heap base address is the
#     maximum limit for the native heap growth. Please use -XX:HeapBaseMinAddress
#     to set the Java Heap base and to place the Java Heap above 4GB virtual address.
# This output file may be truncated or incomplete.
#
#  Out of Memory Error (arena.cpp:168), pid=14416, tid=24316
#
# JRE version: Java(TM) SE Runtime Environment (21.0.1+12) (build 21.0.1+12-LTS-29)
# Java VM: Java HotSpot(TM) 64-Bit Server VM (21.0.1+12-LTS-29, mixed mode, sharing, tiered, compressed oops, compressed class ptrs, g1 gc, windows-amd64)
# No core dump will be written. Minidumps are not enabled by default on client versions of Windows
#

---------------  S U M M A R Y ------------

Command Line: --add-opens=java.base/java.lang=ALL-UNNAMED --add-opens=java.base/java.lang.invoke=ALL-UNNAMED --add-opens=java.base/java.util=ALL-UNNAMED --add-opens=java.prefs/java.util.prefs=ALL-UNNAMED --add-exports=jdk.compiler/com.sun.tools.javac.api=ALL-UNNAMED --add-exports=jdk.compiler/com.sun.tools.javac.util=ALL-UNNAMED --add-opens=java.base/java.util=ALL-UNNAMED --add-opens=java.prefs/java.util.prefs=ALL-UNNAMED --add-opens=java.base/java.nio.charset=ALL-UNNAMED --add-opens=java.base/java.net=ALL-UNNAMED --add-opens=java.base/java.util.concurrent.atomic=ALL-UNNAMED --add-opens=java.xml/javax.xml.namespace=ALL-UNNAMED -XX:MaxMetaspaceSize=384m -XX:+HeapDumpOnOutOfMemoryError -Xms256m -Xmx512m -Dfile.encoding=UTF-8 -Duser.country=US -Duser.language=en -Duser.variant -javaagent:C:\Users\IBM\.gradle\wrapper\dists\gradle-8.11.1-bin\bpt9gzteqjrbo1mjrsomdt32c\gradle-8.11.1\lib\agents\gradle-instrumentation-agent-8.11.1.jar org.gradle.launcher.daemon.bootstrap.GradleDaemon 8.11.1

Host: 11th Gen Intel(R) Core(TM) i5-1135G7 @ 2.40GHz, 8 cores, 7G,  Windows 11 , 64 bit Build 22000 (10.0.22000.2538)
Time: Sat Dec  7 11:59:49 2024 SE Asia Standard Time elapsed time: 1328.310165 seconds (0d 0h 22m 8s)

---------------  T H R E A D  ---------------

Current thread (0x00000243ad3144a0):  JavaThread "C2 CompilerThread0" daemon [_thread_in_native, id=24316, stack(0x0000004e74f00000,0x0000004e75000000) (1024K)]


Current CompileTask:
C2:1328310 19139       4       java.net.URI$Parser::parse (243 bytes)

Stack: [0x0000004e74f00000,0x0000004e75000000]
Native frames: (J=compiled Java code, j=interpreted, Vv=VM code, C=native code)
V  [jvm.dll+0x6c9029]
V  [jvm.dll+0x854b81]
V  [jvm.dll+0x856e5e]
V  [jvm.dll+0x857543]
V  [jvm.dll+0x280c06]
V  [jvm.dll+0xc3ead]
V  [jvm.dll+0xc43c3]
V  [jvm.dll+0x3b5732]
V  [jvm.dll+0x382475]
V  [jvm.dll+0x3818ea]
V  [jvm.dll+0x249ad0]
V  [jvm.dll+0x2490b1]
V  [jvm.dll+0x1c9ca1]
V  [jvm.dll+0x2586b9]
V  [jvm.dll+0x256c9a]
V  [jvm.dll+0x3ef1b6]
V  [jvm.dll+0x7fd728]
V  [jvm.dll+0x6c777d]
C  [ucrtbase.dll+0x26c0c]
C  [KERNEL32.DLL+0x153e0]
C  [ntdll.dll+0x485b]


---------------  P R O C E S S  ---------------

Threads class SMR info:
_java_thread_list=0x00000243cd227360, length=43, elements={
0x00000243927109d0, 0x00000243ad2fd210, 0x00000243ad2fdf30, 0x00000243ad300900,
0x00000243ad301b20, 0x00000243ad302fa0, 0x00000243ad303e10, 0x00000243ad3144a0,
0x00000243ad3197f0, 0x00000243ad509120, 0x00000243ad6a4870, 0x00000243c88b49b0,
0x00000243c8a46350, 0x00000243c8af52d0, 0x00000243c893ce70, 0x00000243c893f5d0,
0x00000243c893fc60, 0x00000243c893e8b0, 0x00000243ca422d80, 0x00000243ca428ff0,
0x00000243ca424e50, 0x00000243ca4275b0, 0x00000243ca425b70, 0x00000243ca429680,
0x00000243ca4226f0, 0x00000243ca4254e0, 0x00000243ca424130, 0x00000243ccf98410,
0x00000243ccf9cc40, 0x00000243cd2fb220, 0x00000243c9452df0, 0x00000243c9450d20,
0x00000243c94513b0, 0x00000243c9450000, 0x00000243c94520d0, 0x00000243c9450690,
0x00000243cd17a900, 0x00000243cd177b10, 0x00000243cd17af90, 0x00000243cd179550,
0x00000243cd178ec0, 0x00000243cd1781a0, 0x00000243cd17a270
}

Java Threads: ( => current thread )
  0x00000243927109d0 JavaThread "main"                              [_thread_blocked, id=17296, stack(0x0000004e74100000,0x0000004e74200000) (1024K)]
  0x00000243ad2fd210 JavaThread "Reference Handler"          daemon [_thread_blocked, id=11000, stack(0x0000004e74900000,0x0000004e74a00000) (1024K)]
  0x00000243ad2fdf30 JavaThread "Finalizer"                  daemon [_thread_blocked, id=4900, stack(0x0000004e74a00000,0x0000004e74b00000) (1024K)]
  0x00000243ad300900 JavaThread "Signal Dispatcher"          daemon [_thread_blocked, id=672, stack(0x0000004e74b00000,0x0000004e74c00000) (1024K)]
  0x00000243ad301b20 JavaThread "Attach Listener"            daemon [_thread_blocked, id=6552, stack(0x0000004e74c00000,0x0000004e74d00000) (1024K)]
  0x00000243ad302fa0 JavaThread "Service Thread"             daemon [_thread_blocked, id=23972, stack(0x0000004e74d00000,0x0000004e74e00000) (1024K)]
  0x00000243ad303e10 JavaThread "Monitor Deflation Thread"   daemon [_thread_blocked, id=12496, stack(0x0000004e74e00000,0x0000004e74f00000) (1024K)]
=>0x00000243ad3144a0 JavaThread "C2 CompilerThread0"         daemon [_thread_in_native, id=24316, stack(0x0000004e74f00000,0x0000004e75000000) (1024K)]
  0x00000243ad3197f0 JavaThread "C1 CompilerThread0"         daemon [_thread_blocked, id=21868, stack(0x0000004e75000000,0x0000004e75100000) (1024K)]
  0x00000243ad509120 JavaThread "Common-Cleaner"             daemon [_thread_blocked, id=9948, stack(0x0000004e75100000,0x0000004e75200000) (1024K)]
  0x00000243ad6a4870 JavaThread "Notification Thread"        daemon [_thread_blocked, id=1040, stack(0x0000004e75200000,0x0000004e75300000) (1024K)]
  0x00000243c88b49b0 JavaThread "Daemon health stats"               [_thread_blocked, id=16372, stack(0x0000004e75800000,0x0000004e75900000) (1024K)]
  0x00000243c8a46350 JavaThread "Incoming local TCP Connector on port 57168"        [_thread_in_native, id=24776, stack(0x0000004e75900000,0x0000004e75a00000) (1024K)]
  0x00000243c8af52d0 JavaThread "Daemon periodic checks"            [_thread_blocked, id=16536, stack(0x0000004e75a00000,0x0000004e75b00000) (1024K)]
  0x00000243c893ce70 JavaThread "Cache worker for journal cache (C:\Users\IBM\.gradle\caches\journal-1)"        [_thread_blocked, id=25360, stack(0x0000004e76200000,0x0000004e76300000) (1024K)]
  0x00000243c893f5d0 JavaThread "File lock request listener"        [_thread_in_native, id=16852, stack(0x0000004e76300000,0x0000004e76400000) (1024K)]
  0x00000243c893fc60 JavaThread "Cache worker for file hash cache (C:\Users\IBM\.gradle\caches\8.11.1\fileHashes)"        [_thread_blocked, id=16076, stack(0x0000004e76400000,0x0000004e76500000) (1024K)]
  0x00000243c893e8b0 JavaThread "Cache worker for file content cache (C:\Users\IBM\.gradle\caches\8.11.1\fileContent)"        [_thread_blocked, id=13628, stack(0x0000004e76600000,0x0000004e76700000) (1024K)]
  0x00000243ca422d80 JavaThread "File watcher server"        daemon [_thread_in_native, id=24912, stack(0x0000004e76c00000,0x0000004e76d00000) (1024K)]
  0x00000243ca428ff0 JavaThread "File watcher consumer"      daemon [_thread_blocked, id=25676, stack(0x0000004e76d00000,0x0000004e76e00000) (1024K)]
  0x00000243ca424e50 JavaThread "jar transforms"                    [_thread_blocked, id=9988, stack(0x0000004e77100000,0x0000004e77200000) (1024K)]
  0x00000243ca4275b0 JavaThread "jar transforms Thread 2"           [_thread_blocked, id=21892, stack(0x0000004e77200000,0x0000004e77300000) (1024K)]
  0x00000243ca425b70 JavaThread "jar transforms Thread 3"           [_thread_blocked, id=10656, stack(0x0000004e77300000,0x0000004e77400000) (1024K)]
  0x00000243ca429680 JavaThread "jar transforms Thread 4"           [_thread_blocked, id=14016, stack(0x0000004e77400000,0x0000004e77500000) (1024K)]
  0x00000243ca4226f0 JavaThread "jar transforms Thread 5"           [_thread_blocked, id=24472, stack(0x0000004e77500000,0x0000004e77600000) (1024K)]
  0x00000243ca4254e0 JavaThread "jar transforms Thread 6"           [_thread_blocked, id=21300, stack(0x0000004e77600000,0x0000004e77700000) (1024K)]
  0x00000243ca424130 JavaThread "jar transforms Thread 7"           [_thread_blocked, id=13468, stack(0x0000004e77700000,0x0000004e77800000) (1024K)]
  0x00000243ccf98410 JavaThread "Memory manager"                    [_thread_blocked, id=13044, stack(0x0000004e78d00000,0x0000004e78e00000) (1024K)]
  0x00000243ccf9cc40 JavaThread "jar transforms Thread 8"           [_thread_blocked, id=19416, stack(0x0000004e78e00000,0x0000004e78f00000) (1024K)]
  0x00000243cd2fb220 JavaThread "Cache worker for Java compile cache (C:\Users\IBM\.gradle\caches\8.11.1\javaCompile)"        [_thread_blocked, id=21736, stack(0x0000004e7dd00000,0x0000004e7de00000) (1024K)]
  0x00000243c9452df0 JavaThread "File lock release action executor Thread 2"        [_thread_blocked, id=15856, stack(0x0000004e73e00000,0x0000004e73f00000) (1024K)]
  0x00000243c9450d20 JavaThread "Daemon Thread 7"                   [_thread_blocked, id=20620, stack(0x0000004e73f00000,0x0000004e74000000) (1024K)]
  0x00000243c94513b0 JavaThread "Handler for socket connection from /127.0.0.1:57168 to /127.0.0.1:60203"        [_thread_in_native, id=18084, stack(0x0000004e74000000,0x0000004e74100000) (1024K)]
  0x00000243c9450000 JavaThread "Cancel handler"                    [_thread_blocked, id=25916, stack(0x0000004e75b00000,0x0000004e75c00000) (1024K)]
  0x00000243c94520d0 JavaThread "Daemon worker Thread 5"            [_thread_in_Java, id=11468, stack(0x0000004e75c00000,0x0000004e75d00000) (1024K)]
  0x00000243c9450690 JavaThread "Asynchronous log dispatcher for DefaultDaemonConnection: socket connection from /127.0.0.1:57168 to /127.0.0.1:60203"        [_thread_blocked, id=12468, stack(0x0000004e75d00000,0x0000004e75e00000) (1024K)]
  0x00000243cd17a900 JavaThread "Stdin handler"                     [_thread_blocked, id=6180, stack(0x0000004e75e00000,0x0000004e75f00000) (1024K)]
  0x00000243cd177b10 JavaThread "Daemon client event forwarder"        [_thread_blocked, id=24992, stack(0x0000004e75f00000,0x0000004e76000000) (1024K)]
  0x00000243cd17af90 JavaThread "Cache worker for file hash cache (D:\Java\BE-SMSK\.gradle\8.11.1\fileHashes)"        [_thread_blocked, id=24416, stack(0x0000004e76000000,0x0000004e76100000) (1024K)]
  0x00000243cd179550 JavaThread "Cache worker for Build Output Cleanup Cache (D:\Java\BE-SMSK\.gradle\buildOutputCleanup)"        [_thread_blocked, id=10756, stack(0x0000004e76100000,0x0000004e76200000) (1024K)]
  0x00000243cd178ec0 JavaThread "Cache worker for checksums cache (D:\Java\BE-SMSK\.gradle\8.11.1\checksums)"        [_thread_blocked, id=7356, stack(0x0000004e76500000,0x0000004e76600000) (1024K)]
  0x00000243cd1781a0 JavaThread "Cache worker for cache directory md-rule (C:\Users\IBM\.gradle\caches\8.11.1\md-rule)"        [_thread_blocked, id=16404, stack(0x0000004e76a00000,0x0000004e76b00000) (1024K)]
  0x00000243cd17a270 JavaThread "Cache worker for cache directory md-supplier (C:\Users\IBM\.gradle\caches\8.11.1\md-supplier)"        [_thread_blocked, id=20108, stack(0x0000004e76b00000,0x0000004e76c00000) (1024K)]
Total: 43

Other Threads:
  0x00000243ad2dec50 VMThread "VM Thread"                           [id=24252, stack(0x0000004e74800000,0x0000004e74900000) (1024K)]
  0x00000243ad2c8860 WatcherThread "VM Periodic Task Thread"        [id=22484, stack(0x0000004e74700000,0x0000004e74800000) (1024K)]
  0x000002439273c400 WorkerThread "GC Thread#0"                     [id=18164, stack(0x0000004e74200000,0x0000004e74300000) (1024K)]
  0x00000243c72b1f50 WorkerThread "GC Thread#1"                     [id=26620, stack(0x0000004e75300000,0x0000004e75400000) (1024K)]
  0x00000243c725a460 WorkerThread "GC Thread#2"                     [id=9404, stack(0x0000004e75400000,0x0000004e75500000) (1024K)]
  0x00000243c725a800 WorkerThread "GC Thread#3"                     [id=25772, stack(0x0000004e75500000,0x0000004e75600000) (1024K)]
  0x00000243c7438040 WorkerThread "GC Thread#4"                     [id=5984, stack(0x0000004e75600000,0x0000004e75700000) (1024K)]
  0x00000243c74383e0 WorkerThread "GC Thread#5"                     [id=12348, stack(0x0000004e75700000,0x0000004e75800000) (1024K)]
  0x00000243c87cc500 WorkerThread "GC Thread#6"                     [id=8548, stack(0x0000004e76700000,0x0000004e76800000) (1024K)]
  0x00000243c87cbdc0 WorkerThread "GC Thread#7"                     [id=22284, stack(0x0000004e76800000,0x0000004e76900000) (1024K)]
  0x00000243927513b0 ConcurrentGCThread "G1 Main Marker"            [id=15044, stack(0x0000004e74300000,0x0000004e74400000) (1024K)]
  0x00000243927524d0 WorkerThread "G1 Conc#0"                       [id=22128, stack(0x0000004e74400000,0x0000004e74500000) (1024K)]
  0x00000243c87cc160 WorkerThread "G1 Conc#1"                       [id=20728, stack(0x0000004e76900000,0x0000004e76a00000) (1024K)]
  0x00000243927dea60 ConcurrentGCThread "G1 Refine#0"               [id=25188, stack(0x0000004e74500000,0x0000004e74600000) (1024K)]
  0x00000243ad19f6a0 ConcurrentGCThread "G1 Service"                [id=15740, stack(0x0000004e74600000,0x0000004e74700000) (1024K)]
Total: 15

Threads with active compile tasks:
C2 CompilerThread0  1328503 19139       4       java.net.URI$Parser::parse (243 bytes)
Total: 1

VM state: not at safepoint (normal execution)

VM Mutex/Monitor currently owned by a thread: None

Heap address: 0x00000000e0000000, size: 512 MB, Compressed Oops mode: 32-bit

CDS archive(s) mapped at: [0x00000243ae000000-0x00000243aec90000-0x00000243aec90000), size 13172736, SharedBaseAddress: 0x00000243ae000000, ArchiveRelocationMode: 1.
Compressed class space mapped at: 0x00000243af000000-0x00000243c3000000, reserved size: 335544320
Narrow klass base: 0x00000243ae000000, Narrow klass shift: 0, Narrow klass range: 0x100000000

GC Precious Log:
 CardTable entry size: 512
 Card Set container configuration: InlinePtr #cards 5 size 8 Array Of Cards #cards 12 size 40 Howl #buckets 4 coarsen threshold 1843 Howl Bitmap #cards 512 size 80 coarsen threshold 460 Card regions per heap region 1 cards per card region 2048
 CPUs: 8 total, 8 available
 Memory: 7894M
 Large Page Support: Disabled
 NUMA Support: Disabled
 Compressed Oops: Enabled (32-bit)
 Heap Region Size: 1M
 Heap Min Capacity: 256M
 Heap Initial Capacity: 256M
 Heap Max Capacity: 512M
 Pre-touch: Disabled
 Parallel Workers: 8
 Concurrent Workers: 2
 Concurrent Refinement Workers: 8
 Periodic GC: Disabled

Heap:
 garbage-first heap   total 262144K, used 115824K [0x00000000e0000000, 0x0000000100000000)
  region size 1024K, 59 young (60416K), 6 survivors (6144K)
 Metaspace       used 74387K, committed 78528K, reserved 458752K
  class space    used 9829K, committed 11520K, reserved 327680K

Heap Regions: E=young(eden), S=young(survivor), O=old, HS=humongous(starts), HC=humongous(continues), CS=collection set, F=free, TAMS=top-at-mark-start, PB=parsable bottom
|   0|0x00000000e0000000, 0x00000000e0100000, 0x00000000e0100000|100%| O|  |TAMS 0x00000000e0000000| PB 0x00000000e0000000| Untracked 
|   1|0x00000000e0100000, 0x00000000e0200000, 0x00000000e0200000|100%|HS|  |TAMS 0x00000000e0100000| PB 0x00000000e0100000| Complete 
|   2|0x00000000e0200000, 0x00000000e0300000, 0x00000000e0300000|100%|HC|  |TAMS 0x00000000e0200000| PB 0x00000000e0200000| Complete 
|   3|0x00000000e0300000, 0x00000000e0400000, 0x00000000e0400000|100%|HC|  |TAMS 0x00000000e0300000| PB 0x00000000e0300000| Complete 
|   4|0x00000000e0400000, 0x00000000e0500000, 0x00000000e0500000|100%| O|  |TAMS 0x00000000e0400000| PB 0x00000000e0400000| Untracked 
|   5|0x00000000e0500000, 0x00000000e0600000, 0x00000000e0600000|100%| O|  |TAMS 0x00000000e0500000| PB 0x00000000e0500000| Untracked 
|   6|0x00000000e0600000, 0x00000000e0700000, 0x00000000e0700000|100%| O|  |TAMS 0x00000000e0600000| PB 0x00000000e0600000| Untracked 
|   7|0x00000000e0700000, 0x00000000e0800000, 0x00000000e0800000|100%|HS|  |TAMS 0x00000000e0700000| PB 0x00000000e0700000| Complete 
|   8|0x00000000e0800000, 0x00000000e0900000, 0x00000000e0900000|100%| O|  |TAMS 0x00000000e0800000| PB 0x00000000e0800000| Untracked 
|   9|0x00000000e0900000, 0x00000000e0a00000, 0x00000000e0a00000|100%| O|  |TAMS 0x00000000e0900000| PB 0x00000000e0900000| Untracked 
|  10|0x00000000e0a00000, 0x00000000e0b00000, 0x00000000e0b00000|100%| O|  |TAMS 0x00000000e0a00000| PB 0x00000000e0a00000| Untracked 
|  11|0x00000000e0b00000, 0x00000000e0c00000, 0x00000000e0c00000|100%| O|  |TAMS 0x00000000e0b00000| PB 0x00000000e0b00000| Untracked 
|  12|0x00000000e0c00000, 0x00000000e0d00000, 0x00000000e0d00000|100%| O|  |TAMS 0x00000000e0c00000| PB 0x00000000e0c00000| Untracked 
|  13|0x00000000e0d00000, 0x00000000e0e00000, 0x00000000e0e00000|100%| O|  |TAMS 0x00000000e0d00000| PB 0x00000000e0d00000| Untracked 
|  14|0x00000000e0e00000, 0x00000000e0f00000, 0x00000000e0f00000|100%| O|  |TAMS 0x00000000e0e00000| PB 0x00000000e0e00000| Untracked 
|  15|0x00000000e0f00000, 0x00000000e1000000, 0x00000000e1000000|100%| O|  |TAMS 0x00000000e0f00000| PB 0x00000000e0f00000| Untracked 
|  16|0x00000000e1000000, 0x00000000e1100000, 0x00000000e1100000|100%| O|  |TAMS 0x00000000e1000000| PB 0x00000000e1000000| Untracked 
|  17|0x00000000e1100000, 0x00000000e1200000, 0x00000000e1200000|100%| O|  |TAMS 0x00000000e1100000| PB 0x00000000e1100000| Untracked 
|  18|0x00000000e1200000, 0x00000000e1300000, 0x00000000e1300000|100%| O|  |TAMS 0x00000000e1200000| PB 0x00000000e1200000| Untracked 
|  19|0x00000000e1300000, 0x00000000e1400000, 0x00000000e1400000|100%| O|  |TAMS 0x00000000e1300000| PB 0x00000000e1300000| Untracked 
|  20|0x00000000e1400000, 0x00000000e1500000, 0x00000000e1500000|100%| O|  |TAMS 0x00000000e1400000| PB 0x00000000e1400000| Untracked 
|  21|0x00000000e1500000, 0x00000000e1600000, 0x00000000e1600000|100%| O|  |TAMS 0x00000000e1500000| PB 0x00000000e1500000| Untracked 
|  22|0x00000000e1600000, 0x00000000e1700000, 0x00000000e1700000|100%| O|  |TAMS 0x00000000e1600000| PB 0x00000000e1600000| Untracked 
|  23|0x00000000e1700000, 0x00000000e1800000, 0x00000000e1800000|100%| O|  |TAMS 0x00000000e1700000| PB 0x00000000e1700000| Untracked 
|  24|0x00000000e1800000, 0x00000000e1900000, 0x00000000e1900000|100%| O|  |TAMS 0x00000000e1800000| PB 0x00000000e1800000| Untracked 
|  25|0x00000000e1900000, 0x00000000e1a00000, 0x00000000e1a00000|100%| O|  |TAMS 0x00000000e1900000| PB 0x00000000e1900000| Untracked 
|  26|0x00000000e1a00000, 0x00000000e1b00000, 0x00000000e1b00000|100%| O|  |TAMS 0x00000000e1a00000| PB 0x00000000e1a00000| Untracked 
|  27|0x00000000e1b00000, 0x00000000e1c00000, 0x00000000e1c00000|100%| O|Cm|TAMS 0x00000000e1b00000| PB 0x00000000e1b00000| Complete 
|  28|0x00000000e1c00000, 0x00000000e1d00000, 0x00000000e1d00000|100%| O|  |TAMS 0x00000000e1c00000| PB 0x00000000e1c00000| Untracked 
|  29|0x00000000e1d00000, 0x00000000e1e00000, 0x00000000e1e00000|100%| O|  |TAMS 0x00000000e1d00000| PB 0x00000000e1d00000| Untracked 
|  30|0x00000000e1e00000, 0x00000000e1f00000, 0x00000000e1f00000|100%| O|  |TAMS 0x00000000e1e00000| PB 0x00000000e1e00000| Untracked 
|  31|0x00000000e1f00000, 0x00000000e2000000, 0x00000000e2000000|100%| O|  |TAMS 0x00000000e1f00000| PB 0x00000000e1f00000| Untracked 
|  32|0x00000000e2000000, 0x00000000e2100000, 0x00000000e2100000|100%| O|  |TAMS 0x00000000e2000000| PB 0x00000000e2000000| Untracked 
|  33|0x00000000e2100000, 0x00000000e2200000, 0x00000000e2200000|100%| O|Cm|TAMS 0x00000000e2100000| PB 0x00000000e2100000| Complete 
|  34|0x00000000e2200000, 0x00000000e2300000, 0x00000000e2300000|100%| O|  |TAMS 0x00000000e2200000| PB 0x00000000e2200000| Untracked 
|  35|0x00000000e2300000, 0x00000000e2400000, 0x00000000e2400000|100%| O|  |TAMS 0x00000000e2300000| PB 0x00000000e2300000| Untracked 
|  36|0x00000000e2400000, 0x00000000e2500000, 0x00000000e2500000|100%| O|  |TAMS 0x00000000e2400000| PB 0x00000000e2400000| Untracked 
|  37|0x00000000e2500000, 0x00000000e2500000, 0x00000000e2600000|  0%| F|  |TAMS 0x00000000e2500000| PB 0x00000000e2500000| Untracked 
|  38|0x00000000e2600000, 0x00000000e2700000, 0x00000000e2700000|100%| O|  |TAMS 0x00000000e2600000| PB 0x00000000e2600000| Untracked 
|  39|0x00000000e2700000, 0x00000000e2800000, 0x00000000e2800000|100%| O|  |TAMS 0x00000000e2700000| PB 0x00000000e2700000| Untracked 
|  40|0x00000000e2800000, 0x00000000e2900000, 0x00000000e2900000|100%| O|  |TAMS 0x00000000e2800000| PB 0x00000000e2800000| Untracked 
|  41|0x00000000e2900000, 0x00000000e2a00000, 0x00000000e2a00000|100%| O|  |TAMS 0x00000000e2900000| PB 0x00000000e2900000| Untracked 
|  42|0x00000000e2a00000, 0x00000000e2b00000, 0x00000000e2b00000|100%| O|  |TAMS 0x00000000e2a00000| PB 0x00000000e2a00000| Untracked 
|  43|0x00000000e2b00000, 0x00000000e2c00000, 0x00000000e2c00000|100%| O|Cm|TAMS 0x00000000e2b00000| PB 0x00000000e2b00000| Complete 
|  44|0x00000000e2c00000, 0x00000000e2c32bd8, 0x00000000e2d00000| 19%| O|  |TAMS 0x00000000e2c00000| PB 0x00000000e2c00000| Untracked 
|  45|0x00000000e2d00000, 0x00000000e2d00000, 0x00000000e2e00000|  0%| F|  |TAMS 0x00000000e2d00000| PB 0x00000000e2d00000| Untracked 
|  46|0x00000000e2e00000, 0x00000000e2e00000, 0x00000000e2f00000|  0%| F|  |TAMS 0x00000000e2e00000| PB 0x00000000e2e00000| Untracked 
|  47|0x00000000e2f00000, 0x00000000e2f00000, 0x00000000e3000000|  0%| F|  |TAMS 0x00000000e2f00000| PB 0x00000000e2f00000| Untracked 
|  48|0x00000000e3000000, 0x00000000e3000000, 0x00000000e3100000|  0%| F|  |TAMS 0x00000000e3000000| PB 0x00000000e3000000| Untracked 
|  49|0x00000000e3100000, 0x00000000e3200000, 0x00000000e3200000|100%| O|  |TAMS 0x00000000e3100000| PB 0x00000000e3100000| Untracked 
|  50|0x00000000e3200000, 0x00000000e3300000, 0x00000000e3300000|100%| O|  |TAMS 0x00000000e3200000| PB 0x00000000e3200000| Untracked 
|  51|0x00000000e3300000, 0x00000000e3400000, 0x00000000e3400000|100%| O|  |TAMS 0x00000000e3300000| PB 0x00000000e3300000| Untracked 
|  52|0x00000000e3400000, 0x00000000e3500000, 0x00000000e3500000|100%| O|  |TAMS 0x00000000e3400000| PB 0x00000000e3400000| Untracked 
|  53|0x00000000e3500000, 0x00000000e3600000, 0x00000000e3600000|100%| O|  |TAMS 0x00000000e3500000| PB 0x00000000e3500000| Untracked 
|  54|0x00000000e3600000, 0x00000000e3700000, 0x00000000e3700000|100%| O|  |TAMS 0x00000000e3600000| PB 0x00000000e3600000| Untracked 
|  55|0x00000000e3700000, 0x00000000e3800000, 0x00000000e3800000|100%| O|  |TAMS 0x00000000e3700000| PB 0x00000000e3700000| Untracked 
|  56|0x00000000e3800000, 0x00000000e3900000, 0x00000000e3900000|100%| O|  |TAMS 0x00000000e3800000| PB 0x00000000e3800000| Untracked 
|  57|0x00000000e3900000, 0x00000000e3a00000, 0x00000000e3a00000|100%| O|Cm|TAMS 0x00000000e3900000| PB 0x00000000e3900000| Complete 
|  58|0x00000000e3a00000, 0x00000000e3b00000, 0x00000000e3b00000|100%| O|  |TAMS 0x00000000e3a00000| PB 0x00000000e3a00000| Untracked 
|  59|0x00000000e3b00000, 0x00000000e3c00000, 0x00000000e3c00000|100%| O|  |TAMS 0x00000000e3b00000| PB 0x00000000e3b00000| Untracked 
|  60|0x00000000e3c00000, 0x00000000e3d00000, 0x00000000e3d00000|100%| O|Cm|TAMS 0x00000000e3c00000| PB 0x00000000e3c00000| Complete 
|  61|0x00000000e3d00000, 0x00000000e3d00000, 0x00000000e3e00000|  0%| F|  |TAMS 0x00000000e3d00000| PB 0x00000000e3d00000| Untracked 
|  62|0x00000000e3e00000, 0x00000000e3e00000, 0x00000000e3f00000|  0%| F|  |TAMS 0x00000000e3e00000| PB 0x00000000e3e00000| Untracked 
|  63|0x00000000e3f00000, 0x00000000e3f00000, 0x00000000e4000000|  0%| F|  |TAMS 0x00000000e3f00000| PB 0x00000000e3f00000| Untracked 
|  64|0x00000000e4000000, 0x00000000e4000000, 0x00000000e4100000|  0%| F|  |TAMS 0x00000000e4000000| PB 0x00000000e4000000| Untracked 
|  65|0x00000000e4100000, 0x00000000e4100000, 0x00000000e4200000|  0%| F|  |TAMS 0x00000000e4100000| PB 0x00000000e4100000| Untracked 
|  66|0x00000000e4200000, 0x00000000e4200000, 0x00000000e4300000|  0%| F|  |TAMS 0x00000000e4200000| PB 0x00000000e4200000| Untracked 
|  67|0x00000000e4300000, 0x00000000e4300000, 0x00000000e4400000|  0%| F|  |TAMS 0x00000000e4300000| PB 0x00000000e4300000| Untracked 
|  68|0x00000000e4400000, 0x00000000e4400000, 0x00000000e4500000|  0%| F|  |TAMS 0x00000000e4400000| PB 0x00000000e4400000| Untracked 
|  69|0x00000000e4500000, 0x00000000e4500000, 0x00000000e4600000|  0%| F|  |TAMS 0x00000000e4500000| PB 0x00000000e4500000| Untracked 
|  70|0x00000000e4600000, 0x00000000e4600000, 0x00000000e4700000|  0%| F|  |TAMS 0x00000000e4600000| PB 0x00000000e4600000| Untracked 
|  71|0x00000000e4700000, 0x00000000e4700000, 0x00000000e4800000|  0%| F|  |TAMS 0x00000000e4700000| PB 0x00000000e4700000| Untracked 
|  72|0x00000000e4800000, 0x00000000e4800000, 0x00000000e4900000|  0%| F|  |TAMS 0x00000000e4800000| PB 0x00000000e4800000| Untracked 
|  73|0x00000000e4900000, 0x00000000e4900000, 0x00000000e4a00000|  0%| F|  |TAMS 0x00000000e4900000| PB 0x00000000e4900000| Untracked 
|  74|0x00000000e4a00000, 0x00000000e4a00000, 0x00000000e4b00000|  0%| F|  |TAMS 0x00000000e4a00000| PB 0x00000000e4a00000| Untracked 
|  75|0x00000000e4b00000, 0x00000000e4b00000, 0x00000000e4c00000|  0%| F|  |TAMS 0x00000000e4b00000| PB 0x00000000e4b00000| Untracked 
|  76|0x00000000e4c00000, 0x00000000e4c00000, 0x00000000e4d00000|  0%| F|  |TAMS 0x00000000e4c00000| PB 0x00000000e4c00000| Untracked 
|  77|0x00000000e4d00000, 0x00000000e4d00000, 0x00000000e4e00000|  0%| F|  |TAMS 0x00000000e4d00000| PB 0x00000000e4d00000| Untracked 
|  78|0x00000000e4e00000, 0x00000000e4e00000, 0x00000000e4f00000|  0%| F|  |TAMS 0x00000000e4e00000| PB 0x00000000e4e00000| Untracked 
|  79|0x00000000e4f00000, 0x00000000e4f00000, 0x00000000e5000000|  0%| F|  |TAMS 0x00000000e4f00000| PB 0x00000000e4f00000| Untracked 
|  80|0x00000000e5000000, 0x00000000e5000000, 0x00000000e5100000|  0%| F|  |TAMS 0x00000000e5000000| PB 0x00000000e5000000| Untracked 
|  81|0x00000000e5100000, 0x00000000e5100000, 0x00000000e5200000|  0%| F|  |TAMS 0x00000000e5100000| PB 0x00000000e5100000| Untracked 
|  82|0x00000000e5200000, 0x00000000e5200000, 0x00000000e5300000|  0%| F|  |TAMS 0x00000000e5200000| PB 0x00000000e5200000| Untracked 
|  83|0x00000000e5300000, 0x00000000e5300000, 0x00000000e5400000|  0%| F|  |TAMS 0x00000000e5300000| PB 0x00000000e5300000| Untracked 
|  84|0x00000000e5400000, 0x00000000e5400000, 0x00000000e5500000|  0%| F|  |TAMS 0x00000000e5400000| PB 0x00000000e5400000| Untracked 
|  85|0x00000000e5500000, 0x00000000e5500000, 0x00000000e5600000|  0%| F|  |TAMS 0x00000000e5500000| PB 0x00000000e5500000| Untracked 
|  86|0x00000000e5600000, 0x00000000e5600000, 0x00000000e5700000|  0%| F|  |TAMS 0x00000000e5600000| PB 0x00000000e5600000| Untracked 
|  87|0x00000000e5700000, 0x00000000e5700000, 0x00000000e5800000|  0%| F|  |TAMS 0x00000000e5700000| PB 0x00000000e5700000| Untracked 
|  88|0x00000000e5800000, 0x00000000e5800000, 0x00000000e5900000|  0%| F|  |TAMS 0x00000000e5800000| PB 0x00000000e5800000| Untracked 
|  89|0x00000000e5900000, 0x00000000e5900000, 0x00000000e5a00000|  0%| F|  |TAMS 0x00000000e5900000| PB 0x00000000e5900000| Untracked 
|  90|0x00000000e5a00000, 0x00000000e5a00000, 0x00000000e5b00000|  0%| F|  |TAMS 0x00000000e5a00000| PB 0x00000000e5a00000| Untracked 
|  91|0x00000000e5b00000, 0x00000000e5b00000, 0x00000000e5c00000|  0%| F|  |TAMS 0x00000000e5b00000| PB 0x00000000e5b00000| Untracked 
|  92|0x00000000e5c00000, 0x00000000e5c00000, 0x00000000e5d00000|  0%| F|  |TAMS 0x00000000e5c00000| PB 0x00000000e5c00000| Untracked 
|  93|0x00000000e5d00000, 0x00000000e5d00000, 0x00000000e5e00000|  0%| F|  |TAMS 0x00000000e5d00000| PB 0x00000000e5d00000| Untracked 
|  94|0x00000000e5e00000, 0x00000000e5e00000, 0x00000000e5f00000|  0%| F|  |TAMS 0x00000000e5e00000| PB 0x00000000e5e00000| Untracked 
|  95|0x00000000e5f00000, 0x00000000e5f00000, 0x00000000e6000000|  0%| F|  |TAMS 0x00000000e5f00000| PB 0x00000000e5f00000| Untracked 
|  96|0x00000000e6000000, 0x00000000e6000000, 0x00000000e6100000|  0%| F|  |TAMS 0x00000000e6000000| PB 0x00000000e6000000| Untracked 
|  97|0x00000000e6100000, 0x00000000e61e9798, 0x00000000e6200000| 91%| S|CS|TAMS 0x00000000e6100000| PB 0x00000000e6100000| Complete 
|  98|0x00000000e6200000, 0x00000000e6300000, 0x00000000e6300000|100%| S|CS|TAMS 0x00000000e6200000| PB 0x00000000e6200000| Complete 
|  99|0x00000000e6300000, 0x00000000e6400000, 0x00000000e6400000|100%| S|CS|TAMS 0x00000000e6300000| PB 0x00000000e6300000| Complete 
| 100|0x00000000e6400000, 0x00000000e6500000, 0x00000000e6500000|100%| S|CS|TAMS 0x00000000e6400000| PB 0x00000000e6400000| Complete 
| 101|0x00000000e6500000, 0x00000000e6600000, 0x00000000e6600000|100%| S|CS|TAMS 0x00000000e6500000| PB 0x00000000e6500000| Complete 
| 102|0x00000000e6600000, 0x00000000e6700000, 0x00000000e6700000|100%| S|CS|TAMS 0x00000000e6600000| PB 0x00000000e6600000| Complete 
| 103|0x00000000e6700000, 0x00000000e6700000, 0x00000000e6800000|  0%| F|  |TAMS 0x00000000e6700000| PB 0x00000000e6700000| Untracked 
| 104|0x00000000e6800000, 0x00000000e6800000, 0x00000000e6900000|  0%| F|  |TAMS 0x00000000e6800000| PB 0x00000000e6800000| Untracked 
| 105|0x00000000e6900000, 0x00000000e6900000, 0x00000000e6a00000|  0%| F|  |TAMS 0x00000000e6900000| PB 0x00000000e6900000| Untracked 
| 106|0x00000000e6a00000, 0x00000000e6a00000, 0x00000000e6b00000|  0%| F|  |TAMS 0x00000000e6a00000| PB 0x00000000e6a00000| Untracked 
| 107|0x00000000e6b00000, 0x00000000e6b00000, 0x00000000e6c00000|  0%| F|  |TAMS 0x00000000e6b00000| PB 0x00000000e6b00000| Untracked 
| 108|0x00000000e6c00000, 0x00000000e6c00000, 0x00000000e6d00000|  0%| F|  |TAMS 0x00000000e6c00000| PB 0x00000000e6c00000| Untracked 
| 109|0x00000000e6d00000, 0x00000000e6d00000, 0x00000000e6e00000|  0%| F|  |TAMS 0x00000000e6d00000| PB 0x00000000e6d00000| Untracked 
| 110|0x00000000e6e00000, 0x00000000e6e00000, 0x00000000e6f00000|  0%| F|  |TAMS 0x00000000e6e00000| PB 0x00000000e6e00000| Untracked 
| 111|0x00000000e6f00000, 0x00000000e6f00000, 0x00000000e7000000|  0%| F|  |TAMS 0x00000000e6f00000| PB 0x00000000e6f00000| Untracked 
| 112|0x00000000e7000000, 0x00000000e7000000, 0x00000000e7100000|  0%| F|  |TAMS 0x00000000e7000000| PB 0x00000000e7000000| Untracked 
| 113|0x00000000e7100000, 0x00000000e7100000, 0x00000000e7200000|  0%| F|  |TAMS 0x00000000e7100000| PB 0x00000000e7100000| Untracked 
| 114|0x00000000e7200000, 0x00000000e7200000, 0x00000000e7300000|  0%| F|  |TAMS 0x00000000e7200000| PB 0x00000000e7200000| Untracked 
| 115|0x00000000e7300000, 0x00000000e7300000, 0x00000000e7400000|  0%| F|  |TAMS 0x00000000e7300000| PB 0x00000000e7300000| Untracked 
| 116|0x00000000e7400000, 0x00000000e7400000, 0x00000000e7500000|  0%| F|  |TAMS 0x00000000e7400000| PB 0x00000000e7400000| Untracked 
| 117|0x00000000e7500000, 0x00000000e7500000, 0x00000000e7600000|  0%| F|  |TAMS 0x00000000e7500000| PB 0x00000000e7500000| Untracked 
| 118|0x00000000e7600000, 0x00000000e7600000, 0x00000000e7700000|  0%| F|  |TAMS 0x00000000e7600000| PB 0x00000000e7600000| Untracked 
| 119|0x00000000e7700000, 0x00000000e7700000, 0x00000000e7800000|  0%| F|  |TAMS 0x00000000e7700000| PB 0x00000000e7700000| Untracked 
| 120|0x00000000e7800000, 0x00000000e7800000, 0x00000000e7900000|  0%| F|  |TAMS 0x00000000e7800000| PB 0x00000000e7800000| Untracked 
| 121|0x00000000e7900000, 0x00000000e7900000, 0x00000000e7a00000|  0%| F|  |TAMS 0x00000000e7900000| PB 0x00000000e7900000| Untracked 
| 122|0x00000000e7a00000, 0x00000000e7a00000, 0x00000000e7b00000|  0%| F|  |TAMS 0x00000000e7a00000| PB 0x00000000e7a00000| Untracked 
| 123|0x00000000e7b00000, 0x00000000e7b00000, 0x00000000e7c00000|  0%| F|  |TAMS 0x00000000e7b00000| PB 0x00000000e7b00000| Untracked 
| 124|0x00000000e7c00000, 0x00000000e7c00000, 0x00000000e7d00000|  0%| F|  |TAMS 0x00000000e7c00000| PB 0x00000000e7c00000| Untracked 
| 125|0x00000000e7d00000, 0x00000000e7d00000, 0x00000000e7e00000|  0%| F|  |TAMS 0x00000000e7d00000| PB 0x00000000e7d00000| Untracked 
| 126|0x00000000e7e00000, 0x00000000e7e00000, 0x00000000e7f00000|  0%| F|  |TAMS 0x00000000e7e00000| PB 0x00000000e7e00000| Untracked 
| 127|0x00000000e7f00000, 0x00000000e7f00000, 0x00000000e8000000|  0%| F|  |TAMS 0x00000000e7f00000| PB 0x00000000e7f00000| Untracked 
| 128|0x00000000e8000000, 0x00000000e8000000, 0x00000000e8100000|  0%| F|  |TAMS 0x00000000e8000000| PB 0x00000000e8000000| Untracked 
| 129|0x00000000e8100000, 0x00000000e8100000, 0x00000000e8200000|  0%| F|  |TAMS 0x00000000e8100000| PB 0x00000000e8100000| Untracked 
| 130|0x00000000e8200000, 0x00000000e8200000, 0x00000000e8300000|  0%| F|  |TAMS 0x00000000e8200000| PB 0x00000000e8200000| Untracked 
| 131|0x00000000e8300000, 0x00000000e8300000, 0x00000000e8400000|  0%| F|  |TAMS 0x00000000e8300000| PB 0x00000000e8300000| Untracked 
| 132|0x00000000e8400000, 0x00000000e8400000, 0x00000000e8500000|  0%| F|  |TAMS 0x00000000e8400000| PB 0x00000000e8400000| Untracked 
| 133|0x00000000e8500000, 0x00000000e8500000, 0x00000000e8600000|  0%| F|  |TAMS 0x00000000e8500000| PB 0x00000000e8500000| Untracked 
| 134|0x00000000e8600000, 0x00000000e8600000, 0x00000000e8700000|  0%| F|  |TAMS 0x00000000e8600000| PB 0x00000000e8600000| Untracked 
| 135|0x00000000e8700000, 0x00000000e8700000, 0x00000000e8800000|  0%| F|  |TAMS 0x00000000e8700000| PB 0x00000000e8700000| Untracked 
| 136|0x00000000e8800000, 0x00000000e8800000, 0x00000000e8900000|  0%| F|  |TAMS 0x00000000e8800000| PB 0x00000000e8800000| Untracked 
| 137|0x00000000e8900000, 0x00000000e8900000, 0x00000000e8a00000|  0%| F|  |TAMS 0x00000000e8900000| PB 0x00000000e8900000| Untracked 
| 138|0x00000000e8a00000, 0x00000000e8a00000, 0x00000000e8b00000|  0%| F|  |TAMS 0x00000000e8a00000| PB 0x00000000e8a00000| Untracked 
| 139|0x00000000e8b00000, 0x00000000e8b00000, 0x00000000e8c00000|  0%| F|  |TAMS 0x00000000e8b00000| PB 0x00000000e8b00000| Untracked 
| 140|0x00000000e8c00000, 0x00000000e8c00000, 0x00000000e8d00000|  0%| F|  |TAMS 0x00000000e8c00000| PB 0x00000000e8c00000| Untracked 
| 141|0x00000000e8d00000, 0x00000000e8d00000, 0x00000000e8e00000|  0%| F|  |TAMS 0x00000000e8d00000| PB 0x00000000e8d00000| Untracked 
| 142|0x00000000e8e00000, 0x00000000e8e00000, 0x00000000e8f00000|  0%| F|  |TAMS 0x00000000e8e00000| PB 0x00000000e8e00000| Untracked 
| 143|0x00000000e8f00000, 0x00000000e8f00000, 0x00000000e9000000|  0%| F|  |TAMS 0x00000000e8f00000| PB 0x00000000e8f00000| Untracked 
| 144|0x00000000e9000000, 0x00000000e9000000, 0x00000000e9100000|  0%| F|  |TAMS 0x00000000e9000000| PB 0x00000000e9000000| Untracked 
| 145|0x00000000e9100000, 0x00000000e9100000, 0x00000000e9200000|  0%| F|  |TAMS 0x00000000e9100000| PB 0x00000000e9100000| Untracked 
| 146|0x00000000e9200000, 0x00000000e9200000, 0x00000000e9300000|  0%| F|  |TAMS 0x00000000e9200000| PB 0x00000000e9200000| Untracked 
| 147|0x00000000e9300000, 0x00000000e9300000, 0x00000000e9400000|  0%| F|  |TAMS 0x00000000e9300000| PB 0x00000000e9300000| Untracked 
| 148|0x00000000e9400000, 0x00000000e9400000, 0x00000000e9500000|  0%| F|  |TAMS 0x00000000e9400000| PB 0x00000000e9400000| Untracked 
| 149|0x00000000e9500000, 0x00000000e9500000, 0x00000000e9600000|  0%| F|  |TAMS 0x00000000e9500000| PB 0x00000000e9500000| Untracked 
| 150|0x00000000e9600000, 0x00000000e9600000, 0x00000000e9700000|  0%| F|  |TAMS 0x00000000e9600000| PB 0x00000000e9600000| Untracked 
| 151|0x00000000e9700000, 0x00000000e9700000, 0x00000000e9800000|  0%| F|  |TAMS 0x00000000e9700000| PB 0x00000000e9700000| Untracked 
| 152|0x00000000e9800000, 0x00000000e9800000, 0x00000000e9900000|  0%| F|  |TAMS 0x00000000e9800000| PB 0x00000000e9800000| Untracked 
| 153|0x00000000e9900000, 0x00000000e9900000, 0x00000000e9a00000|  0%| F|  |TAMS 0x00000000e9900000| PB 0x00000000e9900000| Untracked 
| 154|0x00000000e9a00000, 0x00000000e9a00000, 0x00000000e9b00000|  0%| F|  |TAMS 0x00000000e9a00000| PB 0x00000000e9a00000| Untracked 
| 155|0x00000000e9b00000, 0x00000000e9b00000, 0x00000000e9c00000|  0%| F|  |TAMS 0x00000000e9b00000| PB 0x00000000e9b00000| Untracked 
| 156|0x00000000e9c00000, 0x00000000e9c00000, 0x00000000e9d00000|  0%| F|  |TAMS 0x00000000e9c00000| PB 0x00000000e9c00000| Untracked 
| 157|0x00000000e9d00000, 0x00000000e9d00000, 0x00000000e9e00000|  0%| F|  |TAMS 0x00000000e9d00000| PB 0x00000000e9d00000| Untracked 
| 158|0x00000000e9e00000, 0x00000000e9e00000, 0x00000000e9f00000|  0%| F|  |TAMS 0x00000000e9e00000| PB 0x00000000e9e00000| Untracked 
| 159|0x00000000e9f00000, 0x00000000e9f00000, 0x00000000ea000000|  0%| F|  |TAMS 0x00000000e9f00000| PB 0x00000000e9f00000| Untracked 
| 160|0x00000000ea000000, 0x00000000ea000000, 0x00000000ea100000|  0%| F|  |TAMS 0x00000000ea000000| PB 0x00000000ea000000| Untracked 
| 161|0x00000000ea100000, 0x00000000ea100000, 0x00000000ea200000|  0%| F|  |TAMS 0x00000000ea100000| PB 0x00000000ea100000| Untracked 
| 162|0x00000000ea200000, 0x00000000ea200000, 0x00000000ea300000|  0%| F|  |TAMS 0x00000000ea200000| PB 0x00000000ea200000| Untracked 
| 163|0x00000000ea300000, 0x00000000ea300000, 0x00000000ea400000|  0%| F|  |TAMS 0x00000000ea300000| PB 0x00000000ea300000| Untracked 
| 164|0x00000000ea400000, 0x00000000ea400000, 0x00000000ea500000|  0%| F|  |TAMS 0x00000000ea400000| PB 0x00000000ea400000| Untracked 
| 165|0x00000000ea500000, 0x00000000ea500000, 0x00000000ea600000|  0%| F|  |TAMS 0x00000000ea500000| PB 0x00000000ea500000| Untracked 
| 166|0x00000000ea600000, 0x00000000ea600000, 0x00000000ea700000|  0%| F|  |TAMS 0x00000000ea600000| PB 0x00000000ea600000| Untracked 
| 167|0x00000000ea700000, 0x00000000ea700000, 0x00000000ea800000|  0%| F|  |TAMS 0x00000000ea700000| PB 0x00000000ea700000| Untracked 
| 168|0x00000000ea800000, 0x00000000ea800000, 0x00000000ea900000|  0%| F|  |TAMS 0x00000000ea800000| PB 0x00000000ea800000| Untracked 
| 169|0x00000000ea900000, 0x00000000ea900000, 0x00000000eaa00000|  0%| F|  |TAMS 0x00000000ea900000| PB 0x00000000ea900000| Untracked 
| 170|0x00000000eaa00000, 0x00000000eaa00000, 0x00000000eab00000|  0%| F|  |TAMS 0x00000000eaa00000| PB 0x00000000eaa00000| Untracked 
| 171|0x00000000eab00000, 0x00000000eab00000, 0x00000000eac00000|  0%| F|  |TAMS 0x00000000eab00000| PB 0x00000000eab00000| Untracked 
| 172|0x00000000eac00000, 0x00000000eac00000, 0x00000000ead00000|  0%| F|  |TAMS 0x00000000eac00000| PB 0x00000000eac00000| Untracked 
| 173|0x00000000ead00000, 0x00000000ead00000, 0x00000000eae00000|  0%| F|  |TAMS 0x00000000ead00000| PB 0x00000000ead00000| Untracked 
| 174|0x00000000eae00000, 0x00000000eae00000, 0x00000000eaf00000|  0%| F|  |TAMS 0x00000000eae00000| PB 0x00000000eae00000| Untracked 
| 175|0x00000000eaf00000, 0x00000000eaf00000, 0x00000000eb000000|  0%| F|  |TAMS 0x00000000eaf00000| PB 0x00000000eaf00000| Untracked 
| 176|0x00000000eb000000, 0x00000000eb000000, 0x00000000eb100000|  0%| F|  |TAMS 0x00000000eb000000| PB 0x00000000eb000000| Untracked 
| 177|0x00000000eb100000, 0x00000000eb100000, 0x00000000eb200000|  0%| F|  |TAMS 0x00000000eb100000| PB 0x00000000eb100000| Untracked 
| 178|0x00000000eb200000, 0x00000000eb200000, 0x00000000eb300000|  0%| F|  |TAMS 0x00000000eb200000| PB 0x00000000eb200000| Untracked 
| 179|0x00000000eb300000, 0x00000000eb300000, 0x00000000eb400000|  0%| F|  |TAMS 0x00000000eb300000| PB 0x00000000eb300000| Untracked 
| 180|0x00000000eb400000, 0x00000000eb400000, 0x00000000eb500000|  0%| F|  |TAMS 0x00000000eb400000| PB 0x00000000eb400000| Untracked 
| 181|0x00000000eb500000, 0x00000000eb500000, 0x00000000eb600000|  0%| F|  |TAMS 0x00000000eb500000| PB 0x00000000eb500000| Untracked 
| 182|0x00000000eb600000, 0x00000000eb600000, 0x00000000eb700000|  0%| F|  |TAMS 0x00000000eb600000| PB 0x00000000eb600000| Untracked 
| 183|0x00000000eb700000, 0x00000000eb700000, 0x00000000eb800000|  0%| F|  |TAMS 0x00000000eb700000| PB 0x00000000eb700000| Untracked 
| 184|0x00000000eb800000, 0x00000000eb800000, 0x00000000eb900000|  0%| F|  |TAMS 0x00000000eb800000| PB 0x00000000eb800000| Untracked 
| 185|0x00000000eb900000, 0x00000000eb900000, 0x00000000eba00000|  0%| F|  |TAMS 0x00000000eb900000| PB 0x00000000eb900000| Untracked 
| 186|0x00000000eba00000, 0x00000000eba00000, 0x00000000ebb00000|  0%| F|  |TAMS 0x00000000eba00000| PB 0x00000000eba00000| Untracked 
| 187|0x00000000ebb00000, 0x00000000ebb00000, 0x00000000ebc00000|  0%| F|  |TAMS 0x00000000ebb00000| PB 0x00000000ebb00000| Untracked 
| 188|0x00000000ebc00000, 0x00000000ebc00000, 0x00000000ebd00000|  0%| F|  |TAMS 0x00000000ebc00000| PB 0x00000000ebc00000| Untracked 
| 189|0x00000000ebd00000, 0x00000000ebd00000, 0x00000000ebe00000|  0%| F|  |TAMS 0x00000000ebd00000| PB 0x00000000ebd00000| Untracked 
| 190|0x00000000ebe00000, 0x00000000ebe00000, 0x00000000ebf00000|  0%| F|  |TAMS 0x00000000ebe00000| PB 0x00000000ebe00000| Untracked 
| 191|0x00000000ebf00000, 0x00000000ebf00000, 0x00000000ec000000|  0%| F|  |TAMS 0x00000000ebf00000| PB 0x00000000ebf00000| Untracked 
| 192|0x00000000ec000000, 0x00000000ec000000, 0x00000000ec100000|  0%| F|  |TAMS 0x00000000ec000000| PB 0x00000000ec000000| Untracked 
| 193|0x00000000ec100000, 0x00000000ec100000, 0x00000000ec200000|  0%| F|  |TAMS 0x00000000ec100000| PB 0x00000000ec100000| Untracked 
| 194|0x00000000ec200000, 0x00000000ec200000, 0x00000000ec300000|  0%| F|  |TAMS 0x00000000ec200000| PB 0x00000000ec200000| Untracked 
| 195|0x00000000ec300000, 0x00000000ec300000, 0x00000000ec400000|  0%| F|  |TAMS 0x00000000ec300000| PB 0x00000000ec300000| Untracked 
| 196|0x00000000ec400000, 0x00000000ec400000, 0x00000000ec500000|  0%| F|  |TAMS 0x00000000ec400000| PB 0x00000000ec400000| Untracked 
| 197|0x00000000ec500000, 0x00000000ec500000, 0x00000000ec600000|  0%| F|  |TAMS 0x00000000ec500000| PB 0x00000000ec500000| Untracked 
| 198|0x00000000ec600000, 0x00000000ec600000, 0x00000000ec700000|  0%| F|  |TAMS 0x00000000ec600000| PB 0x00000000ec600000| Untracked 
| 199|0x00000000ec700000, 0x00000000ec700000, 0x00000000ec800000|  0%| F|  |TAMS 0x00000000ec700000| PB 0x00000000ec700000| Untracked 
| 200|0x00000000ec800000, 0x00000000ec800000, 0x00000000ec900000|  0%| F|  |TAMS 0x00000000ec800000| PB 0x00000000ec800000| Untracked 
| 201|0x00000000ec900000, 0x00000000ec900000, 0x00000000eca00000|  0%| F|  |TAMS 0x00000000ec900000| PB 0x00000000ec900000| Untracked 
| 202|0x00000000eca00000, 0x00000000eca00000, 0x00000000ecb00000|  0%| F|  |TAMS 0x00000000eca00000| PB 0x00000000eca00000| Untracked 
| 203|0x00000000ecb00000, 0x00000000ecbc2158, 0x00000000ecc00000| 75%| E|  |TAMS 0x00000000ecb00000| PB 0x00000000ecb00000| Complete 
| 204|0x00000000ecc00000, 0x00000000ecd00000, 0x00000000ecd00000|100%| E|CS|TAMS 0x00000000ecc00000| PB 0x00000000ecc00000| Complete 
| 205|0x00000000ecd00000, 0x00000000ece00000, 0x00000000ece00000|100%| E|CS|TAMS 0x00000000ecd00000| PB 0x00000000ecd00000| Complete 
| 206|0x00000000ece00000, 0x00000000ecf00000, 0x00000000ecf00000|100%| E|CS|TAMS 0x00000000ece00000| PB 0x00000000ece00000| Complete 
| 207|0x00000000ecf00000, 0x00000000ed000000, 0x00000000ed000000|100%| E|CS|TAMS 0x00000000ecf00000| PB 0x00000000ecf00000| Complete 
| 208|0x00000000ed000000, 0x00000000ed100000, 0x00000000ed100000|100%| E|CS|TAMS 0x00000000ed000000| PB 0x00000000ed000000| Complete 
| 209|0x00000000ed100000, 0x00000000ed200000, 0x00000000ed200000|100%| E|CS|TAMS 0x00000000ed100000| PB 0x00000000ed100000| Complete 
| 210|0x00000000ed200000, 0x00000000ed300000, 0x00000000ed300000|100%| E|CS|TAMS 0x00000000ed200000| PB 0x00000000ed200000| Complete 
| 211|0x00000000ed300000, 0x00000000ed400000, 0x00000000ed400000|100%| E|CS|TAMS 0x00000000ed300000| PB 0x00000000ed300000| Complete 
| 212|0x00000000ed400000, 0x00000000ed500000, 0x00000000ed500000|100%| E|CS|TAMS 0x00000000ed400000| PB 0x00000000ed400000| Complete 
| 213|0x00000000ed500000, 0x00000000ed600000, 0x00000000ed600000|100%| E|CS|TAMS 0x00000000ed500000| PB 0x00000000ed500000| Complete 
| 214|0x00000000ed600000, 0x00000000ed700000, 0x00000000ed700000|100%| E|CS|TAMS 0x00000000ed600000| PB 0x00000000ed600000| Complete 
| 215|0x00000000ed700000, 0x00000000ed800000, 0x00000000ed800000|100%| E|CS|TAMS 0x00000000ed700000| PB 0x00000000ed700000| Complete 
| 216|0x00000000ed800000, 0x00000000ed900000, 0x00000000ed900000|100%| E|CS|TAMS 0x00000000ed800000| PB 0x00000000ed800000| Complete 
| 217|0x00000000ed900000, 0x00000000eda00000, 0x00000000eda00000|100%| E|CS|TAMS 0x00000000ed900000| PB 0x00000000ed900000| Complete 
| 218|0x00000000eda00000, 0x00000000edb00000, 0x00000000edb00000|100%| E|CS|TAMS 0x00000000eda00000| PB 0x00000000eda00000| Complete 
| 219|0x00000000edb00000, 0x00000000edc00000, 0x00000000edc00000|100%| E|CS|TAMS 0x00000000edb00000| PB 0x00000000edb00000| Complete 
| 220|0x00000000edc00000, 0x00000000edd00000, 0x00000000edd00000|100%| E|CS|TAMS 0x00000000edc00000| PB 0x00000000edc00000| Complete 
| 221|0x00000000edd00000, 0x00000000ede00000, 0x00000000ede00000|100%| E|CS|TAMS 0x00000000edd00000| PB 0x00000000edd00000| Complete 
| 222|0x00000000ede00000, 0x00000000edf00000, 0x00000000edf00000|100%| E|CS|TAMS 0x00000000ede00000| PB 0x00000000ede00000| Complete 
| 223|0x00000000edf00000, 0x00000000ee000000, 0x00000000ee000000|100%| E|CS|TAMS 0x00000000edf00000| PB 0x00000000edf00000| Complete 
| 224|0x00000000ee000000, 0x00000000ee100000, 0x00000000ee100000|100%| E|CS|TAMS 0x00000000ee000000| PB 0x00000000ee000000| Complete 
| 225|0x00000000ee100000, 0x00000000ee200000, 0x00000000ee200000|100%| E|CS|TAMS 0x00000000ee100000| PB 0x00000000ee100000| Complete 
| 226|0x00000000ee200000, 0x00000000ee300000, 0x00000000ee300000|100%| E|CS|TAMS 0x00000000ee200000| PB 0x00000000ee200000| Complete 
| 227|0x00000000ee300000, 0x00000000ee400000, 0x00000000ee400000|100%| E|CS|TAMS 0x00000000ee300000| PB 0x00000000ee300000| Complete 
| 228|0x00000000ee400000, 0x00000000ee500000, 0x00000000ee500000|100%| E|CS|TAMS 0x00000000ee400000| PB 0x00000000ee400000| Complete 
| 229|0x00000000ee500000, 0x00000000ee600000, 0x00000000ee600000|100%| E|CS|TAMS 0x00000000ee500000| PB 0x00000000ee500000| Complete 
| 230|0x00000000ee600000, 0x00000000ee700000, 0x00000000ee700000|100%| E|CS|TAMS 0x00000000ee600000| PB 0x00000000ee600000| Complete 
| 231|0x00000000ee700000, 0x00000000ee800000, 0x00000000ee800000|100%| E|CS|TAMS 0x00000000ee700000| PB 0x00000000ee700000| Complete 
| 232|0x00000000ee800000, 0x00000000ee900000, 0x00000000ee900000|100%| E|CS|TAMS 0x00000000ee800000| PB 0x00000000ee800000| Complete 
| 233|0x00000000ee900000, 0x00000000eea00000, 0x00000000eea00000|100%| E|CS|TAMS 0x00000000ee900000| PB 0x00000000ee900000| Complete 
| 234|0x00000000eea00000, 0x00000000eeb00000, 0x00000000eeb00000|100%| E|CS|TAMS 0x00000000eea00000| PB 0x00000000eea00000| Complete 
| 235|0x00000000eeb00000, 0x00000000eec00000, 0x00000000eec00000|100%| E|CS|TAMS 0x00000000eeb00000| PB 0x00000000eeb00000| Complete 
| 236|0x00000000eec00000, 0x00000000eed00000, 0x00000000eed00000|100%| E|CS|TAMS 0x00000000eec00000| PB 0x00000000eec00000| Complete 
| 237|0x00000000eed00000, 0x00000000eee00000, 0x00000000eee00000|100%| E|CS|TAMS 0x00000000eed00000| PB 0x00000000eed00000| Complete 
| 238|0x00000000eee00000, 0x00000000eef00000, 0x00000000eef00000|100%| E|CS|TAMS 0x00000000eee00000| PB 0x00000000eee00000| Complete 
| 239|0x00000000eef00000, 0x00000000ef000000, 0x00000000ef000000|100%| E|CS|TAMS 0x00000000eef00000| PB 0x00000000eef00000| Complete 
| 240|0x00000000ef000000, 0x00000000ef100000, 0x00000000ef100000|100%| E|CS|TAMS 0x00000000ef000000| PB 0x00000000ef000000| Complete 
| 241|0x00000000ef100000, 0x00000000ef200000, 0x00000000ef200000|100%| E|CS|TAMS 0x00000000ef100000| PB 0x00000000ef100000| Complete 
| 242|0x00000000ef200000, 0x00000000ef300000, 0x00000000ef300000|100%| E|CS|TAMS 0x00000000ef200000| PB 0x00000000ef200000| Complete 
| 243|0x00000000ef300000, 0x00000000ef400000, 0x00000000ef400000|100%| E|CS|TAMS 0x00000000ef300000| PB 0x00000000ef300000| Complete 
| 244|0x00000000ef400000, 0x00000000ef500000, 0x00000000ef500000|100%| E|CS|TAMS 0x00000000ef400000| PB 0x00000000ef400000| Complete 
| 245|0x00000000ef500000, 0x00000000ef600000, 0x00000000ef600000|100%| E|CS|TAMS 0x00000000ef500000| PB 0x00000000ef500000| Complete 
| 246|0x00000000ef600000, 0x00000000ef700000, 0x00000000ef700000|100%| E|CS|TAMS 0x00000000ef600000| PB 0x00000000ef600000| Complete 
| 247|0x00000000ef700000, 0x00000000ef800000, 0x00000000ef800000|100%| E|CS|TAMS 0x00000000ef700000| PB 0x00000000ef700000| Complete 
| 248|0x00000000ef800000, 0x00000000ef900000, 0x00000000ef900000|100%| E|CS|TAMS 0x00000000ef800000| PB 0x00000000ef800000| Complete 
| 249|0x00000000ef900000, 0x00000000efa00000, 0x00000000efa00000|100%| E|CS|TAMS 0x00000000ef900000| PB 0x00000000ef900000| Complete 
| 250|0x00000000efa00000, 0x00000000efb00000, 0x00000000efb00000|100%| E|CS|TAMS 0x00000000efa00000| PB 0x00000000efa00000| Complete 
| 251|0x00000000efb00000, 0x00000000efc00000, 0x00000000efc00000|100%| E|CS|TAMS 0x00000000efb00000| PB 0x00000000efb00000| Complete 
| 252|0x00000000efc00000, 0x00000000efd00000, 0x00000000efd00000|100%| E|CS|TAMS 0x00000000efc00000| PB 0x00000000efc00000| Complete 
| 253|0x00000000efd00000, 0x00000000efe00000, 0x00000000efe00000|100%| E|CS|TAMS 0x00000000efd00000| PB 0x00000000efd00000| Complete 
| 254|0x00000000efe00000, 0x00000000eff00000, 0x00000000eff00000|100%| E|CS|TAMS 0x00000000efe00000| PB 0x00000000efe00000| Complete 
| 255|0x00000000eff00000, 0x00000000f0000000, 0x00000000f0000000|100%| E|CS|TAMS 0x00000000eff00000| PB 0x00000000eff00000| Complete 

Card table byte_map: [0x00000243a9fa0000,0x00000243aa0a0000] _byte_map_base: 0x00000243a98a0000

Marking Bits: (CMBitMap*) 0x000002439273c910
 Bits: [0x00000243aa0a0000, 0x00000243aa8a0000)

Polling page: 0x0000024391ee0000

Metaspace:

Usage:
  Non-class:     63.04 MB used.
      Class:      9.60 MB used.
       Both:     72.64 MB used.

Virtual space:
  Non-class space:      128.00 MB reserved,      65.44 MB ( 51%) committed,  2 nodes.
      Class space:      320.00 MB reserved,      11.25 MB (  4%) committed,  1 nodes.
             Both:      448.00 MB reserved,      76.69 MB ( 17%) committed. 

Chunk freelists:
   Non-Class:  15.83 MB
       Class:  5.80 MB
        Both:  21.63 MB

MaxMetaspaceSize: 384.00 MB
CompressedClassSpaceSize: 320.00 MB
Initial GC threshold: 21.00 MB
Current GC threshold: 127.75 MB
CDS: on
 - commit_granule_bytes: 65536.
 - commit_granule_words: 8192.
 - virtual_space_node_default_size: 8388608.
 - enlarge_chunks_in_place: 1.
 - use_allocation_guard: 0.


Internal statistics:

num_allocs_failed_limit: 15.
num_arena_births: 4184.
num_arena_deaths: 2204.
num_vsnodes_births: 3.
num_vsnodes_deaths: 0.
num_space_committed: 1227.
num_space_uncommitted: 0.
num_chunks_returned_to_freelist: 2487.
num_chunks_taken_from_freelist: 8330.
num_chunk_merges: 903.
num_chunk_splits: 5073.
num_chunks_enlarged: 2892.
num_inconsistent_stats: 0.

CodeHeap 'non-profiled nmethods': size=120000Kb used=10833Kb max_used=11585Kb free=109167Kb
 bounds [0x00000243a2640000, 0x00000243a31a0000, 0x00000243a9b70000]
CodeHeap 'profiled nmethods': size=120000Kb used=25937Kb max_used=33077Kb free=94063Kb
 bounds [0x000002439ab70000, 0x000002439cbc0000, 0x00000243a20a0000]
CodeHeap 'non-nmethods': size=5760Kb used=3048Kb max_used=3098Kb free=2711Kb
 bounds [0x00000243a20a0000, 0x00000243a23c0000, 0x00000243a2640000]
 total_blobs=14185 nmethods=13274 adapters=814
 compilation: enabled
              stopped_count=0, restarted_count=0
 full_count=0

Compilation events (20 events):
Event: 1327.541 Thread 0x00000243ad3197f0 nmethod 19130 0x000002439ada2b90 code [0x000002439ada2d40, 0x000002439ada2f28]
Event: 1327.541 Thread 0x00000243ad3197f0 19131       3       com.google.common.collect.MapMakerInternalMap$Segment::<init> (30 bytes)
Event: 1327.561 Thread 0x00000243ad3197f0 nmethod 19131 0x000002439ac2a310 code [0x000002439ac2a540, 0x000002439ac2b090]
Event: 1327.561 Thread 0x00000243ad3197f0 19132       3       com.google.common.collect.MapMakerInternalMap$Segment::initTable (18 bytes)
Event: 1327.562 Thread 0x00000243ad3197f0 nmethod 19132 0x000002439ad3b990 code [0x000002439ad3bb40, 0x000002439ad3bd58]
Event: 1327.757 Thread 0x00000243ad3197f0 19133       3       org.gradle.api.internal.file.DefaultFileCollectionFactory::withResolver (43 bytes)
Event: 1327.788 Thread 0x00000243ad3197f0 nmethod 19133 0x000002439ad40210 code [0x000002439ad403c0, 0x000002439ad40608]
Event: 1327.996 Thread 0x00000243ad3197f0 19134       1       org.gradle.initialization.DefaultSettings::getServices (5 bytes)
Event: 1327.996 Thread 0x00000243ad3197f0 nmethod 19134 0x00000243a27b7290 code [0x00000243a27b7420, 0x00000243a27b74e8]
Event: 1328.142 Thread 0x00000243ad3197f0 19135   !   3       org.apache.tools.ant.DirectoryScanner::getDefaultExcludes (29 bytes)
Event: 1328.151 Thread 0x00000243ad3197f0 nmethod 19135 0x000002439ae58b90 code [0x000002439ae58d80, 0x000002439ae59300]
Event: 1328.161 Thread 0x00000243ad3197f0 19136       3       org.gradle.internal.deprecation.Documentation$SerializableDocumentation::<init> (5 bytes)
Event: 1328.164 Thread 0x00000243ad3197f0 nmethod 19136 0x000002439ad43510 code [0x000002439ad436c0, 0x000002439ad438e8]
Event: 1328.164 Thread 0x00000243ad3197f0 19137       3       org.gradle.internal.deprecation.Documentation$SerializableDocumentation::<init> (5 bytes)
Event: 1328.165 Thread 0x00000243ad3197f0 nmethod 19137 0x000002439ada6090 code [0x000002439ada6240, 0x000002439ada6408]
Event: 1328.165 Thread 0x00000243ad3197f0 19138       3       org.gradle.internal.deprecation.Documentation::<init> (5 bytes)
Event: 1328.165 Thread 0x00000243ad3197f0 nmethod 19138 0x000002439aeb7b90 code [0x000002439aeb7d40, 0x000002439aeb7ea8]
Event: 1328.205 Thread 0x00000243ad3144a0 19139       4       java.net.URI$Parser::parse (243 bytes)
Event: 1328.290 Thread 0x00000243ad3197f0 19140       3       java.lang.invoke.BoundMethodHandle$Species_L::copyWith (14 bytes)
Event: 1328.293 Thread 0x00000243ad3197f0 nmethod 19140 0x000002439ad48510 code [0x000002439ad486c0, 0x000002439ad48940]

GC Heap History (20 events):
Event: 81.916 GC heap before
{Heap before GC invocations=14 (full 0):
 garbage-first heap   total 262144K, used 205600K [0x00000000e0000000, 0x0000000100000000)
  region size 1024K, 153 young (156672K), 16 survivors (16384K)
 Metaspace       used 72870K, committed 74944K, reserved 393216K
  class space    used 10210K, committed 11264K, reserved 327680K
}
Event: 82.108 GC heap after
{Heap after GC invocations=15 (full 0):
 garbage-first heap   total 262144K, used 68258K [0x00000000e0000000, 0x0000000100000000)
  region size 1024K, 7 young (7168K), 7 survivors (7168K)
 Metaspace       used 72870K, committed 74944K, reserved 393216K
  class space    used 10210K, committed 11264K, reserved 327680K
}
Event: 116.655 GC heap before
{Heap before GC invocations=15 (full 0):
 garbage-first heap   total 262144K, used 216738K [0x00000000e0000000, 0x0000000100000000)
  region size 1024K, 153 young (156672K), 7 survivors (7168K)
 Metaspace       used 73728K, committed 75904K, reserved 393216K
  class space    used 10218K, committed 11328K, reserved 327680K
}
Event: 116.676 GC heap after
{Heap after GC invocations=16 (full 0):
 garbage-first heap   total 262144K, used 68222K [0x00000000e0000000, 0x0000000100000000)
  region size 1024K, 7 young (7168K), 7 survivors (7168K)
 Metaspace       used 73728K, committed 75904K, reserved 393216K
  class space    used 10218K, committed 11328K, reserved 327680K
}
Event: 168.041 GC heap before
{Heap before GC invocations=16 (full 0):
 garbage-first heap   total 262144K, used 216702K [0x00000000e0000000, 0x0000000100000000)
  region size 1024K, 153 young (156672K), 7 survivors (7168K)
 Metaspace       used 75032K, committed 77376K, reserved 458752K
  class space    used 10333K, committed 11520K, reserved 327680K
}
Event: 168.119 GC heap after
{Heap after GC invocations=17 (full 0):
 garbage-first heap   total 262144K, used 70455K [0x00000000e0000000, 0x0000000100000000)
  region size 1024K, 9 young (9216K), 9 survivors (9216K)
 Metaspace       used 75032K, committed 77376K, reserved 458752K
  class space    used 10333K, committed 11520K, reserved 327680K
}
Event: 335.569 GC heap before
{Heap before GC invocations=18 (full 0):
 garbage-first heap   total 262144K, used 216887K [0x00000000e0000000, 0x0000000100000000)
  region size 1024K, 153 young (156672K), 9 survivors (9216K)
 Metaspace       used 75574K, committed 77888K, reserved 458752K
  class space    used 10336K, committed 11520K, reserved 327680K
}
Event: 335.652 GC heap after
{Heap after GC invocations=19 (full 0):
 garbage-first heap   total 262144K, used 67780K [0x00000000e0000000, 0x0000000100000000)
  region size 1024K, 6 young (6144K), 6 survivors (6144K)
 Metaspace       used 75574K, committed 77888K, reserved 458752K
  class space    used 10336K, committed 11520K, reserved 327680K
}
Event: 360.326 GC heap before
{Heap before GC invocations=19 (full 0):
 garbage-first heap   total 262144K, used 217284K [0x00000000e0000000, 0x0000000100000000)
  region size 1024K, 153 young (156672K), 6 survivors (6144K)
 Metaspace       used 75760K, committed 78016K, reserved 458752K
  class space    used 10338K, committed 11520K, reserved 327680K
}
Event: 360.340 GC heap after
{Heap after GC invocations=20 (full 0):
 garbage-first heap   total 262144K, used 66493K [0x00000000e0000000, 0x0000000100000000)
  region size 1024K, 6 young (6144K), 6 survivors (6144K)
 Metaspace       used 75760K, committed 78016K, reserved 458752K
  class space    used 10338K, committed 11520K, reserved 327680K
}
Event: 365.413 GC heap before
{Heap before GC invocations=20 (full 0):
 garbage-first heap   total 262144K, used 215997K [0x00000000e0000000, 0x0000000100000000)
  region size 1024K, 153 young (156672K), 6 survivors (6144K)
 Metaspace       used 75990K, committed 78272K, reserved 458752K
  class space    used 10343K, committed 11520K, reserved 327680K
}
Event: 365.440 GC heap after
{Heap after GC invocations=21 (full 0):
 garbage-first heap   total 262144K, used 69385K [0x00000000e0000000, 0x0000000100000000)
  region size 1024K, 10 young (10240K), 10 survivors (10240K)
 Metaspace       used 75990K, committed 78272K, reserved 458752K
  class space    used 10343K, committed 11520K, reserved 327680K
}
Event: 462.626 GC heap before
{Heap before GC invocations=21 (full 0):
 garbage-first heap   total 262144K, used 214793K [0x00000000e0000000, 0x0000000100000000)
  region size 1024K, 153 young (156672K), 10 survivors (10240K)
 Metaspace       used 76175K, committed 78464K, reserved 458752K
  class space    used 10345K, committed 11520K, reserved 327680K
}
Event: 462.717 GC heap after
{Heap after GC invocations=22 (full 0):
 garbage-first heap   total 262144K, used 66638K [0x00000000e0000000, 0x0000000100000000)
  region size 1024K, 7 young (7168K), 7 survivors (7168K)
 Metaspace       used 76175K, committed 78464K, reserved 458752K
  class space    used 10345K, committed 11520K, reserved 327680K
}
Event: 484.988 GC heap before
{Heap before GC invocations=23 (full 0):
 garbage-first heap   total 262144K, used 215118K [0x00000000e0000000, 0x0000000100000000)
  region size 1024K, 153 young (156672K), 7 survivors (7168K)
 Metaspace       used 74102K, committed 78464K, reserved 458752K
  class space    used 9826K, committed 11520K, reserved 327680K
}
Event: 485.034 GC heap after
{Heap after GC invocations=24 (full 0):
 garbage-first heap   total 262144K, used 66435K [0x00000000e0000000, 0x0000000100000000)
  region size 1024K, 7 young (7168K), 7 survivors (7168K)
 Metaspace       used 74102K, committed 78464K, reserved 458752K
  class space    used 9826K, committed 11520K, reserved 327680K
}
Event: 631.734 GC heap before
{Heap before GC invocations=24 (full 0):
 garbage-first heap   total 262144K, used 214915K [0x00000000e0000000, 0x0000000100000000)
  region size 1024K, 153 young (156672K), 7 survivors (7168K)
 Metaspace       used 74364K, committed 78464K, reserved 458752K
  class space    used 9855K, committed 11520K, reserved 327680K
}
Event: 631.804 GC heap after
{Heap after GC invocations=25 (full 0):
 garbage-first heap   total 262144K, used 62499K [0x00000000e0000000, 0x0000000100000000)
  region size 1024K, 6 young (6144K), 6 survivors (6144K)
 Metaspace       used 74364K, committed 78464K, reserved 458752K
  class space    used 9855K, committed 11520K, reserved 327680K
}
Event: 656.970 GC heap before
{Heap before GC invocations=25 (full 0):
 garbage-first heap   total 262144K, used 213027K [0x00000000e0000000, 0x0000000100000000)
  region size 1024K, 153 young (156672K), 6 survivors (6144K)
 Metaspace       used 74484K, committed 78528K, reserved 458752K
  class space    used 9856K, committed 11520K, reserved 327680K
}
Event: 657.041 GC heap after
{Heap after GC invocations=26 (full 0):
 garbage-first heap   total 262144K, used 62576K [0x00000000e0000000, 0x0000000100000000)
  region size 1024K, 6 young (6144K), 6 survivors (6144K)
 Metaspace       used 74484K, committed 78528K, reserved 458752K
  class space    used 9856K, committed 11520K, reserved 327680K
}

Dll operation events (15 events):
Event: 0.010 Loaded shared library C:\Program Files\Java\jdk-21\bin\java.dll
Event: 0.048 Loaded shared library C:\Program Files\Java\jdk-21\bin\jsvml.dll
Event: 0.101 Loaded shared library C:\Program Files\Java\jdk-21\bin\zip.dll
Event: 0.104 Loaded shared library C:\Program Files\Java\jdk-21\bin\instrument.dll
Event: 0.110 Loaded shared library C:\Program Files\Java\jdk-21\bin\net.dll
Event: 0.112 Loaded shared library C:\Program Files\Java\jdk-21\bin\nio.dll
Event: 0.115 Loaded shared library C:\Program Files\Java\jdk-21\bin\zip.dll
Event: 0.421 Loaded shared library C:\Program Files\Java\jdk-21\bin\jimage.dll
Event: 0.615 Loaded shared library C:\Program Files\Java\jdk-21\bin\verify.dll
Event: 0.771 Loaded shared library C:\Users\IBM\.gradle\native\c067742578af261105cb4f569cf0c3c89f3d7b1fecec35dd04571415982c5e48\windows-amd64\native-platform.dll
Event: 0.783 Loaded shared library C:\Users\IBM\.gradle\native\100fb08df4bc3b14c8652ba06237920a3bd2aa13389f12d3474272988ae205f9\windows-amd64\native-platform-file-events.dll
Event: 1.993 Loaded shared library C:\Program Files\Java\jdk-21\bin\management.dll
Event: 2.011 Loaded shared library C:\Program Files\Java\jdk-21\bin\management_ext.dll
Event: 2.212 Loaded shared library C:\Program Files\Java\jdk-21\bin\extnet.dll
Event: 2.345 Loaded shared library C:\Program Files\Java\jdk-21\bin\sunmscapi.dll

Deoptimization events (20 events):
Event: 656.008 Thread 0x00000243ccd1c550 DEOPT PACKING pc=0x00000243a313aa68 sp=0x0000004e75cf84c0
Event: 656.008 Thread 0x00000243ccd1c550 DEOPT UNPACKING pc=0x00000243a20f7da2 sp=0x0000004e75cf8490 mode 2
Event: 656.011 Thread 0x00000243ccd1c550 Uncommon trap: trap_request=0xffffffbe fr.pc=0x00000243a313aa68 relative=0x0000000000001988
Event: 656.011 Thread 0x00000243ccd1c550 Uncommon trap: reason=profile_predicate action=maybe_recompile pc=0x00000243a313aa68 method=org.gradle.internal.component.external.model.maven.DefaultMavenModuleResolveMetadata.filterDependencies(Lorg/gradle/internal/component/external/model/DefaultConfig
Event: 656.011 Thread 0x00000243ccd1c550 DEOPT PACKING pc=0x00000243a313aa68 sp=0x0000004e75cf84c0
Event: 656.011 Thread 0x00000243ccd1c550 DEOPT UNPACKING pc=0x00000243a20f7da2 sp=0x0000004e75cf8490 mode 2
Event: 656.019 Thread 0x00000243ccd1c550 DEOPT PACKING pc=0x000002439b64166a sp=0x0000004e75cf7f40
Event: 656.019 Thread 0x00000243ccd1c550 DEOPT UNPACKING pc=0x00000243a20f88e2 sp=0x0000004e75cf72d8 mode 0
Event: 658.228 Thread 0x00000243ca426f20 Uncommon trap: trap_request=0xffffff45 fr.pc=0x00000243a2b9821c relative=0x00000000000019bc
Event: 658.228 Thread 0x00000243ca426f20 Uncommon trap: reason=unstable_if action=reinterpret pc=0x00000243a2b9821c method=java.io.ClassCache.processQueue()V @ 9 c2
Event: 658.228 Thread 0x00000243ca426f20 DEOPT PACKING pc=0x00000243a2b9821c sp=0x0000004e760ff1e0
Event: 658.228 Thread 0x00000243ca426f20 DEOPT UNPACKING pc=0x00000243a20f7da2 sp=0x0000004e760ff038 mode 2
Event: 658.230 Thread 0x00000243ca426f20 Uncommon trap: trap_request=0xffffff45 fr.pc=0x00000243a2b87264 relative=0x0000000000000184
Event: 658.230 Thread 0x00000243ca426f20 Uncommon trap: reason=unstable_if action=reinterpret pc=0x00000243a2b87264 method=java.lang.ClassValue.match(Ljava/lang/ClassValue$Entry;)Z @ 12 c2
Event: 658.230 Thread 0x00000243ca426f20 DEOPT PACKING pc=0x00000243a2b87264 sp=0x0000004e760ff060
Event: 658.230 Thread 0x00000243ca426f20 DEOPT UNPACKING pc=0x00000243a20f7da2 sp=0x0000004e760fefc0 mode 2
Event: 658.326 Thread 0x00000243c9452df0 Uncommon trap: trap_request=0xffffffd6 fr.pc=0x00000243a3125cb4 relative=0x0000000000003374
Event: 658.326 Thread 0x00000243c9452df0 Uncommon trap: reason=array_check action=maybe_recompile pc=0x00000243a3125cb4 method=java.util.TimSort.binarySort([Ljava/lang/Object;IIILjava/util/Comparator;)V @ 215 c2
Event: 658.326 Thread 0x00000243c9452df0 DEOPT PACKING pc=0x00000243a3125cb4 sp=0x0000004e7d2fd0c0
Event: 658.327 Thread 0x00000243c9452df0 DEOPT UNPACKING pc=0x00000243a20f7da2 sp=0x0000004e7d2fcf68 mode 2

Classes loaded (20 events):
Event: 117.393 Loading class java/util/function/ToIntBiFunction
Event: 117.393 Loading class java/util/function/ToIntBiFunction done
Event: 117.416 Loading class java/lang/runtime/ObjectMethods
Event: 117.420 Loading class java/lang/runtime/ObjectMethods done
Event: 117.426 Loading class java/lang/invoke/MethodHandleImpl$Makers
Event: 117.426 Loading class java/lang/invoke/MethodHandleImpl$Makers done
Event: 117.426 Loading class java/lang/invoke/MethodHandleImpl$Makers$1
Event: 117.427 Loading class java/lang/invoke/MethodHandleImpl$Makers$1 done
Event: 117.427 Loading class java/lang/invoke/MethodHandleImpl$Makers$2
Event: 117.427 Loading class java/lang/invoke/MethodHandleImpl$Makers$2 done
Event: 117.427 Loading class java/lang/invoke/MethodHandleImpl$Makers$3
Event: 117.427 Loading class java/lang/invoke/MethodHandleImpl$Makers$3 done
Event: 117.438 Loading class java/lang/runtime/ObjectMethods$1
Event: 117.438 Loading class java/lang/runtime/ObjectMethods$1 done
Event: 117.447 Loading class java/lang/invoke/DirectMethodHandle$1
Event: 117.448 Loading class java/lang/invoke/DirectMethodHandle$1 done
Event: 117.468 Loading class sun/nio/ch/ChannelOutputStream
Event: 117.469 Loading class sun/nio/ch/ChannelOutputStream done
Event: 164.233 Loading class sun/net/ConnectionResetException
Event: 164.235 Loading class sun/net/ConnectionResetException done

Classes unloaded (20 events):
Event: 657.470 Thread 0x00000243ad2dec50 Unloading class 0x00000243afae2000 'jdk/internal/reflect/GeneratedSerializationConstructorAccessor33'
Event: 657.471 Thread 0x00000243ad2dec50 Unloading class 0x00000243afae1c00 'jdk/internal/reflect/GeneratedSerializationConstructorAccessor32'
Event: 657.471 Thread 0x00000243ad2dec50 Unloading class 0x00000243afae1800 'jdk/internal/reflect/GeneratedSerializationConstructorAccessor31'
Event: 657.471 Thread 0x00000243ad2dec50 Unloading class 0x00000243afae1400 'jdk/internal/reflect/GeneratedSerializationConstructorAccessor30'
Event: 657.471 Thread 0x00000243ad2dec50 Unloading class 0x00000243afae1000 'jdk/internal/reflect/GeneratedSerializationConstructorAccessor29'
Event: 657.471 Thread 0x00000243ad2dec50 Unloading class 0x00000243afae0c00 'jdk/internal/reflect/GeneratedSerializationConstructorAccessor28'
Event: 657.471 Thread 0x00000243ad2dec50 Unloading class 0x00000243afae0800 'jdk/internal/reflect/GeneratedSerializationConstructorAccessor27'
Event: 657.471 Thread 0x00000243ad2dec50 Unloading class 0x00000243afae0400 'jdk/internal/reflect/GeneratedSerializationConstructorAccessor26'
Event: 657.471 Thread 0x00000243ad2dec50 Unloading class 0x00000243afae0000 'jdk/internal/reflect/GeneratedSerializationConstructorAccessor25'
Event: 657.471 Thread 0x00000243ad2dec50 Unloading class 0x00000243aface400 'jdk/internal/reflect/GeneratedSerializationConstructorAccessor24'
Event: 657.471 Thread 0x00000243ad2dec50 Unloading class 0x00000243aface000 'jdk/internal/reflect/GeneratedSerializationConstructorAccessor23'
Event: 657.472 Thread 0x00000243ad2dec50 Unloading class 0x00000243afaccc00 'jdk/internal/reflect/GeneratedSerializationConstructorAccessor18'
Event: 657.472 Thread 0x00000243ad2dec50 Unloading class 0x00000243af9dd800 'java/lang/invoke/LambdaForm$MH+0x00000243af9dd800'
Event: 657.472 Thread 0x00000243ad2dec50 Unloading class 0x00000243af54c800 'java/lang/invoke/LambdaForm$MH+0x00000243af54c800'
Event: 657.472 Thread 0x00000243ad2dec50 Unloading class 0x00000243af418c00 'java/lang/invoke/LambdaForm$MH+0x00000243af418c00'
Event: 657.472 Thread 0x00000243ad2dec50 Unloading class 0x00000243af32b800 'java/lang/invoke/LambdaForm$MH+0x00000243af32b800'
Event: 657.472 Thread 0x00000243ad2dec50 Unloading class 0x00000243af324000 'java/lang/invoke/LambdaForm$MH+0x00000243af324000'
Event: 657.473 Thread 0x00000243ad2dec50 Unloading class 0x00000243af199000 'java/lang/invoke/LambdaForm$MH+0x00000243af199000'
Event: 657.473 Thread 0x00000243ad2dec50 Unloading class 0x00000243af10c400 'java/lang/invoke/LambdaForm$MH+0x00000243af10c400'
Event: 657.473 Thread 0x00000243ad2dec50 Unloading class 0x00000243af018400 'java/lang/invoke/LambdaForm$MH+0x00000243af018400'

Classes redefined (0 events):
No events

Internal exceptions (20 events):
Event: 631.051 Thread 0x00000243ccd1c550 Exception <a 'java/lang/NoClassDefFoundError'{0x00000000e8ed87e0}: org/cyclonedx/gradle/CycloneDxPlugin> (0x00000000e8ed87e0) 
thrown [s\open\src\hotspot\share\oops\constantPool.cpp, line 871]
Event: 637.888 Thread 0x00000243ccd1c550 Exception <a 'sun/nio/fs/WindowsException'{0x00000000eda946f0}> (0x00000000eda946f0) 
thrown [s\open\src\hotspot\share\prims\jni.cpp, line 520]
Event: 637.888 Thread 0x00000243ccd1c550 Exception <a 'sun/nio/fs/WindowsException'{0x00000000eda95ab8}> (0x00000000eda95ab8) 
thrown [s\open\src\hotspot\share\prims\jni.cpp, line 520]
Event: 637.888 Thread 0x00000243ccd1c550 Exception <a 'sun/nio/fs/WindowsException'{0x00000000eda96e70}> (0x00000000eda96e70) 
thrown [s\open\src\hotspot\share\prims\jni.cpp, line 520]
Event: 637.888 Thread 0x00000243ccd1c550 Exception <a 'sun/nio/fs/WindowsException'{0x00000000eda98228}> (0x00000000eda98228) 
thrown [s\open\src\hotspot\share\prims\jni.cpp, line 520]
Event: 638.024 Thread 0x00000243ccd1c550 Exception <a 'java/lang/NoClassDefFoundError'{0x00000000ed5dd720}: org/jetbrains/kotlin/gradle/plugin/KotlinPluginWrapper> (0x00000000ed5dd720) 
thrown [s\open\src\hotspot\share\oops\constantPool.cpp, line 871]
Event: 638.025 Thread 0x00000243ccd1c550 Exception <a 'java/lang/NoClassDefFoundError'{0x00000000ed5df878}: org/graalvm/buildtools/gradle/NativeImagePlugin> (0x00000000ed5df878) 
thrown [s\open\src\hotspot\share\oops\constantPool.cpp, line 871]
Event: 638.025 Thread 0x00000243ccd1c550 Exception <a 'java/lang/NoClassDefFoundError'{0x00000000ed5e19c0}: org/cyclonedx/gradle/CycloneDxPlugin> (0x00000000ed5e19c0) 
thrown [s\open\src\hotspot\share\oops\constantPool.cpp, line 871]
Event: 655.484 Thread 0x00000243ccd1c550 Implicit null exception at 0x00000243a289b534 to 0x00000243a28a0eb0
Event: 655.524 Thread 0x00000243ccd1c550 Exception <a 'sun/nio/fs/WindowsException'{0x00000000e91b7928}> (0x00000000e91b7928) 
thrown [s\open\src\hotspot\share\prims\jni.cpp, line 520]
Event: 655.526 Thread 0x00000243ccd1c550 Exception <a 'sun/nio/fs/WindowsException'{0x00000000e91b8cf0}> (0x00000000e91b8cf0) 
thrown [s\open\src\hotspot\share\prims\jni.cpp, line 520]
Event: 655.527 Thread 0x00000243ccd1c550 Exception <a 'sun/nio/fs/WindowsException'{0x00000000e91ba0a8}> (0x00000000e91ba0a8) 
thrown [s\open\src\hotspot\share\prims\jni.cpp, line 520]
Event: 655.527 Thread 0x00000243ccd1c550 Exception <a 'sun/nio/fs/WindowsException'{0x00000000e91bb460}> (0x00000000e91bb460) 
thrown [s\open\src\hotspot\share\prims\jni.cpp, line 520]
Event: 656.323 Thread 0x00000243ccd1c550 Exception <a 'java/lang/NoClassDefFoundError'{0x00000000e8cdaef8}: org/jetbrains/kotlin/gradle/plugin/KotlinPluginWrapper> (0x00000000e8cdaef8) 
thrown [s\open\src\hotspot\share\oops\constantPool.cpp, line 871]
Event: 656.323 Thread 0x00000243ccd1c550 Exception <a 'java/lang/NoClassDefFoundError'{0x00000000e8cdd050}: org/graalvm/buildtools/gradle/NativeImagePlugin> (0x00000000e8cdd050) 
thrown [s\open\src\hotspot\share\oops\constantPool.cpp, line 871]
Event: 656.323 Thread 0x00000243ccd1c550 Exception <a 'java/lang/NoClassDefFoundError'{0x00000000e8cdf198}: org/cyclonedx/gradle/CycloneDxPlugin> (0x00000000e8cdf198) 
thrown [s\open\src\hotspot\share\oops\constantPool.cpp, line 871]
Event: 1328.060 Thread 0x00000243c94520d0 Exception <a 'sun/nio/fs/WindowsException'{0x00000000ecb789d0}> (0x00000000ecb789d0) 
thrown [s\open\src\hotspot\share\prims\jni.cpp, line 520]
Event: 1328.069 Thread 0x00000243c94520d0 Exception <a 'sun/nio/fs/WindowsException'{0x00000000ecb79d98}> (0x00000000ecb79d98) 
thrown [s\open\src\hotspot\share\prims\jni.cpp, line 520]
Event: 1328.070 Thread 0x00000243c94520d0 Exception <a 'sun/nio/fs/WindowsException'{0x00000000ecb7ea38}> (0x00000000ecb7ea38) 
thrown [s\open\src\hotspot\share\prims\jni.cpp, line 520]
Event: 1328.071 Thread 0x00000243c94520d0 Exception <a 'sun/nio/fs/WindowsException'{0x00000000ecb7fdf0}> (0x00000000ecb7fdf0) 
thrown [s\open\src\hotspot\share\prims\jni.cpp, line 520]

ZGC Phase Switch (0 events):
No events

VM Operations (20 events):
Event: 932.900 Executing VM operation: Cleanup
Event: 932.900 Executing VM operation: Cleanup done
Event: 953.125 Executing VM operation: Cleanup
Event: 953.125 Executing VM operation: Cleanup done
Event: 977.390 Executing VM operation: Cleanup
Event: 977.390 Executing VM operation: Cleanup done
Event: 1017.779 Executing VM operation: Cleanup
Event: 1017.780 Executing VM operation: Cleanup done
Event: 1036.969 Executing VM operation: Cleanup
Event: 1036.969 Executing VM operation: Cleanup done
Event: 1072.343 Executing VM operation: Cleanup
Event: 1072.344 Executing VM operation: Cleanup done
Event: 1143.012 Executing VM operation: Cleanup
Event: 1143.012 Executing VM operation: Cleanup done
Event: 1242.938 Executing VM operation: Cleanup
Event: 1242.941 Executing VM operation: Cleanup done
Event: 1325.706 Executing VM operation: Cleanup
Event: 1325.711 Executing VM operation: Cleanup done
Event: 1327.724 Executing VM operation: Cleanup
Event: 1327.724 Executing VM operation: Cleanup done

Events (20 events):
Event: 718.484 Thread 0x00000243c893db90 Thread exited: 0x00000243c893db90
Event: 776.438 Thread 0x00000243cd17e410 Thread exited: 0x00000243cd17e410
Event: 836.446 Thread 0x00000243c90701f0 Thread exited: 0x00000243c90701f0
Event: 896.462 Thread 0x00000243c906c050 Thread exited: 0x00000243c906c050
Event: 956.471 Thread 0x00000243ccf9e680 Thread exited: 0x00000243ccf9e680
Event: 1016.474 Thread 0x00000243ccf9d960 Thread exited: 0x00000243ccf9d960
Event: 1076.481 Thread 0x00000243cd179be0 Thread exited: 0x00000243cd179be0
Event: 1311.970 Thread 0x00000243c9452df0 Thread added: 0x00000243c9452df0
Event: 1324.467 Thread 0x00000243c9450d20 Thread added: 0x00000243c9450d20
Event: 1324.498 Thread 0x00000243c94513b0 Thread added: 0x00000243c94513b0
Event: 1324.651 Thread 0x00000243c9450000 Thread added: 0x00000243c9450000
Event: 1324.723 Thread 0x00000243c94520d0 Thread added: 0x00000243c94520d0
Event: 1324.840 Thread 0x00000243c9450690 Thread added: 0x00000243c9450690
Event: 1324.961 Thread 0x00000243cd17a900 Thread added: 0x00000243cd17a900
Event: 1325.034 Thread 0x00000243cd177b10 Thread added: 0x00000243cd177b10
Event: 1326.430 Thread 0x00000243cd17af90 Thread added: 0x00000243cd17af90
Event: 1326.570 Thread 0x00000243cd179550 Thread added: 0x00000243cd179550
Event: 1327.412 Thread 0x00000243cd178ec0 Thread added: 0x00000243cd178ec0
Event: 1327.539 Thread 0x00000243cd1781a0 Thread added: 0x00000243cd1781a0
Event: 1327.591 Thread 0x00000243cd17a270 Thread added: 0x00000243cd17a270


Dynamic libraries:
0x00007ff629390000 - 0x00007ff6293a0000 	C:\Program Files\Java\jdk-21\bin\java.exe
0x00007fff0b080000 - 0x00007fff0b289000 	C:\Windows\SYSTEM32\ntdll.dll
0x00007fff09dd0000 - 0x00007fff09e8d000 	C:\Windows\System32\KERNEL32.DLL
0x00007fff08580000 - 0x00007fff08904000 	C:\Windows\System32\KERNELBASE.dll
0x00007fff08910000 - 0x00007fff08a21000 	C:\Windows\System32\ucrtbase.dll
0x00007fff00480000 - 0x00007fff00499000 	C:\Program Files\Java\jdk-21\bin\jli.dll
0x00007ffef84b0000 - 0x00007ffef84cb000 	C:\Program Files\Java\jdk-21\bin\VCRUNTIME140.dll
0x00007fff0a4e0000 - 0x00007fff0a58e000 	C:\Windows\System32\ADVAPI32.dll
0x00007fff09c10000 - 0x00007fff09cb3000 	C:\Windows\System32\msvcrt.dll
0x00007fff0a420000 - 0x00007fff0a4be000 	C:\Windows\System32\sechost.dll
0x00007fff0a590000 - 0x00007fff0a6b1000 	C:\Windows\System32\RPCRT4.dll
0x00007fff0ae90000 - 0x00007fff0b03d000 	C:\Windows\System32\USER32.dll
0x00007ffeef380000 - 0x00007ffeef625000 	C:\Windows\WinSxS\amd64_microsoft.windows.common-controls_6595b64144ccf1df_6.0.22000.120_none_9d947278b86cc467\COMCTL32.dll
0x00007fff08a30000 - 0x00007fff08a56000 	C:\Windows\System32\win32u.dll
0x00007fff09070000 - 0x00007fff0909a000 	C:\Windows\System32\GDI32.dll
0x00007fff08a60000 - 0x00007fff08b7e000 	C:\Windows\System32\gdi32full.dll
0x00007fff08e30000 - 0x00007fff08ecd000 	C:\Windows\System32\msvcp_win.dll
0x00007ffefb440000 - 0x00007ffefb44a000 	C:\Windows\SYSTEM32\VERSION.dll
0x00007fff09310000 - 0x00007fff09341000 	C:\Windows\System32\IMM32.DLL
0x00007fff04850000 - 0x00007fff0485c000 	C:\Program Files\Java\jdk-21\bin\vcruntime140_1.dll
0x00007ffed11c0000 - 0x00007ffed124e000 	C:\Program Files\Java\jdk-21\bin\msvcp140.dll
0x00007ffea8420000 - 0x00007ffea9135000 	C:\Program Files\Java\jdk-21\bin\server\jvm.dll
0x00007fff09ec0000 - 0x00007fff09f2f000 	C:\Windows\System32\WS2_32.dll
0x00007fff07d00000 - 0x00007fff07d4d000 	C:\Windows\SYSTEM32\POWRPROF.dll
0x00007fff003d0000 - 0x00007fff00403000 	C:\Windows\SYSTEM32\WINMM.dll
0x00007fff07c90000 - 0x00007fff07ca3000 	C:\Windows\SYSTEM32\UMPDC.dll
0x00007fff07530000 - 0x00007fff07548000 	C:\Windows\SYSTEM32\kernel.appcore.dll
0x00007fff03da0000 - 0x00007fff03daa000 	C:\Program Files\Java\jdk-21\bin\jimage.dll
0x00007fff058e0000 - 0x00007fff05b01000 	C:\Windows\SYSTEM32\DBGHELP.DLL
0x00007ffeec500000 - 0x00007ffeec531000 	C:\Windows\SYSTEM32\dbgcore.DLL
0x00007fff08cf0000 - 0x00007fff08d6f000 	C:\Windows\System32\bcryptPrimitives.dll
0x00007ffef7b40000 - 0x00007ffef7b4f000 	C:\Program Files\Java\jdk-21\bin\instrument.dll
0x00007ffef7af0000 - 0x00007ffef7b0f000 	C:\Program Files\Java\jdk-21\bin\java.dll
0x00007fff0a6c0000 - 0x00007fff0ae85000 	C:\Windows\System32\SHELL32.dll
0x00007fff065a0000 - 0x00007fff06e02000 	C:\Windows\SYSTEM32\windows.storage.dll
0x00007fff09890000 - 0x00007fff09c06000 	C:\Windows\System32\combase.dll
0x00007fff06430000 - 0x00007fff06597000 	C:\Windows\SYSTEM32\wintypes.dll
0x00007fff09cd0000 - 0x00007fff09dba000 	C:\Windows\System32\SHCORE.dll
0x00007fff090a0000 - 0x00007fff090fd000 	C:\Windows\System32\shlwapi.dll
0x00007fff08440000 - 0x00007fff08465000 	C:\Windows\SYSTEM32\profapi.dll
0x00007ffed42f0000 - 0x00007ffed43c7000 	C:\Program Files\Java\jdk-21\bin\jsvml.dll
0x00007ffef73a0000 - 0x00007ffef73b8000 	C:\Program Files\Java\jdk-21\bin\zip.dll
0x00007ffef22b0000 - 0x00007ffef22c0000 	C:\Program Files\Java\jdk-21\bin\net.dll
0x00007fff03020000 - 0x00007fff03134000 	C:\Windows\SYSTEM32\WINHTTP.dll
0x00007fff07a50000 - 0x00007fff07ab7000 	C:\Windows\system32\mswsock.dll
0x00007ffef2290000 - 0x00007ffef22a6000 	C:\Program Files\Java\jdk-21\bin\nio.dll
0x00007ffef1f20000 - 0x00007ffef1f30000 	C:\Program Files\Java\jdk-21\bin\verify.dll
0x00007ffeece20000 - 0x00007ffeece47000 	C:\Users\IBM\.gradle\native\c067742578af261105cb4f569cf0c3c89f3d7b1fecec35dd04571415982c5e48\windows-amd64\native-platform.dll
0x00007ffecb550000 - 0x00007ffecb694000 	C:\Users\IBM\.gradle\native\100fb08df4bc3b14c8652ba06237920a3bd2aa13389f12d3474272988ae205f9\windows-amd64\native-platform-file-events.dll
0x00007ffee34e0000 - 0x00007ffee34ea000 	C:\Program Files\Java\jdk-21\bin\management.dll
0x00007ffee2820000 - 0x00007ffee282b000 	C:\Program Files\Java\jdk-21\bin\management_ext.dll
0x00007fff09eb0000 - 0x00007fff09eb8000 	C:\Windows\System32\PSAPI.DLL
0x00007fff07da0000 - 0x00007fff07db8000 	C:\Windows\SYSTEM32\CRYPTSP.dll
0x00007fff07490000 - 0x00007fff074c5000 	C:\Windows\system32\rsaenh.dll
0x00007fff07b00000 - 0x00007fff07b2c000 	C:\Windows\SYSTEM32\USERENV.dll
0x00007fff07ee0000 - 0x00007fff07f07000 	C:\Windows\SYSTEM32\bcrypt.dll
0x00007fff07c50000 - 0x00007fff07c5c000 	C:\Windows\SYSTEM32\CRYPTBASE.dll
0x00007fff07060000 - 0x00007fff0708d000 	C:\Windows\SYSTEM32\IPHLPAPI.DLL
0x00007fff09dc0000 - 0x00007fff09dc9000 	C:\Windows\System32\NSI.dll
0x00007ffee23e0000 - 0x00007ffee23e7000 	C:\Program Files\Java\jdk-21\bin\extnet.dll
0x00007ffee23d0000 - 0x00007ffee23de000 	C:\Program Files\Java\jdk-21\bin\sunmscapi.dll
0x00007fff08b80000 - 0x00007fff08ce2000 	C:\Windows\System32\CRYPT32.dll
0x00007fff07eb0000 - 0x00007fff07ed8000 	C:\Windows\SYSTEM32\ncrypt.dll
0x00007fff07e70000 - 0x00007fff07ea7000 	C:\Windows\SYSTEM32\NTASN1.dll
0x00007ffef81e0000 - 0x00007ffef81e8000 	C:\Windows\system32\wshunix.dll
0x00007fff07550000 - 0x00007fff07584000 	C:\Windows\SYSTEM32\ntmarta.dll

dbghelp: loaded successfully - version: 4.0.5 - missing functions: none
symbol engine: initialized successfully - sym options: 0x614 - pdb path: .;C:\Program Files\Java\jdk-21\bin;C:\Windows\SYSTEM32;C:\Windows\WinSxS\amd64_microsoft.windows.common-controls_6595b64144ccf1df_6.0.22000.120_none_9d947278b86cc467;C:\Program Files\Java\jdk-21\bin\server;C:\Users\IBM\.gradle\native\c067742578af261105cb4f569cf0c3c89f3d7b1fecec35dd04571415982c5e48\windows-amd64;C:\Users\IBM\.gradle\native\100fb08df4bc3b14c8652ba06237920a3bd2aa13389f12d3474272988ae205f9\windows-amd64

VM Arguments:
jvm_args: --add-opens=java.base/java.lang=ALL-UNNAMED --add-opens=java.base/java.lang.invoke=ALL-UNNAMED --add-opens=java.base/java.util=ALL-UNNAMED --add-opens=java.prefs/java.util.prefs=ALL-UNNAMED --add-exports=jdk.compiler/com.sun.tools.javac.api=ALL-UNNAMED --add-exports=jdk.compiler/com.sun.tools.javac.util=ALL-UNNAMED --add-opens=java.base/java.util=ALL-UNNAMED --add-opens=java.prefs/java.util.prefs=ALL-UNNAMED --add-opens=java.base/java.nio.charset=ALL-UNNAMED --add-opens=java.base/java.net=ALL-UNNAMED --add-opens=java.base/java.util.concurrent.atomic=ALL-UNNAMED --add-opens=java.xml/javax.xml.namespace=ALL-UNNAMED -XX:MaxMetaspaceSize=384m -XX:+HeapDumpOnOutOfMemoryError -Xms256m -Xmx512m -Dfile.encoding=UTF-8 -Duser.country=US -Duser.language=en -Duser.variant -javaagent:C:\Users\IBM\.gradle\wrapper\dists\gradle-8.11.1-bin\bpt9gzteqjrbo1mjrsomdt32c\gradle-8.11.1\lib\agents\gradle-instrumentation-agent-8.11.1.jar 
java_command: org.gradle.launcher.daemon.bootstrap.GradleDaemon 8.11.1
java_class_path (initial): C:\Users\IBM\.gradle\wrapper\dists\gradle-8.11.1-bin\bpt9gzteqjrbo1mjrsomdt32c\gradle-8.11.1\lib\gradle-daemon-main-8.11.1.jar
Launcher Type: SUN_STANDARD

[Global flags]
     intx CICompilerCount                          = 4                                         {product} {ergonomic}
   size_t CompressedClassSpaceSize                 = 335544320                                 {product} {ergonomic}
     uint ConcGCThreads                            = 2                                         {product} {ergonomic}
     uint G1ConcRefinementThreads                  = 8                                         {product} {ergonomic}
   size_t G1HeapRegionSize                         = 1048576                                   {product} {ergonomic}
    uintx GCDrainStackTargetSize                   = 64                                        {product} {ergonomic}
     bool HeapDumpOnOutOfMemoryError               = true                                   {manageable} {command line}
   size_t InitialHeapSize                          = 268435456                                 {product} {command line}
   size_t MarkStackSize                            = 4194304                                   {product} {ergonomic}
   size_t MaxHeapSize                              = 536870912                                 {product} {command line}
   size_t MaxMetaspaceSize                         = 402653184                                 {product} {command line}
   size_t MaxNewSize                               = 321912832                                 {product} {ergonomic}
   size_t MinHeapDeltaBytes                        = 1048576                                   {product} {ergonomic}
   size_t MinHeapSize                              = 268435456                                 {product} {command line}
    uintx NonNMethodCodeHeapSize                   = 5839372                                {pd product} {ergonomic}
    uintx NonProfiledCodeHeapSize                  = 122909434                              {pd product} {ergonomic}
    uintx ProfiledCodeHeapSize                     = 122909434                              {pd product} {ergonomic}
    uintx ReservedCodeCacheSize                    = 251658240                              {pd product} {ergonomic}
     bool SegmentedCodeCache                       = true                                      {product} {ergonomic}
   size_t SoftMaxHeapSize                          = 536870912                              {manageable} {ergonomic}
     bool UseCompressedOops                        = true                           {product lp64_product} {ergonomic}
     bool UseG1GC                                  = true                                      {product} {ergonomic}
     bool UseLargePagesIndividualAllocation        = false                                  {pd product} {ergonomic}

Logging:
Log output configuration:
 #0: stdout all=warning uptime,level,tags foldmultilines=false
 #1: stderr all=off uptime,level,tags foldmultilines=false

Environment Variables:
JAVA_HOME=C:\Program Files\Java\jdk-21
PATH=C:\Program Files\Common Files\Oracle\Java\javapath;C:\Program Files (x86)\Common Files\Oracle\Java\javapath;C:\GAMS\45;C:\GAMS\45\gbin;C:\Users\IBM\AppData\Local\Programs\Python\Python311\Scripts\;C:\Users\IBM\AppData\Local\Programs\Python\Python311\;C:\Windows\system32;C:\Windows;C:\Windows\System32\Wbem;C:\Windows\System32\WindowsPowerShell\v1.0\;C:\Windows\System32\OpenSSH\;C:\MinGW\bin;C:\Program Files\Git\cmd;C:\Program Files\dotnet\;C:\ProgramData\chocolatey\bin;C:\Program Files\nodejs\;C:\sqlite;C:\Program Files\Java\jdk-21\bin;C:\Users\IBM\Documents\flutter\bin;C:\Users\IBM\AppData\Roaming\npm;C:\Users\IBM\esp\ESP8266_RTOS_SDK\export.sh;C:\apache-maven-3.9.9\bin;C:\Program Files\Hugin\bin;C:\Users\IBM\AppData\Local\Programs\Microsoft VS Code\bin;C:\tools\dart-sdk\bin;C:\Users\IBM\AppData\Local\Pub\Cache\bin;C:\Users\IBM\Documents\flutter\bin;C:\Android\Sdk\platform-tools;C:\Espressif\tools\xtensa-lx106-elf\esp-2020r3-49-gd5524c1-8.4.0\xtensa-lx106-elf\bin;C:\Program Files\JetBrains\IntelliJ IDEA 2024.2.1\bin;;C:\Program Files\JetBrains\WebStorm 2024.2.3\bin;
USERNAME=IBM
OS=Windows_NT
PROCESSOR_IDENTIFIER=Intel64 Family 6 Model 140 Stepping 1, GenuineIntel
TMP=C:\Users\IBM\AppData\Local\Temp
TEMP=C:\Users\IBM\AppData\Local\Temp




Periodic native trim disabled

---------------  S Y S T E M  ---------------

OS:
 Windows 11 , 64 bit Build 22000 (10.0.22000.2538)
OS uptime: 2 days 16:41 hours
Hyper-V role detected

CPU: total 8 (initial active 8) (4 cores per cpu, 2 threads per core) family 6 model 140 stepping 1 microcode 0x86, cx8, cmov, fxsr, ht, mmx, 3dnowpref, sse, sse2, sse3, ssse3, sse4.1, sse4.2, popcnt, lzcnt, tsc, tscinvbit, avx, avx2, aes, erms, clmul, bmi1, bmi2, adx, avx512f, avx512dq, avx512cd, avx512bw, avx512vl, sha, fma, vzeroupper, avx512_vpopcntdq, avx512_vpclmulqdq, avx512_vaes, avx512_vnni, clflush, clflushopt, clwb, avx512_vbmi2, avx512_vbmi, hv, rdtscp, rdpid, fsrm, gfni, avx512_bitalg, f16c, cet_ibt, cet_ss, avx512_ifma
Processor Information for all 8 processors :
  Max Mhz: 2419, Current Mhz: 2419, Mhz Limit: 2419

Memory: 4k page, system-wide physical 7894M (188M free)
TotalPageFile size 32470M (AvailPageFile size 3M)
current process WorkingSet (physical memory assigned to process): 74M, peak: 469M
current process commit charge ("private bytes"): 547M, peak: 566M

vm_info: Java HotSpot(TM) 64-Bit Server VM (21.0.1+12-LTS-29) for windows-amd64 JRE (21.0.1+12-LTS-29), built on 2023-10-05T13:27:09Z by "mach5one" with MS VC++ 17.1 (VS2022)

END.
