#
# There is insufficient memory for the Java Runtime Environment to continue.
# Native memory allocation (malloc) failed to allocate 1961536 bytes for Chunk::new
# Possible reasons:
#   The system is out of physical RAM or swap space
#   The process is running with CompressedOops enabled, and the Java Heap may be blocking the growth of the native heap
# Possible solutions:
#   Reduce memory load on the system
#   Increase physical memory or swap space
#   Check if swap backing store is full
#   Decrease Java heap size (-Xmx/-Xms)
#   Decrease number of Java threads
#   Decrease Java thread stack sizes (-Xss)
#   Set larger code cache with -XX:ReservedCodeCacheSize=
#   JVM is running with Unscaled Compressed Oops mode in which the Java heap is
#     placed in the first 4GB address space. The Java Heap base address is the
#     maximum limit for the native heap growth. Please use -XX:HeapBaseMinAddress
#     to set the Java Heap base and to place the Java Heap above 4GB virtual address.
# This output file may be truncated or incomplete.
#
#  Out of Memory Error (arena.cpp:168), pid=15956, tid=9472
#
# JRE version: Java(TM) SE Runtime Environment (21.0.1+12) (build 21.0.1+12-LTS-29)
# Java VM: Java HotSpot(TM) 64-Bit Server VM (21.0.1+12-LTS-29, mixed mode, sharing, tiered, compressed oops, compressed class ptrs, g1 gc, windows-amd64)
# No core dump will be written. Minidumps are not enabled by default on client versions of Windows
#

---------------  S U M M A R Y ------------

Command Line: --add-opens=java.base/java.lang=ALL-UNNAMED --add-opens=java.base/java.lang.invoke=ALL-UNNAMED --add-opens=java.base/java.util=ALL-UNNAMED --add-opens=java.prefs/java.util.prefs=ALL-UNNAMED --add-exports=jdk.compiler/com.sun.tools.javac.api=ALL-UNNAMED --add-exports=jdk.compiler/com.sun.tools.javac.util=ALL-UNNAMED --add-opens=java.base/java.util=ALL-UNNAMED --add-opens=java.prefs/java.util.prefs=ALL-UNNAMED --add-opens=java.base/java.nio.charset=ALL-UNNAMED --add-opens=java.base/java.net=ALL-UNNAMED --add-opens=java.base/java.util.concurrent.atomic=ALL-UNNAMED --add-opens=java.xml/javax.xml.namespace=ALL-UNNAMED -XX:MaxMetaspaceSize=384m -XX:+HeapDumpOnOutOfMemoryError -Xms256m -Xmx512m -Dfile.encoding=UTF-8 -Duser.country=US -Duser.language=en -Duser.variant -javaagent:C:\Users\IBM\.gradle\wrapper\dists\gradle-8.11.1-bin\bpt9gzteqjrbo1mjrsomdt32c\gradle-8.11.1\lib\agents\gradle-instrumentation-agent-8.11.1.jar org.gradle.launcher.daemon.bootstrap.GradleDaemon 8.11.1

Host: 11th Gen Intel(R) Core(TM) i5-1135G7 @ 2.40GHz, 8 cores, 7G,  Windows 11 , 64 bit Build 22000 (10.0.22000.2538)
Time: Sat Dec  7 12:02:23 2024 SE Asia Standard Time elapsed time: 13.647079 seconds (0d 0h 0m 13s)

---------------  T H R E A D  ---------------

Current thread (0x000001f3fd7bbe80):  JavaThread "C2 CompilerThread0" daemon [_thread_in_native, id=9472, stack(0x000000c633400000,0x000000c633500000) (1024K)]


Current CompileTask:
C2:  13647 3816   !   4       java.net.URLClassLoader::findClass (47 bytes)

Stack: [0x000000c633400000,0x000000c633500000]
Native frames: (J=compiled Java code, j=interpreted, Vv=VM code, C=native code)
V  [jvm.dll+0x6c9029]
V  [jvm.dll+0x854b81]
V  [jvm.dll+0x856e5e]
V  [jvm.dll+0x857543]
V  [jvm.dll+0x280c06]
V  [jvm.dll+0xc3ead]
V  [jvm.dll+0xc43c3]
V  [jvm.dll+0x3b576c]
V  [jvm.dll+0x1e20b9]
V  [jvm.dll+0x249c22]
V  [jvm.dll+0x2490b1]
V  [jvm.dll+0x1c9ca1]
V  [jvm.dll+0x2586b9]
V  [jvm.dll+0x256c9a]
V  [jvm.dll+0x3ef1b6]
V  [jvm.dll+0x7fd728]
V  [jvm.dll+0x6c777d]
C  [ucrtbase.dll+0x26c0c]
C  [KERNEL32.DLL+0x153e0]
C  [ntdll.dll+0x485b]


---------------  P R O C E S S  ---------------

Threads class SMR info:
_java_thread_list=0x000001f3996e6100, length=35, elements={
0x000001f3e2bb9d10, 0x000001f3fd7ab040, 0x000001f3fd7ade60, 0x000001f3fd7b06c0,
0x000001f3fd7b1210, 0x000001f3fd7b1d60, 0x000001f3fd7ba8c0, 0x000001f3fd7bbe80,
0x000001f3fd7c4960, 0x000001f3fd9a6e80, 0x000001f3fdb736f0, 0x000001f3ff491200,
0x000001f3ff45f0f0, 0x000001f3ff393bd0, 0x000001f3ff373c50, 0x000001f399161030,
0x000001f399121580, 0x000001f399000690, 0x000001f399018f50, 0x000001f399018230,
0x000001f399017510, 0x000001f3990188c0, 0x000001f3990167f0, 0x000001f399017ba0,
0x000001f3990195e0, 0x000001f399016e80, 0x000001f39ab46070, 0x000001f39ab49b80,
0x000001f39ab487d0, 0x000001f39ab47420, 0x000001f39ab4bc50, 0x000001f39ab44cc0,
0x000001f39ab47ab0, 0x000001f39ab4b5c0, 0x000001f39ab4a210
}

Java Threads: ( => current thread )
  0x000001f3e2bb9d10 JavaThread "main"                              [_thread_blocked, id=21260, stack(0x000000c632600000,0x000000c632700000) (1024K)]
  0x000001f3fd7ab040 JavaThread "Reference Handler"          daemon [_thread_blocked, id=10252, stack(0x000000c632e00000,0x000000c632f00000) (1024K)]
  0x000001f3fd7ade60 JavaThread "Finalizer"                  daemon [_thread_blocked, id=19468, stack(0x000000c632f00000,0x000000c633000000) (1024K)]
  0x000001f3fd7b06c0 JavaThread "Signal Dispatcher"          daemon [_thread_blocked, id=25816, stack(0x000000c633000000,0x000000c633100000) (1024K)]
  0x000001f3fd7b1210 JavaThread "Attach Listener"            daemon [_thread_blocked, id=19288, stack(0x000000c633100000,0x000000c633200000) (1024K)]
  0x000001f3fd7b1d60 JavaThread "Service Thread"             daemon [_thread_blocked, id=13472, stack(0x000000c633200000,0x000000c633300000) (1024K)]
  0x000001f3fd7ba8c0 JavaThread "Monitor Deflation Thread"   daemon [_thread_blocked, id=8692, stack(0x000000c633300000,0x000000c633400000) (1024K)]
=>0x000001f3fd7bbe80 JavaThread "C2 CompilerThread0"         daemon [_thread_in_native, id=9472, stack(0x000000c633400000,0x000000c633500000) (1024K)]
  0x000001f3fd7c4960 JavaThread "C1 CompilerThread0"         daemon [_thread_in_native, id=3068, stack(0x000000c633500000,0x000000c633600000) (1024K)]
  0x000001f3fd9a6e80 JavaThread "Common-Cleaner"             daemon [_thread_blocked, id=24660, stack(0x000000c633600000,0x000000c633700000) (1024K)]
  0x000001f3fdb736f0 JavaThread "Notification Thread"        daemon [_thread_blocked, id=12980, stack(0x000000c633700000,0x000000c633800000) (1024K)]
  0x000001f3ff491200 JavaThread "Daemon health stats"               [_thread_blocked, id=20460, stack(0x000000c633d00000,0x000000c633e00000) (1024K)]
  0x000001f3ff45f0f0 JavaThread "Incoming local TCP Connector on port 60425"        [_thread_in_native, id=13000, stack(0x000000c633e00000,0x000000c633f00000) (1024K)]
  0x000001f3ff393bd0 JavaThread "Daemon periodic checks"            [_thread_blocked, id=19272, stack(0x000000c633f00000,0x000000c634000000) (1024K)]
  0x000001f3ff373c50 JavaThread "Daemon"                            [_thread_blocked, id=12164, stack(0x000000c634000000,0x000000c634100000) (1024K)]
  0x000001f399161030 JavaThread "Handler for socket connection from /127.0.0.1:60425 to /127.0.0.1:60429"        [_thread_in_native, id=14660, stack(0x000000c634100000,0x000000c634200000) (1024K)]
  0x000001f399121580 JavaThread "Cancel handler"                    [_thread_blocked, id=23748, stack(0x000000c634200000,0x000000c634300000) (1024K)]
  0x000001f399000690 JavaThread "Daemon worker"                     [_thread_in_Java, id=15876, stack(0x000000c634300000,0x000000c634400000) (1024K)]
  0x000001f399018f50 JavaThread "Asynchronous log dispatcher for DefaultDaemonConnection: socket connection from /127.0.0.1:60425 to /127.0.0.1:60429"        [_thread_blocked, id=26016, stack(0x000000c634400000,0x000000c634500000) (1024K)]
  0x000001f399018230 JavaThread "Stdin handler"                     [_thread_blocked, id=13980, stack(0x000000c634500000,0x000000c634600000) (1024K)]
  0x000001f399017510 JavaThread "Daemon client event forwarder"        [_thread_blocked, id=10728, stack(0x000000c634600000,0x000000c634700000) (1024K)]
  0x000001f3990188c0 JavaThread "Cache worker for journal cache (C:\Users\IBM\.gradle\caches\journal-1)"        [_thread_blocked, id=20528, stack(0x000000c634700000,0x000000c634800000) (1024K)]
  0x000001f3990167f0 JavaThread "File lock request listener"        [_thread_in_native, id=19892, stack(0x000000c634800000,0x000000c634900000) (1024K)]
  0x000001f399017ba0 JavaThread "File lock release action executor"        [_thread_blocked, id=14936, stack(0x000000c634900000,0x000000c634a00000) (1024K)]
  0x000001f3990195e0 JavaThread "Cache worker for file hash cache (C:\Users\IBM\.gradle\caches\8.11.1\fileHashes)"        [_thread_blocked, id=26308, stack(0x000000c634a00000,0x000000c634b00000) (1024K)]
  0x000001f399016e80 JavaThread "Cache worker for file content cache (C:\Users\IBM\.gradle\caches\8.11.1\fileContent)"        [_thread_blocked, id=13348, stack(0x000000c634b00000,0x000000c634c00000) (1024K)]
  0x000001f39ab46070 JavaThread "Cache worker for file hash cache (D:\Java\BE-SMSK\.gradle\8.11.1\fileHashes)"        [_thread_blocked, id=18352, stack(0x000000c634f00000,0x000000c635000000) (1024K)]
  0x000001f39ab49b80 JavaThread "Cache worker for Build Output Cleanup Cache (D:\Java\BE-SMSK\.gradle\buildOutputCleanup)"        [_thread_blocked, id=11456, stack(0x000000c635000000,0x000000c635100000) (1024K)]
  0x000001f39ab487d0 JavaThread "File watcher server"        daemon [_thread_in_native, id=15776, stack(0x000000c635100000,0x000000c635200000) (1024K)]
  0x000001f39ab47420 JavaThread "File watcher consumer"      daemon [_thread_blocked, id=26212, stack(0x000000c635200000,0x000000c635300000) (1024K)]
  0x000001f39ab4bc50 JavaThread "Cache worker for checksums cache (D:\Java\BE-SMSK\.gradle\8.11.1\checksums)"        [_thread_blocked, id=18564, stack(0x000000c635300000,0x000000c635400000) (1024K)]
  0x000001f39ab44cc0 JavaThread "Cache worker for cache directory md-rule (C:\Users\IBM\.gradle\caches\8.11.1\md-rule)"        [_thread_blocked, id=16940, stack(0x000000c635400000,0x000000c635500000) (1024K)]
  0x000001f39ab47ab0 JavaThread "Cache worker for cache directory md-supplier (C:\Users\IBM\.gradle\caches\8.11.1\md-supplier)"        [_thread_blocked, id=9984, stack(0x000000c635500000,0x000000c635600000) (1024K)]
  0x000001f39ab4b5c0 JavaThread "jar transforms"                    [_thread_blocked, id=21224, stack(0x000000c635600000,0x000000c635700000) (1024K)]
  0x000001f39ab4a210 JavaThread "jar transforms Thread 2"           [_thread_blocked, id=14268, stack(0x000000c635700000,0x000000c635800000) (1024K)]
Total: 35

Other Threads:
  0x000001f3fd78c280 VMThread "VM Thread"                           [id=3896, stack(0x000000c632d00000,0x000000c632e00000) (1024K)]
  0x000001f3fd778110 WatcherThread "VM Periodic Task Thread"        [id=2764, stack(0x000000c632c00000,0x000000c632d00000) (1024K)]
  0x000001f3e2be4a90 WorkerThread "GC Thread#0"                     [id=3572, stack(0x000000c632700000,0x000000c632800000) (1024K)]
  0x000001f3fdc6d310 WorkerThread "GC Thread#1"                     [id=12976, stack(0x000000c633800000,0x000000c633900000) (1024K)]
  0x000001f3fdc6d6b0 WorkerThread "GC Thread#2"                     [id=24044, stack(0x000000c633900000,0x000000c633a00000) (1024K)]
  0x000001f3fde63570 WorkerThread "GC Thread#3"                     [id=20968, stack(0x000000c633a00000,0x000000c633b00000) (1024K)]
  0x000001f3fdde4e80 WorkerThread "GC Thread#4"                     [id=19000, stack(0x000000c633b00000,0x000000c633c00000) (1024K)]
  0x000001f3fdde5220 WorkerThread "GC Thread#5"                     [id=17804, stack(0x000000c633c00000,0x000000c633d00000) (1024K)]
  0x000001f399b62680 WorkerThread "GC Thread#6"                     [id=20612, stack(0x000000c634c00000,0x000000c634d00000) (1024K)]
  0x000001f399b61f40 WorkerThread "GC Thread#7"                     [id=12236, stack(0x000000c634d00000,0x000000c634e00000) (1024K)]
  0x000001f3e2beaa80 ConcurrentGCThread "G1 Main Marker"            [id=20848, stack(0x000000c632800000,0x000000c632900000) (1024K)]
  0x000001f3e2beb580 WorkerThread "G1 Conc#0"                       [id=8368, stack(0x000000c632900000,0x000000c632a00000) (1024K)]
  0x000001f399b62dc0 WorkerThread "G1 Conc#1"                       [id=21744, stack(0x000000c634e00000,0x000000c634f00000) (1024K)]
  0x000001f3e2c8e900 ConcurrentGCThread "G1 Refine#0"               [id=17304, stack(0x000000c632a00000,0x000000c632b00000) (1024K)]
  0x000001f3fd64b670 ConcurrentGCThread "G1 Service"                [id=13212, stack(0x000000c632b00000,0x000000c632c00000) (1024K)]
Total: 15

Threads with active compile tasks:
C2 CompilerThread0    13691 3816   !   4       java.net.URLClassLoader::findClass (47 bytes)
C1 CompilerThread0    13691 4096       3       jdk.nio.zipfs.ZipFileSystem$IndexNode::<init> (113 bytes)
Total: 2

VM state: not at safepoint (normal execution)

VM Mutex/Monitor currently owned by a thread: None

Heap address: 0x00000000e0000000, size: 512 MB, Compressed Oops mode: 32-bit

CDS archive(s) mapped at: [0x000001f380000000-0x000001f380c90000-0x000001f380c90000), size 13172736, SharedBaseAddress: 0x000001f380000000, ArchiveRelocationMode: 1.
Compressed class space mapped at: 0x000001f381000000-0x000001f395000000, reserved size: 335544320
Narrow klass base: 0x000001f380000000, Narrow klass shift: 0, Narrow klass range: 0x100000000

GC Precious Log:
 CardTable entry size: 512
 Card Set container configuration: InlinePtr #cards 5 size 8 Array Of Cards #cards 12 size 40 Howl #buckets 4 coarsen threshold 1843 Howl Bitmap #cards 512 size 80 coarsen threshold 460 Card regions per heap region 1 cards per card region 2048
 CPUs: 8 total, 8 available
 Memory: 7894M
 Large Page Support: Disabled
 NUMA Support: Disabled
 Compressed Oops: Enabled (32-bit)
 Heap Region Size: 1M
 Heap Min Capacity: 256M
 Heap Initial Capacity: 256M
 Heap Max Capacity: 512M
 Pre-touch: Disabled
 Parallel Workers: 8
 Concurrent Workers: 2
 Concurrent Refinement Workers: 8
 Periodic GC: Disabled

Heap:
 garbage-first heap   total 262144K, used 33204K [0x00000000e0000000, 0x0000000100000000)
  region size 1024K, 12 young (12288K), 8 survivors (8192K)
 Metaspace       used 35972K, committed 37248K, reserved 393216K
  class space    used 5223K, committed 5824K, reserved 327680K

Heap Regions: E=young(eden), S=young(survivor), O=old, HS=humongous(starts), HC=humongous(continues), CS=collection set, F=free, TAMS=top-at-mark-start, PB=parsable bottom
|   0|0x00000000e0000000, 0x00000000e0000000, 0x00000000e0100000|  0%| F|  |TAMS 0x00000000e0000000| PB 0x00000000e0000000| Untracked 
|   1|0x00000000e0100000, 0x00000000e0200000, 0x00000000e0200000|100%|HS|  |TAMS 0x00000000e0100000| PB 0x00000000e0100000| Complete 
|   2|0x00000000e0200000, 0x00000000e0300000, 0x00000000e0300000|100%|HC|  |TAMS 0x00000000e0200000| PB 0x00000000e0200000| Complete 
|   3|0x00000000e0300000, 0x00000000e0400000, 0x00000000e0400000|100%|HC|  |TAMS 0x00000000e0300000| PB 0x00000000e0300000| Complete 
|   4|0x00000000e0400000, 0x00000000e0500000, 0x00000000e0500000|100%| O|  |TAMS 0x00000000e0400000| PB 0x00000000e0400000| Untracked 
|   5|0x00000000e0500000, 0x00000000e0600000, 0x00000000e0600000|100%| O|  |TAMS 0x00000000e0500000| PB 0x00000000e0500000| Untracked 
|   6|0x00000000e0600000, 0x00000000e0700000, 0x00000000e0700000|100%| O|  |TAMS 0x00000000e0600000| PB 0x00000000e0600000| Untracked 
|   7|0x00000000e0700000, 0x00000000e0800000, 0x00000000e0800000|100%|HS|  |TAMS 0x00000000e0700000| PB 0x00000000e0700000| Complete 
|   8|0x00000000e0800000, 0x00000000e0900000, 0x00000000e0900000|100%| O|  |TAMS 0x00000000e0800000| PB 0x00000000e0800000| Untracked 
|   9|0x00000000e0900000, 0x00000000e0a00000, 0x00000000e0a00000|100%| O|  |TAMS 0x00000000e0900000| PB 0x00000000e0900000| Untracked 
|  10|0x00000000e0a00000, 0x00000000e0b00000, 0x00000000e0b00000|100%| O|  |TAMS 0x00000000e0a00000| PB 0x00000000e0a00000| Untracked 
|  11|0x00000000e0b00000, 0x00000000e0c00000, 0x00000000e0c00000|100%| O|  |TAMS 0x00000000e0b00000| PB 0x00000000e0b00000| Untracked 
|  12|0x00000000e0c00000, 0x00000000e0d00000, 0x00000000e0d00000|100%| O|  |TAMS 0x00000000e0c00000| PB 0x00000000e0c00000| Untracked 
|  13|0x00000000e0d00000, 0x00000000e0e00000, 0x00000000e0e00000|100%| O|  |TAMS 0x00000000e0d00000| PB 0x00000000e0d00000| Untracked 
|  14|0x00000000e0e00000, 0x00000000e0f00000, 0x00000000e0f00000|100%| O|  |TAMS 0x00000000e0e00000| PB 0x00000000e0e00000| Untracked 
|  15|0x00000000e0f00000, 0x00000000e1000000, 0x00000000e1000000|100%| O|  |TAMS 0x00000000e0f00000| PB 0x00000000e0f00000| Untracked 
|  16|0x00000000e1000000, 0x00000000e1100000, 0x00000000e1100000|100%| O|  |TAMS 0x00000000e1000000| PB 0x00000000e1000000| Untracked 
|  17|0x00000000e1100000, 0x00000000e1200000, 0x00000000e1200000|100%| O|  |TAMS 0x00000000e1100000| PB 0x00000000e1100000| Untracked 
|  18|0x00000000e1200000, 0x00000000e1300000, 0x00000000e1300000|100%| O|  |TAMS 0x00000000e1200000| PB 0x00000000e1200000| Untracked 
|  19|0x00000000e1300000, 0x00000000e1400000, 0x00000000e1400000|100%| O|  |TAMS 0x00000000e1300000| PB 0x00000000e1300000| Untracked 
|  20|0x00000000e1400000, 0x00000000e1500000, 0x00000000e1500000|100%| O|  |TAMS 0x00000000e1400000| PB 0x00000000e1400000| Untracked 
|  21|0x00000000e1500000, 0x00000000e1600000, 0x00000000e1600000|100%| O|  |TAMS 0x00000000e1500000| PB 0x00000000e1500000| Untracked 
|  22|0x00000000e1600000, 0x00000000e1700000, 0x00000000e1700000|100%| O|Cm|TAMS 0x00000000e1600000| PB 0x00000000e1600000| Complete 
|  23|0x00000000e1700000, 0x00000000e1800000, 0x00000000e1800000|100%| O|  |TAMS 0x00000000e1700000| PB 0x00000000e1700000| Untracked 
|  24|0x00000000e1800000, 0x00000000e180c8c0, 0x00000000e1900000|  4%| O|  |TAMS 0x00000000e1800000| PB 0x00000000e1800000| Untracked 
|  25|0x00000000e1900000, 0x00000000e1900000, 0x00000000e1a00000|  0%| F|  |TAMS 0x00000000e1900000| PB 0x00000000e1900000| Untracked 
|  26|0x00000000e1a00000, 0x00000000e1a00000, 0x00000000e1b00000|  0%| F|  |TAMS 0x00000000e1a00000| PB 0x00000000e1a00000| Untracked 
|  27|0x00000000e1b00000, 0x00000000e1b00000, 0x00000000e1c00000|  0%| F|  |TAMS 0x00000000e1b00000| PB 0x00000000e1b00000| Untracked 
|  28|0x00000000e1c00000, 0x00000000e1c00000, 0x00000000e1d00000|  0%| F|  |TAMS 0x00000000e1c00000| PB 0x00000000e1c00000| Untracked 
|  29|0x00000000e1d00000, 0x00000000e1d00000, 0x00000000e1e00000|  0%| F|  |TAMS 0x00000000e1d00000| PB 0x00000000e1d00000| Untracked 
|  30|0x00000000e1e00000, 0x00000000e1e00000, 0x00000000e1f00000|  0%| F|  |TAMS 0x00000000e1e00000| PB 0x00000000e1e00000| Untracked 
|  31|0x00000000e1f00000, 0x00000000e1f00000, 0x00000000e2000000|  0%| F|  |TAMS 0x00000000e1f00000| PB 0x00000000e1f00000| Untracked 
|  32|0x00000000e2000000, 0x00000000e2000000, 0x00000000e2100000|  0%| F|  |TAMS 0x00000000e2000000| PB 0x00000000e2000000| Untracked 
|  33|0x00000000e2100000, 0x00000000e2100000, 0x00000000e2200000|  0%| F|  |TAMS 0x00000000e2100000| PB 0x00000000e2100000| Untracked 
|  34|0x00000000e2200000, 0x00000000e2200000, 0x00000000e2300000|  0%| F|  |TAMS 0x00000000e2200000| PB 0x00000000e2200000| Untracked 
|  35|0x00000000e2300000, 0x00000000e2300000, 0x00000000e2400000|  0%| F|  |TAMS 0x00000000e2300000| PB 0x00000000e2300000| Untracked 
|  36|0x00000000e2400000, 0x00000000e2400000, 0x00000000e2500000|  0%| F|  |TAMS 0x00000000e2400000| PB 0x00000000e2400000| Untracked 
|  37|0x00000000e2500000, 0x00000000e2500000, 0x00000000e2600000|  0%| F|  |TAMS 0x00000000e2500000| PB 0x00000000e2500000| Untracked 
|  38|0x00000000e2600000, 0x00000000e2600000, 0x00000000e2700000|  0%| F|  |TAMS 0x00000000e2600000| PB 0x00000000e2600000| Untracked 
|  39|0x00000000e2700000, 0x00000000e2700000, 0x00000000e2800000|  0%| F|  |TAMS 0x00000000e2700000| PB 0x00000000e2700000| Untracked 
|  40|0x00000000e2800000, 0x00000000e2800000, 0x00000000e2900000|  0%| F|  |TAMS 0x00000000e2800000| PB 0x00000000e2800000| Untracked 
|  41|0x00000000e2900000, 0x00000000e2900000, 0x00000000e2a00000|  0%| F|  |TAMS 0x00000000e2900000| PB 0x00000000e2900000| Untracked 
|  42|0x00000000e2a00000, 0x00000000e2a00000, 0x00000000e2b00000|  0%| F|  |TAMS 0x00000000e2a00000| PB 0x00000000e2a00000| Untracked 
|  43|0x00000000e2b00000, 0x00000000e2b00000, 0x00000000e2c00000|  0%| F|  |TAMS 0x00000000e2b00000| PB 0x00000000e2b00000| Untracked 
|  44|0x00000000e2c00000, 0x00000000e2c00000, 0x00000000e2d00000|  0%| F|  |TAMS 0x00000000e2c00000| PB 0x00000000e2c00000| Untracked 
|  45|0x00000000e2d00000, 0x00000000e2d00000, 0x00000000e2e00000|  0%| F|  |TAMS 0x00000000e2d00000| PB 0x00000000e2d00000| Untracked 
|  46|0x00000000e2e00000, 0x00000000e2e00000, 0x00000000e2f00000|  0%| F|  |TAMS 0x00000000e2e00000| PB 0x00000000e2e00000| Untracked 
|  47|0x00000000e2f00000, 0x00000000e2f00000, 0x00000000e3000000|  0%| F|  |TAMS 0x00000000e2f00000| PB 0x00000000e2f00000| Untracked 
|  48|0x00000000e3000000, 0x00000000e3000000, 0x00000000e3100000|  0%| F|  |TAMS 0x00000000e3000000| PB 0x00000000e3000000| Untracked 
|  49|0x00000000e3100000, 0x00000000e3100000, 0x00000000e3200000|  0%| F|  |TAMS 0x00000000e3100000| PB 0x00000000e3100000| Untracked 
|  50|0x00000000e3200000, 0x00000000e3200000, 0x00000000e3300000|  0%| F|  |TAMS 0x00000000e3200000| PB 0x00000000e3200000| Untracked 
|  51|0x00000000e3300000, 0x00000000e3300000, 0x00000000e3400000|  0%| F|  |TAMS 0x00000000e3300000| PB 0x00000000e3300000| Untracked 
|  52|0x00000000e3400000, 0x00000000e3400000, 0x00000000e3500000|  0%| F|  |TAMS 0x00000000e3400000| PB 0x00000000e3400000| Untracked 
|  53|0x00000000e3500000, 0x00000000e3500000, 0x00000000e3600000|  0%| F|  |TAMS 0x00000000e3500000| PB 0x00000000e3500000| Untracked 
|  54|0x00000000e3600000, 0x00000000e3600000, 0x00000000e3700000|  0%| F|  |TAMS 0x00000000e3600000| PB 0x00000000e3600000| Untracked 
|  55|0x00000000e3700000, 0x00000000e3700000, 0x00000000e3800000|  0%| F|  |TAMS 0x00000000e3700000| PB 0x00000000e3700000| Untracked 
|  56|0x00000000e3800000, 0x00000000e3800000, 0x00000000e3900000|  0%| F|  |TAMS 0x00000000e3800000| PB 0x00000000e3800000| Untracked 
|  57|0x00000000e3900000, 0x00000000e3900000, 0x00000000e3a00000|  0%| F|  |TAMS 0x00000000e3900000| PB 0x00000000e3900000| Untracked 
|  58|0x00000000e3a00000, 0x00000000e3a00000, 0x00000000e3b00000|  0%| F|  |TAMS 0x00000000e3a00000| PB 0x00000000e3a00000| Untracked 
|  59|0x00000000e3b00000, 0x00000000e3b00000, 0x00000000e3c00000|  0%| F|  |TAMS 0x00000000e3b00000| PB 0x00000000e3b00000| Untracked 
|  60|0x00000000e3c00000, 0x00000000e3c00000, 0x00000000e3d00000|  0%| F|  |TAMS 0x00000000e3c00000| PB 0x00000000e3c00000| Untracked 
|  61|0x00000000e3d00000, 0x00000000e3d00000, 0x00000000e3e00000|  0%| F|  |TAMS 0x00000000e3d00000| PB 0x00000000e3d00000| Untracked 
|  62|0x00000000e3e00000, 0x00000000e3e00000, 0x00000000e3f00000|  0%| F|  |TAMS 0x00000000e3e00000| PB 0x00000000e3e00000| Untracked 
|  63|0x00000000e3f00000, 0x00000000e3f00000, 0x00000000e4000000|  0%| F|  |TAMS 0x00000000e3f00000| PB 0x00000000e3f00000| Untracked 
|  64|0x00000000e4000000, 0x00000000e4000000, 0x00000000e4100000|  0%| F|  |TAMS 0x00000000e4000000| PB 0x00000000e4000000| Untracked 
|  65|0x00000000e4100000, 0x00000000e4100000, 0x00000000e4200000|  0%| F|  |TAMS 0x00000000e4100000| PB 0x00000000e4100000| Untracked 
|  66|0x00000000e4200000, 0x00000000e4200000, 0x00000000e4300000|  0%| F|  |TAMS 0x00000000e4200000| PB 0x00000000e4200000| Untracked 
|  67|0x00000000e4300000, 0x00000000e4300000, 0x00000000e4400000|  0%| F|  |TAMS 0x00000000e4300000| PB 0x00000000e4300000| Untracked 
|  68|0x00000000e4400000, 0x00000000e4400000, 0x00000000e4500000|  0%| F|  |TAMS 0x00000000e4400000| PB 0x00000000e4400000| Untracked 
|  69|0x00000000e4500000, 0x00000000e4500000, 0x00000000e4600000|  0%| F|  |TAMS 0x00000000e4500000| PB 0x00000000e4500000| Untracked 
|  70|0x00000000e4600000, 0x00000000e4600000, 0x00000000e4700000|  0%| F|  |TAMS 0x00000000e4600000| PB 0x00000000e4600000| Untracked 
|  71|0x00000000e4700000, 0x00000000e4700000, 0x00000000e4800000|  0%| F|  |TAMS 0x00000000e4700000| PB 0x00000000e4700000| Untracked 
|  72|0x00000000e4800000, 0x00000000e4800000, 0x00000000e4900000|  0%| F|  |TAMS 0x00000000e4800000| PB 0x00000000e4800000| Untracked 
|  73|0x00000000e4900000, 0x00000000e4900000, 0x00000000e4a00000|  0%| F|  |TAMS 0x00000000e4900000| PB 0x00000000e4900000| Untracked 
|  74|0x00000000e4a00000, 0x00000000e4a00000, 0x00000000e4b00000|  0%| F|  |TAMS 0x00000000e4a00000| PB 0x00000000e4a00000| Untracked 
|  75|0x00000000e4b00000, 0x00000000e4b00000, 0x00000000e4c00000|  0%| F|  |TAMS 0x00000000e4b00000| PB 0x00000000e4b00000| Untracked 
|  76|0x00000000e4c00000, 0x00000000e4c00000, 0x00000000e4d00000|  0%| F|  |TAMS 0x00000000e4c00000| PB 0x00000000e4c00000| Untracked 
|  77|0x00000000e4d00000, 0x00000000e4d00000, 0x00000000e4e00000|  0%| F|  |TAMS 0x00000000e4d00000| PB 0x00000000e4d00000| Untracked 
|  78|0x00000000e4e00000, 0x00000000e4e00000, 0x00000000e4f00000|  0%| F|  |TAMS 0x00000000e4e00000| PB 0x00000000e4e00000| Untracked 
|  79|0x00000000e4f00000, 0x00000000e4f00000, 0x00000000e5000000|  0%| F|  |TAMS 0x00000000e4f00000| PB 0x00000000e4f00000| Untracked 
|  80|0x00000000e5000000, 0x00000000e5000000, 0x00000000e5100000|  0%| F|  |TAMS 0x00000000e5000000| PB 0x00000000e5000000| Untracked 
|  81|0x00000000e5100000, 0x00000000e5100000, 0x00000000e5200000|  0%| F|  |TAMS 0x00000000e5100000| PB 0x00000000e5100000| Untracked 
|  82|0x00000000e5200000, 0x00000000e5200000, 0x00000000e5300000|  0%| F|  |TAMS 0x00000000e5200000| PB 0x00000000e5200000| Untracked 
|  83|0x00000000e5300000, 0x00000000e5300000, 0x00000000e5400000|  0%| F|  |TAMS 0x00000000e5300000| PB 0x00000000e5300000| Untracked 
|  84|0x00000000e5400000, 0x00000000e5400000, 0x00000000e5500000|  0%| F|  |TAMS 0x00000000e5400000| PB 0x00000000e5400000| Untracked 
|  85|0x00000000e5500000, 0x00000000e5500000, 0x00000000e5600000|  0%| F|  |TAMS 0x00000000e5500000| PB 0x00000000e5500000| Untracked 
|  86|0x00000000e5600000, 0x00000000e5600000, 0x00000000e5700000|  0%| F|  |TAMS 0x00000000e5600000| PB 0x00000000e5600000| Untracked 
|  87|0x00000000e5700000, 0x00000000e5700000, 0x00000000e5800000|  0%| F|  |TAMS 0x00000000e5700000| PB 0x00000000e5700000| Untracked 
|  88|0x00000000e5800000, 0x00000000e5800000, 0x00000000e5900000|  0%| F|  |TAMS 0x00000000e5800000| PB 0x00000000e5800000| Untracked 
|  89|0x00000000e5900000, 0x00000000e5900000, 0x00000000e5a00000|  0%| F|  |TAMS 0x00000000e5900000| PB 0x00000000e5900000| Untracked 
|  90|0x00000000e5a00000, 0x00000000e5a00000, 0x00000000e5b00000|  0%| F|  |TAMS 0x00000000e5a00000| PB 0x00000000e5a00000| Untracked 
|  91|0x00000000e5b00000, 0x00000000e5b00000, 0x00000000e5c00000|  0%| F|  |TAMS 0x00000000e5b00000| PB 0x00000000e5b00000| Untracked 
|  92|0x00000000e5c00000, 0x00000000e5c00000, 0x00000000e5d00000|  0%| F|  |TAMS 0x00000000e5c00000| PB 0x00000000e5c00000| Untracked 
|  93|0x00000000e5d00000, 0x00000000e5d00000, 0x00000000e5e00000|  0%| F|  |TAMS 0x00000000e5d00000| PB 0x00000000e5d00000| Untracked 
|  94|0x00000000e5e00000, 0x00000000e5e00000, 0x00000000e5f00000|  0%| F|  |TAMS 0x00000000e5e00000| PB 0x00000000e5e00000| Untracked 
|  95|0x00000000e5f00000, 0x00000000e5f00000, 0x00000000e6000000|  0%| F|  |TAMS 0x00000000e5f00000| PB 0x00000000e5f00000| Untracked 
|  96|0x00000000e6000000, 0x00000000e6000000, 0x00000000e6100000|  0%| F|  |TAMS 0x00000000e6000000| PB 0x00000000e6000000| Untracked 
|  97|0x00000000e6100000, 0x00000000e6100000, 0x00000000e6200000|  0%| F|  |TAMS 0x00000000e6100000| PB 0x00000000e6100000| Untracked 
|  98|0x00000000e6200000, 0x00000000e6200000, 0x00000000e6300000|  0%| F|  |TAMS 0x00000000e6200000| PB 0x00000000e6200000| Untracked 
|  99|0x00000000e6300000, 0x00000000e6300000, 0x00000000e6400000|  0%| F|  |TAMS 0x00000000e6300000| PB 0x00000000e6300000| Untracked 
| 100|0x00000000e6400000, 0x00000000e6400000, 0x00000000e6500000|  0%| F|  |TAMS 0x00000000e6400000| PB 0x00000000e6400000| Untracked 
| 101|0x00000000e6500000, 0x00000000e6500000, 0x00000000e6600000|  0%| F|  |TAMS 0x00000000e6500000| PB 0x00000000e6500000| Untracked 
| 102|0x00000000e6600000, 0x00000000e6600000, 0x00000000e6700000|  0%| F|  |TAMS 0x00000000e6600000| PB 0x00000000e6600000| Untracked 
| 103|0x00000000e6700000, 0x00000000e6700000, 0x00000000e6800000|  0%| F|  |TAMS 0x00000000e6700000| PB 0x00000000e6700000| Untracked 
| 104|0x00000000e6800000, 0x00000000e6800000, 0x00000000e6900000|  0%| F|  |TAMS 0x00000000e6800000| PB 0x00000000e6800000| Untracked 
| 105|0x00000000e6900000, 0x00000000e6900000, 0x00000000e6a00000|  0%| F|  |TAMS 0x00000000e6900000| PB 0x00000000e6900000| Untracked 
| 106|0x00000000e6a00000, 0x00000000e6a00000, 0x00000000e6b00000|  0%| F|  |TAMS 0x00000000e6a00000| PB 0x00000000e6a00000| Untracked 
| 107|0x00000000e6b00000, 0x00000000e6b00000, 0x00000000e6c00000|  0%| F|  |TAMS 0x00000000e6b00000| PB 0x00000000e6b00000| Untracked 
| 108|0x00000000e6c00000, 0x00000000e6c00000, 0x00000000e6d00000|  0%| F|  |TAMS 0x00000000e6c00000| PB 0x00000000e6c00000| Untracked 
| 109|0x00000000e6d00000, 0x00000000e6d00000, 0x00000000e6e00000|  0%| F|  |TAMS 0x00000000e6d00000| PB 0x00000000e6d00000| Untracked 
| 110|0x00000000e6e00000, 0x00000000e6e00000, 0x00000000e6f00000|  0%| F|  |TAMS 0x00000000e6e00000| PB 0x00000000e6e00000| Untracked 
| 111|0x00000000e6f00000, 0x00000000e6f00000, 0x00000000e7000000|  0%| F|  |TAMS 0x00000000e6f00000| PB 0x00000000e6f00000| Untracked 
| 112|0x00000000e7000000, 0x00000000e7000000, 0x00000000e7100000|  0%| F|  |TAMS 0x00000000e7000000| PB 0x00000000e7000000| Untracked 
| 113|0x00000000e7100000, 0x00000000e7100000, 0x00000000e7200000|  0%| F|  |TAMS 0x00000000e7100000| PB 0x00000000e7100000| Untracked 
| 114|0x00000000e7200000, 0x00000000e7200000, 0x00000000e7300000|  0%| F|  |TAMS 0x00000000e7200000| PB 0x00000000e7200000| Untracked 
| 115|0x00000000e7300000, 0x00000000e7300000, 0x00000000e7400000|  0%| F|  |TAMS 0x00000000e7300000| PB 0x00000000e7300000| Untracked 
| 116|0x00000000e7400000, 0x00000000e7400000, 0x00000000e7500000|  0%| F|  |TAMS 0x00000000e7400000| PB 0x00000000e7400000| Untracked 
| 117|0x00000000e7500000, 0x00000000e7500000, 0x00000000e7600000|  0%| F|  |TAMS 0x00000000e7500000| PB 0x00000000e7500000| Untracked 
| 118|0x00000000e7600000, 0x00000000e7600000, 0x00000000e7700000|  0%| F|  |TAMS 0x00000000e7600000| PB 0x00000000e7600000| Untracked 
| 119|0x00000000e7700000, 0x00000000e7700000, 0x00000000e7800000|  0%| F|  |TAMS 0x00000000e7700000| PB 0x00000000e7700000| Untracked 
| 120|0x00000000e7800000, 0x00000000e7800000, 0x00000000e7900000|  0%| F|  |TAMS 0x00000000e7800000| PB 0x00000000e7800000| Untracked 
| 121|0x00000000e7900000, 0x00000000e7900000, 0x00000000e7a00000|  0%| F|  |TAMS 0x00000000e7900000| PB 0x00000000e7900000| Untracked 
| 122|0x00000000e7a00000, 0x00000000e7a00000, 0x00000000e7b00000|  0%| F|  |TAMS 0x00000000e7a00000| PB 0x00000000e7a00000| Untracked 
| 123|0x00000000e7b00000, 0x00000000e7b00000, 0x00000000e7c00000|  0%| F|  |TAMS 0x00000000e7b00000| PB 0x00000000e7b00000| Untracked 
| 124|0x00000000e7c00000, 0x00000000e7c00000, 0x00000000e7d00000|  0%| F|  |TAMS 0x00000000e7c00000| PB 0x00000000e7c00000| Untracked 
| 125|0x00000000e7d00000, 0x00000000e7d00000, 0x00000000e7e00000|  0%| F|  |TAMS 0x00000000e7d00000| PB 0x00000000e7d00000| Untracked 
| 126|0x00000000e7e00000, 0x00000000e7e00000, 0x00000000e7f00000|  0%| F|  |TAMS 0x00000000e7e00000| PB 0x00000000e7e00000| Untracked 
| 127|0x00000000e7f00000, 0x00000000e7f00000, 0x00000000e8000000|  0%| F|  |TAMS 0x00000000e7f00000| PB 0x00000000e7f00000| Untracked 
| 128|0x00000000e8000000, 0x00000000e8000000, 0x00000000e8100000|  0%| F|  |TAMS 0x00000000e8000000| PB 0x00000000e8000000| Untracked 
| 129|0x00000000e8100000, 0x00000000e8100000, 0x00000000e8200000|  0%| F|  |TAMS 0x00000000e8100000| PB 0x00000000e8100000| Untracked 
| 130|0x00000000e8200000, 0x00000000e8200000, 0x00000000e8300000|  0%| F|  |TAMS 0x00000000e8200000| PB 0x00000000e8200000| Untracked 
| 131|0x00000000e8300000, 0x00000000e8300000, 0x00000000e8400000|  0%| F|  |TAMS 0x00000000e8300000| PB 0x00000000e8300000| Untracked 
| 132|0x00000000e8400000, 0x00000000e8400000, 0x00000000e8500000|  0%| F|  |TAMS 0x00000000e8400000| PB 0x00000000e8400000| Untracked 
| 133|0x00000000e8500000, 0x00000000e8500000, 0x00000000e8600000|  0%| F|  |TAMS 0x00000000e8500000| PB 0x00000000e8500000| Untracked 
| 134|0x00000000e8600000, 0x00000000e8600000, 0x00000000e8700000|  0%| F|  |TAMS 0x00000000e8600000| PB 0x00000000e8600000| Untracked 
| 135|0x00000000e8700000, 0x00000000e8700000, 0x00000000e8800000|  0%| F|  |TAMS 0x00000000e8700000| PB 0x00000000e8700000| Untracked 
| 136|0x00000000e8800000, 0x00000000e8800000, 0x00000000e8900000|  0%| F|  |TAMS 0x00000000e8800000| PB 0x00000000e8800000| Untracked 
| 137|0x00000000e8900000, 0x00000000e8900000, 0x00000000e8a00000|  0%| F|  |TAMS 0x00000000e8900000| PB 0x00000000e8900000| Untracked 
| 138|0x00000000e8a00000, 0x00000000e8a00000, 0x00000000e8b00000|  0%| F|  |TAMS 0x00000000e8a00000| PB 0x00000000e8a00000| Untracked 
| 139|0x00000000e8b00000, 0x00000000e8b00000, 0x00000000e8c00000|  0%| F|  |TAMS 0x00000000e8b00000| PB 0x00000000e8b00000| Untracked 
| 140|0x00000000e8c00000, 0x00000000e8c00000, 0x00000000e8d00000|  0%| F|  |TAMS 0x00000000e8c00000| PB 0x00000000e8c00000| Untracked 
| 141|0x00000000e8d00000, 0x00000000e8d00000, 0x00000000e8e00000|  0%| F|  |TAMS 0x00000000e8d00000| PB 0x00000000e8d00000| Untracked 
| 142|0x00000000e8e00000, 0x00000000e8e00000, 0x00000000e8f00000|  0%| F|  |TAMS 0x00000000e8e00000| PB 0x00000000e8e00000| Untracked 
| 143|0x00000000e8f00000, 0x00000000e8f00000, 0x00000000e9000000|  0%| F|  |TAMS 0x00000000e8f00000| PB 0x00000000e8f00000| Untracked 
| 144|0x00000000e9000000, 0x00000000e9000000, 0x00000000e9100000|  0%| F|  |TAMS 0x00000000e9000000| PB 0x00000000e9000000| Untracked 
| 145|0x00000000e9100000, 0x00000000e9100000, 0x00000000e9200000|  0%| F|  |TAMS 0x00000000e9100000| PB 0x00000000e9100000| Untracked 
| 146|0x00000000e9200000, 0x00000000e9200000, 0x00000000e9300000|  0%| F|  |TAMS 0x00000000e9200000| PB 0x00000000e9200000| Untracked 
| 147|0x00000000e9300000, 0x00000000e9300000, 0x00000000e9400000|  0%| F|  |TAMS 0x00000000e9300000| PB 0x00000000e9300000| Untracked 
| 148|0x00000000e9400000, 0x00000000e9400000, 0x00000000e9500000|  0%| F|  |TAMS 0x00000000e9400000| PB 0x00000000e9400000| Untracked 
| 149|0x00000000e9500000, 0x00000000e9500000, 0x00000000e9600000|  0%| F|  |TAMS 0x00000000e9500000| PB 0x00000000e9500000| Untracked 
| 150|0x00000000e9600000, 0x00000000e9600000, 0x00000000e9700000|  0%| F|  |TAMS 0x00000000e9600000| PB 0x00000000e9600000| Untracked 
| 151|0x00000000e9700000, 0x00000000e9700000, 0x00000000e9800000|  0%| F|  |TAMS 0x00000000e9700000| PB 0x00000000e9700000| Untracked 
| 152|0x00000000e9800000, 0x00000000e9800000, 0x00000000e9900000|  0%| F|  |TAMS 0x00000000e9800000| PB 0x00000000e9800000| Untracked 
| 153|0x00000000e9900000, 0x00000000e9900000, 0x00000000e9a00000|  0%| F|  |TAMS 0x00000000e9900000| PB 0x00000000e9900000| Untracked 
| 154|0x00000000e9a00000, 0x00000000e9a00000, 0x00000000e9b00000|  0%| F|  |TAMS 0x00000000e9a00000| PB 0x00000000e9a00000| Untracked 
| 155|0x00000000e9b00000, 0x00000000e9b00000, 0x00000000e9c00000|  0%| F|  |TAMS 0x00000000e9b00000| PB 0x00000000e9b00000| Untracked 
| 156|0x00000000e9c00000, 0x00000000e9c00000, 0x00000000e9d00000|  0%| F|  |TAMS 0x00000000e9c00000| PB 0x00000000e9c00000| Untracked 
| 157|0x00000000e9d00000, 0x00000000e9d00000, 0x00000000e9e00000|  0%| F|  |TAMS 0x00000000e9d00000| PB 0x00000000e9d00000| Untracked 
| 158|0x00000000e9e00000, 0x00000000e9e00000, 0x00000000e9f00000|  0%| F|  |TAMS 0x00000000e9e00000| PB 0x00000000e9e00000| Untracked 
| 159|0x00000000e9f00000, 0x00000000e9f00000, 0x00000000ea000000|  0%| F|  |TAMS 0x00000000e9f00000| PB 0x00000000e9f00000| Untracked 
| 160|0x00000000ea000000, 0x00000000ea000000, 0x00000000ea100000|  0%| F|  |TAMS 0x00000000ea000000| PB 0x00000000ea000000| Untracked 
| 161|0x00000000ea100000, 0x00000000ea100000, 0x00000000ea200000|  0%| F|  |TAMS 0x00000000ea100000| PB 0x00000000ea100000| Untracked 
| 162|0x00000000ea200000, 0x00000000ea200000, 0x00000000ea300000|  0%| F|  |TAMS 0x00000000ea200000| PB 0x00000000ea200000| Untracked 
| 163|0x00000000ea300000, 0x00000000ea300000, 0x00000000ea400000|  0%| F|  |TAMS 0x00000000ea300000| PB 0x00000000ea300000| Untracked 
| 164|0x00000000ea400000, 0x00000000ea400000, 0x00000000ea500000|  0%| F|  |TAMS 0x00000000ea400000| PB 0x00000000ea400000| Untracked 
| 165|0x00000000ea500000, 0x00000000ea500000, 0x00000000ea600000|  0%| F|  |TAMS 0x00000000ea500000| PB 0x00000000ea500000| Untracked 
| 166|0x00000000ea600000, 0x00000000ea600000, 0x00000000ea700000|  0%| F|  |TAMS 0x00000000ea600000| PB 0x00000000ea600000| Untracked 
| 167|0x00000000ea700000, 0x00000000ea700000, 0x00000000ea800000|  0%| F|  |TAMS 0x00000000ea700000| PB 0x00000000ea700000| Untracked 
| 168|0x00000000ea800000, 0x00000000ea800000, 0x00000000ea900000|  0%| F|  |TAMS 0x00000000ea800000| PB 0x00000000ea800000| Untracked 
| 169|0x00000000ea900000, 0x00000000ea900000, 0x00000000eaa00000|  0%| F|  |TAMS 0x00000000ea900000| PB 0x00000000ea900000| Untracked 
| 170|0x00000000eaa00000, 0x00000000eaa00000, 0x00000000eab00000|  0%| F|  |TAMS 0x00000000eaa00000| PB 0x00000000eaa00000| Untracked 
| 171|0x00000000eab00000, 0x00000000eab00000, 0x00000000eac00000|  0%| F|  |TAMS 0x00000000eab00000| PB 0x00000000eab00000| Untracked 
| 172|0x00000000eac00000, 0x00000000eac00000, 0x00000000ead00000|  0%| F|  |TAMS 0x00000000eac00000| PB 0x00000000eac00000| Untracked 
| 173|0x00000000ead00000, 0x00000000ead00000, 0x00000000eae00000|  0%| F|  |TAMS 0x00000000ead00000| PB 0x00000000ead00000| Untracked 
| 174|0x00000000eae00000, 0x00000000eae00000, 0x00000000eaf00000|  0%| F|  |TAMS 0x00000000eae00000| PB 0x00000000eae00000| Untracked 
| 175|0x00000000eaf00000, 0x00000000eaf00000, 0x00000000eb000000|  0%| F|  |TAMS 0x00000000eaf00000| PB 0x00000000eaf00000| Untracked 
| 176|0x00000000eb000000, 0x00000000eb000000, 0x00000000eb100000|  0%| F|  |TAMS 0x00000000eb000000| PB 0x00000000eb000000| Untracked 
| 177|0x00000000eb100000, 0x00000000eb100000, 0x00000000eb200000|  0%| F|  |TAMS 0x00000000eb100000| PB 0x00000000eb100000| Untracked 
| 178|0x00000000eb200000, 0x00000000eb200000, 0x00000000eb300000|  0%| F|  |TAMS 0x00000000eb200000| PB 0x00000000eb200000| Untracked 
| 179|0x00000000eb300000, 0x00000000eb300000, 0x00000000eb400000|  0%| F|  |TAMS 0x00000000eb300000| PB 0x00000000eb300000| Untracked 
| 180|0x00000000eb400000, 0x00000000eb400000, 0x00000000eb500000|  0%| F|  |TAMS 0x00000000eb400000| PB 0x00000000eb400000| Untracked 
| 181|0x00000000eb500000, 0x00000000eb500000, 0x00000000eb600000|  0%| F|  |TAMS 0x00000000eb500000| PB 0x00000000eb500000| Untracked 
| 182|0x00000000eb600000, 0x00000000eb600000, 0x00000000eb700000|  0%| F|  |TAMS 0x00000000eb600000| PB 0x00000000eb600000| Untracked 
| 183|0x00000000eb700000, 0x00000000eb700000, 0x00000000eb800000|  0%| F|  |TAMS 0x00000000eb700000| PB 0x00000000eb700000| Untracked 
| 184|0x00000000eb800000, 0x00000000eb800000, 0x00000000eb900000|  0%| F|  |TAMS 0x00000000eb800000| PB 0x00000000eb800000| Untracked 
| 185|0x00000000eb900000, 0x00000000eb900000, 0x00000000eba00000|  0%| F|  |TAMS 0x00000000eb900000| PB 0x00000000eb900000| Untracked 
| 186|0x00000000eba00000, 0x00000000eba00000, 0x00000000ebb00000|  0%| F|  |TAMS 0x00000000eba00000| PB 0x00000000eba00000| Untracked 
| 187|0x00000000ebb00000, 0x00000000ebb00000, 0x00000000ebc00000|  0%| F|  |TAMS 0x00000000ebb00000| PB 0x00000000ebb00000| Untracked 
| 188|0x00000000ebc00000, 0x00000000ebc00000, 0x00000000ebd00000|  0%| F|  |TAMS 0x00000000ebc00000| PB 0x00000000ebc00000| Untracked 
| 189|0x00000000ebd00000, 0x00000000ebd00000, 0x00000000ebe00000|  0%| F|  |TAMS 0x00000000ebd00000| PB 0x00000000ebd00000| Untracked 
| 190|0x00000000ebe00000, 0x00000000ebe00000, 0x00000000ebf00000|  0%| F|  |TAMS 0x00000000ebe00000| PB 0x00000000ebe00000| Untracked 
| 191|0x00000000ebf00000, 0x00000000ebf00000, 0x00000000ec000000|  0%| F|  |TAMS 0x00000000ebf00000| PB 0x00000000ebf00000| Untracked 
| 192|0x00000000ec000000, 0x00000000ec000000, 0x00000000ec100000|  0%| F|  |TAMS 0x00000000ec000000| PB 0x00000000ec000000| Untracked 
| 193|0x00000000ec100000, 0x00000000ec100000, 0x00000000ec200000|  0%| F|  |TAMS 0x00000000ec100000| PB 0x00000000ec100000| Untracked 
| 194|0x00000000ec200000, 0x00000000ec200000, 0x00000000ec300000|  0%| F|  |TAMS 0x00000000ec200000| PB 0x00000000ec200000| Untracked 
| 195|0x00000000ec300000, 0x00000000ec300000, 0x00000000ec400000|  0%| F|  |TAMS 0x00000000ec300000| PB 0x00000000ec300000| Untracked 
| 196|0x00000000ec400000, 0x00000000ec400000, 0x00000000ec500000|  0%| F|  |TAMS 0x00000000ec400000| PB 0x00000000ec400000| Untracked 
| 197|0x00000000ec500000, 0x00000000ec500000, 0x00000000ec600000|  0%| F|  |TAMS 0x00000000ec500000| PB 0x00000000ec500000| Untracked 
| 198|0x00000000ec600000, 0x00000000ec600000, 0x00000000ec700000|  0%| F|  |TAMS 0x00000000ec600000| PB 0x00000000ec600000| Untracked 
| 199|0x00000000ec700000, 0x00000000ec700000, 0x00000000ec800000|  0%| F|  |TAMS 0x00000000ec700000| PB 0x00000000ec700000| Untracked 
| 200|0x00000000ec800000, 0x00000000ec800000, 0x00000000ec900000|  0%| F|  |TAMS 0x00000000ec800000| PB 0x00000000ec800000| Untracked 
| 201|0x00000000ec900000, 0x00000000ec900000, 0x00000000eca00000|  0%| F|  |TAMS 0x00000000ec900000| PB 0x00000000ec900000| Untracked 
| 202|0x00000000eca00000, 0x00000000eca00000, 0x00000000ecb00000|  0%| F|  |TAMS 0x00000000eca00000| PB 0x00000000eca00000| Untracked 
| 203|0x00000000ecb00000, 0x00000000ecb00000, 0x00000000ecc00000|  0%| F|  |TAMS 0x00000000ecb00000| PB 0x00000000ecb00000| Untracked 
| 204|0x00000000ecc00000, 0x00000000ecc00000, 0x00000000ecd00000|  0%| F|  |TAMS 0x00000000ecc00000| PB 0x00000000ecc00000| Untracked 
| 205|0x00000000ecd00000, 0x00000000ecd00000, 0x00000000ece00000|  0%| F|  |TAMS 0x00000000ecd00000| PB 0x00000000ecd00000| Untracked 
| 206|0x00000000ece00000, 0x00000000ece00000, 0x00000000ecf00000|  0%| F|  |TAMS 0x00000000ece00000| PB 0x00000000ece00000| Untracked 
| 207|0x00000000ecf00000, 0x00000000ecf00000, 0x00000000ed000000|  0%| F|  |TAMS 0x00000000ecf00000| PB 0x00000000ecf00000| Untracked 
| 208|0x00000000ed000000, 0x00000000ed000000, 0x00000000ed100000|  0%| F|  |TAMS 0x00000000ed000000| PB 0x00000000ed000000| Untracked 
| 209|0x00000000ed100000, 0x00000000ed100000, 0x00000000ed200000|  0%| F|  |TAMS 0x00000000ed100000| PB 0x00000000ed100000| Untracked 
| 210|0x00000000ed200000, 0x00000000ed200000, 0x00000000ed300000|  0%| F|  |TAMS 0x00000000ed200000| PB 0x00000000ed200000| Untracked 
| 211|0x00000000ed300000, 0x00000000ed300000, 0x00000000ed400000|  0%| F|  |TAMS 0x00000000ed300000| PB 0x00000000ed300000| Untracked 
| 212|0x00000000ed400000, 0x00000000ed400000, 0x00000000ed500000|  0%| F|  |TAMS 0x00000000ed400000| PB 0x00000000ed400000| Untracked 
| 213|0x00000000ed500000, 0x00000000ed500000, 0x00000000ed600000|  0%| F|  |TAMS 0x00000000ed500000| PB 0x00000000ed500000| Untracked 
| 214|0x00000000ed600000, 0x00000000ed600000, 0x00000000ed700000|  0%| F|  |TAMS 0x00000000ed600000| PB 0x00000000ed600000| Untracked 
| 215|0x00000000ed700000, 0x00000000ed700000, 0x00000000ed800000|  0%| F|  |TAMS 0x00000000ed700000| PB 0x00000000ed700000| Untracked 
| 216|0x00000000ed800000, 0x00000000ed800000, 0x00000000ed900000|  0%| F|  |TAMS 0x00000000ed800000| PB 0x00000000ed800000| Untracked 
| 217|0x00000000ed900000, 0x00000000ed900000, 0x00000000eda00000|  0%| F|  |TAMS 0x00000000ed900000| PB 0x00000000ed900000| Untracked 
| 218|0x00000000eda00000, 0x00000000eda00000, 0x00000000edb00000|  0%| F|  |TAMS 0x00000000eda00000| PB 0x00000000eda00000| Untracked 
| 219|0x00000000edb00000, 0x00000000edb00000, 0x00000000edc00000|  0%| F|  |TAMS 0x00000000edb00000| PB 0x00000000edb00000| Untracked 
| 220|0x00000000edc00000, 0x00000000edc00000, 0x00000000edd00000|  0%| F|  |TAMS 0x00000000edc00000| PB 0x00000000edc00000| Untracked 
| 221|0x00000000edd00000, 0x00000000edd00000, 0x00000000ede00000|  0%| F|  |TAMS 0x00000000edd00000| PB 0x00000000edd00000| Untracked 
| 222|0x00000000ede00000, 0x00000000ede00000, 0x00000000edf00000|  0%| F|  |TAMS 0x00000000ede00000| PB 0x00000000ede00000| Untracked 
| 223|0x00000000edf00000, 0x00000000edf00000, 0x00000000ee000000|  0%| F|  |TAMS 0x00000000edf00000| PB 0x00000000edf00000| Untracked 
| 224|0x00000000ee000000, 0x00000000ee000000, 0x00000000ee100000|  0%| F|  |TAMS 0x00000000ee000000| PB 0x00000000ee000000| Untracked 
| 225|0x00000000ee100000, 0x00000000ee100000, 0x00000000ee200000|  0%| F|  |TAMS 0x00000000ee100000| PB 0x00000000ee100000| Untracked 
| 226|0x00000000ee200000, 0x00000000ee200000, 0x00000000ee300000|  0%| F|  |TAMS 0x00000000ee200000| PB 0x00000000ee200000| Untracked 
| 227|0x00000000ee300000, 0x00000000ee300000, 0x00000000ee400000|  0%| F|  |TAMS 0x00000000ee300000| PB 0x00000000ee300000| Untracked 
| 228|0x00000000ee400000, 0x00000000ee400000, 0x00000000ee500000|  0%| F|  |TAMS 0x00000000ee400000| PB 0x00000000ee400000| Untracked 
| 229|0x00000000ee500000, 0x00000000ee500000, 0x00000000ee600000|  0%| F|  |TAMS 0x00000000ee500000| PB 0x00000000ee500000| Untracked 
| 230|0x00000000ee600000, 0x00000000ee600000, 0x00000000ee700000|  0%| F|  |TAMS 0x00000000ee600000| PB 0x00000000ee600000| Untracked 
| 231|0x00000000ee700000, 0x00000000ee700000, 0x00000000ee800000|  0%| F|  |TAMS 0x00000000ee700000| PB 0x00000000ee700000| Untracked 
| 232|0x00000000ee800000, 0x00000000ee800000, 0x00000000ee900000|  0%| F|  |TAMS 0x00000000ee800000| PB 0x00000000ee800000| Untracked 
| 233|0x00000000ee900000, 0x00000000ee900000, 0x00000000eea00000|  0%| F|  |TAMS 0x00000000ee900000| PB 0x00000000ee900000| Untracked 
| 234|0x00000000eea00000, 0x00000000eea00000, 0x00000000eeb00000|  0%| F|  |TAMS 0x00000000eea00000| PB 0x00000000eea00000| Untracked 
| 235|0x00000000eeb00000, 0x00000000eeb00000, 0x00000000eec00000|  0%| F|  |TAMS 0x00000000eeb00000| PB 0x00000000eeb00000| Untracked 
| 236|0x00000000eec00000, 0x00000000eec00000, 0x00000000eed00000|  0%| F|  |TAMS 0x00000000eec00000| PB 0x00000000eec00000| Untracked 
| 237|0x00000000eed00000, 0x00000000eed00000, 0x00000000eee00000|  0%| F|  |TAMS 0x00000000eed00000| PB 0x00000000eed00000| Untracked 
| 238|0x00000000eee00000, 0x00000000eee609b0, 0x00000000eef00000| 37%| S|CS|TAMS 0x00000000eee00000| PB 0x00000000eee00000| Complete 
| 239|0x00000000eef00000, 0x00000000ef000000, 0x00000000ef000000|100%| S|CS|TAMS 0x00000000eef00000| PB 0x00000000eef00000| Complete 
| 240|0x00000000ef000000, 0x00000000ef100000, 0x00000000ef100000|100%| S|CS|TAMS 0x00000000ef000000| PB 0x00000000ef000000| Complete 
| 241|0x00000000ef100000, 0x00000000ef200000, 0x00000000ef200000|100%| S|CS|TAMS 0x00000000ef100000| PB 0x00000000ef100000| Complete 
| 242|0x00000000ef200000, 0x00000000ef300000, 0x00000000ef300000|100%| S|CS|TAMS 0x00000000ef200000| PB 0x00000000ef200000| Complete 
| 243|0x00000000ef300000, 0x00000000ef400000, 0x00000000ef400000|100%| S|CS|TAMS 0x00000000ef300000| PB 0x00000000ef300000| Complete 
| 244|0x00000000ef400000, 0x00000000ef500000, 0x00000000ef500000|100%| S|CS|TAMS 0x00000000ef400000| PB 0x00000000ef400000| Complete 
| 245|0x00000000ef500000, 0x00000000ef500000, 0x00000000ef600000|  0%| F|  |TAMS 0x00000000ef500000| PB 0x00000000ef500000| Untracked 
| 246|0x00000000ef600000, 0x00000000ef600000, 0x00000000ef700000|  0%| F|  |TAMS 0x00000000ef600000| PB 0x00000000ef600000| Untracked 
| 247|0x00000000ef700000, 0x00000000ef700000, 0x00000000ef800000|  0%| F|  |TAMS 0x00000000ef700000| PB 0x00000000ef700000| Untracked 
| 248|0x00000000ef800000, 0x00000000ef800000, 0x00000000ef900000|  0%| F|  |TAMS 0x00000000ef800000| PB 0x00000000ef800000| Untracked 
| 249|0x00000000ef900000, 0x00000000ef900000, 0x00000000efa00000|  0%| F|  |TAMS 0x00000000ef900000| PB 0x00000000ef900000| Untracked 
| 250|0x00000000efa00000, 0x00000000efa00000, 0x00000000efb00000|  0%| F|  |TAMS 0x00000000efa00000| PB 0x00000000efa00000| Untracked 
| 251|0x00000000efb00000, 0x00000000efbf6190, 0x00000000efc00000| 96%| E|  |TAMS 0x00000000efb00000| PB 0x00000000efb00000| Complete 
| 252|0x00000000efc00000, 0x00000000efd00000, 0x00000000efd00000|100%| E|  |TAMS 0x00000000efc00000| PB 0x00000000efc00000| Complete 
| 253|0x00000000efd00000, 0x00000000efe00000, 0x00000000efe00000|100%| S|CS|TAMS 0x00000000efd00000| PB 0x00000000efd00000| Complete 
| 254|0x00000000efe00000, 0x00000000eff00000, 0x00000000eff00000|100%| E|CS|TAMS 0x00000000efe00000| PB 0x00000000efe00000| Complete 
| 255|0x00000000eff00000, 0x00000000f0000000, 0x00000000f0000000|100%| E|CS|TAMS 0x00000000eff00000| PB 0x00000000eff00000| Complete 

Card table byte_map: [0x000001f3fa450000,0x000001f3fa550000] _byte_map_base: 0x000001f3f9d50000

Marking Bits: (CMBitMap*) 0x000001f3e2be5190
 Bits: [0x000001f3fa550000, 0x000001f3fad50000)

Polling page: 0x000001f3e2390000

Metaspace:

Usage:
  Non-class:     30.03 MB used.
      Class:      5.10 MB used.
       Both:     35.13 MB used.

Virtual space:
  Non-class space:       64.00 MB reserved,      30.69 MB ( 48%) committed,  1 nodes.
      Class space:      320.00 MB reserved,       5.69 MB (  2%) committed,  1 nodes.
             Both:      384.00 MB reserved,      36.38 MB (  9%) committed. 

Chunk freelists:
   Non-Class:  400.00 KB
       Class:  10.12 MB
        Both:  10.52 MB

MaxMetaspaceSize: 384.00 MB
CompressedClassSpaceSize: 320.00 MB
Initial GC threshold: 21.00 MB
Current GC threshold: 60.12 MB
CDS: on
 - commit_granule_bytes: 65536.
 - commit_granule_words: 8192.
 - virtual_space_node_default_size: 8388608.
 - enlarge_chunks_in_place: 1.
 - use_allocation_guard: 0.


Internal statistics:

num_allocs_failed_limit: 12.
num_arena_births: 2200.
num_arena_deaths: 0.
num_vsnodes_births: 2.
num_vsnodes_deaths: 0.
num_space_committed: 582.
num_space_uncommitted: 0.
num_chunks_returned_to_freelist: 12.
num_chunks_taken_from_freelist: 3796.
num_chunk_merges: 6.
num_chunk_splits: 2456.
num_chunks_enlarged: 1538.
num_inconsistent_stats: 0.

CodeHeap 'non-profiled nmethods': size=120000Kb used=1931Kb max_used=2253Kb free=118068Kb
 bounds [0x000001f3f2af0000, 0x000001f3f2d60000, 0x000001f3fa020000]
CodeHeap 'profiled nmethods': size=120000Kb used=7064Kb max_used=8337Kb free=112935Kb
 bounds [0x000001f3eb020000, 0x000001f3eb850000, 0x000001f3f2550000]
CodeHeap 'non-nmethods': size=5760Kb used=2112Kb max_used=2112Kb free=3647Kb
 bounds [0x000001f3f2550000, 0x000001f3f27c0000, 0x000001f3f2af0000]
 total_blobs=4276 nmethods=3590 adapters=589
 compilation: enabled
              stopped_count=0, restarted_count=0
 full_count=0

Compilation events (20 events):
Event: 13.338 Thread 0x000001f3fd7c4960 4069       3       org.codehaus.groovy.reflection.CachedClass::getName (8 bytes)
Event: 13.338 Thread 0x000001f3fd7c4960 nmethod 4069 0x000001f3eb840f10 code [0x000001f3eb8410c0, 0x000001f3eb8412d8]
Event: 13.338 Thread 0x000001f3fd7c4960 4070       3       jdk.internal.org.objectweb.asm.MethodWriter::visitInsn (115 bytes)
Event: 13.339 Thread 0x000001f3fd7c4960 nmethod 4070 0x000001f3eb841410 code [0x000001f3eb841600, 0x000001f3eb841a18]
Event: 13.339 Thread 0x000001f3fd7c4960 4067       1       java.beans.FeatureDescriptor::setName (6 bytes)
Event: 13.340 Thread 0x000001f3fd7c4960 nmethod 4067 0x000001f3f2d22b10 code [0x000001f3f2d22ca0, 0x000001f3f2d22db8]
Event: 13.340 Thread 0x000001f3fd7c4960 4068       1       java.util.TreeMap$Entry::getKey (5 bytes)
Event: 13.340 Thread 0x000001f3fd7c4960 nmethod 4068 0x000001f3f2d22e10 code [0x000001f3f2d22fa0, 0x000001f3f2d23068]
Event: 13.340 Thread 0x000001f3fd7c4960 4071       1       java.lang.reflect.Field::getDeclaringClass (5 bytes)
Event: 13.340 Thread 0x000001f3fd7c4960 nmethod 4071 0x000001f3f2d23110 code [0x000001f3f2d232a0, 0x000001f3f2d23368]
Event: 13.342 Thread 0x000001f3fd7c4960 4072       3       java.beans.MethodRef::get (91 bytes)
Event: 13.351 Thread 0x000001f3fd7c4960 nmethod 4072 0x000001f3eb841b90 code [0x000001f3eb841de0, 0x000001f3eb842998]
Event: 13.352 Thread 0x000001f3fd7c4960 4073       3       org.codehaus.groovy.reflection.CachedMethod::getReturnType (8 bytes)
Event: 13.353 Thread 0x000001f3fd7c4960 nmethod 4073 0x000001f3eb842c90 code [0x000001f3eb842e20, 0x000001f3eb842f50]
Event: 13.353 Thread 0x000001f3fd7c4960 4074       1       groovy.lang.MetaProperty::getName (5 bytes)
Event: 13.353 Thread 0x000001f3fd7c4960 nmethod 4074 0x000001f3f2d23410 code [0x000001f3f2d235a0, 0x000001f3f2d23668]
Event: 13.356 Thread 0x000001f3fd7c4960 4075       3       org.codehaus.groovy.util.ComplexKeyHashMap::hash (31 bytes)
Event: 13.356 Thread 0x000001f3fd7c4960 nmethod 4075 0x000001f3eb843010 code [0x000001f3eb8431a0, 0x000001f3eb8432b8]
Event: 13.356 Thread 0x000001f3fd7c4960 4076       3       org.codehaus.groovy.util.SingleKeyHashMap::getOrPut (137 bytes)
Event: 13.356 Thread 0x000001f3fd7c4960 nmethod 4076 0x000001f3eb843390 code [0x000001f3eb8435e0, 0x000001f3eb8441b0]

GC Heap History (14 events):
Event: 0.700 GC heap before
{Heap before GC invocations=0 (full 0):
 garbage-first heap   total 262144K, used 22528K [0x00000000e0000000, 0x0000000100000000)
  region size 1024K, 23 young (23552K), 0 survivors (0K)
 Metaspace       used 1080K, committed 1216K, reserved 393216K
  class space    used 77K, committed 128K, reserved 327680K
}
Event: 0.705 GC heap after
{Heap after GC invocations=1 (full 0):
 garbage-first heap   total 262144K, used 3534K [0x00000000e0000000, 0x0000000100000000)
  region size 1024K, 3 young (3072K), 3 survivors (3072K)
 Metaspace       used 1080K, committed 1216K, reserved 393216K
  class space    used 77K, committed 128K, reserved 327680K
}
Event: 1.682 GC heap before
{Heap before GC invocations=1 (full 0):
 garbage-first heap   total 262144K, used 40398K [0x00000000e0000000, 0x0000000100000000)
  region size 1024K, 36 young (36864K), 3 survivors (3072K)
 Metaspace       used 4389K, committed 4608K, reserved 393216K
  class space    used 539K, committed 640K, reserved 327680K
}
Event: 1.693 GC heap after
{Heap after GC invocations=2 (full 0):
 garbage-first heap   total 262144K, used 11355K [0x00000000e0000000, 0x0000000100000000)
  region size 1024K, 5 young (5120K), 5 survivors (5120K)
 Metaspace       used 4389K, committed 4608K, reserved 393216K
  class space    used 539K, committed 640K, reserved 327680K
}
Event: 3.201 GC heap before
{Heap before GC invocations=2 (full 0):
 garbage-first heap   total 262144K, used 59483K [0x00000000e0000000, 0x0000000100000000)
  region size 1024K, 50 young (51200K), 5 survivors (5120K)
 Metaspace       used 5191K, committed 5440K, reserved 393216K
  class space    used 678K, committed 768K, reserved 327680K
}
Event: 3.206 GC heap after
{Heap after GC invocations=3 (full 0):
 garbage-first heap   total 262144K, used 17073K [0x00000000e0000000, 0x0000000100000000)
  region size 1024K, 5 young (5120K), 5 survivors (5120K)
 Metaspace       used 5191K, committed 5440K, reserved 393216K
  class space    used 678K, committed 768K, reserved 327680K
}
Event: 8.426 GC heap before
{Heap before GC invocations=3 (full 0):
 garbage-first heap   total 262144K, used 106161K [0x00000000e0000000, 0x0000000100000000)
  region size 1024K, 93 young (95232K), 5 survivors (5120K)
 Metaspace       used 20841K, committed 21504K, reserved 393216K
  class space    used 3018K, committed 3328K, reserved 327680K
}
Event: 8.446 GC heap after
{Heap after GC invocations=4 (full 0):
 garbage-first heap   total 262144K, used 24545K [0x00000000e0000000, 0x0000000100000000)
  region size 1024K, 12 young (12288K), 12 survivors (12288K)
 Metaspace       used 20841K, committed 21504K, reserved 393216K
  class space    used 3018K, committed 3328K, reserved 327680K
}
Event: 13.248 GC heap before
{Heap before GC invocations=5 (full 0):
 garbage-first heap   total 262144K, used 115681K [0x00000000e0000000, 0x0000000100000000)
  region size 1024K, 103 young (105472K), 12 survivors (12288K)
 Metaspace       used 34726K, committed 35968K, reserved 393216K
  class space    used 5083K, committed 5696K, reserved 327680K
}
Event: 13.272 GC heap after
{Heap after GC invocations=6 (full 0):
 garbage-first heap   total 262144K, used 30929K [0x00000000e0000000, 0x0000000100000000)
  region size 1024K, 14 young (14336K), 14 survivors (14336K)
 Metaspace       used 34726K, committed 35968K, reserved 393216K
  class space    used 5083K, committed 5696K, reserved 327680K
}
Event: 13.505 GC heap before
{Heap before GC invocations=6 (full 0):
 garbage-first heap   total 262144K, used 32977K [0x00000000e0000000, 0x0000000100000000)
  region size 1024K, 17 young (17408K), 14 survivors (14336K)
 Metaspace       used 35049K, committed 36288K, reserved 393216K
  class space    used 5125K, committed 5760K, reserved 327680K
}
Event: 13.525 GC heap after
{Heap after GC invocations=7 (full 0):
 garbage-first heap   total 262144K, used 31352K [0x00000000e0000000, 0x0000000100000000)
  region size 1024K, 8 young (8192K), 8 survivors (8192K)
 Metaspace       used 35049K, committed 36288K, reserved 393216K
  class space    used 5125K, committed 5760K, reserved 327680K
}
Event: 13.551 GC heap before
{Heap before GC invocations=7 (full 0):
 garbage-first heap   total 262144K, used 32376K [0x00000000e0000000, 0x0000000100000000)
  region size 1024K, 10 young (10240K), 8 survivors (8192K)
 Metaspace       used 35347K, committed 36608K, reserved 393216K
  class space    used 5177K, committed 5824K, reserved 327680K
}
Event: 13.562 GC heap after
{Heap after GC invocations=8 (full 0):
 garbage-first heap   total 262144K, used 31156K [0x00000000e0000000, 0x0000000100000000)
  region size 1024K, 8 young (8192K), 8 survivors (8192K)
 Metaspace       used 35347K, committed 36608K, reserved 393216K
  class space    used 5177K, committed 5824K, reserved 327680K
}

Dll operation events (15 events):
Event: 0.012 Loaded shared library C:\Program Files\Java\jdk-21\bin\java.dll
Event: 0.050 Loaded shared library C:\Program Files\Java\jdk-21\bin\jsvml.dll
Event: 0.100 Loaded shared library C:\Program Files\Java\jdk-21\bin\zip.dll
Event: 0.105 Loaded shared library C:\Program Files\Java\jdk-21\bin\instrument.dll
Event: 0.111 Loaded shared library C:\Program Files\Java\jdk-21\bin\net.dll
Event: 0.115 Loaded shared library C:\Program Files\Java\jdk-21\bin\nio.dll
Event: 0.118 Loaded shared library C:\Program Files\Java\jdk-21\bin\zip.dll
Event: 0.578 Loaded shared library C:\Program Files\Java\jdk-21\bin\jimage.dll
Event: 0.810 Loaded shared library C:\Program Files\Java\jdk-21\bin\verify.dll
Event: 1.029 Loaded shared library C:\Users\IBM\.gradle\native\c067742578af261105cb4f569cf0c3c89f3d7b1fecec35dd04571415982c5e48\windows-amd64\native-platform.dll
Event: 1.047 Loaded shared library C:\Users\IBM\.gradle\native\100fb08df4bc3b14c8652ba06237920a3bd2aa13389f12d3474272988ae205f9\windows-amd64\native-platform-file-events.dll
Event: 3.460 Loaded shared library C:\Program Files\Java\jdk-21\bin\management.dll
Event: 3.469 Loaded shared library C:\Program Files\Java\jdk-21\bin\management_ext.dll
Event: 4.236 Loaded shared library C:\Program Files\Java\jdk-21\bin\extnet.dll
Event: 4.674 Loaded shared library C:\Program Files\Java\jdk-21\bin\sunmscapi.dll

Deoptimization events (20 events):
Event: 12.908 Thread 0x000001f399000690 DEOPT PACKING pc=0x000001f3f2b956f4 sp=0x000000c6343f82f0
Event: 12.908 Thread 0x000001f399000690 DEOPT UNPACKING pc=0x000001f3f25a7da2 sp=0x000000c6343f82a0 mode 2
Event: 12.915 Thread 0x000001f399000690 Uncommon trap: trap_request=0xffffffc6 fr.pc=0x000001f3f2cc1198 relative=0x0000000000000238
Event: 12.915 Thread 0x000001f399000690 Uncommon trap: reason=bimorphic_or_optimized_type_check action=maybe_recompile pc=0x000001f3f2cc1198 method=java.util.regex.Pattern$BmpCharProperty.match(Ljava/util/regex/Matcher;ILjava/lang/CharSequence;)Z @ 19 c2
Event: 12.915 Thread 0x000001f399000690 DEOPT PACKING pc=0x000001f3f2cc1198 sp=0x000000c6343f7fc0
Event: 12.915 Thread 0x000001f399000690 DEOPT UNPACKING pc=0x000001f3f25a7da2 sp=0x000000c6343f7f58 mode 2
Event: 12.915 Thread 0x000001f399000690 Uncommon trap: trap_request=0xffffffc6 fr.pc=0x000001f3f2cc1198 relative=0x0000000000000238
Event: 12.915 Thread 0x000001f399000690 Uncommon trap: reason=bimorphic_or_optimized_type_check action=maybe_recompile pc=0x000001f3f2cc1198 method=java.util.regex.Pattern$BmpCharProperty.match(Ljava/util/regex/Matcher;ILjava/lang/CharSequence;)Z @ 19 c2
Event: 12.915 Thread 0x000001f399000690 DEOPT PACKING pc=0x000001f3f2cc1198 sp=0x000000c6343f7fc0
Event: 12.915 Thread 0x000001f399000690 DEOPT UNPACKING pc=0x000001f3f25a7da2 sp=0x000000c6343f7f58 mode 2
Event: 13.162 Thread 0x000001f399000690 DEOPT PACKING pc=0x000001f3eb112ac9 sp=0x000000c6343f7970
Event: 13.162 Thread 0x000001f399000690 DEOPT UNPACKING pc=0x000001f3f25a88e2 sp=0x000000c6343f6e70 mode 0
Event: 13.277 Thread 0x000001f3fd7ab040 Uncommon trap: trap_request=0xffffff45 fr.pc=0x000001f3f2be0e1c relative=0x000000000000017c
Event: 13.277 Thread 0x000001f3fd7ab040 Uncommon trap: reason=unstable_if action=reinterpret pc=0x000001f3f2be0e1c method=java.util.concurrent.locks.ReentrantLock$NonfairSync.initialTryLock()Z @ 25 c2
Event: 13.277 Thread 0x000001f3fd7ab040 DEOPT PACKING pc=0x000001f3f2be0e1c sp=0x000000c632eff030
Event: 13.277 Thread 0x000001f3fd7ab040 DEOPT UNPACKING pc=0x000001f3f25a7da2 sp=0x000000c632efefd0 mode 2
Event: 13.277 Thread 0x000001f3fd9a6e80 Uncommon trap: trap_request=0xffffff45 fr.pc=0x000001f3f2cf53c8 relative=0x00000000000001a8
Event: 13.277 Thread 0x000001f3fd9a6e80 Uncommon trap: reason=unstable_if action=reinterpret pc=0x000001f3f2cf53c8 method=java.util.concurrent.locks.ReentrantLock$NonfairSync.initialTryLock()Z @ 25 c2
Event: 13.277 Thread 0x000001f3fd9a6e80 DEOPT PACKING pc=0x000001f3f2cf53c8 sp=0x000000c6336fee30
Event: 13.277 Thread 0x000001f3fd9a6e80 DEOPT UNPACKING pc=0x000001f3f25a7da2 sp=0x000000c6336fed18 mode 2

Classes loaded (20 events):
Event: 13.625 Loading class java/util/AbstractMap$SimpleEntry
Event: 13.625 Loading class java/util/AbstractMap$SimpleEntry done
Event: 13.626 Loading class sun/nio/fs/WindowsLinkSupport
Event: 13.626 Loading class sun/nio/fs/WindowsLinkSupport done
Event: 13.630 Loading class java/nio/file/attribute/PosixFileAttributes
Event: 13.630 Loading class java/nio/file/attribute/PosixFileAttributes done
Event: 13.630 Loading class java/nio/file/ClosedFileSystemException
Event: 13.630 Loading class java/nio/file/ClosedFileSystemException done
Event: 13.630 Loading class java/nio/file/FileAlreadyExistsException
Event: 13.631 Loading class java/nio/file/FileAlreadyExistsException done
Event: 13.632 Loading class java/nio/file/DirectoryNotEmptyException
Event: 13.632 Loading class java/nio/file/DirectoryNotEmptyException done
Event: 13.632 Loading class java/nio/file/NotDirectoryException
Event: 13.632 Loading class java/nio/file/NotDirectoryException done
Event: 13.633 Loading class java/nio/file/ReadOnlyFileSystemException
Event: 13.633 Loading class java/nio/file/ReadOnlyFileSystemException done
Event: 13.636 Loading class sun/nio/fs/WindowsFileSystemProvider$1
Event: 13.637 Loading class sun/nio/fs/WindowsFileSystemProvider$1 done
Event: 13.637 Loading class sun/nio/fs/WindowsChannelFactory
Event: 13.637 Loading class sun/nio/fs/WindowsChannelFactory done

Classes unloaded (0 events):
No events

Classes redefined (0 events):
No events

Internal exceptions (20 events):
Event: 12.135 Thread 0x000001f399000690 Exception <a 'java/lang/NoSuchMethodError'{0x00000000eba302c8}: 'java.lang.Object java.lang.invoke.DirectMethodHandle$Holder.newInvokeSpecial(java.lang.Object, java.lang.Object, int, java.lang.Object)'> (0x00000000eba302c8) 
thrown [s\open\src\hotspot\share\interpreter\linkResolver.cpp, line 773]
Event: 12.135 Thread 0x000001f399000690 Exception <a 'java/lang/NoSuchMethodError'{0x00000000eba349d0}: 'java.lang.Object java.lang.invoke.DirectMethodHandle$Holder.invokeSpecial(java.lang.Object, java.lang.Object, java.lang.Object, int, java.lang.Object)'> (0x00000000eba349d0) 
thrown [s\open\src\hotspot\share\interpreter\linkResolver.cpp, line 773]
Event: 12.304 Thread 0x000001f399000690 Exception <a 'java/lang/NoSuchMethodError'{0x00000000eb8947c0}: 'void java.lang.invoke.DirectMethodHandle$Holder.invokeInterface(java.lang.Object, java.lang.Object, java.lang.Object, java.lang.Object, java.lang.Object, java.lang.Object, java.lang.Object)'> (0x00000000eb8947c0) 
thrown [s\open\src\hotspot\share\interpreter\linkResolver.cpp, line 773]
Event: 12.304 Thread 0x000001f399000690 Exception <a 'java/lang/NoSuchMethodError'{0x00000000eb8990a8}: 'void java.lang.invoke.DelegatingMethodHandle$Holder.reinvoke_L(java.lang.Object, java.lang.Object, java.lang.Object, java.lang.Object, java.lang.Object, java.lang.Object, java.lang.Object)'> (0x00000000eb8990a8) 
thrown [s\open\src\hotspot\share\interpreter\linkResolver.cpp, line 773]
Event: 12.462 Thread 0x000001f399000690 Exception <a 'java/lang/NoSuchMethodError'{0x00000000eb6314c8}: 'java.lang.Object java.lang.invoke.DirectMethodHandle$Holder.invokeStaticInit(java.lang.Object, java.lang.Object, java.lang.Object, java.lang.Object, java.lang.Object, java.lang.Object, java.lang.Object)'> (0x00000000eb6314c8) 
thrown [s\open\src\hotspot\share\interpreter\linkResolver.cpp, line 773]
Event: 12.469 Thread 0x000001f399000690 Exception <a 'java/lang/NoSuchMethodError'{0x00000000eb656ea8}: 'java.lang.Object java.lang.invoke.DirectMethodHandle$Holder.invokeSpecial(java.lang.Object, java.lang.Object, java.lang.Object, int, java.lang.Object, java.lang.Object)'> (0x00000000eb656ea8) 
thrown [s\open\src\hotspot\share\interpreter\linkResolver.cpp, line 773]
Event: 12.639 Thread 0x000001f399000690 Implicit null exception at 0x000001f3f2c107b5 to 0x000001f3f2c10cd8
Event: 12.639 Thread 0x000001f399000690 Implicit null exception at 0x000001f3f2cabb18 to 0x000001f3f2cabe94
Event: 12.639 Thread 0x000001f399000690 Implicit null exception at 0x000001f3f2c9a42c to 0x000001f3f2c9acf4
Event: 12.639 Thread 0x000001f399000690 Exception <a 'java/lang/NoSuchMethodError'{0x00000000eb143830}: 'java.lang.reflect.Method[] java.lang.Class.getDeclaredMethods(java.lang.Class)'> (0x00000000eb143830) 
thrown [s\open\src\hotspot\share\interpreter\linkResolver.cpp, line 773]
Event: 12.682 Thread 0x000001f399000690 Exception <a 'java/lang/NoSuchMethodError'{0x00000000eb0d4508}: 'void java.lang.invoke.DirectMethodHandle$Holder.invokeStaticInit(java.lang.Object, java.lang.Object, java.lang.Object)'> (0x00000000eb0d4508) 
thrown [s\open\src\hotspot\share\interpreter\linkResolver.cpp, line 773]
Event: 12.685 Thread 0x000001f399000690 Exception <a 'java/lang/NoSuchMethodError'{0x00000000eb0f8758}: 'void java.lang.invoke.DirectMethodHandle$Holder.invokeStaticInit(java.lang.Object, java.lang.Object, java.lang.Object, java.lang.Object, java.lang.Object)'> (0x00000000eb0f8758) 
thrown [s\open\src\hotspot\share\interpreter\linkResolver.cpp, line 773]
Event: 12.727 Thread 0x000001f399000690 Exception <a 'java/lang/NoSuchMethodError'{0x00000000eaf51998}: 'int java.lang.invoke.DirectMethodHandle$Holder.invokeStaticInit(java.lang.Object, java.lang.Object, java.lang.Object, java.lang.Object)'> (0x00000000eaf51998) 
thrown [s\open\src\hotspot\share\interpreter\linkResolver.cpp, line 773]
Event: 13.312 Thread 0x000001f399000690 Exception <a 'java/lang/ClassNotFoundException'{0x00000000efe126e8}: groovy/lang/ExpandoMetaClassBeanInfo> (0x00000000efe126e8) 
thrown [s\open\src\hotspot\share\classfile\systemDictionary.cpp, line 312]
Event: 13.313 Thread 0x000001f399000690 Exception <a 'java/lang/ClassNotFoundException'{0x00000000efe1aa20}: groovy/lang/MetaClassImplBeanInfo> (0x00000000efe1aa20) 
thrown [s\open\src\hotspot\share\classfile\systemDictionary.cpp, line 312]
Event: 13.313 Thread 0x000001f399000690 Exception <a 'java/lang/ClassNotFoundException'{0x00000000efe1f3c8}: java/lang/ObjectBeanInfo> (0x00000000efe1f3c8) 
thrown [s\open\src\hotspot\share\classfile\systemDictionary.cpp, line 312]
Event: 13.313 Thread 0x000001f399000690 Exception <a 'java/lang/ClassNotFoundException'{0x00000000efe24f68}: java/lang/ObjectCustomizer> (0x00000000efe24f68) 
thrown [s\open\src\hotspot\share\classfile\systemDictionary.cpp, line 312]
Event: 13.316 Thread 0x000001f399000690 Exception <a 'java/lang/IncompatibleClassChangeError'{0x00000000efe34ee0}: Found class java.lang.Object, but interface was expected> (0x00000000efe34ee0) 
thrown [s\open\src\hotspot\share\interpreter\linkResolver.cpp, line 840]
Event: 13.325 Thread 0x000001f399000690 Exception <a 'java/lang/ClassNotFoundException'{0x00000000efe50668}: groovy/lang/MetaClassImplCustomizer> (0x00000000efe50668) 
thrown [s\open\src\hotspot\share\classfile\systemDictionary.cpp, line 312]
Event: 13.332 Thread 0x000001f399000690 Exception <a 'java/lang/ClassNotFoundException'{0x00000000efe78930}: groovy/lang/ExpandoMetaClassCustomizer> (0x00000000efe78930) 
thrown [s\open\src\hotspot\share\classfile\systemDictionary.cpp, line 312]

ZGC Phase Switch (0 events):
No events

VM Operations (20 events):
Event: 12.629 Executing VM operation: HandshakeAllThreads (Deoptimize)
Event: 12.629 Executing VM operation: HandshakeAllThreads (Deoptimize) done
Event: 12.962 Executing VM operation: HandshakeAllThreads (Deoptimize)
Event: 12.962 Executing VM operation: HandshakeAllThreads (Deoptimize) done
Event: 12.962 Executing VM operation: Cleanup
Event: 12.962 Executing VM operation: Cleanup done
Event: 13.206 Executing VM operation: HandshakeAllThreads (Deoptimize)
Event: 13.206 Executing VM operation: HandshakeAllThreads (Deoptimize) done
Event: 13.248 Executing VM operation: CollectForMetadataAllocation (Metadata GC Threshold)
Event: 13.272 Executing VM operation: CollectForMetadataAllocation (Metadata GC Threshold) done
Event: 13.505 Executing VM operation: CollectForMetadataAllocation (Metadata GC Threshold)
Event: 13.525 Executing VM operation: CollectForMetadataAllocation (Metadata GC Threshold) done
Event: 13.551 Executing VM operation: CollectForMetadataAllocation (Metadata GC Threshold)
Event: 13.569 Executing VM operation: CollectForMetadataAllocation (Metadata GC Threshold) done
Event: 13.587 Executing VM operation: G1PauseRemark
Event: 13.609 Executing VM operation: G1PauseRemark done
Event: 13.615 Executing VM operation: G1PauseCleanup
Event: 13.617 Executing VM operation: G1PauseCleanup done
Event: 13.629 Executing VM operation: HandshakeAllThreads (Deoptimize)
Event: 13.629 Executing VM operation: HandshakeAllThreads (Deoptimize) done

Events (20 events):
Event: 13.605 Thread 0x000001f3fd78c280 flushing nmethod 0x000001f3f2b10c10
Event: 13.605 Thread 0x000001f3fd78c280 flushing nmethod 0x000001f3f2b10710
Event: 13.605 Thread 0x000001f3fd78c280 flushing nmethod 0x000001f3f2b1e190
Event: 13.605 Thread 0x000001f3fd78c280 flushing nmethod 0x000001f3f2b0fa90
Event: 13.605 Thread 0x000001f3fd78c280 flushing nmethod 0x000001f3f2b0e810
Event: 13.605 Thread 0x000001f3fd78c280 flushing nmethod 0x000001f3f2b2e990
Event: 13.605 Thread 0x000001f3fd78c280 flushing nmethod 0x000001f3f2b2de90
Event: 13.605 Thread 0x000001f3fd78c280 flushing nmethod 0x000001f3f2b2db90
Event: 13.605 Thread 0x000001f3fd78c280 flushing nmethod 0x000001f3f2b2c510
Event: 13.605 Thread 0x000001f3fd78c280 flushing nmethod 0x000001f3f2b2af90
Event: 13.605 Thread 0x000001f3fd78c280 flushing nmethod 0x000001f3f2b18e10
Event: 13.605 Thread 0x000001f3fd78c280 flushing nmethod 0x000001f3f2afed10
Event: 13.605 Thread 0x000001f3fd78c280 flushing nmethod 0x000001f3f2b17b90
Event: 13.605 Thread 0x000001f3fd78c280 flushing nmethod 0x000001f3f2afcf90
Event: 13.605 Thread 0x000001f3fd78c280 flushing nmethod 0x000001f3f2b16e10
Event: 13.605 Thread 0x000001f3fd78c280 flushing nmethod 0x000001f3f2b1a510
Event: 13.605 Thread 0x000001f3fd78c280 flushing nmethod 0x000001f3f2b13a90
Event: 13.605 Thread 0x000001f3fd78c280 flushing nmethod 0x000001f3f2b0c190
Event: 13.605 Thread 0x000001f3fd78c280 flushing nmethod 0x000001f3f2b02490
Event: 13.605 Thread 0x000001f3fd78c280 flushing nmethod 0x000001f3f2afa090


Dynamic libraries:
0x00007ff629390000 - 0x00007ff6293a0000 	C:\Program Files\Java\jdk-21\bin\java.exe
0x00007fff0b080000 - 0x00007fff0b289000 	C:\Windows\SYSTEM32\ntdll.dll
0x00007fff09dd0000 - 0x00007fff09e8d000 	C:\Windows\System32\KERNEL32.DLL
0x00007fff08580000 - 0x00007fff08904000 	C:\Windows\System32\KERNELBASE.dll
0x00007fff08910000 - 0x00007fff08a21000 	C:\Windows\System32\ucrtbase.dll
0x00007ffef84b0000 - 0x00007ffef84cb000 	C:\Program Files\Java\jdk-21\bin\VCRUNTIME140.dll
0x00007fff00480000 - 0x00007fff00499000 	C:\Program Files\Java\jdk-21\bin\jli.dll
0x00007fff0a4e0000 - 0x00007fff0a58e000 	C:\Windows\System32\ADVAPI32.dll
0x00007fff09c10000 - 0x00007fff09cb3000 	C:\Windows\System32\msvcrt.dll
0x00007fff0a420000 - 0x00007fff0a4be000 	C:\Windows\System32\sechost.dll
0x00007fff0a590000 - 0x00007fff0a6b1000 	C:\Windows\System32\RPCRT4.dll
0x00007fff0ae90000 - 0x00007fff0b03d000 	C:\Windows\System32\USER32.dll
0x00007fff08a30000 - 0x00007fff08a56000 	C:\Windows\System32\win32u.dll
0x00007ffeef380000 - 0x00007ffeef625000 	C:\Windows\WinSxS\amd64_microsoft.windows.common-controls_6595b64144ccf1df_6.0.22000.120_none_9d947278b86cc467\COMCTL32.dll
0x00007fff09070000 - 0x00007fff0909a000 	C:\Windows\System32\GDI32.dll
0x00007fff08a60000 - 0x00007fff08b7e000 	C:\Windows\System32\gdi32full.dll
0x00007fff08e30000 - 0x00007fff08ecd000 	C:\Windows\System32\msvcp_win.dll
0x00007ffefb440000 - 0x00007ffefb44a000 	C:\Windows\SYSTEM32\VERSION.dll
0x00007fff09310000 - 0x00007fff09341000 	C:\Windows\System32\IMM32.DLL
0x00007fff04850000 - 0x00007fff0485c000 	C:\Program Files\Java\jdk-21\bin\vcruntime140_1.dll
0x00007ffed11c0000 - 0x00007ffed124e000 	C:\Program Files\Java\jdk-21\bin\msvcp140.dll
0x00007ffea8420000 - 0x00007ffea9135000 	C:\Program Files\Java\jdk-21\bin\server\jvm.dll
0x00007fff09ec0000 - 0x00007fff09f2f000 	C:\Windows\System32\WS2_32.dll
0x00007fff07d00000 - 0x00007fff07d4d000 	C:\Windows\SYSTEM32\POWRPROF.dll
0x00007fff003d0000 - 0x00007fff00403000 	C:\Windows\SYSTEM32\WINMM.dll
0x00007fff07c90000 - 0x00007fff07ca3000 	C:\Windows\SYSTEM32\UMPDC.dll
0x00007fff07530000 - 0x00007fff07548000 	C:\Windows\SYSTEM32\kernel.appcore.dll
0x00007fff03da0000 - 0x00007fff03daa000 	C:\Program Files\Java\jdk-21\bin\jimage.dll
0x00007fff058e0000 - 0x00007fff05b01000 	C:\Windows\SYSTEM32\DBGHELP.DLL
0x00007ffeec500000 - 0x00007ffeec531000 	C:\Windows\SYSTEM32\dbgcore.DLL
0x00007fff08cf0000 - 0x00007fff08d6f000 	C:\Windows\System32\bcryptPrimitives.dll
0x00007ffef7b40000 - 0x00007ffef7b4f000 	C:\Program Files\Java\jdk-21\bin\instrument.dll
0x00007ffef7af0000 - 0x00007ffef7b0f000 	C:\Program Files\Java\jdk-21\bin\java.dll
0x00007fff0a6c0000 - 0x00007fff0ae85000 	C:\Windows\System32\SHELL32.dll
0x00007fff065a0000 - 0x00007fff06e02000 	C:\Windows\SYSTEM32\windows.storage.dll
0x00007fff09890000 - 0x00007fff09c06000 	C:\Windows\System32\combase.dll
0x00007fff06430000 - 0x00007fff06597000 	C:\Windows\SYSTEM32\wintypes.dll
0x00007fff09cd0000 - 0x00007fff09dba000 	C:\Windows\System32\SHCORE.dll
0x00007fff090a0000 - 0x00007fff090fd000 	C:\Windows\System32\shlwapi.dll
0x00007fff08440000 - 0x00007fff08465000 	C:\Windows\SYSTEM32\profapi.dll
0x00007ffecab60000 - 0x00007ffecac37000 	C:\Program Files\Java\jdk-21\bin\jsvml.dll
0x00007ffef73a0000 - 0x00007ffef73b8000 	C:\Program Files\Java\jdk-21\bin\zip.dll
0x00007ffef22b0000 - 0x00007ffef22c0000 	C:\Program Files\Java\jdk-21\bin\net.dll
0x00007fff03020000 - 0x00007fff03134000 	C:\Windows\SYSTEM32\WINHTTP.dll
0x00007fff07a50000 - 0x00007fff07ab7000 	C:\Windows\system32\mswsock.dll
0x00007ffef2290000 - 0x00007ffef22a6000 	C:\Program Files\Java\jdk-21\bin\nio.dll
0x00007ffef1f20000 - 0x00007ffef1f30000 	C:\Program Files\Java\jdk-21\bin\verify.dll
0x00007ffeece20000 - 0x00007ffeece47000 	C:\Users\IBM\.gradle\native\c067742578af261105cb4f569cf0c3c89f3d7b1fecec35dd04571415982c5e48\windows-amd64\native-platform.dll
0x00007ffe9f020000 - 0x00007ffe9f164000 	C:\Users\IBM\.gradle\native\100fb08df4bc3b14c8652ba06237920a3bd2aa13389f12d3474272988ae205f9\windows-amd64\native-platform-file-events.dll
0x00007ffee34e0000 - 0x00007ffee34ea000 	C:\Program Files\Java\jdk-21\bin\management.dll
0x00007ffee2820000 - 0x00007ffee282b000 	C:\Program Files\Java\jdk-21\bin\management_ext.dll
0x00007fff09eb0000 - 0x00007fff09eb8000 	C:\Windows\System32\PSAPI.DLL
0x00007fff07da0000 - 0x00007fff07db8000 	C:\Windows\SYSTEM32\CRYPTSP.dll
0x00007fff07490000 - 0x00007fff074c5000 	C:\Windows\system32\rsaenh.dll
0x00007fff07b00000 - 0x00007fff07b2c000 	C:\Windows\SYSTEM32\USERENV.dll
0x00007fff07ee0000 - 0x00007fff07f07000 	C:\Windows\SYSTEM32\bcrypt.dll
0x00007fff07c50000 - 0x00007fff07c5c000 	C:\Windows\SYSTEM32\CRYPTBASE.dll
0x00007fff07060000 - 0x00007fff0708d000 	C:\Windows\SYSTEM32\IPHLPAPI.DLL
0x00007fff09dc0000 - 0x00007fff09dc9000 	C:\Windows\System32\NSI.dll
0x00007ffee23e0000 - 0x00007ffee23e7000 	C:\Program Files\Java\jdk-21\bin\extnet.dll
0x00007ffee23d0000 - 0x00007ffee23de000 	C:\Program Files\Java\jdk-21\bin\sunmscapi.dll
0x00007fff08b80000 - 0x00007fff08ce2000 	C:\Windows\System32\CRYPT32.dll
0x00007fff07eb0000 - 0x00007fff07ed8000 	C:\Windows\SYSTEM32\ncrypt.dll
0x00007fff07e70000 - 0x00007fff07ea7000 	C:\Windows\SYSTEM32\NTASN1.dll
0x00007ffef81e0000 - 0x00007ffef81e8000 	C:\Windows\system32\wshunix.dll

dbghelp: loaded successfully - version: 4.0.5 - missing functions: none
symbol engine: initialized successfully - sym options: 0x614 - pdb path: .;C:\Program Files\Java\jdk-21\bin;C:\Windows\SYSTEM32;C:\Windows\WinSxS\amd64_microsoft.windows.common-controls_6595b64144ccf1df_6.0.22000.120_none_9d947278b86cc467;C:\Program Files\Java\jdk-21\bin\server;C:\Users\IBM\.gradle\native\c067742578af261105cb4f569cf0c3c89f3d7b1fecec35dd04571415982c5e48\windows-amd64;C:\Users\IBM\.gradle\native\100fb08df4bc3b14c8652ba06237920a3bd2aa13389f12d3474272988ae205f9\windows-amd64

VM Arguments:
jvm_args: --add-opens=java.base/java.lang=ALL-UNNAMED --add-opens=java.base/java.lang.invoke=ALL-UNNAMED --add-opens=java.base/java.util=ALL-UNNAMED --add-opens=java.prefs/java.util.prefs=ALL-UNNAMED --add-exports=jdk.compiler/com.sun.tools.javac.api=ALL-UNNAMED --add-exports=jdk.compiler/com.sun.tools.javac.util=ALL-UNNAMED --add-opens=java.base/java.util=ALL-UNNAMED --add-opens=java.prefs/java.util.prefs=ALL-UNNAMED --add-opens=java.base/java.nio.charset=ALL-UNNAMED --add-opens=java.base/java.net=ALL-UNNAMED --add-opens=java.base/java.util.concurrent.atomic=ALL-UNNAMED --add-opens=java.xml/javax.xml.namespace=ALL-UNNAMED -XX:MaxMetaspaceSize=384m -XX:+HeapDumpOnOutOfMemoryError -Xms256m -Xmx512m -Dfile.encoding=UTF-8 -Duser.country=US -Duser.language=en -Duser.variant -javaagent:C:\Users\IBM\.gradle\wrapper\dists\gradle-8.11.1-bin\bpt9gzteqjrbo1mjrsomdt32c\gradle-8.11.1\lib\agents\gradle-instrumentation-agent-8.11.1.jar 
java_command: org.gradle.launcher.daemon.bootstrap.GradleDaemon 8.11.1
java_class_path (initial): C:\Users\IBM\.gradle\wrapper\dists\gradle-8.11.1-bin\bpt9gzteqjrbo1mjrsomdt32c\gradle-8.11.1\lib\gradle-daemon-main-8.11.1.jar
Launcher Type: SUN_STANDARD

[Global flags]
     intx CICompilerCount                          = 4                                         {product} {ergonomic}
   size_t CompressedClassSpaceSize                 = 335544320                                 {product} {ergonomic}
     uint ConcGCThreads                            = 2                                         {product} {ergonomic}
     uint G1ConcRefinementThreads                  = 8                                         {product} {ergonomic}
   size_t G1HeapRegionSize                         = 1048576                                   {product} {ergonomic}
    uintx GCDrainStackTargetSize                   = 64                                        {product} {ergonomic}
     bool HeapDumpOnOutOfMemoryError               = true                                   {manageable} {command line}
   size_t InitialHeapSize                          = 268435456                                 {product} {command line}
   size_t MarkStackSize                            = 4194304                                   {product} {ergonomic}
   size_t MaxHeapSize                              = 536870912                                 {product} {command line}
   size_t MaxMetaspaceSize                         = 402653184                                 {product} {command line}
   size_t MaxNewSize                               = 321912832                                 {product} {ergonomic}
   size_t MinHeapDeltaBytes                        = 1048576                                   {product} {ergonomic}
   size_t MinHeapSize                              = 268435456                                 {product} {command line}
    uintx NonNMethodCodeHeapSize                   = 5839372                                {pd product} {ergonomic}
    uintx NonProfiledCodeHeapSize                  = 122909434                              {pd product} {ergonomic}
    uintx ProfiledCodeHeapSize                     = 122909434                              {pd product} {ergonomic}
    uintx ReservedCodeCacheSize                    = 251658240                              {pd product} {ergonomic}
     bool SegmentedCodeCache                       = true                                      {product} {ergonomic}
   size_t SoftMaxHeapSize                          = 536870912                              {manageable} {ergonomic}
     bool UseCompressedOops                        = true                           {product lp64_product} {ergonomic}
     bool UseG1GC                                  = true                                      {product} {ergonomic}
     bool UseLargePagesIndividualAllocation        = false                                  {pd product} {ergonomic}

Logging:
Log output configuration:
 #0: stdout all=warning uptime,level,tags foldmultilines=false
 #1: stderr all=off uptime,level,tags foldmultilines=false

Environment Variables:
JAVA_HOME=C:\Program Files\Java\jdk-21
PATH=C:\Program Files\Common Files\Oracle\Java\javapath;C:\Program Files (x86)\Common Files\Oracle\Java\javapath;C:\GAMS\45;C:\GAMS\45\gbin;C:\Users\IBM\AppData\Local\Programs\Python\Python311\Scripts\;C:\Users\IBM\AppData\Local\Programs\Python\Python311\;C:\Windows\system32;C:\Windows;C:\Windows\System32\Wbem;C:\Windows\System32\WindowsPowerShell\v1.0\;C:\Windows\System32\OpenSSH\;C:\MinGW\bin;C:\Program Files\Git\cmd;C:\Program Files\dotnet\;C:\ProgramData\chocolatey\bin;C:\Program Files\nodejs\;C:\sqlite;C:\Program Files\Java\jdk-21\bin;C:\Users\IBM\Documents\flutter\bin;C:\Users\IBM\AppData\Roaming\npm;C:\Users\IBM\esp\ESP8266_RTOS_SDK\export.sh;C:\apache-maven-3.9.9\bin;C:\Program Files\Hugin\bin;C:\Users\IBM\AppData\Local\Programs\Microsoft VS Code\bin;C:\tools\dart-sdk\bin;C:\Users\IBM\AppData\Local\Pub\Cache\bin;C:\Users\IBM\Documents\flutter\bin;C:\Android\Sdk\platform-tools;C:\Espressif\tools\xtensa-lx106-elf\esp-2020r3-49-gd5524c1-8.4.0\xtensa-lx106-elf\bin;C:\Program Files\JetBrains\IntelliJ IDEA 2024.2.1\bin;;C:\Program Files\JetBrains\WebStorm 2024.2.3\bin;
USERNAME=IBM
OS=Windows_NT
PROCESSOR_IDENTIFIER=Intel64 Family 6 Model 140 Stepping 1, GenuineIntel
TMP=C:\Users\IBM\AppData\Local\Temp
TEMP=C:\Users\IBM\AppData\Local\Temp




Periodic native trim disabled

---------------  S Y S T E M  ---------------

OS:
 Windows 11 , 64 bit Build 22000 (10.0.22000.2538)
OS uptime: 2 days 16:43 hours
Hyper-V role detected

CPU: total 8 (initial active 8) (4 cores per cpu, 2 threads per core) family 6 model 140 stepping 1 microcode 0x86, cx8, cmov, fxsr, ht, mmx, 3dnowpref, sse, sse2, sse3, ssse3, sse4.1, sse4.2, popcnt, lzcnt, tsc, tscinvbit, avx, avx2, aes, erms, clmul, bmi1, bmi2, adx, avx512f, avx512dq, avx512cd, avx512bw, avx512vl, sha, fma, vzeroupper, avx512_vpopcntdq, avx512_vpclmulqdq, avx512_vaes, avx512_vnni, clflush, clflushopt, clwb, avx512_vbmi2, avx512_vbmi, hv, rdtscp, rdpid, fsrm, gfni, avx512_bitalg, f16c, cet_ibt, cet_ss, avx512_ifma
Processor Information for processor 0
  Max Mhz: 2419, Current Mhz: 2419, Mhz Limit: 2419
Processor Information for processor 1
  Max Mhz: 2419, Current Mhz: 1209, Mhz Limit: 2419
Processor Information for processor 2
  Max Mhz: 2419, Current Mhz: 2419, Mhz Limit: 2419
Processor Information for processor 3
  Max Mhz: 2419, Current Mhz: 2419, Mhz Limit: 2419
Processor Information for processor 4
  Max Mhz: 2419, Current Mhz: 2419, Mhz Limit: 2419
Processor Information for processor 5
  Max Mhz: 2419, Current Mhz: 1209, Mhz Limit: 2419
Processor Information for processor 6
  Max Mhz: 2419, Current Mhz: 1209, Mhz Limit: 2419
Processor Information for processor 7
  Max Mhz: 2419, Current Mhz: 1209, Mhz Limit: 2419

Memory: 4k page, system-wide physical 7894M (201M free)
TotalPageFile size 32470M (AvailPageFile size 12M)
current process WorkingSet (physical memory assigned to process): 230M, peak: 247M
current process commit charge ("private bytes"): 451M, peak: 453M

vm_info: Java HotSpot(TM) 64-Bit Server VM (21.0.1+12-LTS-29) for windows-amd64 JRE (21.0.1+12-LTS-29), built on 2023-10-05T13:27:09Z by "mach5one" with MS VC++ 17.1 (VS2022)

END.
